21-11-20:23:14:30 INFO     [docker_container_manager.py:192] [default-cluster] Starting managed Redis instance in Docker
21-11-20:23:14:35 INFO     [docker_container_manager.py:294] [default-cluster] Metric Configuration Saved at /tmp/tmpkkqd7k3t.yml
21-11-20:23:14:36 INFO     [clipper_admin.py:162] [default-cluster] Clipper is running
21-11-20:23:14:36 INFO     [clipper_admin.py:236] [default-cluster] Application fake-model was successfully registered
21-11-20:23:14:36 INFO     [deployer_utils.py:41] Saving function to /tmp/tmp_a2wlb4jclipper
21-11-20:23:14:36 INFO     [deployer_utils.py:51] Serialized and supplied predict function
21-11-20:23:14:36 INFO     [python.py:192] Python closure saved
21-11-20:23:14:36 INFO     [python.py:210] Using Python 3.7 base image
21-11-20:23:14:36 INFO     [clipper_admin.py:534] [default-cluster] Building model Docker image with model data from /tmp/tmp_a2wlb4jclipper
21-11-20:23:14:37 INFO     [clipper_admin.py:539] [default-cluster] Step 1/2 : FROM clipper/python37-closure-container:develop
21-11-20:23:14:37 INFO     [clipper_admin.py:539] [default-cluster]  ---> 2660542c0759
21-11-20:23:14:37 INFO     [clipper_admin.py:539] [default-cluster] Step 2/2 : COPY /tmp/tmp_a2wlb4jclipper /model/
21-11-20:23:14:37 INFO     [clipper_admin.py:539] [default-cluster]  ---> d4a9681199a4
21-11-20:23:14:37 INFO     [clipper_admin.py:539] [default-cluster] Successfully built d4a9681199a4
21-11-20:23:14:37 INFO     [clipper_admin.py:539] [default-cluster] Successfully tagged default-cluster-fake-model:1
21-11-20:23:14:37 INFO     [clipper_admin.py:541] [default-cluster] Pushing model Docker image to default-cluster-fake-model:1
21-11-20:23:14:37 INFO     [docker_container_manager.py:433] [default-cluster] Found 0 replicas for fake-model:1. Adding 1
21-11-20:23:14:39 INFO     [clipper_admin.py:724] [default-cluster] Successfully registered model fake-model:1
21-11-20:23:14:39 INFO     [clipper_admin.py:642] [default-cluster] Done deploying model fake-model:1.
21-11-20:23:14:39 INFO     [clipper_admin.py:303] [default-cluster] Model fake-model is now linked to application fake-model
INFO: waiting for ready to serve
INFO: waiting for ready to serve
INFO: waiting for ready to serve
INFO: waiting for ready to serve
INFO: ready to go
INFO: rock and roll
INFO: at 4.171 ms batch [15.199] delay 23.393 ms
INFO: at 4.171 ms fetching 15.199 ms
INFO: at 28.604 ms batch [31.097] delay 23.393 ms
INFO: at 28.604 ms fetching 31.097 ms
INFO: at 52.436 ms batch [9.509] delay 23.393 ms
INFO: at 52.436 ms fetching 9.509 ms
INFO: at 76.487 ms batch [14.251] delay 23.393 ms
INFO: at 76.487 ms fetching 14.251 ms
INFO: at 100.066 ms batch [31.374] delay 23.393 ms
INFO: at 100.066 ms fetching 31.374 ms
INFO: at 124.559 ms batch [16.228] delay 38.989 ms
INFO: at 124.559 ms fetching 16.228 ms
INFO: at 164.543 ms batch [14.068] delay 38.989 ms
INFO: at 164.543 ms fetching 14.068 ms
INFO: at 204.460 ms batch [36.588] delay 38.989 ms
INFO: at 204.460 ms fetching 36.588 ms
INFO: at 243.507 ms batch [33.214] delay 19.495 ms
INFO: at 243.507 ms fetching 33.214 ms
INFO: at 263.333 ms batch [32.108] delay 19.495 ms
INFO: at 263.333 ms fetching 32.108 ms
INFO: at 283.176 ms batch [12.286] delay 19.495 ms
INFO: at 283.176 ms fetching 12.286 ms
INFO: at 303.015 ms batch [19.339] delay 19.495 ms
INFO: at 303.015 ms fetching 19.339 ms
INFO: at 324.587 ms batch [26.116] delay 19.495 ms
INFO: at 324.587 ms fetching 26.116 ms
INFO: at 346.068 ms batch [17.182] delay 19.495 ms
INFO: at 346.068 ms fetching 17.182 ms
INFO: at 366.487 ms batch [28.793] delay 16.710 ms
INFO: at 366.487 ms fetching 28.793 ms
INFO: at 383.698 ms batch [12.661] delay 16.710 ms
INFO: at 383.698 ms fetching 12.661 ms
INFO: at 401.249 ms batch [15.477] delay 16.710 ms
INFO: at 401.249 ms fetching 15.477 ms
INFO: at 418.542 ms batch [20.707] delay 16.710 ms
INFO: at 418.542 ms fetching 20.707 ms
INFO: at 435.953 ms batch [27.267] delay 16.710 ms
INFO: at 435.953 ms fetching 27.267 ms
INFO: at 453.619 ms batch [25.103] delay 16.710 ms
INFO: at 453.619 ms fetching 25.103 ms
INFO: at 471.168 ms batch [40.954] delay 16.710 ms
INFO: at 471.168 ms fetching 40.954 ms
INFO: at 488.560 ms batch [20.195] delay 29.242 ms
INFO: at 488.560 ms fetching 20.195 ms
INFO: at 518.352 ms batch [13.033] delay 29.242 ms
INFO: at 518.352 ms fetching 13.033 ms
INFO: at 548.666 ms batch [30.012] delay 29.242 ms
INFO: at 548.666 ms fetching 30.012 ms
INFO: at 578.167 ms batch [46.857] delay 29.242 ms
INFO: at 578.167 ms fetching 46.857 ms
INFO: at 608.119 ms batch [50.598] delay 23.393 ms
INFO: at 608.119 ms fetching 50.598 ms
INFO: at 631.954 ms batch [17.590] delay 23.393 ms
INFO: at 631.954 ms fetching 17.590 ms
INFO: at 655.745 ms batch [21.203] delay 23.393 ms
INFO: at 655.745 ms fetching 21.203 ms
INFO: at 679.441 ms batch [19.260] delay 23.393 ms
INFO: at 679.441 ms fetching 19.260 ms
INFO: at 703.286 ms batch [28.979] delay 23.393 ms
INFO: at 703.286 ms fetching 28.979 ms
INFO: at 726.970 ms batch [8.194] delay 23.393 ms
INFO: at 726.970 ms fetching 8.194 ms
INFO: at 750.579 ms batch [37.860] delay 23.393 ms
INFO: at 750.579 ms fetching 37.860 ms
INFO: at 775.069 ms batch [13.773] delay 23.393 ms
INFO: at 775.069 ms fetching 13.773 ms
INFO: at 798.906 ms batch [24.673] delay 23.393 ms
INFO: at 798.906 ms fetching 24.673 ms
INFO: at 822.821 ms batch [16.173] delay 23.393 ms
INFO: at 822.821 ms fetching 16.173 ms
INFO: at 847.539 ms batch [21.210] delay 29.242 ms
INFO: at 847.539 ms fetching 21.210 ms
INFO: at 877.858 ms batch [10.717] delay 29.242 ms
INFO: at 877.858 ms fetching 10.717 ms
INFO: at 907.952 ms batch [15.481] delay 29.242 ms
INFO: at 907.952 ms fetching 15.481 ms
INFO: at 937.987 ms batch [9.629] delay 29.242 ms
INFO: at 937.987 ms fetching 9.629 ms
INFO: at 967.611 ms batch [17.137] delay 23.393 ms
INFO: at 967.611 ms fetching 17.137 ms
INFO: at 991.200 ms batch [25.899] delay 23.393 ms
INFO: at 991.200 ms fetching 25.899 ms
INFO: at 1015.735 ms batch [29.565] delay 23.393 ms
INFO: at 1015.735 ms fetching 29.565 ms
INFO: at 1039.464 ms batch [18.558] delay 23.393 ms
INFO: at 1039.464 ms fetching 18.558 ms
INFO: at 1063.220 ms batch [20.139] delay 23.393 ms
INFO: at 1063.220 ms fetching 20.139 ms
INFO: at 1087.763 ms batch [48.384] delay 23.393 ms
INFO: at 1087.763 ms fetching 48.384 ms
INFO: at 1112.958 ms batch [13.258] delay 23.393 ms
INFO: at 1112.958 ms fetching 13.258 ms
INFO: at 1136.829 ms batch [40.184] delay 23.393 ms
INFO: at 1136.829 ms fetching 40.184 ms
INFO: at 1160.372 ms batch [20.824] delay 23.393 ms
INFO: at 1160.372 ms fetching 20.824 ms
INFO: at 1184.893 ms batch [18.506] delay 23.393 ms
INFO: at 1184.893 ms fetching 18.506 ms
INFO: at 1208.602 ms batch [14.428] delay 23.393 ms
INFO: at 1208.602 ms fetching 14.428 ms
INFO: at 1233.073 ms batch [45.442] delay 23.393 ms
INFO: at 1233.073 ms fetching 45.442 ms
INFO: at 1256.956 ms batch [59.784] delay 23.393 ms
INFO: at 1256.956 ms fetching 59.784 ms
INFO: at 1281.038 ms batch [21.549] delay 23.393 ms
INFO: at 1281.038 ms fetching 21.549 ms
INFO: at 1304.858 ms batch [27.609] delay 23.393 ms
INFO: at 1304.858 ms fetching 27.609 ms
INFO: at 1328.711 ms batch [15.110] delay 19.495 ms
INFO: at 1328.711 ms fetching 15.110 ms
INFO: at 1349.045 ms batch [13.045] delay 19.495 ms
INFO: at 1349.045 ms fetching 13.045 ms
INFO: at 1368.919 ms batch [15.695] delay 19.495 ms
INFO: at 1368.919 ms fetching 15.695 ms
INFO: at 1388.885 ms batch [30.795] delay 19.495 ms
INFO: at 1388.885 ms fetching 30.795 ms
INFO: at 1409.496 ms batch [16.199] delay 19.495 ms
INFO: at 1409.496 ms fetching 16.199 ms
INFO: at 1429.222 ms batch [36.084] delay 19.495 ms
INFO: at 1429.222 ms fetching 36.084 ms
INFO: at 1449.712 ms batch [9.976] delay 23.393 ms
INFO: at 1449.712 ms fetching 9.976 ms
INFO: at 1473.553 ms batch [40.316] delay 23.393 ms
INFO: at 1473.553 ms fetching 40.316 ms
INFO: at 1498.878 ms batch [14.946] delay 23.393 ms
INFO: at 1498.878 ms fetching 14.946 ms
INFO: at 1522.445 ms batch [12.992] delay 23.393 ms
INFO: at 1522.445 ms fetching 12.992 ms
INFO: at 1546.191 ms batch [23.597] delay 23.393 ms
INFO: at 1546.191 ms fetching 23.597 ms
INFO: at 1570.397 ms batch [35.880] delay 23.393 ms
INFO: at 1570.397 ms fetching 35.880 ms
INFO: at 1594.182 ms batch [20.994] delay 23.393 ms
INFO: at 1594.182 ms fetching 20.994 ms
INFO: at 1618.047 ms batch [30.374] delay 23.393 ms
INFO: at 1618.047 ms fetching 30.374 ms
INFO: at 1642.291 ms batch [19.743] delay 23.393 ms
INFO: at 1642.291 ms fetching 19.743 ms
INFO: at 1666.811 ms batch [18.297] delay 23.393 ms
INFO: at 1666.811 ms fetching 18.297 ms
INFO: at 1690.903 ms batch [10.821] delay 29.242 ms
INFO: at 1690.903 ms fetching 10.821 ms
INFO: at 1720.595 ms batch [19.376] delay 29.242 ms
INFO: at 1720.595 ms fetching 19.376 ms
INFO: at 1750.909 ms batch [18.542] delay 29.242 ms
INFO: at 1750.909 ms fetching 18.542 ms
INFO: at 1780.542 ms batch [59.152] delay 29.242 ms
INFO: at 1780.542 ms fetching 59.152 ms
INFO: at 1810.373 ms batch [29.927] delay 19.495 ms
INFO: at 1810.373 ms fetching 29.927 ms
INFO: at 1830.234 ms batch [49.970] delay 19.495 ms
INFO: at 1830.234 ms fetching 49.970 ms
INFO: at 1850.616 ms batch [31.071] delay 19.495 ms
INFO: at 1850.616 ms fetching 31.071 ms
INFO: at 1870.444 ms batch [49.510] delay 19.495 ms
INFO: at 1870.444 ms fetching 49.510 ms
INFO: at 1890.298 ms batch [25.129] delay 19.495 ms
INFO: at 1890.298 ms fetching 25.129 ms
INFO: at 1910.756 ms batch [16.367] delay 19.495 ms
INFO: at 1910.756 ms fetching 16.367 ms
INFO: at 1930.556 ms batch [42.001] delay 29.242 ms
INFO: at 1930.556 ms fetching 42.001 ms
INFO: at 1960.783 ms batch [28.821] delay 29.242 ms
INFO: at 1960.783 ms fetching 28.821 ms
INFO: at 1990.879 ms batch [53.036] delay 29.242 ms
INFO: at 1990.879 ms fetching 53.036 ms
INFO: at 2020.718 ms batch [33.747] delay 29.242 ms
INFO: at 2020.718 ms fetching 33.747 ms
INFO: at 2051.025 ms batch [49.021] delay 38.989 ms
INFO: at 2051.025 ms fetching 49.021 ms
INFO: at 2091.128 ms batch [24.992] delay 38.989 ms
INFO: at 2091.128 ms fetching 24.992 ms
INFO: at 2130.656 ms batch [32.226] delay 38.989 ms
INFO: at 2130.656 ms fetching 32.226 ms
INFO: at 2170.505 ms batch [32.597] delay 29.242 ms
INFO: at 2170.505 ms fetching 32.597 ms
INFO: at 2200.026 ms batch [24.220] delay 29.242 ms
INFO: at 2200.026 ms fetching 24.220 ms
INFO: at 2230.221 ms batch [21.025] delay 29.242 ms
INFO: at 2230.221 ms fetching 21.025 ms
INFO: at 2259.982 ms batch [37.906] delay 29.242 ms
INFO: at 2259.982 ms fetching 37.906 ms
INFO: at 2289.425 ms batch [18.241] delay 29.242 ms
INFO: at 2289.425 ms fetching 18.241 ms
INFO: at 2319.547 ms batch [60.103] delay 29.242 ms
INFO: at 2319.547 ms fetching 60.103 ms
INFO: at 2349.991 ms batch [56.706] delay 29.242 ms
INFO: at 2349.991 ms fetching 56.706 ms
INFO: at 2379.846 ms batch [32.785] delay 29.242 ms
INFO: at 2379.846 ms fetching 32.785 ms
INFO: at 2409.510 ms batch [10.253] delay 38.989 ms
INFO: at 2409.510 ms fetching 10.253 ms
INFO: at 2449.380 ms batch [27.312] delay 38.989 ms
INFO: at 2449.380 ms fetching 27.312 ms
INFO: at 2489.056 ms batch [26.842] delay 38.989 ms
INFO: at 2489.056 ms fetching 26.842 ms
INFO: at 2529.564 ms batch [52.679] delay 23.393 ms
INFO: at 2529.564 ms fetching 52.679 ms
INFO: at 2553.432 ms batch [58.097] delay 23.393 ms
INFO: at 2553.432 ms fetching 58.097 ms
INFO: at 2577.112 ms batch [21.618] delay 23.393 ms
INFO: at 2577.112 ms fetching 21.618 ms
INFO: at 2601.500 ms batch [16.739] delay 23.393 ms
INFO: at 2601.500 ms fetching 16.739 ms
INFO: at 2625.422 ms batch [18.436] delay 23.393 ms
INFO: at 2625.422 ms fetching 18.436 ms
INFO: at 2649.890 ms batch [21.124] delay 23.393 ms
INFO: at 2649.890 ms fetching 21.124 ms
INFO: at 2674.343 ms batch [16.870] delay 23.393 ms
INFO: at 2674.343 ms fetching 16.870 ms
INFO: at 2698.043 ms batch [10.871] delay 23.393 ms
INFO: at 2698.043 ms fetching 10.871 ms
INFO: at 2722.200 ms batch [26.092] delay 23.393 ms
INFO: at 2722.200 ms fetching 26.092 ms
INFO: at 2745.989 ms batch [19.937] delay 23.393 ms
INFO: at 2745.989 ms fetching 19.937 ms
INFO: at 2771.241 ms batch [55.616] delay 23.393 ms
INFO: at 2771.241 ms fetching 55.616 ms
INFO: at 2795.537 ms batch [9.789] delay 23.393 ms
INFO: at 2795.537 ms fetching 9.789 ms
INFO: at 2819.290 ms batch [8.021] delay 23.393 ms
INFO: at 2819.290 ms fetching 8.021 ms
INFO: at 2843.671 ms batch [40.241] delay 23.393 ms
INFO: at 2843.671 ms fetching 40.241 ms
INFO: at 2868.045 ms batch [54.236] delay 23.393 ms
INFO: at 2868.045 ms fetching 54.236 ms
INFO: at 2892.407 ms batch [28.922] delay 23.393 ms
INFO: at 2892.407 ms fetching 28.922 ms
INFO: at 2916.250 ms batch [23.536] delay 23.393 ms
INFO: at 2916.250 ms fetching 23.536 ms
INFO: at 2940.085 ms batch [21.101] delay 23.393 ms
INFO: at 2940.085 ms fetching 21.101 ms
INFO: at 2964.545 ms batch [11.337] delay 23.393 ms
INFO: at 2964.545 ms fetching 11.337 ms
INFO: at 2988.878 ms batch [11.582] delay 23.393 ms
INFO: at 2988.878 ms fetching 11.582 ms
INFO: at 3012.697 ms batch [43.748] delay 16.710 ms
INFO: at 3012.697 ms fetching 43.748 ms
INFO: at 3030.540 ms batch [24.113] delay 16.710 ms
INFO: at 3030.540 ms fetching 24.113 ms
INFO: at 3048.357 ms batch [32.590] delay 16.710 ms
INFO: at 3048.357 ms fetching 32.590 ms
INFO: at 3065.772 ms batch [37.495] delay 16.710 ms
INFO: at 3065.772 ms fetching 37.495 ms
INFO: at 3083.627 ms batch [16.343] delay 16.710 ms
INFO: at 3083.627 ms fetching 16.343 ms
INFO: at 3101.221 ms batch [31.031] delay 16.710 ms
INFO: at 3101.221 ms fetching 31.031 ms
INFO: at 3119.098 ms batch [26.054] delay 16.710 ms
INFO: at 3119.098 ms fetching 26.054 ms
INFO: at 3136.292 ms batch [24.292] delay 23.393 ms
INFO: at 3136.292 ms fetching 24.292 ms
INFO: at 3159.879 ms batch [11.969] delay 23.393 ms
INFO: at 3159.879 ms fetching 11.969 ms
INFO: at 3183.820 ms batch [28.999] delay 23.393 ms
INFO: at 3183.820 ms fetching 28.999 ms
INFO: at 3207.726 ms batch [46.130] delay 23.393 ms
INFO: at 3207.726 ms fetching 46.130 ms
INFO: at 3231.642 ms batch [8.843] delay 23.393 ms
INFO: at 3231.642 ms fetching 8.843 ms
INFO: at 3255.274 ms batch [44.238] delay 19.495 ms
INFO: at 3255.274 ms fetching 44.238 ms
INFO: at 3275.136 ms batch [21.270] delay 19.495 ms
INFO: at 3275.136 ms fetching 21.270 ms
INFO: at 3294.976 ms batch [23.281] delay 19.495 ms
INFO: at 3294.976 ms fetching 23.281 ms
INFO: at 3314.831 ms batch [17.718] delay 19.495 ms
INFO: at 3314.831 ms fetching 17.718 ms
INFO: at 3336.382 ms batch [45.906] delay 19.495 ms
INFO: at 3336.382 ms fetching 45.906 ms
INFO: at 3356.759 ms batch [10.631] delay 19.495 ms
INFO: at 3356.759 ms fetching 10.631 ms
INFO: at 3376.649 ms batch [12.926] delay 23.393 ms
INFO: at 3376.649 ms fetching 12.926 ms
INFO: at 3400.526 ms batch [31.067] delay 23.393 ms
INFO: at 3400.526 ms fetching 31.067 ms
INFO: at 3424.398 ms batch [36.359] delay 23.393 ms
INFO: at 3424.398 ms fetching 36.359 ms
INFO: at 3448.870 ms batch [31.849] delay 23.393 ms
INFO: at 3448.870 ms fetching 31.849 ms
INFO: at 3472.594 ms batch [24.820] delay 23.393 ms
INFO: at 3472.594 ms fetching 24.820 ms
INFO: at 3496.861 ms batch [20.980] delay 29.242 ms
INFO: at 3496.861 ms fetching 20.980 ms
INFO: at 3526.989 ms batch [53.183] delay 29.242 ms
INFO: at 3526.989 ms fetching 53.183 ms
INFO: at 3557.164 ms batch [24.130] delay 29.242 ms
INFO: at 3557.164 ms fetching 24.130 ms
INFO: at 3587.043 ms batch [16.537] delay 29.242 ms
INFO: at 3587.043 ms fetching 16.537 ms
INFO: at 3618.090 ms batch [20.709] delay 38.989 ms
INFO: at 3618.090 ms fetching 20.709 ms
INFO: at 3657.625 ms batch [55.089] delay 38.989 ms
INFO: at 3657.625 ms fetching 55.089 ms
INFO: at 3697.194 ms batch [23.225] delay 38.989 ms
INFO: at 3697.194 ms fetching 23.225 ms
INFO: at 3736.763 ms batch [15.433] delay 38.989 ms
INFO: at 3736.763 ms fetching 15.433 ms
INFO: at 3776.475 ms batch [16.813] delay 38.989 ms
INFO: at 3776.475 ms fetching 16.813 ms
INFO: at 3816.358 ms batch [17.689] delay 38.989 ms
INFO: at 3816.358 ms fetching 17.689 ms
INFO: at 3856.999 ms batch [17.782] delay 29.242 ms
INFO: at 3856.999 ms fetching 17.782 ms
INFO: at 3887.075 ms batch [21.708] delay 29.242 ms
INFO: at 3887.075 ms fetching 21.708 ms
INFO: at 3916.609 ms batch [37.212] delay 29.242 ms
INFO: at 3916.609 ms fetching 37.212 ms
INFO: at 3946.413 ms batch [25.432] delay 29.242 ms
INFO: at 3946.413 ms fetching 25.432 ms
INFO: at 3977.332 ms batch [46.286] delay 38.989 ms
INFO: at 3977.332 ms fetching 46.286 ms
INFO: at 4017.189 ms batch [51.048] delay 38.989 ms
INFO: at 4017.189 ms fetching 51.048 ms
INFO: at 4056.459 ms batch [25.542] delay 38.989 ms
INFO: at 4056.459 ms fetching 25.542 ms
INFO: at 4096.083 ms batch [30.218] delay 19.495 ms
INFO: at 4096.083 ms fetching 30.218 ms
INFO: at 4115.814 ms batch [49.325] delay 19.495 ms
INFO: at 4115.814 ms fetching 49.325 ms
INFO: at 4136.264 ms batch [20.877] delay 19.495 ms
INFO: at 4136.264 ms fetching 20.877 ms
INFO: at 4155.924 ms batch [16.814] delay 19.495 ms
INFO: at 4155.924 ms fetching 16.814 ms
INFO: at 4175.888 ms batch [12.608] delay 19.495 ms
INFO: at 4175.888 ms fetching 12.608 ms
INFO: at 4196.063 ms batch [21.942] delay 19.495 ms
INFO: at 4196.063 ms fetching 21.942 ms
INFO: at 4216.675 ms batch [27.905] delay 29.242 ms
INFO: at 4216.675 ms fetching 27.905 ms
INFO: at 4247.713 ms batch [30.813] delay 29.242 ms
INFO: at 4247.713 ms fetching 30.813 ms
INFO: at 4278.237 ms batch [52.665] delay 29.242 ms
INFO: at 4278.237 ms fetching 52.665 ms
INFO: at 4308.005 ms batch [30.299] delay 29.242 ms
INFO: at 4308.005 ms fetching 30.299 ms
INFO: at 4337.841 ms batch [11.020] delay 29.242 ms
INFO: at 4337.841 ms fetching 11.020 ms
INFO: at 4368.132 ms batch [18.671] delay 29.242 ms
INFO: at 4368.132 ms fetching 18.671 ms
INFO: at 4397.870 ms batch [27.046] delay 29.242 ms
INFO: at 4397.870 ms fetching 27.046 ms
INFO: at 4428.544 ms batch [24.431] delay 29.242 ms
INFO: at 4428.544 ms fetching 24.431 ms
INFO: at 4458.043 ms batch [42.656] delay 29.242 ms
INFO: at 4458.043 ms fetching 42.656 ms
INFO: at 4487.893 ms batch [52.649] delay 29.242 ms
INFO: at 4487.893 ms fetching 52.649 ms
INFO: at 4517.646 ms batch [11.959] delay 29.242 ms
INFO: at 4517.646 ms fetching 11.959 ms
INFO: at 4547.469 ms batch [23.994] delay 29.242 ms
INFO: at 4547.469 ms fetching 23.994 ms
INFO: at 4578.788 ms batch [15.286] delay 29.242 ms
INFO: at 4578.788 ms fetching 15.286 ms
INFO: at 4609.555 ms batch [27.514] delay 29.242 ms
INFO: at 4609.555 ms fetching 27.514 ms
INFO: at 4639.496 ms batch [38.966] delay 29.242 ms
INFO: at 4639.496 ms fetching 38.966 ms
INFO: at 4669.535 ms batch [11.932] delay 29.242 ms
INFO: at 4669.535 ms fetching 11.932 ms
INFO: at 4699.085 ms batch [41.975] delay 7.798 ms
INFO: at 4699.085 ms fetching 41.975 ms
INFO: at 4707.249 ms batch [16.918] delay 7.798 ms
INFO: at 4707.249 ms fetching 16.918 ms
INFO: at 4715.778 ms batch [19.431] delay 7.798 ms
INFO: at 4715.778 ms fetching 19.431 ms
INFO: at 4724.603 ms batch [53.288] delay 7.798 ms
INFO: at 4724.603 ms fetching 53.288 ms
INFO: at 4733.430 ms batch [17.732] delay 7.798 ms
INFO: at 4733.430 ms fetching 17.732 ms
INFO: at 4742.050 ms batch [30.857] delay 7.798 ms
INFO: at 4742.050 ms fetching 30.857 ms
INFO: at 4750.697 ms batch [11.575] delay 7.798 ms
INFO: at 4750.697 ms fetching 11.575 ms
INFO: at 4759.544 ms batch [52.361] delay 7.798 ms
INFO: at 4759.544 ms fetching 52.361 ms
INFO: at 4767.990 ms batch [64.690] delay 7.798 ms
INFO: at 4767.990 ms fetching 64.690 ms
INFO: at 4776.159 ms batch [61.069] delay 7.798 ms
INFO: at 4776.159 ms fetching 61.069 ms
INFO: at 4784.286 ms batch [9.408] delay 7.798 ms
INFO: at 4784.286 ms fetching 9.408 ms
INFO: at 4792.510 ms batch [28.996] delay 7.798 ms
INFO: at 4792.510 ms fetching 28.996 ms
INFO: at 4800.911 ms batch [23.058] delay 7.798 ms
INFO: at 4800.911 ms fetching 23.058 ms
INFO: at 4808.901 ms batch [42.594] delay 7.798 ms
INFO: at 4808.901 ms fetching 42.594 ms
INFO: at 4817.382 ms batch [12.442] delay 7.798 ms
INFO: at 4817.382 ms fetching 12.442 ms
INFO: at 4825.819 ms batch [13.321] delay 23.393 ms
INFO: at 4825.819 ms fetching 13.321 ms
INFO: at 4850.283 ms batch [65.098] delay 23.393 ms
INFO: at 4850.283 ms fetching 65.098 ms
INFO: at 4874.254 ms batch [42.844] delay 23.393 ms
INFO: at 4874.254 ms fetching 42.844 ms
INFO: at 4898.766 ms batch [40.448] delay 23.393 ms
INFO: at 4898.766 ms fetching 40.448 ms
INFO: at 4922.420 ms batch [13.959] delay 23.393 ms
INFO: at 4922.420 ms fetching 13.959 ms
INFO: at 4946.456 ms batch [28.852] delay 23.393 ms
INFO: at 4946.456 ms fetching 28.852 ms
INFO: at 4970.955 ms batch [34.038] delay 23.393 ms
INFO: at 4970.955 ms fetching 34.038 ms
INFO: at 4995.096 ms batch [17.003] delay 23.393 ms
INFO: at 4995.096 ms fetching 17.003 ms
INFO: at 5018.894 ms batch [15.829] delay 23.393 ms
INFO: at 5018.894 ms fetching 15.829 ms
INFO: at 5043.263 ms batch [44.955] delay 23.393 ms
INFO: at 5043.263 ms fetching 44.955 ms
INFO: at 5067.155 ms batch [44.505] delay 29.242 ms
INFO: at 5067.155 ms fetching 44.505 ms
INFO: at 5097.158 ms batch [25.304] delay 29.242 ms
INFO: at 5097.158 ms fetching 25.304 ms
INFO: at 5127.038 ms batch [48.176] delay 29.242 ms
INFO: at 5127.038 ms fetching 48.176 ms
INFO: at 5156.866 ms batch [48.190] delay 29.242 ms
INFO: at 5156.866 ms fetching 48.190 ms
INFO: at 5186.686 ms batch [34.111] delay 16.710 ms
INFO: at 5186.686 ms fetching 34.111 ms
INFO: at 5204.274 ms batch [39.175] delay 16.710 ms
INFO: at 5204.274 ms fetching 39.175 ms
INFO: at 5222.123 ms batch [17.411] delay 16.710 ms
INFO: at 5222.123 ms fetching 17.411 ms
INFO: at 5239.894 ms batch [23.998] delay 16.710 ms
INFO: at 5239.894 ms fetching 23.998 ms
INFO: at 5257.543 ms batch [16.357] delay 16.710 ms
INFO: at 5257.543 ms fetching 16.357 ms
INFO: at 5275.283 ms batch [47.655] delay 16.710 ms
INFO: at 5275.283 ms fetching 47.655 ms
INFO: at 5292.514 ms batch [19.840] delay 16.710 ms
INFO: at 5292.514 ms fetching 19.840 ms
INFO: at 5310.370 ms batch [22.535] delay 23.393 ms
INFO: at 5310.370 ms fetching 22.535 ms
INFO: at 5334.015 ms batch [21.468] delay 23.393 ms
INFO: at 5334.015 ms fetching 21.468 ms
INFO: at 5357.737 ms batch [28.110] delay 23.393 ms
INFO: at 5357.737 ms fetching 28.110 ms
INFO: at 5382.409 ms batch [34.490] delay 23.393 ms
INFO: at 5382.409 ms fetching 34.490 ms
INFO: at 5406.049 ms batch [26.509] delay 23.393 ms
INFO: at 5406.049 ms fetching 26.509 ms
INFO: at 5430.536 ms batch [19.798] delay 23.393 ms
INFO: at 5430.536 ms fetching 19.798 ms
INFO: at 5455.029 ms batch [7.072] delay 23.393 ms
INFO: at 5455.029 ms fetching 7.072 ms
INFO: at 5479.329 ms batch [21.166] delay 23.393 ms
INFO: at 5479.329 ms fetching 21.166 ms
INFO: at 5503.181 ms batch [12.340] delay 23.393 ms
INFO: at 5503.181 ms fetching 12.340 ms
INFO: at 5527.005 ms batch [11.112] delay 23.393 ms
INFO: at 5527.005 ms fetching 11.112 ms
INFO: at 5552.505 ms batch [36.814] delay 29.242 ms
INFO: at 5552.505 ms fetching 36.814 ms
INFO: at 5582.381 ms batch [25.385] delay 29.242 ms
INFO: at 5582.381 ms fetching 25.385 ms
INFO: at 5613.639 ms batch [14.691] delay 29.242 ms
INFO: at 5613.639 ms fetching 14.691 ms
INFO: at 5643.391 ms batch [32.182] delay 29.242 ms
INFO: at 5643.391 ms fetching 32.182 ms
INFO: at 5672.913 ms batch [24.430] delay 29.242 ms
INFO: at 5672.913 ms fetching 24.430 ms
INFO: at 5703.206 ms batch [30.747] delay 29.242 ms
INFO: at 5703.206 ms fetching 30.747 ms
INFO: at 5733.149 ms batch [40.647] delay 29.242 ms
INFO: at 5733.149 ms fetching 40.647 ms
INFO: at 5762.930 ms batch [34.902] delay 29.242 ms
INFO: at 5762.930 ms fetching 34.902 ms
INFO: at 5793.280 ms batch [15.914] delay 19.495 ms
INFO: at 5793.280 ms fetching 15.914 ms
INFO: at 5813.112 ms batch [42.642] delay 19.495 ms
INFO: at 5813.112 ms fetching 42.642 ms
INFO: at 5833.293 ms batch [38.499] delay 19.495 ms
INFO: at 5833.293 ms fetching 38.499 ms
INFO: at 5853.127 ms batch [18.184] delay 19.495 ms
INFO: at 5853.127 ms fetching 18.184 ms
INFO: at 5873.425 ms batch [18.797] delay 19.495 ms
INFO: at 5873.425 ms fetching 18.797 ms
INFO: at 5893.170 ms batch [23.370] delay 19.495 ms
INFO: at 5893.170 ms fetching 23.370 ms
INFO: at 5913.048 ms batch [18.777] delay 29.242 ms
INFO: at 5913.048 ms fetching 18.777 ms
INFO: at 5942.732 ms batch [22.641] delay 29.242 ms
INFO: at 5942.732 ms fetching 22.641 ms
INFO: at 5972.431 ms batch [26.835] delay 29.242 ms
INFO: at 5972.431 ms fetching 26.835 ms
INFO: at 6001.960 ms batch [1.464] delay 29.242 ms
INFO: at 6001.960 ms fetching 1.464 ms
INFO: at 6031.514 ms batch [13.032] delay 23.393 ms
INFO: at 6031.514 ms fetching 13.032 ms
INFO: at 6055.517 ms batch [38.118] delay 23.393 ms
INFO: at 6055.517 ms fetching 38.118 ms
INFO: at 6079.356 ms batch [15.192] delay 23.393 ms
INFO: at 6079.356 ms fetching 15.192 ms
INFO: at 6103.860 ms batch [46.139] delay 23.393 ms
INFO: at 6103.860 ms fetching 46.139 ms
INFO: at 6129.413 ms batch [21.166] delay 23.393 ms
INFO: at 6129.413 ms fetching 21.166 ms
INFO: at 6153.275 ms batch [10.103] delay 16.710 ms
INFO: at 6153.275 ms fetching 10.103 ms
INFO: at 6170.412 ms batch [21.977] delay 16.710 ms
INFO: at 6170.412 ms fetching 21.977 ms
INFO: at 6187.992 ms batch [57.344] delay 16.710 ms
INFO: at 6187.992 ms fetching 57.344 ms
INFO: at 6206.336 ms batch [40.177] delay 16.710 ms
INFO: at 6206.336 ms fetching 40.177 ms
INFO: at 6223.926 ms batch [29.293] delay 16.710 ms
INFO: at 6223.926 ms fetching 29.293 ms
INFO: at 6241.720 ms batch [36.205] delay 16.710 ms
INFO: at 6241.720 ms fetching 36.205 ms
INFO: at 6259.323 ms batch [19.375] delay 16.710 ms
INFO: at 6259.323 ms fetching 19.375 ms
INFO: at 6276.879 ms batch [16.114] delay 29.242 ms
INFO: at 6276.879 ms fetching 16.114 ms
INFO: at 6306.881 ms batch [25.056] delay 29.242 ms
INFO: at 6306.881 ms fetching 25.056 ms
INFO: at 6337.178 ms batch [33.119] delay 29.242 ms
INFO: at 6337.178 ms fetching 33.119 ms
INFO: at 6368.043 ms batch [14.966] delay 29.242 ms
INFO: at 6368.043 ms fetching 14.966 ms
INFO: at 6398.130 ms batch [45.293] delay 23.393 ms
INFO: at 6398.130 ms fetching 45.293 ms
INFO: at 6422.637 ms batch [55.729] delay 23.393 ms
INFO: at 6422.637 ms fetching 55.729 ms
INFO: at 6446.273 ms batch [35.507] delay 23.393 ms
INFO: at 6446.273 ms fetching 35.507 ms
INFO: at 6470.106 ms batch [50.896] delay 23.393 ms
INFO: at 6470.106 ms fetching 50.896 ms
INFO: at 6494.601 ms batch [41.551] delay 23.393 ms
INFO: at 6494.601 ms fetching 41.551 ms
INFO: at 6519.104 ms batch [7.664] delay 38.989 ms
INFO: at 6519.104 ms fetching 7.664 ms
INFO: at 6558.917 ms batch [45.169] delay 38.989 ms
INFO: at 6558.917 ms fetching 45.169 ms
INFO: at 6598.661 ms batch [45.582] delay 38.989 ms
INFO: at 6598.661 ms fetching 45.582 ms
INFO: at 6638.155 ms batch [14.172] delay 23.393 ms
INFO: at 6638.155 ms fetching 14.172 ms
INFO: at 6661.756 ms batch [27.645] delay 23.393 ms
INFO: at 6661.756 ms fetching 27.645 ms
INFO: at 6685.489 ms batch [60.183] delay 23.393 ms
INFO: at 6685.489 ms fetching 60.183 ms
INFO: at 6709.401 ms batch [54.000] delay 23.393 ms
INFO: at 6709.401 ms fetching 54.000 ms
INFO: at 6734.410 ms batch [22.198] delay 23.393 ms
INFO: at 6734.410 ms fetching 22.198 ms
INFO: at 6758.911 ms batch [28.397] delay 29.242 ms
INFO: at 6758.911 ms fetching 28.397 ms
INFO: at 6788.802 ms batch [43.378] delay 29.242 ms
INFO: at 6788.802 ms fetching 43.378 ms
INFO: at 6818.643 ms batch [79.637] delay 29.242 ms
INFO: at 6818.643 ms fetching 79.637 ms
INFO: at 6848.195 ms batch [29.754] delay 29.242 ms
INFO: at 6848.195 ms fetching 29.754 ms
INFO: at 6878.015 ms batch [7.941] delay 23.393 ms
INFO: at 6878.015 ms fetching 7.941 ms
INFO: at 6902.509 ms batch [25.823] delay 23.393 ms
INFO: at 6902.509 ms fetching 25.823 ms
INFO: at 6926.085 ms batch [29.510] delay 23.393 ms
INFO: at 6926.085 ms fetching 29.510 ms
INFO: at 6949.602 ms batch [25.996] delay 23.393 ms
INFO: at 6949.602 ms fetching 25.996 ms
INFO: at 6973.170 ms batch [50.110] delay 23.393 ms
INFO: at 6973.170 ms fetching 50.110 ms
INFO: at 6998.175 ms batch [24.490] delay 23.393 ms
INFO: at 6998.175 ms fetching 24.490 ms
INFO: at 7022.669 ms batch [17.000] delay 23.393 ms
INFO: at 7022.669 ms fetching 17.000 ms
INFO: at 7047.204 ms batch [24.839] delay 23.393 ms
INFO: at 7047.204 ms fetching 24.839 ms
INFO: at 7072.214 ms batch [47.161] delay 23.393 ms
INFO: at 7072.214 ms fetching 47.161 ms
INFO: at 7096.495 ms batch [42.142] delay 23.393 ms
INFO: at 7096.495 ms fetching 42.142 ms
INFO: at 7120.328 ms batch [8.724] delay 29.242 ms
INFO: at 7120.328 ms fetching 8.724 ms
INFO: at 7150.693 ms batch [53.741] delay 29.242 ms
INFO: at 7150.693 ms fetching 53.741 ms
INFO: at 7180.222 ms batch [28.943] delay 29.242 ms
INFO: at 7180.222 ms fetching 28.943 ms
INFO: at 7209.824 ms batch [5.721] delay 29.242 ms
INFO: at 7209.824 ms fetching 5.721 ms
INFO: at 7239.630 ms batch [22.235] delay 23.393 ms
INFO: at 7239.630 ms fetching 22.235 ms
INFO: at 7263.818 ms batch [15.124] delay 23.393 ms
INFO: at 7263.818 ms fetching 15.124 ms
INFO: at 7288.841 ms batch [26.642] delay 23.393 ms
INFO: at 7288.841 ms fetching 26.642 ms
INFO: at 7314.045 ms batch [48.302] delay 23.393 ms
INFO: at 7314.045 ms fetching 48.302 ms
INFO: at 7338.113 ms batch [28.406] delay 23.393 ms
INFO: at 7338.113 ms fetching 28.406 ms
INFO: at 7362.406 ms batch [25.247] delay 23.393 ms
INFO: at 7362.406 ms fetching 25.247 ms
INFO: at 7386.571 ms batch [18.072] delay 23.393 ms
INFO: at 7386.571 ms fetching 18.072 ms
INFO: at 7410.837 ms batch [25.355] delay 23.393 ms
INFO: at 7410.837 ms fetching 25.355 ms
INFO: at 7434.726 ms batch [11.089] delay 23.393 ms
INFO: at 7434.726 ms fetching 11.089 ms
INFO: at 7458.566 ms batch [44.126] delay 23.393 ms
INFO: at 7458.566 ms fetching 44.126 ms
INFO: at 7482.858 ms batch [53.219] delay 29.242 ms
INFO: at 7482.858 ms fetching 53.219 ms
INFO: at 7512.632 ms batch [25.945] delay 29.242 ms
INFO: at 7512.632 ms fetching 25.945 ms
INFO: at 7542.493 ms batch [87.542] delay 29.242 ms
INFO: at 7542.493 ms fetching 87.542 ms
INFO: at 7571.885 ms batch [26.839] delay 29.242 ms
INFO: at 7571.885 ms fetching 26.839 ms
INFO: at 7601.583 ms batch [21.954] delay 29.242 ms
INFO: at 7601.583 ms fetching 21.954 ms
INFO: at 7631.374 ms batch [11.455] delay 29.242 ms
INFO: at 7631.374 ms fetching 11.455 ms
INFO: at 7660.976 ms batch [9.176] delay 29.242 ms
INFO: at 7660.976 ms fetching 9.176 ms
INFO: at 7690.583 ms batch [53.938] delay 29.242 ms
INFO: at 7690.583 ms fetching 53.938 ms
INFO: at 7721.261 ms batch [6.381] delay 38.989 ms
INFO: at 7721.261 ms fetching 6.381 ms
INFO: at 7761.544 ms batch [49.018] delay 38.989 ms
INFO: at 7761.544 ms fetching 49.018 ms
INFO: at 7801.002 ms batch [21.247] delay 38.989 ms
INFO: at 7801.002 ms fetching 21.247 ms
INFO: at 7840.846 ms batch [18.951] delay 29.242 ms
INFO: at 7840.846 ms fetching 18.951 ms
INFO: at 7870.995 ms batch [42.149] delay 29.242 ms
INFO: at 7870.995 ms fetching 42.149 ms
INFO: at 7900.589 ms batch [47.320] delay 29.242 ms
INFO: at 7900.589 ms fetching 47.320 ms
INFO: at 7930.471 ms batch [42.672] delay 29.242 ms
INFO: at 7930.471 ms fetching 42.672 ms
INFO: at 7960.183 ms batch [13.063] delay 19.495 ms
INFO: at 7960.183 ms fetching 13.063 ms
INFO: at 7980.011 ms batch [8.506] delay 19.495 ms
INFO: at 7980.011 ms fetching 8.506 ms
INFO: at 8000.302 ms batch [67.992] delay 19.495 ms
INFO: at 8000.302 ms fetching 67.992 ms
INFO: at 8020.841 ms batch [12.457] delay 19.495 ms
INFO: at 8020.841 ms fetching 12.457 ms
INFO: at 8040.743 ms batch [25.308] delay 19.495 ms
INFO: at 8040.743 ms fetching 25.308 ms
INFO: at 8060.599 ms batch [29.465] delay 19.495 ms
INFO: at 8060.599 ms fetching 29.465 ms
INFO: at 8081.030 ms batch [19.226] delay 23.393 ms
INFO: at 8081.030 ms fetching 19.226 ms
INFO: at 8104.605 ms batch [17.396] delay 23.393 ms
INFO: at 8104.605 ms fetching 17.396 ms
INFO: at 8130.076 ms batch [26.497] delay 23.393 ms
INFO: at 8130.076 ms fetching 26.497 ms
INFO: at 8155.272 ms batch [16.604] delay 23.393 ms
INFO: at 8155.272 ms fetching 16.604 ms
INFO: at 8179.459 ms batch [7.981] delay 23.393 ms
INFO: at 8179.459 ms fetching 7.981 ms
INFO: at 8203.240 ms batch [27.257] delay 19.495 ms
INFO: at 8203.240 ms fetching 27.257 ms
INFO: at 8224.870 ms batch [40.274] delay 19.495 ms
INFO: at 8224.870 ms fetching 40.274 ms
INFO: at 8244.609 ms batch [25.661] delay 19.495 ms
INFO: at 8244.609 ms fetching 25.661 ms
INFO: at 8264.474 ms batch [51.740] delay 19.495 ms
INFO: at 8264.474 ms fetching 51.740 ms
INFO: at 8284.315 ms batch [25.698] delay 19.495 ms
INFO: at 8284.315 ms fetching 25.698 ms
INFO: at 8305.068 ms batch [26.407] delay 19.495 ms
INFO: at 8305.068 ms fetching 26.407 ms
INFO: at 8324.789 ms batch [53.930] delay 19.495 ms
INFO: at 8324.789 ms fetching 53.930 ms
INFO: at 8344.853 ms batch [17.040] delay 19.495 ms
INFO: at 8344.853 ms fetching 17.040 ms
INFO: at 8364.724 ms batch [20.731] delay 19.495 ms
INFO: at 8364.724 ms fetching 20.731 ms
INFO: at 8384.568 ms batch [18.806] delay 19.495 ms
INFO: at 8384.568 ms fetching 18.806 ms
INFO: at 8405.550 ms batch [14.707] delay 19.495 ms
INFO: at 8405.550 ms fetching 14.707 ms
INFO: at 8425.341 ms batch [23.542] delay 19.495 ms
INFO: at 8425.341 ms fetching 23.542 ms
INFO: at 8445.485 ms batch [11.783] delay 16.710 ms
INFO: at 8445.485 ms fetching 11.783 ms
INFO: at 8463.125 ms batch [19.446] delay 16.710 ms
INFO: at 8463.125 ms fetching 19.446 ms
INFO: at 8480.126 ms batch [35.210] delay 16.710 ms
INFO: at 8480.126 ms fetching 35.210 ms
INFO: at 8497.876 ms batch [57.084] delay 16.710 ms
INFO: at 8497.876 ms fetching 57.084 ms
INFO: at 8515.386 ms batch [13.553] delay 16.710 ms
INFO: at 8515.386 ms fetching 13.553 ms
INFO: at 8533.123 ms batch [26.323] delay 16.710 ms
INFO: at 8533.123 ms fetching 26.323 ms
INFO: at 8550.595 ms batch [22.525] delay 16.710 ms
INFO: at 8550.595 ms fetching 22.525 ms
INFO: at 8568.155 ms batch [13.285] delay 29.242 ms
INFO: at 8568.155 ms fetching 13.285 ms
INFO: at 8598.082 ms batch [29.147] delay 29.242 ms
INFO: at 8598.082 ms fetching 29.147 ms
INFO: at 8628.332 ms batch [47.836] delay 29.242 ms
INFO: at 8628.332 ms fetching 47.836 ms
INFO: at 8658.191 ms batch [53.160] delay 29.242 ms
INFO: at 8658.191 ms fetching 53.160 ms
INFO: at 8688.407 ms batch [20.625] delay 23.393 ms
INFO: at 8688.407 ms fetching 20.625 ms
INFO: at 8712.247 ms batch [32.283] delay 23.393 ms
INFO: at 8712.247 ms fetching 32.283 ms
INFO: at 8735.999 ms batch [25.985] delay 23.393 ms
INFO: at 8735.999 ms fetching 25.985 ms
INFO: at 8759.850 ms batch [52.167] delay 23.393 ms
INFO: at 8759.850 ms fetching 52.167 ms
INFO: at 8784.526 ms batch [21.256] delay 23.393 ms
INFO: at 8784.526 ms fetching 21.256 ms
INFO: at 8808.407 ms batch [15.781] delay 29.242 ms
INFO: at 8808.407 ms fetching 15.781 ms
INFO: at 8838.419 ms batch [16.925] delay 29.242 ms
INFO: at 8838.419 ms fetching 16.925 ms
INFO: at 8868.255 ms batch [31.694] delay 29.242 ms
INFO: at 8868.255 ms fetching 31.694 ms
INFO: at 8899.322 ms batch [12.674] delay 29.242 ms
INFO: at 8899.322 ms fetching 12.674 ms
INFO: at 8930.558 ms batch [47.709] delay 19.495 ms
INFO: at 8930.558 ms fetching 47.709 ms
INFO: at 8950.817 ms batch [16.824] delay 19.495 ms
INFO: at 8950.817 ms fetching 16.824 ms
INFO: at 8971.301 ms batch [19.279] delay 19.495 ms
INFO: at 8971.301 ms fetching 19.279 ms
INFO: at 8991.369 ms batch [62.915] delay 19.495 ms
INFO: at 8991.369 ms fetching 62.915 ms
INFO: at 9011.557 ms batch [9.450] delay 19.495 ms
INFO: at 9011.557 ms fetching 9.450 ms
INFO: at 9031.438 ms batch [25.171] delay 19.495 ms
INFO: at 9031.438 ms fetching 25.171 ms
INFO: at 9051.132 ms batch [19.538] delay 11.697 ms
INFO: at 9051.132 ms fetching 19.538 ms
INFO: at 9063.656 ms batch [46.937] delay 11.697 ms
INFO: at 9063.656 ms fetching 46.937 ms
INFO: at 9076.499 ms batch [14.685] delay 11.697 ms
INFO: at 9076.499 ms fetching 14.685 ms
INFO: at 9089.926 ms batch [17.527] delay 11.697 ms
INFO: at 9089.926 ms fetching 17.527 ms
INFO: at 9102.741 ms batch [10.008] delay 11.697 ms
INFO: at 9102.741 ms fetching 10.008 ms
INFO: at 9114.633 ms batch [13.381] delay 11.697 ms
INFO: at 9114.633 ms fetching 13.381 ms
INFO: at 9127.359 ms batch [12.424] delay 11.697 ms
INFO: at 9127.359 ms fetching 12.424 ms
INFO: at 9139.893 ms batch [19.282] delay 11.697 ms
INFO: at 9139.893 ms fetching 19.282 ms
INFO: at 9152.535 ms batch [25.250] delay 11.697 ms
INFO: at 9152.535 ms fetching 25.250 ms
INFO: at 9164.417 ms batch [18.802] delay 11.697 ms
INFO: at 9164.417 ms fetching 18.802 ms
INFO: at 9177.292 ms batch [45.538] delay 23.393 ms
INFO: at 9177.292 ms fetching 45.538 ms
INFO: at 9202.717 ms batch [12.392] delay 23.393 ms
INFO: at 9202.717 ms fetching 12.392 ms
INFO: at 9226.482 ms batch [22.626] delay 23.393 ms
INFO: at 9226.482 ms fetching 22.626 ms
INFO: at 9250.509 ms batch [78.526] delay 23.393 ms
INFO: at 9250.509 ms fetching 78.526 ms
INFO: at 9274.788 ms batch [56.961] delay 23.393 ms
INFO: at 9274.788 ms fetching 56.961 ms
INFO: at 9299.322 ms batch [27.223] delay 29.242 ms
INFO: at 9299.322 ms fetching 27.223 ms
INFO: at 9329.187 ms batch [31.292] delay 29.242 ms
INFO: at 9329.187 ms fetching 31.292 ms
INFO: at 9359.129 ms batch [19.634] delay 29.242 ms
INFO: at 9359.129 ms fetching 19.634 ms
INFO: at 9388.671 ms batch [24.497] delay 29.242 ms
INFO: at 9388.671 ms fetching 24.497 ms
INFO: at 9419.024 ms batch [38.218] delay 29.242 ms
INFO: at 9419.024 ms fetching 38.218 ms
INFO: at 9448.844 ms batch [15.319] delay 29.242 ms
INFO: at 9448.844 ms fetching 15.319 ms
INFO: at 9478.758 ms batch [24.673] delay 29.242 ms
INFO: at 9478.758 ms fetching 24.673 ms
INFO: at 9508.349 ms batch [47.318] delay 29.242 ms
INFO: at 9508.349 ms fetching 47.318 ms
INFO: at 9538.286 ms batch [5.552] delay 23.393 ms
INFO: at 9538.286 ms fetching 5.552 ms
INFO: at 9562.415 ms batch [10.815] delay 23.393 ms
INFO: at 9562.415 ms fetching 10.815 ms
INFO: at 9587.295 ms batch [18.975] delay 23.393 ms
INFO: at 9587.295 ms fetching 18.975 ms
INFO: at 9611.056 ms batch [25.286] delay 23.393 ms
INFO: at 9611.056 ms fetching 25.286 ms
INFO: at 9634.936 ms batch [12.095] delay 23.393 ms
INFO: at 9634.936 ms fetching 12.095 ms
INFO: at 9659.484 ms batch [17.361] delay 16.710 ms
INFO: at 9659.484 ms fetching 17.361 ms
INFO: at 9676.676 ms batch [20.114] delay 16.710 ms
INFO: at 9676.676 ms fetching 20.114 ms
INFO: at 9693.958 ms batch [39.449] delay 16.710 ms
INFO: at 9693.958 ms fetching 39.449 ms
INFO: at 9711.779 ms batch [10.615] delay 16.710 ms
INFO: at 9711.779 ms fetching 10.615 ms
INFO: at 9728.847 ms batch [51.537] delay 16.710 ms
INFO: at 9728.847 ms fetching 51.537 ms
INFO: at 9746.013 ms batch [25.456] delay 16.710 ms
INFO: at 9746.013 ms fetching 25.456 ms
INFO: at 9763.006 ms batch [9.675] delay 16.710 ms
INFO: at 9763.006 ms fetching 9.675 ms
INFO: at 9780.701 ms batch [14.670] delay 23.393 ms
INFO: at 9780.701 ms fetching 14.670 ms
INFO: at 9804.710 ms batch [34.986] delay 23.393 ms
INFO: at 9804.710 ms fetching 34.986 ms
INFO: at 9829.149 ms batch [17.438] delay 23.393 ms
INFO: at 9829.149 ms fetching 17.438 ms
INFO: at 9853.012 ms batch [13.283] delay 23.393 ms
INFO: at 9853.012 ms fetching 13.283 ms
INFO: at 9877.261 ms batch [41.207] delay 23.393 ms
INFO: at 9877.261 ms fetching 41.207 ms
INFO: at 9901.111 ms batch [57.688] delay 29.242 ms
INFO: at 9901.111 ms fetching 57.688 ms
INFO: at 9931.095 ms batch [52.256] delay 29.242 ms
INFO: at 9931.095 ms fetching 52.256 ms
INFO: at 9960.610 ms batch [14.205] delay 29.242 ms
INFO: at 9960.610 ms fetching 14.205 ms
INFO: at 9991.312 ms batch [10.218] delay 29.242 ms
INFO: at 9991.312 ms fetching 10.218 ms
INFO: at 10020.724 ms batch [24.630] delay 23.393 ms
INFO: at 10020.724 ms fetching 24.630 ms
INFO: at 10044.587 ms batch [46.348] delay 23.393 ms
INFO: at 10044.587 ms fetching 46.348 ms
INFO: at 10068.955 ms batch [14.792] delay 23.393 ms
INFO: at 10068.955 ms fetching 14.792 ms
INFO: at 10093.297 ms batch [11.588] delay 23.393 ms
INFO: at 10093.297 ms fetching 11.588 ms
INFO: at 10117.680 ms batch [20.590] delay 23.393 ms
INFO: at 10117.680 ms fetching 20.590 ms
INFO: at 10141.376 ms batch [27.805] delay 19.495 ms
INFO: at 10141.376 ms fetching 27.805 ms
INFO: at 10161.194 ms batch [52.927] delay 19.495 ms
INFO: at 10161.194 ms fetching 52.927 ms
INFO: at 10181.313 ms batch [49.716] delay 19.495 ms
INFO: at 10181.313 ms fetching 49.716 ms
INFO: at 10201.740 ms batch [11.182] delay 19.495 ms
INFO: at 10201.740 ms fetching 11.182 ms
INFO: at 10221.774 ms batch [22.469] delay 19.495 ms
INFO: at 10221.774 ms fetching 22.469 ms
INFO: at 10242.201 ms batch [19.884] delay 19.495 ms
INFO: at 10242.201 ms fetching 19.884 ms
INFO: at 10262.060 ms batch [28.093] delay 23.393 ms
INFO: at 10262.060 ms fetching 28.093 ms
INFO: at 10285.714 ms batch [25.897] delay 23.393 ms
INFO: at 10285.714 ms fetching 25.897 ms
INFO: at 10309.591 ms batch [19.935] delay 23.393 ms
INFO: at 10309.591 ms fetching 19.935 ms
INFO: at 10334.017 ms batch [22.724] delay 23.393 ms
INFO: at 10334.017 ms fetching 22.724 ms
INFO: at 10357.864 ms batch [23.249] delay 23.393 ms
INFO: at 10357.864 ms fetching 23.249 ms
INFO: at 10381.530 ms batch [32.714] delay 16.710 ms
INFO: at 10381.530 ms fetching 32.714 ms
INFO: at 10398.475 ms batch [25.824] delay 16.710 ms
INFO: at 10398.475 ms fetching 25.824 ms
INFO: at 10416.093 ms batch [17.173] delay 16.710 ms
INFO: at 10416.093 ms fetching 17.173 ms
INFO: at 10433.905 ms batch [14.305] delay 16.710 ms
INFO: at 10433.905 ms fetching 14.305 ms
INFO: at 10451.906 ms batch [46.792] delay 16.710 ms
INFO: at 10451.906 ms fetching 46.792 ms
INFO: at 10469.295 ms batch [16.599] delay 16.710 ms
INFO: at 10469.295 ms fetching 16.599 ms
INFO: at 10486.119 ms batch [46.461] delay 16.710 ms
INFO: at 10486.119 ms fetching 46.461 ms
INFO: at 10503.842 ms batch [14.137] delay 29.242 ms
INFO: at 10503.842 ms fetching 14.137 ms
INFO: at 10533.531 ms batch [43.298] delay 29.242 ms
INFO: at 10533.531 ms fetching 43.298 ms
INFO: at 10563.246 ms batch [28.171] delay 29.242 ms
INFO: at 10563.246 ms fetching 28.171 ms
INFO: at 10594.306 ms batch [26.051] delay 29.242 ms
INFO: at 10594.306 ms fetching 26.051 ms
INFO: at 10624.433 ms batch [29.668] delay 23.393 ms
INFO: at 10624.433 ms fetching 29.668 ms
INFO: at 10648.243 ms batch [19.514] delay 23.393 ms
INFO: at 10648.243 ms fetching 19.514 ms
INFO: at 10672.726 ms batch [47.082] delay 23.393 ms
INFO: at 10672.726 ms fetching 47.082 ms
INFO: at 10697.116 ms batch [16.680] delay 23.393 ms
INFO: at 10697.116 ms fetching 16.680 ms
INFO: at 10721.078 ms batch [16.129] delay 23.393 ms
INFO: at 10721.078 ms fetching 16.129 ms
INFO: at 10745.218 ms batch [38.275] delay 23.393 ms
INFO: at 10745.218 ms fetching 38.275 ms
INFO: at 10769.757 ms batch [52.199] delay 23.393 ms
INFO: at 10769.757 ms fetching 52.199 ms
INFO: at 10794.143 ms batch [28.508] delay 23.393 ms
INFO: at 10794.143 ms fetching 28.508 ms
INFO: at 10818.097 ms batch [12.351] delay 23.393 ms
INFO: at 10818.097 ms fetching 12.351 ms
INFO: at 10842.549 ms batch [11.354] delay 23.393 ms
INFO: at 10842.549 ms fetching 11.354 ms
INFO: at 10866.782 ms batch [58.380] delay 19.495 ms
INFO: at 10866.782 ms fetching 58.380 ms
INFO: at 10886.542 ms batch [19.975] delay 19.495 ms
INFO: at 10886.542 ms fetching 19.975 ms
INFO: at 10908.110 ms batch [54.335] delay 19.495 ms
INFO: at 10908.110 ms fetching 54.335 ms
INFO: at 10928.566 ms batch [23.807] delay 19.495 ms
INFO: at 10928.566 ms fetching 23.807 ms
INFO: at 10948.458 ms batch [23.491] delay 19.495 ms
INFO: at 10948.458 ms fetching 23.491 ms
INFO: at 10968.902 ms batch [46.529] delay 19.495 ms
INFO: at 10968.902 ms fetching 46.529 ms
INFO: at 10988.745 ms batch [10.525] delay 16.710 ms
INFO: at 10988.745 ms fetching 10.525 ms
INFO: at 11005.992 ms batch [20.339] delay 16.710 ms
INFO: at 11005.992 ms fetching 20.339 ms
INFO: at 11024.719 ms batch [19.939] delay 16.710 ms
INFO: at 11024.719 ms fetching 19.939 ms
INFO: at 11042.552 ms batch [20.862] delay 16.710 ms
INFO: at 11042.552 ms fetching 20.862 ms
INFO: at 11059.987 ms batch [19.424] delay 16.710 ms
INFO: at 11059.987 ms fetching 19.424 ms
INFO: at 11076.782 ms batch [35.183] delay 16.710 ms
INFO: at 11076.782 ms fetching 35.183 ms
INFO: at 11094.650 ms batch [4.987] delay 16.710 ms
INFO: at 11094.650 ms fetching 4.987 ms
INFO: at 11111.888 ms batch [10.278] delay 23.393 ms
INFO: at 11111.888 ms fetching 10.278 ms
INFO: at 11136.068 ms batch [24.267] delay 23.393 ms
INFO: at 11136.068 ms fetching 24.267 ms
INFO: at 11160.151 ms batch [28.990] delay 23.393 ms
INFO: at 11160.151 ms fetching 28.990 ms
INFO: at 11184.984 ms batch [34.371] delay 23.393 ms
INFO: at 11184.984 ms fetching 34.371 ms
INFO: at 11209.146 ms batch [63.861] delay 23.393 ms
INFO: at 11209.146 ms fetching 63.861 ms
INFO: at 11233.029 ms batch [51.663] delay 23.393 ms
INFO: at 11233.029 ms fetching 51.663 ms
INFO: at 11257.031 ms batch [24.103] delay 23.393 ms
INFO: at 11257.031 ms fetching 24.103 ms
INFO: at 11281.442 ms batch [51.650] delay 23.393 ms
INFO: at 11281.442 ms fetching 51.650 ms
INFO: at 11305.597 ms batch [27.816] delay 23.393 ms
INFO: at 11305.597 ms fetching 27.816 ms
INFO: at 11329.701 ms batch [20.316] delay 23.393 ms
INFO: at 11329.701 ms fetching 20.316 ms
INFO: at 11354.066 ms batch [12.143] delay 16.710 ms
INFO: at 11354.066 ms fetching 12.143 ms
INFO: at 11371.731 ms batch [29.089] delay 16.710 ms
INFO: at 11371.731 ms fetching 29.089 ms
INFO: at 11388.777 ms batch [49.410] delay 16.710 ms
INFO: at 11388.777 ms fetching 49.410 ms
INFO: at 11406.544 ms batch [29.836] delay 16.710 ms
INFO: at 11406.544 ms fetching 29.836 ms
INFO: at 11424.330 ms batch [12.772] delay 16.710 ms
INFO: at 11424.330 ms fetching 12.772 ms
INFO: at 11441.316 ms batch [23.648] delay 16.710 ms
INFO: at 11441.316 ms fetching 23.648 ms
INFO: at 11458.944 ms batch [21.385] delay 16.710 ms
INFO: at 11458.944 ms fetching 21.385 ms
INFO: at 11476.498 ms batch [26.201] delay 19.495 ms
INFO: at 11476.498 ms fetching 26.201 ms
INFO: at 11496.277 ms batch [37.626] delay 19.495 ms
INFO: at 11496.277 ms fetching 37.626 ms
INFO: at 11516.155 ms batch [23.191] delay 19.495 ms
INFO: at 11516.155 ms fetching 23.191 ms
INFO: at 11536.433 ms batch [29.173] delay 19.495 ms
INFO: at 11536.433 ms fetching 29.173 ms
INFO: at 11556.406 ms batch [22.474] delay 19.495 ms
INFO: at 11556.406 ms fetching 22.474 ms
INFO: at 11576.773 ms batch [9.026] delay 19.495 ms
INFO: at 11576.773 ms fetching 9.026 ms
INFO: at 11597.184 ms batch [47.823] delay 29.242 ms
INFO: at 11597.184 ms fetching 47.823 ms
INFO: at 11627.326 ms batch [15.655] delay 29.242 ms
INFO: at 11627.326 ms fetching 15.655 ms
INFO: at 11658.275 ms batch [16.158] delay 29.242 ms
INFO: at 11658.275 ms fetching 16.158 ms
INFO: at 11687.746 ms batch [35.277] delay 29.242 ms
INFO: at 11687.746 ms fetching 35.277 ms
INFO: at 11717.525 ms batch [19.937] delay 29.242 ms
INFO: at 11717.525 ms fetching 19.937 ms
INFO: at 11747.553 ms batch [57.659] delay 29.242 ms
INFO: at 11747.553 ms fetching 57.659 ms
INFO: at 11777.570 ms batch [46.356] delay 29.242 ms
INFO: at 11777.570 ms fetching 46.356 ms
INFO: at 11807.719 ms batch [18.565] delay 29.242 ms
INFO: at 11807.719 ms fetching 18.565 ms
INFO: at 11837.208 ms batch [48.805] delay 19.495 ms
INFO: at 11837.208 ms fetching 48.805 ms
INFO: at 11856.910 ms batch [50.833] delay 19.495 ms
INFO: at 11856.910 ms fetching 50.833 ms
INFO: at 11876.896 ms batch [24.853] delay 19.495 ms
INFO: at 11876.896 ms fetching 24.853 ms
INFO: at 11896.791 ms batch [14.033] delay 19.495 ms
INFO: at 11896.791 ms fetching 14.033 ms
INFO: at 11917.011 ms batch [16.310] delay 19.495 ms
INFO: at 11917.011 ms fetching 16.310 ms
INFO: at 11936.965 ms batch [23.059] delay 19.495 ms
INFO: at 11936.965 ms fetching 23.059 ms
INFO: at 11957.518 ms batch [21.911] delay 23.393 ms
INFO: at 11957.518 ms fetching 21.911 ms
INFO: at 11981.652 ms batch [12.957] delay 23.393 ms
INFO: at 11981.652 ms fetching 12.957 ms
INFO: at 12005.274 ms batch [27.749] delay 23.393 ms
INFO: at 12005.274 ms fetching 27.749 ms
INFO: at 12029.162 ms batch [25.061] delay 23.393 ms
INFO: at 12029.162 ms fetching 25.061 ms
INFO: at 12053.435 ms batch [17.616] delay 23.393 ms
INFO: at 12053.435 ms fetching 17.616 ms
INFO: at 12077.073 ms batch [10.560] delay 16.710 ms
INFO: at 12077.073 ms fetching 10.560 ms
INFO: at 12095.916 ms batch [19.132] delay 16.710 ms
INFO: at 12095.916 ms fetching 19.132 ms
INFO: at 12112.978 ms batch [21.895] delay 16.710 ms
INFO: at 12112.978 ms fetching 21.895 ms
INFO: at 12129.820 ms batch [22.058] delay 16.710 ms
INFO: at 12129.820 ms fetching 22.058 ms
INFO: at 12147.520 ms batch [22.088] delay 16.710 ms
INFO: at 12147.520 ms fetching 22.088 ms
INFO: at 12164.489 ms batch [25.085] delay 16.710 ms
INFO: at 12164.489 ms fetching 25.085 ms
INFO: at 12181.710 ms batch [21.022] delay 16.710 ms
INFO: at 12181.710 ms fetching 21.022 ms
INFO: at 12199.302 ms batch [51.764] delay 19.495 ms
INFO: at 12199.302 ms fetching 51.764 ms
INFO: at 12220.769 ms batch [23.827] delay 19.495 ms
INFO: at 12220.769 ms fetching 23.827 ms
INFO: at 12241.329 ms batch [45.224] delay 19.495 ms
INFO: at 12241.329 ms fetching 45.224 ms
INFO: at 12261.929 ms batch [12.752] delay 19.495 ms
INFO: at 12261.929 ms fetching 12.752 ms
INFO: at 12281.935 ms batch [17.193] delay 19.495 ms
INFO: at 12281.935 ms fetching 17.193 ms
INFO: at 12302.891 ms batch [29.193] delay 19.495 ms
INFO: at 12302.891 ms fetching 29.193 ms
INFO: at 12323.859 ms batch [24.770] delay 19.495 ms
INFO: at 12323.859 ms fetching 24.770 ms
INFO: at 12343.713 ms batch [13.766] delay 19.495 ms
INFO: at 12343.713 ms fetching 13.766 ms
INFO: at 12364.201 ms batch [20.147] delay 19.495 ms
INFO: at 12364.201 ms fetching 20.147 ms
INFO: at 12384.714 ms batch [8.937] delay 19.495 ms
INFO: at 12384.714 ms fetching 8.937 ms
INFO: at 12404.460 ms batch [28.114] delay 19.495 ms
INFO: at 12404.460 ms fetching 28.114 ms
INFO: at 12424.313 ms batch [31.814] delay 19.495 ms
INFO: at 12424.313 ms fetching 31.814 ms
INFO: at 12445.134 ms batch [9.657] delay 29.242 ms
INFO: at 12445.134 ms fetching 9.657 ms
INFO: at 12474.975 ms batch [47.285] delay 29.242 ms
INFO: at 12474.975 ms fetching 47.285 ms
INFO: at 12504.616 ms batch [19.261] delay 29.242 ms
INFO: at 12504.616 ms fetching 19.261 ms
INFO: at 12534.769 ms batch [19.544] delay 29.242 ms
INFO: at 12534.769 ms fetching 19.544 ms
INFO: at 12564.711 ms batch [18.971] delay 19.495 ms
INFO: at 12564.711 ms fetching 18.971 ms
INFO: at 12584.581 ms batch [39.426] delay 19.495 ms
INFO: at 12584.581 ms fetching 39.426 ms
INFO: at 12605.089 ms batch [19.170] delay 19.495 ms
INFO: at 12605.089 ms fetching 19.170 ms
INFO: at 12624.891 ms batch [18.092] delay 19.495 ms
INFO: at 12624.891 ms fetching 18.092 ms
INFO: at 12645.080 ms batch [21.914] delay 19.495 ms
INFO: at 12645.080 ms fetching 21.914 ms
INFO: at 12666.589 ms batch [20.958] delay 19.495 ms
INFO: at 12666.589 ms fetching 20.958 ms
INFO: at 12687.451 ms batch [31.698] delay 14.621 ms
INFO: at 12687.451 ms fetching 31.698 ms
INFO: at 12702.327 ms batch [18.313] delay 14.621 ms
INFO: at 12702.327 ms fetching 18.313 ms
INFO: at 12717.157 ms batch [33.315] delay 14.621 ms
INFO: at 12717.157 ms fetching 33.315 ms
INFO: at 12732.078 ms batch [43.508] delay 14.621 ms
INFO: at 12732.078 ms fetching 43.508 ms
INFO: at 12747.215 ms batch [36.042] delay 14.621 ms
INFO: at 12747.215 ms fetching 36.042 ms
INFO: at 12763.281 ms batch [34.964] delay 14.621 ms
INFO: at 12763.281 ms fetching 34.964 ms
INFO: at 12778.506 ms batch [29.738] delay 14.621 ms
INFO: at 12778.506 ms fetching 29.738 ms
INFO: at 12794.017 ms batch [38.779] delay 14.621 ms
INFO: at 12794.017 ms fetching 38.779 ms
INFO: at 12809.960 ms batch [17.879] delay 19.495 ms
INFO: at 12809.960 ms fetching 17.879 ms
INFO: at 12829.817 ms batch [46.932] delay 19.495 ms
INFO: at 12829.817 ms fetching 46.932 ms
INFO: at 12849.976 ms batch [42.872] delay 19.495 ms
INFO: at 12849.976 ms fetching 42.872 ms
INFO: at 12870.431 ms batch [24.669] delay 19.495 ms
INFO: at 12870.431 ms fetching 24.669 ms
INFO: at 12890.479 ms batch [33.074] delay 19.495 ms
INFO: at 12890.479 ms fetching 33.074 ms
INFO: at 12910.473 ms batch [22.404] delay 19.495 ms
INFO: at 12910.473 ms fetching 22.404 ms
INFO: at 12930.393 ms batch [45.674] delay 16.710 ms
INFO: at 12930.393 ms fetching 45.674 ms
INFO: at 12948.147 ms batch [12.951] delay 16.710 ms
INFO: at 12948.147 ms fetching 12.951 ms
INFO: at 12965.221 ms batch [22.043] delay 16.710 ms
INFO: at 12965.221 ms fetching 22.043 ms
INFO: at 12982.150 ms batch [28.374] delay 16.710 ms
INFO: at 12982.150 ms fetching 28.374 ms
INFO: at 12999.453 ms batch [27.066] delay 16.710 ms
INFO: at 12999.453 ms fetching 27.066 ms
INFO: at 13016.991 ms batch [24.265] delay 16.710 ms
INFO: at 13016.991 ms fetching 24.265 ms
INFO: at 13034.403 ms batch [22.074] delay 16.710 ms
INFO: at 13034.403 ms fetching 22.074 ms
INFO: at 13052.609 ms batch [11.968] delay 23.393 ms
INFO: at 13052.609 ms fetching 11.968 ms
INFO: at 13076.570 ms batch [21.291] delay 23.393 ms
INFO: at 13076.570 ms fetching 21.291 ms
INFO: at 13100.725 ms batch [22.443] delay 23.393 ms
INFO: at 13100.725 ms fetching 22.443 ms
INFO: at 13124.390 ms batch [20.847] delay 23.393 ms
INFO: at 13124.390 ms fetching 20.847 ms
INFO: at 13148.333 ms batch [17.930] delay 23.393 ms
INFO: at 13148.333 ms fetching 17.930 ms
INFO: at 13172.443 ms batch [38.558] delay 16.710 ms
INFO: at 13172.443 ms fetching 38.558 ms
INFO: at 13191.105 ms batch [13.358] delay 16.710 ms
INFO: at 13191.105 ms fetching 13.358 ms
INFO: at 13208.973 ms batch [33.562] delay 16.710 ms
INFO: at 13208.973 ms fetching 33.562 ms
INFO: at 13225.851 ms batch [23.592] delay 16.710 ms
INFO: at 13225.851 ms fetching 23.592 ms
INFO: at 13243.145 ms batch [24.719] delay 16.710 ms
INFO: at 13243.145 ms fetching 24.719 ms
INFO: at 13260.795 ms batch [26.231] delay 16.710 ms
INFO: at 13260.795 ms fetching 26.231 ms
INFO: at 13277.661 ms batch [20.529] delay 16.710 ms
INFO: at 13277.661 ms fetching 20.529 ms
INFO: at 13295.178 ms batch [45.330] delay 19.495 ms
INFO: at 13295.178 ms fetching 45.330 ms
INFO: at 13314.888 ms batch [27.170] delay 19.495 ms
INFO: at 13314.888 ms fetching 27.170 ms
INFO: at 13334.983 ms batch [21.473] delay 19.495 ms
INFO: at 13334.983 ms fetching 21.473 ms
INFO: at 13354.979 ms batch [39.849] delay 19.495 ms
INFO: at 13354.979 ms fetching 39.849 ms
INFO: at 13375.074 ms batch [17.703] delay 19.495 ms
INFO: at 13375.074 ms fetching 17.703 ms
INFO: at 13395.346 ms batch [20.909] delay 19.495 ms
INFO: at 13395.346 ms fetching 20.909 ms
INFO: at 13416.004 ms batch [27.210] delay 23.393 ms
INFO: at 13416.004 ms fetching 27.210 ms
INFO: at 13440.385 ms batch [28.861] delay 23.393 ms
INFO: at 13440.385 ms fetching 28.861 ms
INFO: at 13464.392 ms batch [21.938] delay 23.393 ms
INFO: at 13464.392 ms fetching 21.938 ms
INFO: at 13488.137 ms batch [27.356] delay 23.393 ms
INFO: at 13488.137 ms fetching 27.356 ms
INFO: at 13513.331 ms batch [19.908] delay 23.393 ms
INFO: at 13513.331 ms fetching 19.908 ms
INFO: at 13537.803 ms batch [11.700] delay 38.989 ms
INFO: at 13537.803 ms fetching 11.700 ms
INFO: at 13578.759 ms batch [32.923] delay 38.989 ms
INFO: at 13578.759 ms fetching 32.923 ms
INFO: at 13618.656 ms batch [19.222] delay 38.989 ms
INFO: at 13618.656 ms fetching 19.222 ms
INFO: at 13658.074 ms batch [19.259] delay 29.242 ms
INFO: at 13658.074 ms fetching 19.259 ms
INFO: at 13688.227 ms batch [37.919] delay 29.242 ms
INFO: at 13688.227 ms fetching 37.919 ms
INFO: at 13718.164 ms batch [49.588] delay 29.242 ms
INFO: at 13718.164 ms fetching 49.588 ms
INFO: at 13747.746 ms batch [19.199] delay 29.242 ms
INFO: at 13747.746 ms fetching 19.199 ms
INFO: at 13777.764 ms batch [9.356] delay 29.242 ms
INFO: at 13777.764 ms fetching 9.356 ms
INFO: at 13808.477 ms batch [29.764] delay 29.242 ms
INFO: at 13808.477 ms fetching 29.764 ms
INFO: at 13838.216 ms batch [50.079] delay 29.242 ms
INFO: at 13838.216 ms fetching 50.079 ms
INFO: at 13867.973 ms batch [16.403] delay 29.242 ms
INFO: at 13867.973 ms fetching 16.403 ms
INFO: at 13898.241 ms batch [19.630] delay 29.242 ms
INFO: at 13898.241 ms fetching 19.630 ms
INFO: at 13928.893 ms batch [11.614] delay 29.242 ms
INFO: at 13928.893 ms fetching 11.614 ms
INFO: at 13958.760 ms batch [15.467] delay 29.242 ms
INFO: at 13958.760 ms fetching 15.467 ms
INFO: at 13990.030 ms batch [18.293] delay 29.242 ms
INFO: at 13990.030 ms fetching 18.293 ms
INFO: at 14020.181 ms batch [47.130] delay 38.989 ms
INFO: at 14020.181 ms fetching 47.130 ms
INFO: at 14060.207 ms batch [25.784] delay 38.989 ms
INFO: at 14060.207 ms fetching 25.784 ms
INFO: at 14100.248 ms batch [15.483] delay 38.989 ms
INFO: at 14100.248 ms fetching 15.483 ms
INFO: at 14140.479 ms batch [11.826] delay 29.242 ms
INFO: at 14140.479 ms fetching 11.826 ms
INFO: at 14170.741 ms batch [47.452] delay 29.242 ms
INFO: at 14170.741 ms fetching 47.452 ms
INFO: at 14200.540 ms batch [29.364] delay 29.242 ms
INFO: at 14200.540 ms fetching 29.364 ms
INFO: at 14230.166 ms batch [51.509] delay 29.242 ms
INFO: at 14230.166 ms fetching 51.509 ms
INFO: at 14259.660 ms batch [29.522] delay 23.393 ms
INFO: at 14259.660 ms fetching 29.522 ms
INFO: at 14283.748 ms batch [25.110] delay 23.393 ms
INFO: at 14283.748 ms fetching 25.110 ms
INFO: at 14307.598 ms batch [62.069] delay 23.393 ms
INFO: at 14307.598 ms fetching 62.069 ms
INFO: at 14332.077 ms batch [61.501] delay 23.393 ms
INFO: at 14332.077 ms fetching 61.501 ms
INFO: at 14355.952 ms batch [18.233] delay 23.393 ms
INFO: at 14355.952 ms fetching 18.233 ms
INFO: at 14379.783 ms batch [56.703] delay 19.495 ms
INFO: at 14379.783 ms fetching 56.703 ms
INFO: at 14399.922 ms batch [24.686] delay 19.495 ms
INFO: at 14399.922 ms fetching 24.686 ms
INFO: at 14419.789 ms batch [18.733] delay 19.495 ms
INFO: at 14419.789 ms fetching 18.733 ms
INFO: at 14439.624 ms batch [12.901] delay 19.495 ms
INFO: at 14439.624 ms fetching 12.901 ms
INFO: at 14459.670 ms batch [15.552] delay 19.495 ms
INFO: at 14459.670 ms fetching 15.552 ms
INFO: at 14479.947 ms batch [21.337] delay 19.495 ms
INFO: at 14479.947 ms fetching 21.337 ms
INFO: at 14499.850 ms batch [50.710] delay 23.393 ms
INFO: at 14499.850 ms fetching 50.710 ms
INFO: at 14523.796 ms batch [29.831] delay 23.393 ms
INFO: at 14523.796 ms fetching 29.831 ms
INFO: at 14547.443 ms batch [39.657] delay 23.393 ms
INFO: at 14547.443 ms fetching 39.657 ms
INFO: at 14571.276 ms batch [19.403] delay 23.393 ms
INFO: at 14571.276 ms fetching 19.403 ms
INFO: at 14594.955 ms batch [57.406] delay 23.393 ms
INFO: at 14594.955 ms fetching 57.406 ms
INFO: at 14618.685 ms batch [20.511] delay 29.242 ms
INFO: at 14618.685 ms fetching 20.511 ms
INFO: at 14648.672 ms batch [11.181] delay 29.242 ms
INFO: at 14648.672 ms fetching 11.181 ms
INFO: at 14678.566 ms batch [23.832] delay 29.242 ms
INFO: at 14678.566 ms fetching 23.832 ms
INFO: at 14708.960 ms batch [51.699] delay 29.242 ms
INFO: at 14708.960 ms fetching 51.699 ms
INFO: at 14739.948 ms batch [33.652] delay 19.495 ms
INFO: at 14739.948 ms fetching 33.652 ms
INFO: at 14759.800 ms batch [33.817] delay 19.495 ms
INFO: at 14759.800 ms fetching 33.817 ms
INFO: at 14779.650 ms batch [25.864] delay 19.495 ms
INFO: at 14779.650 ms fetching 25.864 ms
INFO: at 14800.189 ms batch [52.988] delay 19.495 ms
INFO: at 14800.189 ms fetching 52.988 ms
INFO: at 14820.078 ms batch [20.545] delay 19.495 ms
INFO: at 14820.078 ms fetching 20.545 ms
INFO: at 14840.655 ms batch [25.757] delay 19.495 ms
INFO: at 14840.655 ms fetching 25.757 ms
INFO: at 14860.521 ms batch [10.508] delay 38.989 ms
INFO: at 14860.521 ms fetching 10.508 ms
INFO: at 14899.845 ms batch [25.729] delay 38.989 ms
INFO: at 14899.845 ms fetching 25.729 ms
INFO: at 14939.742 ms batch [23.919] delay 38.989 ms
INFO: at 14939.742 ms fetching 23.919 ms
INFO: at 14979.356 ms batch [26.363] delay 29.242 ms
INFO: at 14979.356 ms fetching 26.363 ms
INFO: at 15008.925 ms batch [21.476] delay 29.242 ms
INFO: at 15008.925 ms fetching 21.476 ms
INFO: at 15039.106 ms batch [20.646] delay 29.242 ms
INFO: at 15039.106 ms fetching 20.646 ms
INFO: at 15068.696 ms batch [39.491] delay 29.242 ms
INFO: at 15068.696 ms fetching 39.491 ms
INFO: at 15099.068 ms batch [17.147] delay 23.393 ms
INFO: at 15099.068 ms fetching 17.147 ms
INFO: at 15122.918 ms batch [26.718] delay 23.393 ms
INFO: at 15122.918 ms fetching 26.718 ms
INFO: at 15147.054 ms batch [7.654] delay 23.393 ms
INFO: at 15147.054 ms fetching 7.654 ms
INFO: at 15171.594 ms batch [27.159] delay 23.393 ms
INFO: at 15171.594 ms fetching 27.159 ms
INFO: at 15195.641 ms batch [14.787] delay 23.393 ms
INFO: at 15195.641 ms fetching 14.787 ms
INFO: at 15220.065 ms batch [56.296] delay 23.393 ms
INFO: at 15220.065 ms fetching 56.296 ms
INFO: at 15244.470 ms batch [31.505] delay 23.393 ms
INFO: at 15244.470 ms fetching 31.505 ms
INFO: at 15268.039 ms batch [20.562] delay 23.393 ms
INFO: at 15268.039 ms fetching 20.562 ms
INFO: at 15291.866 ms batch [11.488] delay 23.393 ms
INFO: at 15291.866 ms fetching 11.488 ms
INFO: at 15315.933 ms batch [8.020] delay 23.393 ms
INFO: at 15315.933 ms fetching 8.020 ms
INFO: at 15339.816 ms batch [18.920] delay 23.393 ms
INFO: at 15339.816 ms fetching 18.920 ms
INFO: at 15364.232 ms batch [50.711] delay 23.393 ms
INFO: at 15364.232 ms fetching 50.711 ms
INFO: at 15389.777 ms batch [33.619] delay 23.393 ms
INFO: at 15389.777 ms fetching 33.619 ms
INFO: at 15413.640 ms batch [23.661] delay 23.393 ms
INFO: at 15413.640 ms fetching 23.661 ms
INFO: at 15437.668 ms batch [36.013] delay 23.393 ms
INFO: at 15437.668 ms fetching 36.013 ms
INFO: at 15461.374 ms batch [11.424] delay 38.989 ms
INFO: at 15461.374 ms fetching 11.424 ms
INFO: at 15500.976 ms batch [55.029] delay 38.989 ms
INFO: at 15500.976 ms fetching 55.029 ms
INFO: at 15540.178 ms batch [19.461] delay 38.989 ms
INFO: at 15540.178 ms fetching 19.461 ms
INFO: at 15580.049 ms batch [24.591] delay 29.242 ms
INFO: at 15580.049 ms fetching 24.591 ms
INFO: at 15609.550 ms batch [34.864] delay 29.242 ms
INFO: at 15609.550 ms fetching 34.864 ms
INFO: at 15639.335 ms batch [25.642] delay 29.242 ms
INFO: at 15639.335 ms fetching 25.642 ms
INFO: at 15669.485 ms batch [6.174] delay 29.242 ms
INFO: at 15669.485 ms fetching 6.174 ms
INFO: at 15699.855 ms batch [19.478] delay 19.495 ms
INFO: at 15699.855 ms fetching 19.478 ms
INFO: at 15719.912 ms batch [15.893] delay 19.495 ms
INFO: at 15719.912 ms fetching 15.893 ms
INFO: at 15739.784 ms batch [17.328] delay 19.495 ms
INFO: at 15739.784 ms fetching 17.328 ms
INFO: at 15760.412 ms batch [17.761] delay 19.495 ms
INFO: at 15760.412 ms fetching 17.761 ms
INFO: at 15780.910 ms batch [14.304] delay 19.495 ms
INFO: at 15780.910 ms fetching 14.304 ms
INFO: at 15800.791 ms batch [13.473] delay 19.495 ms
INFO: at 15800.791 ms fetching 13.473 ms
INFO: at 15820.698 ms batch [11.261] delay 38.989 ms
INFO: at 15820.698 ms fetching 11.261 ms
INFO: at 15860.437 ms batch [4.496] delay 38.989 ms
INFO: at 15860.437 ms fetching 4.496 ms
INFO: at 15900.032 ms batch [26.026] delay 38.989 ms
INFO: at 15900.032 ms fetching 26.026 ms
INFO: at 15939.993 ms batch [32.318] delay 19.495 ms
INFO: at 15939.993 ms fetching 32.318 ms
INFO: at 15960.100 ms batch [14.335] delay 19.495 ms
INFO: at 15960.100 ms fetching 14.335 ms
INFO: at 15979.925 ms batch [29.896] delay 19.495 ms
INFO: at 15979.925 ms fetching 29.896 ms
INFO: at 16001.084 ms batch [52.882] delay 19.495 ms
INFO: at 16001.084 ms fetching 52.882 ms
INFO: at 16020.957 ms batch [44.766] delay 19.495 ms
INFO: at 16020.957 ms fetching 44.766 ms
INFO: at 16041.653 ms batch [29.506] delay 19.495 ms
INFO: at 16041.653 ms fetching 29.506 ms
INFO: at 16061.707 ms batch [41.370] delay 29.242 ms
INFO: at 16061.707 ms fetching 41.370 ms
INFO: at 16091.488 ms batch [15.095] delay 29.242 ms
INFO: at 16091.488 ms fetching 15.095 ms
INFO: at 16121.634 ms batch [26.460] delay 29.242 ms
INFO: at 16121.634 ms fetching 26.460 ms
INFO: at 16151.243 ms batch [13.421] delay 29.242 ms
INFO: at 16151.243 ms fetching 13.421 ms
INFO: at 16181.268 ms batch [48.568] delay 16.710 ms
INFO: at 16181.268 ms fetching 48.568 ms
INFO: at 16198.992 ms batch [16.349] delay 16.710 ms
INFO: at 16198.992 ms fetching 16.349 ms
INFO: at 16216.050 ms batch [25.137] delay 16.710 ms
INFO: at 16216.050 ms fetching 25.137 ms
INFO: at 16233.782 ms batch [10.909] delay 16.710 ms
INFO: at 16233.782 ms fetching 10.909 ms
INFO: at 16251.636 ms batch [31.603] delay 16.710 ms
INFO: at 16251.636 ms fetching 31.603 ms
INFO: at 16269.262 ms batch [25.007] delay 16.710 ms
INFO: at 16269.262 ms fetching 25.007 ms
INFO: at 16286.792 ms batch [9.157] delay 16.710 ms
INFO: at 16286.792 ms fetching 9.157 ms
INFO: at 16303.791 ms batch [15.920] delay 23.393 ms
INFO: at 16303.791 ms fetching 15.920 ms
INFO: at 16327.707 ms batch [11.531] delay 23.393 ms
INFO: at 16327.707 ms fetching 11.531 ms
INFO: at 16351.935 ms batch [12.234] delay 23.393 ms
INFO: at 16351.935 ms fetching 12.234 ms
INFO: at 16376.939 ms batch [26.224] delay 23.393 ms
INFO: at 16376.939 ms fetching 26.224 ms
INFO: at 16401.444 ms batch [42.499] delay 23.393 ms
INFO: at 16401.444 ms fetching 42.499 ms
INFO: at 16425.267 ms batch [23.106] delay 19.495 ms
INFO: at 16425.267 ms fetching 23.106 ms
INFO: at 16445.806 ms batch [17.716] delay 19.495 ms
INFO: at 16445.806 ms fetching 17.716 ms
INFO: at 16466.407 ms batch [10.927] delay 19.495 ms
INFO: at 16466.407 ms fetching 10.927 ms
INFO: at 16486.660 ms batch [16.879] delay 19.495 ms
INFO: at 16486.660 ms fetching 16.879 ms
INFO: at 16506.526 ms batch [22.473] delay 19.495 ms
INFO: at 16506.526 ms fetching 22.473 ms
INFO: at 16527.062 ms batch [42.671] delay 19.495 ms
INFO: at 16527.062 ms fetching 42.671 ms
INFO: at 16547.316 ms batch [8.656] delay 38.989 ms
INFO: at 16547.316 ms fetching 8.656 ms
INFO: at 16587.176 ms batch [38.998] delay 38.989 ms
INFO: at 16587.176 ms fetching 38.998 ms
INFO: at 16626.351 ms batch [23.554] delay 38.989 ms
INFO: at 16626.351 ms fetching 23.554 ms
INFO: at 16666.006 ms batch [51.820] delay 19.495 ms
INFO: at 16666.006 ms fetching 51.820 ms
INFO: at 16686.545 ms batch [49.826] delay 19.495 ms
INFO: at 16686.545 ms fetching 49.826 ms
INFO: at 16706.412 ms batch [33.662] delay 19.495 ms
INFO: at 16706.412 ms fetching 33.662 ms
INFO: at 16726.267 ms batch [24.785] delay 19.495 ms
INFO: at 16726.267 ms fetching 24.785 ms
INFO: at 16746.756 ms batch [49.447] delay 19.495 ms
INFO: at 16746.756 ms fetching 49.447 ms
INFO: at 16766.628 ms batch [18.258] delay 19.495 ms
INFO: at 16766.628 ms fetching 18.258 ms
INFO: at 16786.508 ms batch [62.628] delay 16.710 ms
INFO: at 16786.508 ms fetching 62.628 ms
INFO: at 16803.818 ms batch [15.493] delay 16.710 ms
INFO: at 16803.818 ms fetching 15.493 ms
INFO: at 16821.674 ms batch [21.401] delay 16.710 ms
INFO: at 16821.674 ms fetching 21.401 ms
INFO: at 16839.486 ms batch [43.010] delay 16.710 ms
INFO: at 16839.486 ms fetching 43.010 ms
INFO: at 16857.247 ms batch [19.375] delay 16.710 ms
INFO: at 16857.247 ms fetching 19.375 ms
INFO: at 16874.411 ms batch [21.624] delay 16.710 ms
INFO: at 16874.411 ms fetching 21.624 ms
INFO: at 16892.050 ms batch [11.700] delay 16.710 ms
INFO: at 16892.050 ms fetching 11.700 ms
INFO: at 16909.126 ms batch [27.413] delay 23.393 ms
INFO: at 16909.126 ms fetching 27.413 ms
INFO: at 16933.466 ms batch [20.805] delay 23.393 ms
INFO: at 16933.466 ms fetching 20.805 ms
INFO: at 16957.190 ms batch [10.274] delay 23.393 ms
INFO: at 16957.190 ms fetching 10.274 ms
INFO: at 16981.154 ms batch [13.360] delay 23.393 ms
INFO: at 16981.154 ms fetching 13.360 ms
INFO: at 17005.713 ms batch [12.547] delay 23.393 ms
INFO: at 17005.713 ms fetching 12.547 ms
INFO: at 17029.647 ms batch [54.619] delay 23.393 ms
INFO: at 17029.647 ms fetching 54.619 ms
INFO: at 17053.204 ms batch [40.102] delay 23.393 ms
INFO: at 17053.204 ms fetching 40.102 ms
INFO: at 17077.090 ms batch [26.494] delay 23.393 ms
INFO: at 17077.090 ms fetching 26.494 ms
INFO: at 17100.963 ms batch [18.347] delay 23.393 ms
INFO: at 17100.963 ms fetching 18.347 ms
INFO: at 17125.312 ms batch [20.058] delay 23.393 ms
INFO: at 17125.312 ms fetching 20.058 ms
INFO: at 17149.156 ms batch [42.804] delay 29.242 ms
INFO: at 17149.156 ms fetching 42.804 ms
INFO: at 17179.010 ms batch [13.835] delay 29.242 ms
INFO: at 17179.010 ms fetching 13.835 ms
INFO: at 17209.206 ms batch [9.370] delay 29.242 ms
INFO: at 17209.206 ms fetching 9.370 ms
INFO: at 17239.004 ms batch [13.323] delay 29.242 ms
INFO: at 17239.004 ms fetching 13.323 ms
INFO: at 17268.717 ms batch [25.279] delay 19.495 ms
INFO: at 17268.717 ms fetching 25.279 ms
INFO: at 17288.683 ms batch [50.889] delay 19.495 ms
INFO: at 17288.683 ms fetching 50.889 ms
INFO: at 17308.467 ms batch [16.437] delay 19.495 ms
INFO: at 17308.467 ms fetching 16.437 ms
INFO: at 17328.281 ms batch [27.493] delay 19.495 ms
INFO: at 17328.281 ms fetching 27.493 ms
INFO: at 17348.121 ms batch [39.675] delay 19.495 ms
INFO: at 17348.121 ms fetching 39.675 ms
INFO: at 17368.666 ms batch [18.842] delay 19.495 ms
INFO: at 17368.666 ms fetching 18.842 ms
INFO: at 17388.631 ms batch [26.025] delay 38.989 ms
INFO: at 17388.631 ms fetching 26.025 ms
INFO: at 17428.334 ms batch [15.994] delay 38.989 ms
INFO: at 17428.334 ms fetching 15.994 ms
INFO: at 17468.162 ms batch [23.507] delay 38.989 ms
INFO: at 17468.162 ms fetching 23.507 ms
INFO: at 17508.168 ms batch [40.461] delay 38.989 ms
INFO: at 17508.168 ms fetching 40.461 ms
INFO: at 17548.108 ms batch [55.586] delay 38.989 ms
INFO: at 17548.108 ms fetching 55.586 ms
INFO: at 17588.922 ms batch [29.732] delay 38.989 ms
INFO: at 17588.922 ms fetching 29.732 ms
INFO: at 17628.804 ms batch [26.836] delay 19.495 ms
INFO: at 17628.804 ms fetching 26.836 ms
INFO: at 17648.968 ms batch [30.793] delay 19.495 ms
INFO: at 17648.968 ms fetching 30.793 ms
INFO: at 17669.514 ms batch [34.638] delay 19.495 ms
INFO: at 17669.514 ms fetching 34.638 ms
INFO: at 17689.561 ms batch [13.585] delay 19.495 ms
INFO: at 17689.561 ms fetching 13.585 ms
INFO: at 17709.413 ms batch [13.293] delay 19.495 ms
INFO: at 17709.413 ms fetching 13.293 ms
INFO: at 17729.273 ms batch [47.437] delay 19.495 ms
INFO: at 17729.273 ms fetching 47.437 ms
INFO: at 17749.034 ms batch [31.979] delay 38.989 ms
INFO: at 17749.034 ms fetching 31.979 ms
INFO: at 17788.672 ms batch [16.962] delay 38.989 ms
INFO: at 17788.672 ms fetching 16.962 ms
INFO: at 17828.905 ms batch [18.268] delay 38.989 ms
INFO: at 17828.905 ms fetching 18.268 ms
INFO: at 17868.463 ms batch [51.422] delay 38.989 ms
INFO: at 17868.463 ms fetching 51.422 ms
INFO: at 17908.378 ms batch [17.239] delay 38.989 ms
INFO: at 17908.378 ms fetching 17.239 ms
INFO: at 17948.231 ms batch [24.094] delay 38.989 ms
INFO: at 17948.231 ms fetching 24.094 ms
INFO: at 17987.947 ms batch [15.256] delay 29.242 ms
INFO: at 17987.947 ms fetching 15.256 ms
INFO: at 18017.772 ms batch [22.660] delay 29.242 ms
INFO: at 18017.772 ms fetching 22.660 ms
INFO: at 18047.471 ms batch [44.153] delay 29.242 ms
INFO: at 18047.471 ms fetching 44.153 ms
INFO: at 18077.463 ms batch [12.056] delay 29.242 ms
INFO: at 18077.463 ms fetching 12.056 ms
INFO: at 18107.245 ms batch [17.596] delay 29.242 ms
INFO: at 18107.245 ms fetching 17.596 ms
INFO: at 18136.748 ms batch [28.836] delay 29.242 ms
INFO: at 18136.748 ms fetching 28.836 ms
INFO: at 18166.841 ms batch [18.984] delay 29.242 ms
INFO: at 18166.841 ms fetching 18.984 ms
INFO: at 18196.348 ms batch [26.310] delay 29.242 ms
INFO: at 18196.348 ms fetching 26.310 ms
INFO: at 18226.749 ms batch [39.581] delay 58.484 ms
INFO: at 18226.749 ms fetching 39.581 ms
INFO: at 18286.042 ms batch [30.125] delay 58.484 ms
INFO: at 18286.042 ms fetching 30.125 ms
INFO: at 18345.420 ms batch [24.004] delay 29.242 ms
INFO: at 18345.420 ms fetching 24.004 ms
INFO: at 18375.540 ms batch [20.944] delay 29.242 ms
INFO: at 18375.540 ms fetching 20.944 ms
INFO: at 18405.538 ms batch [49.025] delay 29.242 ms
INFO: at 18405.538 ms fetching 49.025 ms
INFO: at 18435.244 ms batch [18.511] delay 29.242 ms
INFO: at 18435.244 ms fetching 18.511 ms
INFO: at 18464.768 ms batch [46.537] delay 58.484 ms
INFO: at 18464.768 ms fetching 46.537 ms
INFO: at 18523.653 ms batch [58.031] delay 58.484 ms
INFO: at 18523.653 ms fetching 58.031 ms
INFO: at 18582.802 ms batch [46.148] delay 29.242 ms
INFO: at 18582.802 ms fetching 46.148 ms
INFO: at 18612.747 ms batch [16.724] delay 29.242 ms
INFO: at 18612.747 ms fetching 16.724 ms
INFO: at 18642.613 ms batch [20.472] delay 29.242 ms
INFO: at 18642.613 ms fetching 20.472 ms
INFO: at 18672.469 ms batch [24.634] delay 29.242 ms
INFO: at 18672.469 ms fetching 24.634 ms
INFO: at 18702.421 ms batch [27.569] delay 38.989 ms
INFO: at 18702.421 ms fetching 27.569 ms
INFO: at 18742.445 ms batch [15.671] delay 38.989 ms
INFO: at 18742.445 ms fetching 15.671 ms
INFO: at 18781.856 ms batch [23.398] delay 38.989 ms
INFO: at 18781.856 ms fetching 23.398 ms
INFO: at 18821.219 ms batch [50.498] delay 38.989 ms
INFO: at 18821.219 ms fetching 50.498 ms
INFO: at 18860.963 ms batch [24.455] delay 38.989 ms
INFO: at 18860.963 ms fetching 24.455 ms
INFO: at 18901.070 ms batch [25.269] delay 38.989 ms
INFO: at 18901.070 ms fetching 25.269 ms
INFO: at 18940.665 ms batch [11.700] delay 38.989 ms
INFO: at 18940.665 ms fetching 11.700 ms
INFO: at 18979.831 ms batch [14.379] delay 38.989 ms
INFO: at 18979.831 ms fetching 14.379 ms
INFO: at 19019.880 ms batch [26.966] delay 38.989 ms
INFO: at 19019.880 ms fetching 26.966 ms
INFO: at 19059.726 ms batch [21.031] delay 19.495 ms
INFO: at 19059.726 ms fetching 21.031 ms
INFO: at 19080.988 ms batch [18.168] delay 19.495 ms
INFO: at 19080.988 ms fetching 18.168 ms
INFO: at 19100.906 ms batch [17.338] delay 19.495 ms
INFO: at 19100.906 ms fetching 17.338 ms
INFO: at 19120.745 ms batch [25.255] delay 19.495 ms
INFO: at 19120.745 ms fetching 25.255 ms
INFO: at 19142.296 ms batch [43.517] delay 19.495 ms
INFO: at 19142.296 ms fetching 43.517 ms
INFO: at 19162.829 ms batch [64.893] delay 19.495 ms
INFO: at 19162.829 ms fetching 64.893 ms
INFO: at 19183.193 ms batch [22.076] delay 58.484 ms
INFO: at 19183.193 ms fetching 22.076 ms
INFO: at 19242.058 ms batch [35.306] delay 58.484 ms
INFO: at 19242.058 ms fetching 35.306 ms
INFO: at 19300.842 ms batch [6.955] delay 116.967 ms
INFO: at 19300.842 ms fetching 6.955 ms
INFO: at 19418.311 ms batch [55.044] delay 38.989 ms
INFO: at 19418.311 ms fetching 55.044 ms
INFO: at 19458.171 ms batch [52.636] delay 38.989 ms
INFO: at 19458.171 ms fetching 52.636 ms
INFO: at 19497.394 ms batch [18.263] delay 38.989 ms
INFO: at 19497.394 ms fetching 18.263 ms
INFO: at 19537.255 ms batch [44.327] delay 116.967 ms
INFO: at 19537.255 ms fetching 44.327 ms
INFO: at 19654.843 ms batch [21.587] delay 116.967 ms
INFO: at 19654.843 ms fetching 21.587 ms
INFO: at 19772.310 ms batch [18.895] delay 116.967 ms
INFO: at 19772.310 ms fetching 18.895 ms
INFO: at 19889.943 ms batch [39.742] delay 38.989 ms
INFO: at 19889.943 ms fetching 39.742 ms
INFO: at 19929.740 ms batch [14.281] delay 38.989 ms
INFO: at 19929.740 ms fetching 14.281 ms
INFO: at 19969.337 ms batch [27.527] delay 38.989 ms
INFO: at 19969.337 ms fetching 27.527 ms
INFO: at 20009.013 ms batch [20.474] delay 58.484 ms
INFO: at 20009.013 ms fetching 20.474 ms
INFO: at 20068.124 ms batch [9.237] delay 58.484 ms
INFO: at 20068.124 ms fetching 9.237 ms
INFO: at 20127.052 ms batch [12.723] delay 116.967 ms
INFO: at 20127.052 ms fetching 12.723 ms
INFO: at 20244.895 ms batch [32.840] delay 29.242 ms
INFO: at 20244.895 ms fetching 32.840 ms
INFO: at 20274.737 ms batch [16.325] delay 29.242 ms
INFO: at 20274.737 ms fetching 16.325 ms
INFO: at 20305.060 ms batch [10.151] delay 29.242 ms
INFO: at 20305.060 ms fetching 10.151 ms
INFO: at 20334.653 ms batch [43.954] delay 29.242 ms
INFO: at 20334.653 ms fetching 43.954 ms
INFO: at 20364.490 ms batch [32.830] delay 58.484 ms
INFO: at 20364.490 ms fetching 32.830 ms
INFO: at 20423.576 ms batch [56.930] delay 58.484 ms
INFO: at 20423.576 ms fetching 56.930 ms
INFO: at 20482.346 ms batch [22.974] delay 116.967 ms
INFO: at 20482.346 ms fetching 22.974 ms
INFO: at 20600.106 ms batch [34.665] delay 116.967 ms
INFO: at 20600.106 ms fetching 34.665 ms
INFO: at 20718.526 ms batch [18.541] delay 116.967 ms
INFO: at 20718.526 ms fetching 18.541 ms
INFO: at 20836.326 ms batch [16.163] delay 116.967 ms
INFO: at 20836.326 ms fetching 16.163 ms
INFO: at 20953.906 ms batch [44.255] delay 116.967 ms
INFO: at 20953.906 ms fetching 44.255 ms
INFO: at 21071.235 ms batch [14.279] delay 58.484 ms
INFO: at 21071.235 ms fetching 14.279 ms
INFO: at 21130.401 ms batch [33.326] delay 58.484 ms
INFO: at 21130.401 ms fetching 33.326 ms
INFO: at 21189.191 ms batch [41.937] delay 116.967 ms
INFO: at 21189.191 ms fetching 41.937 ms
INFO: at 21307.015 ms batch [49.795] delay 58.484 ms
INFO: at 21307.015 ms fetching 49.795 ms
INFO: at 21365.866 ms batch [22.241] delay 58.484 ms
INFO: at 21365.866 ms fetching 22.241 ms
INFO: at 21425.084 ms batch [28.107] delay 116.967 ms
INFO: at 21425.084 ms fetching 28.107 ms
INFO: at 21543.147 ms batch [9.134] delay 116.967 ms
INFO: at 21543.147 ms fetching 9.134 ms
INFO: at 21661.193 ms batch [23.701] delay 29.242 ms
INFO: at 21661.193 ms fetching 23.701 ms
INFO: at 21691.022 ms batch [24.845] delay 29.242 ms
INFO: at 21691.022 ms fetching 24.845 ms
INFO: at 21720.590 ms batch [21.840] delay 29.242 ms
INFO: at 21720.590 ms fetching 21.840 ms
INFO: at 21750.460 ms batch [24.711] delay 29.242 ms
INFO: at 21750.460 ms fetching 24.711 ms
INFO: at 21781.672 ms batch [20.392] delay 116.967 ms
INFO: at 21781.672 ms fetching 20.392 ms
INFO: at 21899.797 ms batch [25.378] delay 116.967 ms
INFO: at 21899.797 ms fetching 25.378 ms
INFO: at 22017.081 ms batch [33.892] delay 116.967 ms
INFO: at 22017.081 ms fetching 33.892 ms
INFO: at 22134.466 ms batch [15.322] delay 116.967 ms
INFO: at 22134.466 ms fetching 15.322 ms
INFO: at 22251.709 ms batch [42.544] delay 116.967 ms
INFO: at 22251.709 ms fetching 42.544 ms
INFO: at 22369.250 ms batch [74.434] delay 116.967 ms
INFO: at 22369.250 ms fetching 74.434 ms
INFO: at 22488.009 ms batch [29.330] delay 116.967 ms
INFO: at 22488.009 ms fetching 29.330 ms
INFO: at 22605.264 ms batch [22.809] delay 116.967 ms
INFO: at 22605.264 ms fetching 22.809 ms
INFO: at 22722.711 ms batch [33.235] delay 116.967 ms
INFO: at 22722.711 ms fetching 33.235 ms
INFO: at 22840.641 ms batch [28.888] delay 116.967 ms
INFO: at 22840.641 ms fetching 28.888 ms
INFO: at 22958.610 ms batch [12.137] delay 116.967 ms
INFO: at 22958.610 ms fetching 12.137 ms
INFO: at 23076.731 ms batch [6.109] delay 116.967 ms
INFO: at 23076.731 ms fetching 6.109 ms
INFO: at 23193.928 ms batch [31.767] delay 116.967 ms
INFO: at 23193.928 ms fetching 31.767 ms
INFO: at 23311.165 ms batch [39.938] delay 116.967 ms
INFO: at 23311.165 ms fetching 39.938 ms
INFO: at 23428.476 ms batch [47.071] delay 58.484 ms
INFO: at 23428.476 ms fetching 47.071 ms
INFO: at 23487.310 ms batch [25.275] delay 58.484 ms
INFO: at 23487.310 ms fetching 25.275 ms
INFO: at 23546.534 ms batch [40.303] delay 116.967 ms
INFO: at 23546.534 ms fetching 40.303 ms
INFO: at 23664.274 ms batch [14.515] delay 116.967 ms
INFO: at 23664.274 ms fetching 14.515 ms
INFO: at 23782.244 ms batch [26.031] delay 116.967 ms
INFO: at 23782.244 ms fetching 26.031 ms
INFO: at 23900.453 ms batch [28.347] delay 116.967 ms
INFO: at 23900.453 ms fetching 28.347 ms
INFO: at 24017.758 ms batch [30.325] delay 116.967 ms
INFO: at 24017.758 ms fetching 30.325 ms
INFO: at 24135.631 ms batch [10.127] delay 116.967 ms
INFO: at 24135.631 ms fetching 10.127 ms
INFO: at 24253.258 ms batch [15.863] delay 116.967 ms
INFO: at 24253.258 ms fetching 15.863 ms
INFO: at 24370.894 ms batch [25.846] delay 116.967 ms
INFO: at 24370.894 ms fetching 25.846 ms
INFO: at 24488.283 ms batch [48.034] delay 58.484 ms
INFO: at 24488.283 ms fetching 48.034 ms
INFO: at 24547.139 ms batch [13.484] delay 58.484 ms
INFO: at 24547.139 ms fetching 13.484 ms
INFO: at 24607.534 ms batch [40.877] delay 29.242 ms
INFO: at 24607.534 ms fetching 40.877 ms
INFO: at 24637.390 ms batch [46.259] delay 29.242 ms
INFO: at 24637.390 ms fetching 46.259 ms
INFO: at 24667.197 ms batch [57.017] delay 29.242 ms
INFO: at 24667.197 ms fetching 57.017 ms
INFO: at 24697.002 ms batch [35.061] delay 29.242 ms
INFO: at 24697.002 ms fetching 35.061 ms
INFO: at 24726.800 ms batch [26.659] delay 116.967 ms
INFO: at 24726.800 ms fetching 26.659 ms
INFO: at 24844.259 ms batch [19.771] delay 116.967 ms
INFO: at 24844.259 ms fetching 19.771 ms
INFO: at 24961.450 ms batch [23.593] delay 116.967 ms
INFO: at 24961.450 ms fetching 23.593 ms
INFO: at 25080.534 ms batch [34.044] delay 116.967 ms
INFO: at 25080.534 ms fetching 34.044 ms
INFO: at 25198.139 ms batch [7.990] delay 116.967 ms
INFO: at 25198.139 ms fetching 7.990 ms
INFO: at 25315.442 ms batch [28.169] delay 116.967 ms
INFO: at 25315.442 ms fetching 28.169 ms
INFO: at 25433.401 ms batch [24.519] delay 116.967 ms
INFO: at 25433.401 ms fetching 24.519 ms
INFO: at 25551.152 ms batch [15.869] delay 116.967 ms
INFO: at 25551.152 ms fetching 15.869 ms
INFO: at 25668.871 ms batch [21.750] delay 116.967 ms
INFO: at 25668.871 ms fetching 21.750 ms
INFO: at 25786.742 ms batch [27.096] delay 116.967 ms
INFO: at 25786.742 ms fetching 27.096 ms
INFO: at 25904.597 ms batch [56.554] delay 116.967 ms
INFO: at 25904.597 ms fetching 56.554 ms
INFO: at 26022.634 ms batch [15.700] delay 116.967 ms
INFO: at 26022.634 ms fetching 15.700 ms
INFO: at 26141.656 ms batch [35.311] delay 116.967 ms
INFO: at 26141.656 ms fetching 35.311 ms
INFO: at 26259.174 ms batch [8.953] delay 116.967 ms
INFO: at 26259.174 ms fetching 8.953 ms
INFO: at 26376.778 ms batch [12.226] delay 116.967 ms
INFO: at 26376.778 ms fetching 12.226 ms
INFO: at 26494.498 ms batch [33.336] delay 116.967 ms
INFO: at 26494.498 ms fetching 33.336 ms
INFO: at 26611.941 ms batch [11.861] delay 116.967 ms
INFO: at 26611.941 ms fetching 11.861 ms
INFO: at 26729.222 ms batch [28.290] delay 116.967 ms
INFO: at 26729.222 ms fetching 28.290 ms
INFO: at 26847.103 ms batch [18.839] delay 116.967 ms
INFO: at 26847.103 ms fetching 18.839 ms
INFO: at 26964.950 ms batch [17.449] delay 116.967 ms
INFO: at 26964.950 ms fetching 17.449 ms
INFO: at 27083.030 ms batch [20.946] delay 116.967 ms
INFO: at 27083.030 ms fetching 20.946 ms
INFO: at 27200.987 ms batch [27.700] delay 116.967 ms
INFO: at 27200.987 ms fetching 27.700 ms
INFO: at 27318.333 ms batch [22.474] delay 116.967 ms
INFO: at 27318.333 ms fetching 22.474 ms
INFO: at 27435.648 ms batch [36.618] delay 116.967 ms
INFO: at 27435.648 ms fetching 36.618 ms
INFO: at 27553.595 ms batch [24.779] delay 58.484 ms
INFO: at 27553.595 ms fetching 24.779 ms
INFO: at 27612.309 ms batch [17.572] delay 58.484 ms
INFO: at 27612.309 ms fetching 17.572 ms
INFO: at 27671.417 ms batch [55.013] delay 58.484 ms
INFO: at 27671.417 ms fetching 55.013 ms
INFO: at 27730.272 ms batch [16.974] delay 58.484 ms
INFO: at 27730.272 ms fetching 16.974 ms
INFO: at 27789.119 ms batch [23.769] delay 116.967 ms
INFO: at 27789.119 ms fetching 23.769 ms
INFO: at 27906.424 ms batch [22.221] delay 116.967 ms
INFO: at 27906.424 ms fetching 22.221 ms
INFO: at 28024.008 ms batch [46.804] delay 116.967 ms
INFO: at 28024.008 ms fetching 46.804 ms
INFO: at 28141.755 ms batch [24.430] delay 116.967 ms
INFO: at 28141.755 ms fetching 24.430 ms
INFO: at 28259.928 ms batch [24.012] delay 116.967 ms
INFO: at 28259.928 ms fetching 24.012 ms
INFO: at 28378.003 ms batch [20.908] delay 116.967 ms
INFO: at 28378.003 ms fetching 20.908 ms
INFO: at 28495.657 ms batch [34.508] delay 116.967 ms
INFO: at 28495.657 ms fetching 34.508 ms
INFO: at 28613.424 ms batch [13.535] delay 58.484 ms
INFO: at 28613.424 ms fetching 13.535 ms
INFO: at 28672.285 ms batch [47.656] delay 58.484 ms
INFO: at 28672.285 ms fetching 47.656 ms
INFO: at 28732.764 ms batch [57.794] delay 116.967 ms
INFO: at 28732.764 ms fetching 57.794 ms
INFO: at 28850.287 ms batch [15.742] delay 116.967 ms
INFO: at 28850.287 ms fetching 15.742 ms
INFO: at 28967.817 ms batch [38.868] delay 116.967 ms
INFO: at 28967.817 ms fetching 38.868 ms
INFO: at 29085.010 ms batch [30.492] delay 116.967 ms
INFO: at 29085.010 ms fetching 30.492 ms
INFO: at 29202.295 ms batch [27.277] delay 116.967 ms
INFO: at 29202.295 ms fetching 27.277 ms
INFO: at 29321.120 ms batch [21.354] delay 116.967 ms
INFO: at 29321.120 ms fetching 21.354 ms
INFO: at 29439.108 ms batch [9.460] delay 116.967 ms
INFO: at 29439.108 ms fetching 9.460 ms
INFO: at 29556.693 ms batch [45.719] delay 116.967 ms
INFO: at 29556.693 ms fetching 45.719 ms
INFO: at 29674.387 ms batch [9.473] delay 116.967 ms
INFO: at 29674.387 ms fetching 9.473 ms
INFO: at 29791.881 ms batch [21.586] delay 116.967 ms
INFO: at 29791.881 ms fetching 21.586 ms
INFO: at 29909.685 ms batch [58.988] delay 116.967 ms
INFO: at 29909.685 ms fetching 58.988 ms
INFO: at 30027.421 ms batch [33.354] delay 116.967 ms
INFO: at 30027.421 ms fetching 33.354 ms
INFO: at 30144.695 ms batch [30.969] delay 116.967 ms
INFO: at 30144.695 ms fetching 30.969 ms
INFO: at 30262.059 ms batch [25.461] delay 116.967 ms
INFO: at 30262.059 ms fetching 25.461 ms
INFO: at 30380.169 ms batch [8.293] delay 116.967 ms
INFO: at 30380.169 ms fetching 8.293 ms
INFO: at 30497.438 ms batch [11.414] delay 116.967 ms
INFO: at 30497.438 ms fetching 11.414 ms
INFO: at 30615.760 ms batch [51.161] delay 116.967 ms
INFO: at 30615.760 ms fetching 51.161 ms
INFO: at 30732.958 ms batch [29.507] delay 116.967 ms
INFO: at 30732.958 ms fetching 29.507 ms
INFO: at 30850.548 ms batch [19.418] delay 116.967 ms
INFO: at 30850.548 ms fetching 19.418 ms
INFO: at 30967.786 ms batch [28.159] delay 116.967 ms
INFO: at 30967.786 ms fetching 28.159 ms
INFO: at 31085.630 ms batch [35.141] delay 116.967 ms
INFO: at 31085.630 ms fetching 35.141 ms
INFO: at 31203.362 ms batch [30.794] delay 116.967 ms
INFO: at 31203.362 ms fetching 30.794 ms
INFO: at 31320.596 ms batch [18.518] delay 116.967 ms
INFO: at 31320.596 ms fetching 18.518 ms
INFO: at 31437.969 ms batch [12.419] delay 116.967 ms
INFO: at 31437.969 ms fetching 12.419 ms
INFO: at 31555.711 ms batch [58.849] delay 116.967 ms
INFO: at 31555.711 ms fetching 58.849 ms
INFO: at 31673.454 ms batch [14.152] delay 116.967 ms
INFO: at 31673.454 ms fetching 14.152 ms
INFO: at 31791.272 ms batch [20.697] delay 116.967 ms
INFO: at 31791.272 ms fetching 20.697 ms
INFO: at 31908.987 ms batch [22.485] delay 116.967 ms
INFO: at 31908.987 ms fetching 22.485 ms
INFO: at 32026.611 ms batch [22.495] delay 116.967 ms
INFO: at 32026.611 ms fetching 22.495 ms
INFO: at 32144.270 ms batch [33.767] delay 116.967 ms
INFO: at 32144.270 ms fetching 33.767 ms
INFO: at 32262.110 ms batch [13.876] delay 58.484 ms
INFO: at 32262.110 ms fetching 13.876 ms
INFO: at 32321.303 ms batch [12.551] delay 58.484 ms
INFO: at 32321.303 ms fetching 12.551 ms
INFO: at 32380.875 ms batch [24.975] delay 116.967 ms
INFO: at 32380.875 ms fetching 24.975 ms
INFO: at 32498.061 ms batch [14.725] delay 116.967 ms
INFO: at 32498.061 ms fetching 14.725 ms
INFO: at 32615.987 ms batch [25.524] delay 116.967 ms
INFO: at 32615.987 ms fetching 25.524 ms
INFO: at 32733.446 ms batch [20.983] delay 116.967 ms
INFO: at 32733.446 ms fetching 20.983 ms
INFO: at 32851.535 ms batch [14.650] delay 116.967 ms
INFO: at 32851.535 ms fetching 14.650 ms
INFO: at 32969.267 ms batch [33.822] delay 116.967 ms
INFO: at 32969.267 ms fetching 33.822 ms
INFO: at 33086.626 ms batch [17.486] delay 116.967 ms
INFO: at 33086.626 ms fetching 17.486 ms
INFO: at 33204.807 ms batch [23.161] delay 116.967 ms
INFO: at 33204.807 ms fetching 23.161 ms
INFO: at 33322.437 ms batch [15.722] delay 116.967 ms
INFO: at 33322.437 ms fetching 15.722 ms
INFO: at 33440.327 ms batch [33.639] delay 116.967 ms
INFO: at 33440.327 ms fetching 33.639 ms
INFO: at 33557.697 ms batch [34.648] delay 116.967 ms
INFO: at 33557.697 ms fetching 34.648 ms
INFO: at 33675.687 ms batch [46.071] delay 116.967 ms
INFO: at 33675.687 ms fetching 46.071 ms
INFO: at 33793.387 ms batch [55.614] delay 116.967 ms
INFO: at 33793.387 ms fetching 55.614 ms
INFO: at 33911.408 ms batch [44.628] delay 116.967 ms
INFO: at 33911.408 ms fetching 44.628 ms
INFO: at 34029.284 ms batch [28.171] delay 116.967 ms
INFO: at 34029.284 ms fetching 28.171 ms
INFO: at 34147.998 ms batch [38.638] delay 116.967 ms
INFO: at 34147.998 ms fetching 38.638 ms
INFO: at 34265.765 ms batch [52.760] delay 116.967 ms
INFO: at 34265.765 ms fetching 52.760 ms
INFO: at 34383.665 ms batch [27.212] delay 116.967 ms
INFO: at 34383.665 ms fetching 27.212 ms
INFO: at 34502.098 ms batch [17.475] delay 116.967 ms
INFO: at 34502.098 ms fetching 17.475 ms
INFO: at 34619.535 ms batch [20.807] delay 116.967 ms
INFO: at 34619.535 ms fetching 20.807 ms
INFO: at 34736.781 ms batch [8.468] delay 116.967 ms
INFO: at 34736.781 ms fetching 8.468 ms
INFO: at 34854.417 ms batch [36.553] delay 116.967 ms
INFO: at 34854.417 ms fetching 36.553 ms
INFO: at 34972.190 ms batch [24.465] delay 116.967 ms
INFO: at 34972.190 ms fetching 24.465 ms
INFO: at 35089.976 ms batch [39.740] delay 116.967 ms
INFO: at 35089.976 ms fetching 39.740 ms
INFO: at 35207.801 ms batch [13.673] delay 116.967 ms
INFO: at 35207.801 ms fetching 13.673 ms
INFO: at 35325.600 ms batch [49.912] delay 116.967 ms
INFO: at 35325.600 ms fetching 49.912 ms
INFO: at 35443.303 ms batch [48.051] delay 116.967 ms
INFO: at 35443.303 ms fetching 48.051 ms
INFO: at 35560.866 ms batch [23.215] delay 116.967 ms
INFO: at 35560.866 ms fetching 23.215 ms
INFO: at 35678.439 ms batch [12.080] delay 116.967 ms
INFO: at 35678.439 ms fetching 12.080 ms
INFO: at 35795.737 ms batch [19.177] delay 116.967 ms
INFO: at 35795.737 ms fetching 19.177 ms
INFO: at 35913.856 ms batch [35.911] delay 116.967 ms
INFO: at 35913.856 ms fetching 35.911 ms
INFO: at 36031.171 ms batch [13.612] delay 116.967 ms
INFO: at 36031.171 ms fetching 13.612 ms
INFO: at 36149.154 ms batch [52.357] delay 116.967 ms
INFO: at 36149.154 ms fetching 52.357 ms
INFO: at 36267.054 ms batch [16.509] delay 58.484 ms
INFO: at 36267.054 ms fetching 16.509 ms
INFO: at 36325.933 ms batch [26.163] delay 58.484 ms
INFO: at 36325.933 ms fetching 26.163 ms
INFO: at 36384.703 ms batch [27.115] delay 116.967 ms
INFO: at 36384.703 ms fetching 27.115 ms
INFO: at 36502.674 ms batch [24.406] delay 116.967 ms
INFO: at 36502.674 ms fetching 24.406 ms
INFO: at 36620.260 ms batch [49.438] delay 116.967 ms
INFO: at 36620.260 ms fetching 49.438 ms
INFO: at 36738.037 ms batch [25.241] delay 116.967 ms
INFO: at 36738.037 ms fetching 25.241 ms
INFO: at 36855.796 ms batch [48.020] delay 58.484 ms
INFO: at 36855.796 ms fetching 48.020 ms
INFO: at 36914.643 ms batch [11.792] delay 58.484 ms
INFO: at 36914.643 ms fetching 11.792 ms
INFO: at 36974.076 ms batch [37.709] delay 116.967 ms
INFO: at 36974.076 ms fetching 37.709 ms
INFO: at 37092.017 ms batch [15.594] delay 116.967 ms
INFO: at 37092.017 ms fetching 15.594 ms
INFO: at 37209.873 ms batch [33.801] delay 116.967 ms
INFO: at 37209.873 ms fetching 33.801 ms
INFO: at 37327.120 ms batch [47.687] delay 116.967 ms
INFO: at 37327.120 ms fetching 47.687 ms
INFO: at 37444.337 ms batch [32.671] delay 116.967 ms
INFO: at 37444.337 ms fetching 32.671 ms
INFO: at 37561.538 ms batch [17.555] delay 116.967 ms
INFO: at 37561.538 ms fetching 17.555 ms
INFO: at 37679.622 ms batch [38.763] delay 116.967 ms
INFO: at 37679.622 ms fetching 38.763 ms
INFO: at 37796.962 ms batch [36.003] delay 116.967 ms
INFO: at 37796.962 ms fetching 36.003 ms
INFO: at 37915.074 ms batch [14.627] delay 116.967 ms
INFO: at 37915.074 ms fetching 14.627 ms
INFO: at 38033.189 ms batch [20.006] delay 116.967 ms
INFO: at 38033.189 ms fetching 20.006 ms
INFO: at 38150.733 ms batch [22.988] delay 116.967 ms
INFO: at 38150.733 ms fetching 22.988 ms
INFO: at 38268.244 ms batch [14.686] delay 116.967 ms
INFO: at 38268.244 ms fetching 14.686 ms
INFO: at 38386.108 ms batch [23.391] delay 116.967 ms
INFO: at 38386.108 ms fetching 23.391 ms
INFO: at 38503.856 ms batch [34.477] delay 116.967 ms
INFO: at 38503.856 ms fetching 34.477 ms
INFO: at 38621.353 ms batch [23.109] delay 58.484 ms
INFO: at 38621.353 ms fetching 23.109 ms
INFO: at 38680.820 ms batch [52.536] delay 58.484 ms
INFO: at 38680.820 ms fetching 52.536 ms
INFO: at 38739.664 ms batch [62.819] delay 116.967 ms
INFO: at 38739.664 ms fetching 62.819 ms
INFO: at 38856.938 ms batch [10.253] delay 116.967 ms
INFO: at 38856.938 ms fetching 10.253 ms
INFO: at 38975.643 ms batch [17.164] delay 116.967 ms
INFO: at 38975.643 ms fetching 17.164 ms
INFO: at 39092.864 ms batch [16.256] delay 58.484 ms
INFO: at 39092.864 ms fetching 16.256 ms
INFO: at 39151.769 ms batch [29.097] delay 58.484 ms
INFO: at 39151.769 ms fetching 29.097 ms
INFO: at 39210.483 ms batch [28.307] delay 38.989 ms
INFO: at 39210.483 ms fetching 28.307 ms
INFO: at 39251.619 ms batch [47.011] delay 38.989 ms
INFO: at 39251.619 ms fetching 47.011 ms
INFO: at 39291.410 ms batch [14.829] delay 38.989 ms
INFO: at 39291.410 ms fetching 14.829 ms
INFO: at 39332.343 ms batch [23.952] delay 38.989 ms
INFO: at 39332.343 ms fetching 23.952 ms
INFO: at 39373.340 ms batch [51.440] delay 38.989 ms
INFO: at 39373.340 ms fetching 51.440 ms
INFO: at 39413.149 ms batch [35.651] delay 38.989 ms
INFO: at 39413.149 ms fetching 35.651 ms
INFO: at 39452.595 ms batch [42.691] delay 58.484 ms
INFO: at 39452.595 ms fetching 42.691 ms
INFO: at 39512.011 ms batch [51.516] delay 58.484 ms
INFO: at 39512.011 ms fetching 51.516 ms
INFO: at 39571.564 ms batch [17.210] delay 38.989 ms
INFO: at 39571.564 ms fetching 17.210 ms
INFO: at 39611.099 ms batch [33.790] delay 38.989 ms
INFO: at 39611.099 ms fetching 33.790 ms
INFO: at 39650.258 ms batch [41.323] delay 38.989 ms
INFO: at 39650.258 ms fetching 41.323 ms
INFO: at 39689.783 ms batch [44.998] delay 116.967 ms
INFO: at 39689.783 ms fetching 44.998 ms
INFO: at 39808.685 ms batch [64.235] delay 58.484 ms
INFO: at 39808.685 ms fetching 64.235 ms
INFO: at 39867.477 ms batch [38.012] delay 58.484 ms
INFO: at 39867.477 ms fetching 38.012 ms
INFO: at 39926.338 ms batch [10.437] delay 58.484 ms
INFO: at 39926.338 ms fetching 10.437 ms
INFO: at 39985.435 ms batch [21.603] delay 58.484 ms
INFO: at 39985.435 ms fetching 21.603 ms
INFO: at 40045.036 ms batch [46.945] delay 58.484 ms
INFO: at 40045.036 ms fetching 46.945 ms
INFO: at 40105.203 ms batch [11.437] delay 58.484 ms
INFO: at 40105.203 ms fetching 11.437 ms
INFO: at 40164.217 ms batch [13.902] delay 58.484 ms
INFO: at 40164.217 ms fetching 13.902 ms
INFO: at 40223.095 ms batch [12.292] delay 58.484 ms
INFO: at 40223.095 ms fetching 12.292 ms
INFO: at 40282.343 ms batch [16.233] delay 38.989 ms
INFO: at 40282.343 ms fetching 16.233 ms
INFO: at 40321.711 ms batch [38.427] delay 38.989 ms
INFO: at 40321.711 ms fetching 38.427 ms
INFO: at 40361.474 ms batch [20.593] delay 38.989 ms
INFO: at 40361.474 ms fetching 20.593 ms
INFO: at 40400.962 ms batch [50.523] delay 38.989 ms
INFO: at 40400.962 ms fetching 50.523 ms
INFO: at 40440.679 ms batch [24.695] delay 38.989 ms
INFO: at 40440.679 ms fetching 24.695 ms
INFO: at 40480.755 ms batch [27.247] delay 38.989 ms
INFO: at 40480.755 ms fetching 27.247 ms
INFO: at 40521.075 ms batch [26.209] delay 29.242 ms
INFO: at 40521.075 ms fetching 26.209 ms
INFO: at 40551.075 ms batch [24.215] delay 29.242 ms
INFO: at 40551.075 ms fetching 24.215 ms
INFO: at 40580.557 ms batch [10.111] delay 29.242 ms
INFO: at 40580.557 ms fetching 10.111 ms
INFO: at 40610.116 ms batch [17.140] delay 29.242 ms
INFO: at 40610.116 ms fetching 17.140 ms
INFO: at 40640.342 ms batch [36.188] delay 29.242 ms
INFO: at 40640.342 ms fetching 36.188 ms
INFO: at 40670.095 ms batch [33.498] delay 29.242 ms
INFO: at 40670.095 ms fetching 33.498 ms
INFO: at 40700.114 ms batch [52.803] delay 29.242 ms
INFO: at 40700.114 ms fetching 52.803 ms
INFO: at 40730.363 ms batch [17.753] delay 29.242 ms
INFO: at 40730.363 ms fetching 17.753 ms
INFO: at 40760.458 ms batch [20.576] delay 38.989 ms
INFO: at 40760.458 ms fetching 20.576 ms
INFO: at 40799.781 ms batch [19.027] delay 38.989 ms
INFO: at 40799.781 ms fetching 19.027 ms
INFO: at 40839.408 ms batch [37.298] delay 38.989 ms
INFO: at 40839.408 ms fetching 37.298 ms
INFO: at 40879.242 ms batch [28.856] delay 23.393 ms
INFO: at 40879.242 ms fetching 28.856 ms
INFO: at 40903.226 ms batch [47.301] delay 23.393 ms
INFO: at 40903.226 ms fetching 47.301 ms
INFO: at 40926.731 ms batch [14.729] delay 23.393 ms
INFO: at 40926.731 ms fetching 14.729 ms
INFO: at 40951.203 ms batch [12.008] delay 23.393 ms
INFO: at 40951.203 ms fetching 12.008 ms
INFO: at 40974.841 ms batch [27.448] delay 23.393 ms
INFO: at 40974.841 ms fetching 27.448 ms
INFO: at 40998.575 ms batch [37.136] delay 29.242 ms
INFO: at 40998.575 ms fetching 37.136 ms
INFO: at 41028.751 ms batch [11.011] delay 29.242 ms
INFO: at 41028.751 ms fetching 11.011 ms
INFO: at 41058.604 ms batch [34.349] delay 29.242 ms
INFO: at 41058.604 ms fetching 34.349 ms
INFO: at 41088.059 ms batch [32.569] delay 29.242 ms
INFO: at 41088.059 ms fetching 32.569 ms
INFO: at 41117.969 ms batch [23.007] delay 19.495 ms
INFO: at 41117.969 ms fetching 23.007 ms
INFO: at 41139.614 ms batch [16.781] delay 19.495 ms
INFO: at 41139.614 ms fetching 16.781 ms
INFO: at 41160.252 ms batch [26.110] delay 19.495 ms
INFO: at 41160.252 ms fetching 26.110 ms
INFO: at 41180.132 ms batch [41.538] delay 19.495 ms
INFO: at 41180.132 ms fetching 41.538 ms
INFO: at 41199.969 ms batch [17.009] delay 19.495 ms
INFO: at 41199.969 ms fetching 17.009 ms
INFO: at 41220.083 ms batch [21.550] delay 19.495 ms
INFO: at 41220.083 ms fetching 21.550 ms
INFO: at 41239.926 ms batch [46.640] delay 29.242 ms
INFO: at 41239.926 ms fetching 46.640 ms
INFO: at 41269.471 ms batch [30.098] delay 29.242 ms
INFO: at 41269.471 ms fetching 30.098 ms
INFO: at 41299.388 ms batch [29.698] delay 29.242 ms
INFO: at 41299.388 ms fetching 29.698 ms
INFO: at 41328.916 ms batch [25.952] delay 29.242 ms
INFO: at 41328.916 ms fetching 25.952 ms
INFO: at 41358.443 ms batch [45.103] delay 29.242 ms
INFO: at 41358.443 ms fetching 45.103 ms
INFO: at 41388.276 ms batch [23.665] delay 29.242 ms
INFO: at 41388.276 ms fetching 23.665 ms
INFO: at 41418.119 ms batch [9.833] delay 29.242 ms
INFO: at 41418.119 ms fetching 9.833 ms
INFO: at 41448.121 ms batch [48.745] delay 29.242 ms
INFO: at 41448.121 ms fetching 48.745 ms
INFO: at 41478.022 ms batch [69.545] delay 19.495 ms
INFO: at 41478.022 ms fetching 69.545 ms
INFO: at 41497.752 ms batch [21.889] delay 19.495 ms
INFO: at 41497.752 ms fetching 21.889 ms
INFO: at 41517.440 ms batch [13.408] delay 19.495 ms
INFO: at 41517.440 ms fetching 13.408 ms
INFO: at 41537.311 ms batch [26.283] delay 19.495 ms
INFO: at 41537.311 ms fetching 26.283 ms
INFO: at 41557.156 ms batch [24.637] delay 19.495 ms
INFO: at 41557.156 ms fetching 24.637 ms
INFO: at 41577.300 ms batch [29.603] delay 19.495 ms
INFO: at 41577.300 ms fetching 29.603 ms
INFO: at 41597.484 ms batch [43.646] delay 23.393 ms
INFO: at 41597.484 ms fetching 43.646 ms
INFO: at 41621.448 ms batch [21.561] delay 23.393 ms
INFO: at 41621.448 ms fetching 21.561 ms
INFO: at 41645.582 ms batch [34.943] delay 23.393 ms
INFO: at 41645.582 ms fetching 34.943 ms
INFO: at 41669.222 ms batch [38.948] delay 23.393 ms
INFO: at 41669.222 ms fetching 38.948 ms
INFO: at 41694.713 ms batch [24.774] delay 23.393 ms
INFO: at 41694.713 ms fetching 24.774 ms
INFO: at 41718.480 ms batch [13.024] delay 23.393 ms
INFO: at 41718.480 ms fetching 13.024 ms
INFO: at 41743.023 ms batch [36.617] delay 23.393 ms
INFO: at 41743.023 ms fetching 36.617 ms
INFO: at 41766.891 ms batch [19.887] delay 23.393 ms
INFO: at 41766.891 ms fetching 19.887 ms
INFO: at 41790.833 ms batch [11.618] delay 23.393 ms
INFO: at 41790.833 ms fetching 11.618 ms
INFO: at 41814.435 ms batch [34.139] delay 23.393 ms
INFO: at 41814.435 ms fetching 34.139 ms
INFO: at 41838.124 ms batch [24.269] delay 23.393 ms
INFO: at 41838.124 ms fetching 24.269 ms
INFO: at 41862.171 ms batch [14.627] delay 23.393 ms
INFO: at 41862.171 ms fetching 14.627 ms
INFO: at 41886.388 ms batch [17.724] delay 23.393 ms
INFO: at 41886.388 ms fetching 17.724 ms
INFO: at 41910.356 ms batch [55.199] delay 23.393 ms
INFO: at 41910.356 ms fetching 55.199 ms
INFO: at 41934.946 ms batch [9.456] delay 23.393 ms
INFO: at 41934.946 ms fetching 9.456 ms
INFO: at 41958.830 ms batch [11.954] delay 23.393 ms
INFO: at 41958.830 ms fetching 11.954 ms
INFO: at 41982.502 ms batch [19.146] delay 23.393 ms
INFO: at 41982.502 ms fetching 19.146 ms
INFO: at 42006.565 ms batch [10.382] delay 23.393 ms
INFO: at 42006.565 ms fetching 10.382 ms
INFO: at 42030.213 ms batch [21.497] delay 23.393 ms
INFO: at 42030.213 ms fetching 21.497 ms
INFO: at 42053.818 ms batch [16.870] delay 23.393 ms
INFO: at 42053.818 ms fetching 16.870 ms
INFO: at 42078.352 ms batch [10.892] delay 19.495 ms
INFO: at 42078.352 ms fetching 10.892 ms
INFO: at 42098.872 ms batch [35.895] delay 19.495 ms
INFO: at 42098.872 ms fetching 35.895 ms
INFO: at 42119.292 ms batch [50.685] delay 19.495 ms
INFO: at 42119.292 ms fetching 50.685 ms
INFO: at 42139.838 ms batch [10.761] delay 19.495 ms
INFO: at 42139.838 ms fetching 10.761 ms
INFO: at 42160.182 ms batch [14.483] delay 19.495 ms
INFO: at 42160.182 ms fetching 14.483 ms
INFO: at 42179.983 ms batch [21.953] delay 19.495 ms
INFO: at 42179.983 ms fetching 21.953 ms
INFO: at 42199.830 ms batch [9.494] delay 19.495 ms
INFO: at 42199.830 ms fetching 9.494 ms
INFO: at 42220.797 ms batch [14.776] delay 19.495 ms
INFO: at 42220.797 ms fetching 14.776 ms
INFO: at 42240.688 ms batch [53.589] delay 19.495 ms
INFO: at 42240.688 ms fetching 53.589 ms
INFO: at 42261.450 ms batch [23.530] delay 19.495 ms
INFO: at 42261.450 ms fetching 23.530 ms
INFO: at 42282.153 ms batch [39.195] delay 19.495 ms
INFO: at 42282.153 ms fetching 39.195 ms
INFO: at 42302.422 ms batch [39.335] delay 19.495 ms
INFO: at 42302.422 ms fetching 39.335 ms
INFO: at 42322.331 ms batch [32.329] delay 29.242 ms
INFO: at 42322.331 ms fetching 32.329 ms
INFO: at 42351.982 ms batch [26.864] delay 29.242 ms
INFO: at 42351.982 ms fetching 26.864 ms
INFO: at 42381.620 ms batch [116.393] delay 29.242 ms
INFO: at 42381.620 ms fetching 116.393 ms
INFO: at 42411.198 ms batch [24.111] delay 29.242 ms
INFO: at 42411.198 ms fetching 24.111 ms
INFO: at 42441.494 ms batch [30.875] delay 29.242 ms
INFO: at 42441.494 ms fetching 30.875 ms
INFO: at 42471.523 ms batch [10.695] delay 29.242 ms
INFO: at 42471.523 ms fetching 10.695 ms
INFO: at 42501.437 ms batch [16.695] delay 29.242 ms
INFO: at 42501.437 ms fetching 16.695 ms
INFO: at 42530.974 ms batch [27.417] delay 29.242 ms
INFO: at 42530.974 ms fetching 27.417 ms
INFO: at 42561.281 ms batch [22.519] delay 23.393 ms
INFO: at 42561.281 ms fetching 22.519 ms
INFO: at 42584.881 ms batch [30.036] delay 23.393 ms
INFO: at 42584.881 ms fetching 30.036 ms
INFO: at 42609.876 ms batch [19.603] delay 23.393 ms
INFO: at 42609.876 ms fetching 19.603 ms
INFO: at 42634.252 ms batch [5.651] delay 23.393 ms
INFO: at 42634.252 ms fetching 5.651 ms
INFO: at 42657.986 ms batch [34.354] delay 23.393 ms
INFO: at 42657.986 ms fetching 34.354 ms
INFO: at 42682.076 ms batch [44.635] delay 29.242 ms
INFO: at 42682.076 ms fetching 44.635 ms
INFO: at 42712.481 ms batch [23.982] delay 29.242 ms
INFO: at 42712.481 ms fetching 23.982 ms
INFO: at 42742.275 ms batch [54.123] delay 29.242 ms
INFO: at 42742.275 ms fetching 54.123 ms
INFO: at 42773.159 ms batch [9.752] delay 29.242 ms
INFO: at 42773.159 ms fetching 9.752 ms
INFO: at 42803.257 ms batch [65.397] delay 29.242 ms
INFO: at 42803.257 ms fetching 65.397 ms
INFO: at 42833.618 ms batch [41.088] delay 29.242 ms
INFO: at 42833.618 ms fetching 41.088 ms
INFO: at 42863.975 ms batch [22.665] delay 29.242 ms
INFO: at 42863.975 ms fetching 22.665 ms
INFO: at 42894.333 ms batch [15.116] delay 29.242 ms
INFO: at 42894.333 ms fetching 15.116 ms
INFO: done
21-11-20:23:16:12 INFO     [clipper_admin.py:1424] [default-cluster] Stopped all Clipper cluster and all model containers
21-11-20:23:16:12 ERROR    [base_events.py:1591] Task exception was never retrieved
future: <Task finished coro=<fetch() done, defined at async_dynamic_test.py:110> exception=ValueError('I/O operation on closed file.')>
Traceback (most recent call last):
  File "async_dynamic_test.py", line 118, in fetch
    length_us = await predict(http_client, endpoint, length_ms)
  File "async_dynamic_test.py", line 101, in predict
    async with http_client.post(endpoint, json={'input': [length_ms]}) as r:
  File "/opt/miniconda3/envs/clipper/lib/python3.7/site-packages/aiohttp/client.py", line 1138, in __aenter__
    self._resp = await self._coro
  File "/opt/miniconda3/envs/clipper/lib/python3.7/site-packages/aiohttp/client.py", line 559, in _request
    await resp.start(conn)
  File "/opt/miniconda3/envs/clipper/lib/python3.7/site-packages/aiohttp/client_reqrep.py", line 898, in start
    message, payload = await protocol.read()  # type: ignore[union-attr]
  File "/opt/miniconda3/envs/clipper/lib/python3.7/site-packages/aiohttp/streams.py", line 616, in read
    await self._waiter
aiohttp.client_exceptions.ServerDisconnectedError: Server disconnected

During handling of the above exception, another exception occurred:

Traceback (most recent call last):
  File "async_dynamic_test.py", line 127, in fetch
    args.print(f'{now_ms},,,error,{ename}')
  File "async_dynamic_test.py", line 232, in printer
    print(*args, **{'file': f, **kwargs})
ValueError: I/O operation on closed file.
21-11-20:23:16:12 ERROR    [base_events.py:1591] Task exception was never retrieved
future: <Task finished coro=<fetch() done, defined at async_dynamic_test.py:110> exception=ValueError('I/O operation on closed file.')>
Traceback (most recent call last):
  File "async_dynamic_test.py", line 118, in fetch
    length_us = await predict(http_client, endpoint, length_ms)
  File "async_dynamic_test.py", line 101, in predict
    async with http_client.post(endpoint, json={'input': [length_ms]}) as r:
  File "/opt/miniconda3/envs/clipper/lib/python3.7/site-packages/aiohttp/client.py", line 1138, in __aenter__
    self._resp = await self._coro
  File "/opt/miniconda3/envs/clipper/lib/python3.7/site-packages/aiohttp/client.py", line 559, in _request
    await resp.start(conn)
  File "/opt/miniconda3/envs/clipper/lib/python3.7/site-packages/aiohttp/client_reqrep.py", line 898, in start
    message, payload = await protocol.read()  # type: ignore[union-attr]
  File "/opt/miniconda3/envs/clipper/lib/python3.7/site-packages/aiohttp/streams.py", line 616, in read
    await self._waiter
aiohttp.client_exceptions.ServerDisconnectedError: Server disconnected

During handling of the above exception, another exception occurred:

Traceback (most recent call last):
  File "async_dynamic_test.py", line 127, in fetch
    args.print(f'{now_ms},,,error,{ename}')
  File "async_dynamic_test.py", line 232, in printer
    print(*args, **{'file': f, **kwargs})
ValueError: I/O operation on closed file.
21-11-20:23:16:12 ERROR    [base_events.py:1591] Task exception was never retrieved
future: <Task finished coro=<fetch() done, defined at async_dynamic_test.py:110> exception=ValueError('I/O operation on closed file.')>
Traceback (most recent call last):
  File "async_dynamic_test.py", line 118, in fetch
    length_us = await predict(http_client, endpoint, length_ms)
  File "async_dynamic_test.py", line 101, in predict
    async with http_client.post(endpoint, json={'input': [length_ms]}) as r:
  File "/opt/miniconda3/envs/clipper/lib/python3.7/site-packages/aiohttp/client.py", line 1138, in __aenter__
    self._resp = await self._coro
  File "/opt/miniconda3/envs/clipper/lib/python3.7/site-packages/aiohttp/client.py", line 559, in _request
    await resp.start(conn)
  File "/opt/miniconda3/envs/clipper/lib/python3.7/site-packages/aiohttp/client_reqrep.py", line 898, in start
    message, payload = await protocol.read()  # type: ignore[union-attr]
  File "/opt/miniconda3/envs/clipper/lib/python3.7/site-packages/aiohttp/streams.py", line 616, in read
    await self._waiter
aiohttp.client_exceptions.ServerDisconnectedError: Server disconnected

During handling of the above exception, another exception occurred:

Traceback (most recent call last):
  File "async_dynamic_test.py", line 127, in fetch
    args.print(f'{now_ms},,,error,{ename}')
  File "async_dynamic_test.py", line 232, in printer
    print(*args, **{'file': f, **kwargs})
ValueError: I/O operation on closed file.
21-11-20:23:16:12 ERROR    [base_events.py:1591] Task exception was never retrieved
future: <Task finished coro=<fetch() done, defined at async_dynamic_test.py:110> exception=ValueError('I/O operation on closed file.')>
Traceback (most recent call last):
  File "async_dynamic_test.py", line 118, in fetch
    length_us = await predict(http_client, endpoint, length_ms)
  File "async_dynamic_test.py", line 101, in predict
    async with http_client.post(endpoint, json={'input': [length_ms]}) as r:
  File "/opt/miniconda3/envs/clipper/lib/python3.7/site-packages/aiohttp/client.py", line 1138, in __aenter__
    self._resp = await self._coro
  File "/opt/miniconda3/envs/clipper/lib/python3.7/site-packages/aiohttp/client.py", line 559, in _request
    await resp.start(conn)
  File "/opt/miniconda3/envs/clipper/lib/python3.7/site-packages/aiohttp/client_reqrep.py", line 898, in start
    message, payload = await protocol.read()  # type: ignore[union-attr]
  File "/opt/miniconda3/envs/clipper/lib/python3.7/site-packages/aiohttp/streams.py", line 616, in read
    await self._waiter
aiohttp.client_exceptions.ServerDisconnectedError: Server disconnected

During handling of the above exception, another exception occurred:

Traceback (most recent call last):
  File "async_dynamic_test.py", line 127, in fetch
    args.print(f'{now_ms},,,error,{ename}')
  File "async_dynamic_test.py", line 232, in printer
    print(*args, **{'file': f, **kwargs})
ValueError: I/O operation on closed file.
