21-11-20:23:34:58 INFO     [docker_container_manager.py:192] [default-cluster] Starting managed Redis instance in Docker
21-11-20:23:35:03 INFO     [docker_container_manager.py:294] [default-cluster] Metric Configuration Saved at /tmp/tmpffverfp6.yml
21-11-20:23:35:04 INFO     [clipper_admin.py:162] [default-cluster] Clipper is running
21-11-20:23:35:04 INFO     [clipper_admin.py:236] [default-cluster] Application fake-model was successfully registered
21-11-20:23:35:04 INFO     [deployer_utils.py:41] Saving function to /tmp/tmpo0pliajhclipper
21-11-20:23:35:04 INFO     [deployer_utils.py:51] Serialized and supplied predict function
21-11-20:23:35:04 INFO     [python.py:192] Python closure saved
21-11-20:23:35:04 INFO     [python.py:210] Using Python 3.7 base image
21-11-20:23:35:04 INFO     [clipper_admin.py:534] [default-cluster] Building model Docker image with model data from /tmp/tmpo0pliajhclipper
21-11-20:23:35:05 INFO     [clipper_admin.py:539] [default-cluster] Step 1/2 : FROM clipper/python37-closure-container:develop
21-11-20:23:35:05 INFO     [clipper_admin.py:539] [default-cluster]  ---> 2660542c0759
21-11-20:23:35:05 INFO     [clipper_admin.py:539] [default-cluster] Step 2/2 : COPY /tmp/tmpo0pliajhclipper /model/
21-11-20:23:35:05 INFO     [clipper_admin.py:539] [default-cluster]  ---> a5f3bb21c406
21-11-20:23:35:05 INFO     [clipper_admin.py:539] [default-cluster] Successfully built a5f3bb21c406
21-11-20:23:35:05 INFO     [clipper_admin.py:539] [default-cluster] Successfully tagged default-cluster-fake-model:1
21-11-20:23:35:05 INFO     [clipper_admin.py:541] [default-cluster] Pushing model Docker image to default-cluster-fake-model:1
21-11-20:23:35:06 INFO     [docker_container_manager.py:433] [default-cluster] Found 0 replicas for fake-model:1. Adding 1
21-11-20:23:35:07 INFO     [clipper_admin.py:724] [default-cluster] Successfully registered model fake-model:1
21-11-20:23:35:07 INFO     [clipper_admin.py:642] [default-cluster] Done deploying model fake-model:1.
21-11-20:23:35:07 INFO     [clipper_admin.py:303] [default-cluster] Model fake-model is now linked to application fake-model
INFO: waiting for ready to serve
INFO: waiting for ready to serve
INFO: waiting for ready to serve
INFO: waiting for ready to serve
INFO: ready to go
INFO: rock and roll
INFO: at 4.519 ms batch [18.855] delay 19.755 ms
INFO: at 4.519 ms fetching 18.855 ms
INFO: at 25.014 ms batch [20.041] delay 19.755 ms
INFO: at 25.014 ms fetching 20.041 ms
INFO: at 46.010 ms batch [18.380] delay 19.755 ms
INFO: at 46.010 ms fetching 18.380 ms
INFO: at 67.733 ms batch [24.903] delay 19.755 ms
INFO: at 67.733 ms fetching 24.903 ms
INFO: at 88.394 ms batch [14.493] delay 19.755 ms
INFO: at 88.394 ms fetching 14.493 ms
INFO: at 109.937 ms batch [8.458] delay 32.924 ms
INFO: at 109.937 ms fetching 8.458 ms
INFO: at 143.838 ms batch [11.876] delay 32.924 ms
INFO: at 143.838 ms fetching 11.876 ms
INFO: at 177.172 ms batch [46.281] delay 32.924 ms
INFO: at 177.172 ms fetching 46.281 ms
INFO: at 211.008 ms batch [18.868] delay 16.462 ms
INFO: at 211.008 ms fetching 18.868 ms
INFO: at 228.038 ms batch [33.807] delay 16.462 ms
INFO: at 228.038 ms fetching 33.807 ms
INFO: at 245.580 ms batch [41.482] delay 16.462 ms
INFO: at 245.580 ms fetching 41.482 ms
INFO: at 262.611 ms batch [18.774] delay 16.462 ms
INFO: at 262.611 ms fetching 18.774 ms
INFO: at 279.531 ms batch [26.121] delay 16.462 ms
INFO: at 279.531 ms fetching 26.121 ms
INFO: at 296.610 ms batch [8.068] delay 16.462 ms
INFO: at 296.610 ms fetching 8.068 ms
INFO: at 313.483 ms batch [20.282] delay 14.110 ms
INFO: at 313.483 ms fetching 20.282 ms
INFO: at 327.875 ms batch [21.336] delay 14.110 ms
INFO: at 327.875 ms fetching 21.336 ms
INFO: at 343.084 ms batch [35.551] delay 14.110 ms
INFO: at 343.084 ms fetching 35.551 ms
INFO: at 357.614 ms batch [15.340] delay 14.110 ms
INFO: at 357.614 ms fetching 15.340 ms
INFO: at 372.146 ms batch [19.134] delay 14.110 ms
INFO: at 372.146 ms fetching 19.134 ms
INFO: at 386.821 ms batch [10.017] delay 14.110 ms
INFO: at 386.821 ms fetching 10.017 ms
INFO: at 401.715 ms batch [9.828] delay 14.110 ms
INFO: at 401.715 ms fetching 9.828 ms
INFO: at 417.380 ms batch [68.340] delay 24.693 ms
INFO: at 417.380 ms fetching 68.340 ms
INFO: at 443.109 ms batch [39.255] delay 24.693 ms
INFO: at 443.109 ms fetching 39.255 ms
INFO: at 468.020 ms batch [19.508] delay 24.693 ms
INFO: at 468.020 ms fetching 19.508 ms
INFO: at 493.588 ms batch [29.747] delay 24.693 ms
INFO: at 493.588 ms fetching 29.747 ms
INFO: at 518.885 ms batch [22.395] delay 19.755 ms
INFO: at 518.885 ms fetching 22.395 ms
INFO: at 539.671 ms batch [7.971] delay 19.755 ms
INFO: at 539.671 ms fetching 7.971 ms
INFO: at 560.196 ms batch [25.948] delay 19.755 ms
INFO: at 560.196 ms fetching 25.948 ms
INFO: at 581.621 ms batch [38.152] delay 19.755 ms
INFO: at 581.621 ms fetching 38.152 ms
INFO: at 601.851 ms batch [57.999] delay 19.755 ms
INFO: at 601.851 ms fetching 57.999 ms
INFO: at 622.719 ms batch [12.418] delay 19.755 ms
INFO: at 622.719 ms fetching 12.418 ms
INFO: at 642.794 ms batch [8.783] delay 19.755 ms
INFO: at 642.794 ms fetching 8.783 ms
INFO: at 662.744 ms batch [15.298] delay 19.755 ms
INFO: at 662.744 ms fetching 15.298 ms
INFO: at 682.692 ms batch [24.688] delay 19.755 ms
INFO: at 682.692 ms fetching 24.688 ms
INFO: at 703.033 ms batch [22.021] delay 19.755 ms
INFO: at 703.033 ms fetching 22.021 ms
INFO: at 723.820 ms batch [26.539] delay 24.693 ms
INFO: at 723.820 ms fetching 26.539 ms
INFO: at 749.529 ms batch [27.642] delay 24.693 ms
INFO: at 749.529 ms fetching 27.642 ms
INFO: at 774.451 ms batch [12.988] delay 24.693 ms
INFO: at 774.451 ms fetching 12.988 ms
INFO: at 799.642 ms batch [19.687] delay 24.693 ms
INFO: at 799.642 ms fetching 19.687 ms
INFO: at 824.798 ms batch [53.477] delay 19.755 ms
INFO: at 824.798 ms fetching 53.477 ms
INFO: at 845.542 ms batch [38.421] delay 19.755 ms
INFO: at 845.542 ms fetching 38.421 ms
INFO: at 866.380 ms batch [29.267] delay 19.755 ms
INFO: at 866.380 ms fetching 29.267 ms
INFO: at 887.117 ms batch [13.780] delay 19.755 ms
INFO: at 887.117 ms fetching 13.780 ms
INFO: at 907.071 ms batch [13.741] delay 19.755 ms
INFO: at 907.071 ms fetching 13.741 ms
INFO: at 927.890 ms batch [25.116] delay 19.755 ms
INFO: at 927.890 ms fetching 25.116 ms
INFO: at 948.811 ms batch [51.722] delay 19.755 ms
INFO: at 948.811 ms fetching 51.722 ms
INFO: at 968.906 ms batch [14.706] delay 19.755 ms
INFO: at 968.906 ms fetching 14.706 ms
INFO: at 989.814 ms batch [13.311] delay 19.755 ms
INFO: at 989.814 ms fetching 13.311 ms
INFO: at 1010.722 ms batch [31.447] delay 19.755 ms
INFO: at 1010.722 ms fetching 31.447 ms
INFO: at 1030.861 ms batch [19.959] delay 19.755 ms
INFO: at 1030.861 ms fetching 19.959 ms
INFO: at 1050.823 ms batch [21.035] delay 19.755 ms
INFO: at 1050.823 ms fetching 21.035 ms
INFO: at 1072.484 ms batch [15.100] delay 19.755 ms
INFO: at 1072.484 ms fetching 15.100 ms
INFO: at 1092.698 ms batch [18.359] delay 19.755 ms
INFO: at 1092.698 ms fetching 18.359 ms
INFO: at 1112.896 ms batch [10.435] delay 19.755 ms
INFO: at 1112.896 ms fetching 10.435 ms
INFO: at 1133.691 ms batch [22.929] delay 16.462 ms
INFO: at 1133.691 ms fetching 22.929 ms
INFO: at 1150.555 ms batch [16.434] delay 16.462 ms
INFO: at 1150.555 ms fetching 16.434 ms
INFO: at 1167.512 ms batch [22.213] delay 16.462 ms
INFO: at 1167.512 ms fetching 22.213 ms
INFO: at 1184.186 ms batch [26.799] delay 16.462 ms
INFO: at 1184.186 ms fetching 26.799 ms
INFO: at 1201.070 ms batch [7.157] delay 16.462 ms
INFO: at 1201.070 ms fetching 7.157 ms
INFO: at 1218.337 ms batch [12.498] delay 16.462 ms
INFO: at 1218.337 ms fetching 12.498 ms
INFO: at 1235.597 ms batch [26.232] delay 19.755 ms
INFO: at 1235.597 ms fetching 26.232 ms
INFO: at 1257.097 ms batch [19.560] delay 19.755 ms
INFO: at 1257.097 ms fetching 19.560 ms
INFO: at 1277.730 ms batch [20.914] delay 19.755 ms
INFO: at 1277.730 ms fetching 20.914 ms
INFO: at 1298.199 ms batch [14.875] delay 19.755 ms
INFO: at 1298.199 ms fetching 14.875 ms
INFO: at 1318.927 ms batch [7.423] delay 19.755 ms
INFO: at 1318.927 ms fetching 7.423 ms
INFO: at 1339.587 ms batch [46.466] delay 19.755 ms
INFO: at 1339.587 ms fetching 46.466 ms
INFO: at 1360.139 ms batch [9.333] delay 19.755 ms
INFO: at 1360.139 ms fetching 9.333 ms
INFO: at 1381.050 ms batch [34.369] delay 19.755 ms
INFO: at 1381.050 ms fetching 34.369 ms
INFO: at 1401.659 ms batch [8.758] delay 19.755 ms
INFO: at 1401.659 ms fetching 8.758 ms
INFO: at 1422.549 ms batch [47.165] delay 19.755 ms
INFO: at 1422.549 ms fetching 47.165 ms
INFO: at 1442.648 ms batch [32.471] delay 24.693 ms
INFO: at 1442.648 ms fetching 32.471 ms
INFO: at 1467.540 ms batch [6.983] delay 24.693 ms
INFO: at 1467.540 ms fetching 6.983 ms
INFO: at 1492.816 ms batch [20.809] delay 24.693 ms
INFO: at 1492.816 ms fetching 20.809 ms
INFO: at 1517.945 ms batch [28.456] delay 24.693 ms
INFO: at 1517.945 ms fetching 28.456 ms
INFO: at 1543.348 ms batch [10.849] delay 16.462 ms
INFO: at 1543.348 ms fetching 10.849 ms
INFO: at 1560.257 ms batch [24.631] delay 16.462 ms
INFO: at 1560.257 ms fetching 24.631 ms
INFO: at 1577.944 ms batch [22.588] delay 16.462 ms
INFO: at 1577.944 ms fetching 22.588 ms
INFO: at 1595.133 ms batch [24.590] delay 16.462 ms
INFO: at 1595.133 ms fetching 24.590 ms
INFO: at 1612.721 ms batch [27.180] delay 16.462 ms
INFO: at 1612.721 ms fetching 27.180 ms
INFO: at 1629.545 ms batch [32.630] delay 16.462 ms
INFO: at 1629.545 ms fetching 32.630 ms
INFO: at 1646.333 ms batch [22.605] delay 24.693 ms
INFO: at 1646.333 ms fetching 22.605 ms
INFO: at 1671.846 ms batch [11.972] delay 24.693 ms
INFO: at 1671.846 ms fetching 11.972 ms
INFO: at 1696.938 ms batch [18.363] delay 24.693 ms
INFO: at 1696.938 ms fetching 18.363 ms
INFO: at 1722.144 ms batch [43.111] delay 24.693 ms
INFO: at 1722.144 ms fetching 43.111 ms
INFO: at 1747.128 ms batch [17.671] delay 32.924 ms
INFO: at 1747.128 ms fetching 17.671 ms
INFO: at 1780.663 ms batch [11.541] delay 32.924 ms
INFO: at 1780.663 ms fetching 11.541 ms
INFO: at 1814.345 ms batch [22.197] delay 32.924 ms
INFO: at 1814.345 ms fetching 22.197 ms
INFO: at 1847.577 ms batch [12.717] delay 24.693 ms
INFO: at 1847.577 ms fetching 12.717 ms
INFO: at 1873.487 ms batch [24.382] delay 24.693 ms
INFO: at 1873.487 ms fetching 24.382 ms
INFO: at 1898.460 ms batch [5.492] delay 24.693 ms
INFO: at 1898.460 ms fetching 5.492 ms
INFO: at 1923.973 ms batch [12.972] delay 24.693 ms
INFO: at 1923.973 ms fetching 12.972 ms
INFO: at 1950.319 ms batch [27.125] delay 24.693 ms
INFO: at 1950.319 ms fetching 27.125 ms
INFO: at 1976.182 ms batch [13.680] delay 24.693 ms
INFO: at 1976.182 ms fetching 13.680 ms
INFO: at 2001.480 ms batch [48.340] delay 24.693 ms
INFO: at 2001.480 ms fetching 48.340 ms
INFO: at 2026.353 ms batch [39.725] delay 24.693 ms
INFO: at 2026.353 ms fetching 39.725 ms
INFO: at 2052.212 ms batch [18.079] delay 32.924 ms
INFO: at 2052.212 ms fetching 18.079 ms
INFO: at 2086.153 ms batch [7.905] delay 32.924 ms
INFO: at 2086.153 ms fetching 7.905 ms
INFO: at 2119.653 ms batch [16.280] delay 32.924 ms
INFO: at 2119.653 ms fetching 16.280 ms
INFO: at 2153.870 ms batch [21.913] delay 19.755 ms
INFO: at 2153.870 ms fetching 21.913 ms
INFO: at 2174.785 ms batch [28.716] delay 19.755 ms
INFO: at 2174.785 ms fetching 28.716 ms
INFO: at 2195.557 ms batch [38.709] delay 19.755 ms
INFO: at 2195.557 ms fetching 38.709 ms
INFO: at 2215.555 ms batch [19.120] delay 19.755 ms
INFO: at 2215.555 ms fetching 19.120 ms
INFO: at 2236.310 ms batch [28.945] delay 19.755 ms
INFO: at 2236.310 ms fetching 28.945 ms
INFO: at 2256.410 ms batch [18.870] delay 19.755 ms
INFO: at 2256.410 ms fetching 18.870 ms
INFO: at 2277.261 ms batch [14.744] delay 19.755 ms
INFO: at 2277.261 ms fetching 14.744 ms
INFO: at 2297.913 ms batch [26.162] delay 19.755 ms
INFO: at 2297.913 ms fetching 26.162 ms
INFO: at 2317.989 ms batch [20.664] delay 19.755 ms
INFO: at 2317.989 ms fetching 20.664 ms
INFO: at 2338.161 ms batch [19.606] delay 19.755 ms
INFO: at 2338.161 ms fetching 19.606 ms
INFO: at 2358.252 ms batch [19.211] delay 19.755 ms
INFO: at 2358.252 ms fetching 19.211 ms
INFO: at 2378.400 ms batch [6.401] delay 19.755 ms
INFO: at 2378.400 ms fetching 6.401 ms
INFO: at 2399.098 ms batch [13.342] delay 19.755 ms
INFO: at 2399.098 ms fetching 13.342 ms
INFO: at 2419.306 ms batch [7.490] delay 19.755 ms
INFO: at 2419.306 ms fetching 7.490 ms
INFO: at 2440.119 ms batch [21.186] delay 19.755 ms
INFO: at 2440.119 ms fetching 21.186 ms
INFO: at 2461.041 ms batch [13.225] delay 19.755 ms
INFO: at 2461.041 ms fetching 13.225 ms
INFO: at 2481.814 ms batch [20.922] delay 19.755 ms
INFO: at 2481.814 ms fetching 20.922 ms
INFO: at 2502.382 ms batch [31.645] delay 19.755 ms
INFO: at 2502.382 ms fetching 31.645 ms
INFO: at 2522.679 ms batch [39.425] delay 19.755 ms
INFO: at 2522.679 ms fetching 39.425 ms
INFO: at 2542.662 ms batch [25.192] delay 19.755 ms
INFO: at 2542.662 ms fetching 25.192 ms
INFO: at 2563.543 ms batch [18.828] delay 14.110 ms
INFO: at 2563.543 ms fetching 18.828 ms
INFO: at 2578.461 ms batch [25.353] delay 14.110 ms
INFO: at 2578.461 ms fetching 25.353 ms
INFO: at 2592.788 ms batch [20.734] delay 14.110 ms
INFO: at 2592.788 ms fetching 20.734 ms
INFO: at 2607.690 ms batch [40.823] delay 14.110 ms
INFO: at 2607.690 ms fetching 40.823 ms
INFO: at 2622.636 ms batch [9.565] delay 14.110 ms
INFO: at 2622.636 ms fetching 9.565 ms
INFO: at 2637.585 ms batch [54.234] delay 14.110 ms
INFO: at 2637.585 ms fetching 54.234 ms
INFO: at 2652.432 ms batch [41.864] delay 14.110 ms
INFO: at 2652.432 ms fetching 41.864 ms
INFO: at 2667.938 ms batch [25.129] delay 19.755 ms
INFO: at 2667.938 ms fetching 25.129 ms
INFO: at 2688.507 ms batch [23.319] delay 19.755 ms
INFO: at 2688.507 ms fetching 23.319 ms
INFO: at 2709.421 ms batch [11.022] delay 19.755 ms
INFO: at 2709.421 ms fetching 11.022 ms
INFO: at 2729.857 ms batch [21.329] delay 19.755 ms
INFO: at 2729.857 ms fetching 21.329 ms
INFO: at 2750.539 ms batch [28.858] delay 19.755 ms
INFO: at 2750.539 ms fetching 28.858 ms
INFO: at 2772.297 ms batch [8.624] delay 16.462 ms
INFO: at 2772.297 ms fetching 8.624 ms
INFO: at 2789.230 ms batch [26.267] delay 16.462 ms
INFO: at 2789.230 ms fetching 26.267 ms
INFO: at 2807.622 ms batch [26.260] delay 16.462 ms
INFO: at 2807.622 ms fetching 26.260 ms
INFO: at 2824.700 ms batch [25.884] delay 16.462 ms
INFO: at 2824.700 ms fetching 25.884 ms
INFO: at 2841.354 ms batch [29.992] delay 16.462 ms
INFO: at 2841.354 ms fetching 29.992 ms
INFO: at 2858.951 ms batch [11.855] delay 16.462 ms
INFO: at 2858.951 ms fetching 11.855 ms
INFO: at 2875.767 ms batch [16.973] delay 19.755 ms
INFO: at 2875.767 ms fetching 16.973 ms
INFO: at 2897.639 ms batch [22.602] delay 19.755 ms
INFO: at 2897.639 ms fetching 22.602 ms
INFO: at 2918.154 ms batch [27.578] delay 19.755 ms
INFO: at 2918.154 ms fetching 27.578 ms
INFO: at 2938.740 ms batch [11.791] delay 19.755 ms
INFO: at 2938.740 ms fetching 11.791 ms
INFO: at 2958.641 ms batch [18.664] delay 19.755 ms
INFO: at 2958.641 ms fetching 18.664 ms
INFO: at 2978.949 ms batch [35.841] delay 24.693 ms
INFO: at 2978.949 ms fetching 35.841 ms
INFO: at 3004.077 ms batch [21.793] delay 24.693 ms
INFO: at 3004.077 ms fetching 21.793 ms
INFO: at 3029.697 ms batch [14.869] delay 24.693 ms
INFO: at 3029.697 ms fetching 14.869 ms
INFO: at 3055.246 ms batch [6.891] delay 24.693 ms
INFO: at 3055.246 ms fetching 6.891 ms
INFO: at 3080.138 ms batch [33.509] delay 32.924 ms
INFO: at 3080.138 ms fetching 33.509 ms
INFO: at 3113.909 ms batch [13.685] delay 32.924 ms
INFO: at 3113.909 ms fetching 13.685 ms
INFO: at 3147.558 ms batch [13.023] delay 32.924 ms
INFO: at 3147.558 ms fetching 13.023 ms
INFO: at 3181.204 ms batch [29.194] delay 32.924 ms
INFO: at 3181.204 ms fetching 29.194 ms
INFO: at 3214.348 ms batch [32.909] delay 32.924 ms
INFO: at 3214.348 ms fetching 32.909 ms
INFO: at 3248.138 ms batch [45.395] delay 32.924 ms
INFO: at 3248.138 ms fetching 45.395 ms
INFO: at 3281.899 ms batch [20.832] delay 24.693 ms
INFO: at 3281.899 ms fetching 20.832 ms
INFO: at 3307.151 ms batch [37.975] delay 24.693 ms
INFO: at 3307.151 ms fetching 37.975 ms
INFO: at 3332.580 ms batch [32.044] delay 24.693 ms
INFO: at 3332.580 ms fetching 32.044 ms
INFO: at 3357.508 ms batch [13.399] delay 24.693 ms
INFO: at 3357.508 ms fetching 13.399 ms
INFO: at 3383.248 ms batch [16.777] delay 32.924 ms
INFO: at 3383.248 ms fetching 16.777 ms
INFO: at 3416.797 ms batch [61.538] delay 32.924 ms
INFO: at 3416.797 ms fetching 61.538 ms
INFO: at 3450.562 ms batch [37.545] delay 32.924 ms
INFO: at 3450.562 ms fetching 37.545 ms
INFO: at 3484.580 ms batch [13.546] delay 16.462 ms
INFO: at 3484.580 ms fetching 13.546 ms
INFO: at 3501.456 ms batch [35.286] delay 16.462 ms
INFO: at 3501.456 ms fetching 35.286 ms
INFO: at 3518.359 ms batch [30.972] delay 16.462 ms
INFO: at 3518.359 ms fetching 30.972 ms
INFO: at 3536.787 ms batch [25.842] delay 16.462 ms
INFO: at 3536.787 ms fetching 25.842 ms
INFO: at 3553.655 ms batch [14.463] delay 16.462 ms
INFO: at 3553.655 ms fetching 14.463 ms
INFO: at 3571.185 ms batch [8.484] delay 16.462 ms
INFO: at 3571.185 ms fetching 8.484 ms
INFO: at 3587.941 ms batch [16.242] delay 24.693 ms
INFO: at 3587.941 ms fetching 16.242 ms
INFO: at 3614.061 ms batch [25.546] delay 24.693 ms
INFO: at 3614.061 ms fetching 25.546 ms
INFO: at 3639.237 ms batch [32.873] delay 24.693 ms
INFO: at 3639.237 ms fetching 32.873 ms
INFO: at 3664.885 ms batch [22.642] delay 24.693 ms
INFO: at 3664.885 ms fetching 22.642 ms
INFO: at 3690.500 ms batch [33.176] delay 24.693 ms
INFO: at 3690.500 ms fetching 33.176 ms
INFO: at 3715.448 ms batch [19.017] delay 24.693 ms
INFO: at 3715.448 ms fetching 19.017 ms
INFO: at 3740.355 ms batch [35.135] delay 24.693 ms
INFO: at 3740.355 ms fetching 35.135 ms
INFO: at 3765.380 ms batch [19.895] delay 24.693 ms
INFO: at 3765.380 ms fetching 19.895 ms
INFO: at 3790.908 ms batch [26.041] delay 24.693 ms
INFO: at 3790.908 ms fetching 26.041 ms
INFO: at 3815.912 ms batch [19.616] delay 24.693 ms
INFO: at 3815.912 ms fetching 19.616 ms
INFO: at 3841.075 ms batch [11.193] delay 24.693 ms
INFO: at 3841.075 ms fetching 11.193 ms
INFO: at 3866.380 ms batch [14.318] delay 24.693 ms
INFO: at 3866.380 ms fetching 14.318 ms
INFO: at 3891.394 ms batch [35.764] delay 24.693 ms
INFO: at 3891.394 ms fetching 35.764 ms
INFO: at 3916.949 ms batch [44.351] delay 24.693 ms
INFO: at 3916.949 ms fetching 44.351 ms
INFO: at 3942.751 ms batch [11.869] delay 24.693 ms
INFO: at 3942.751 ms fetching 11.869 ms
INFO: at 3968.526 ms batch [43.155] delay 24.693 ms
INFO: at 3968.526 ms fetching 43.155 ms
INFO: at 3993.731 ms batch [9.232] delay 6.585 ms
INFO: at 3993.731 ms fetching 9.232 ms
INFO: at 4000.577 ms batch [40.977] delay 6.585 ms
INFO: at 4000.577 ms fetching 40.977 ms
INFO: at 4007.458 ms batch [15.085] delay 6.585 ms
INFO: at 4007.458 ms fetching 15.085 ms
INFO: at 4014.334 ms batch [23.860] delay 6.585 ms
INFO: at 4014.334 ms fetching 23.860 ms
INFO: at 4021.202 ms batch [38.477] delay 6.585 ms
INFO: at 4021.202 ms fetching 38.477 ms
INFO: at 4028.592 ms batch [24.878] delay 6.585 ms
INFO: at 4028.592 ms fetching 24.878 ms
INFO: at 4035.457 ms batch [22.846] delay 6.585 ms
INFO: at 4035.457 ms fetching 22.846 ms
INFO: at 4042.996 ms batch [10.201] delay 6.585 ms
INFO: at 4042.996 ms fetching 10.201 ms
INFO: at 4050.073 ms batch [26.252] delay 6.585 ms
INFO: at 4050.073 ms fetching 26.252 ms
INFO: at 4057.492 ms batch [22.963] delay 6.585 ms
INFO: at 4057.492 ms fetching 22.963 ms
INFO: at 4064.802 ms batch [20.966] delay 6.585 ms
INFO: at 4064.802 ms fetching 20.966 ms
INFO: at 4071.570 ms batch [9.862] delay 6.585 ms
INFO: at 4071.570 ms fetching 9.862 ms
INFO: at 4079.076 ms batch [14.958] delay 6.585 ms
INFO: at 4079.076 ms fetching 14.958 ms
INFO: at 4086.512 ms batch [27.228] delay 6.585 ms
INFO: at 4086.512 ms fetching 27.228 ms
INFO: at 4093.957 ms batch [12.136] delay 6.585 ms
INFO: at 4093.957 ms fetching 12.136 ms
INFO: at 4101.467 ms batch [20.880] delay 19.755 ms
INFO: at 4101.467 ms fetching 20.880 ms
INFO: at 4121.983 ms batch [47.270] delay 19.755 ms
INFO: at 4121.983 ms fetching 47.270 ms
INFO: at 4142.828 ms batch [12.223] delay 19.755 ms
INFO: at 4142.828 ms fetching 12.223 ms
INFO: at 4163.701 ms batch [12.946] delay 19.755 ms
INFO: at 4163.701 ms fetching 12.946 ms
INFO: at 4184.335 ms batch [16.982] delay 19.755 ms
INFO: at 4184.335 ms fetching 16.982 ms
INFO: at 4204.308 ms batch [17.087] delay 19.755 ms
INFO: at 4204.308 ms fetching 17.087 ms
INFO: at 4225.892 ms batch [52.715] delay 19.755 ms
INFO: at 4225.892 ms fetching 52.715 ms
INFO: at 4246.147 ms batch [20.647] delay 19.755 ms
INFO: at 4246.147 ms fetching 20.647 ms
INFO: at 4266.978 ms batch [20.169] delay 19.755 ms
INFO: at 4266.978 ms fetching 20.169 ms
INFO: at 4287.574 ms batch [19.867] delay 19.755 ms
INFO: at 4287.574 ms fetching 19.867 ms
INFO: at 4308.286 ms batch [21.395] delay 24.693 ms
INFO: at 4308.286 ms fetching 21.395 ms
INFO: at 4333.299 ms batch [24.665] delay 24.693 ms
INFO: at 4333.299 ms fetching 24.665 ms
INFO: at 4358.536 ms batch [17.489] delay 24.693 ms
INFO: at 4358.536 ms fetching 17.489 ms
INFO: at 4383.781 ms batch [38.601] delay 24.693 ms
INFO: at 4383.781 ms fetching 38.601 ms
INFO: at 4409.434 ms batch [10.575] delay 14.110 ms
INFO: at 4409.434 ms fetching 10.575 ms
INFO: at 4424.294 ms batch [11.722] delay 14.110 ms
INFO: at 4424.294 ms fetching 11.722 ms
INFO: at 4439.214 ms batch [7.814] delay 14.110 ms
INFO: at 4439.214 ms fetching 7.814 ms
INFO: at 4454.011 ms batch [5.484] delay 14.110 ms
INFO: at 4454.011 ms fetching 5.484 ms
INFO: at 4468.337 ms batch [17.562] delay 14.110 ms
INFO: at 4468.337 ms fetching 17.562 ms
INFO: at 4483.234 ms batch [28.760] delay 14.110 ms
INFO: at 4483.234 ms fetching 28.760 ms
INFO: at 4497.704 ms batch [20.846] delay 14.110 ms
INFO: at 4497.704 ms fetching 20.846 ms
INFO: at 4512.544 ms batch [38.872] delay 19.755 ms
INFO: at 4512.544 ms fetching 38.872 ms
INFO: at 4532.866 ms batch [20.262] delay 19.755 ms
INFO: at 4532.866 ms fetching 20.262 ms
INFO: at 4553.656 ms batch [16.900] delay 19.755 ms
INFO: at 4553.656 ms fetching 16.900 ms
INFO: at 4575.166 ms batch [12.367] delay 19.755 ms
INFO: at 4575.166 ms fetching 12.367 ms
INFO: at 4595.701 ms batch [41.670] delay 19.755 ms
INFO: at 4595.701 ms fetching 41.670 ms
INFO: at 4615.679 ms batch [18.727] delay 19.755 ms
INFO: at 4615.679 ms fetching 18.727 ms
INFO: at 4636.569 ms batch [26.707] delay 19.755 ms
INFO: at 4636.569 ms fetching 26.707 ms
INFO: at 4657.122 ms batch [43.220] delay 19.755 ms
INFO: at 4657.122 ms fetching 43.220 ms
INFO: at 4677.908 ms batch [11.368] delay 19.755 ms
INFO: at 4677.908 ms fetching 11.368 ms
INFO: at 4699.170 ms batch [6.236] delay 19.755 ms
INFO: at 4699.170 ms fetching 6.236 ms
INFO: at 4719.975 ms batch [55.370] delay 24.693 ms
INFO: at 4719.975 ms fetching 55.370 ms
INFO: at 4746.008 ms batch [12.134] delay 24.693 ms
INFO: at 4746.008 ms fetching 12.134 ms
INFO: at 4770.916 ms batch [19.601] delay 24.693 ms
INFO: at 4770.916 ms fetching 19.601 ms
INFO: at 4795.833 ms batch [25.100] delay 24.693 ms
INFO: at 4795.833 ms fetching 25.100 ms
INFO: at 4820.797 ms batch [34.402] delay 24.693 ms
INFO: at 4820.797 ms fetching 34.402 ms
INFO: at 4847.003 ms batch [30.085] delay 24.693 ms
INFO: at 4847.003 ms fetching 30.085 ms
INFO: at 4871.877 ms batch [30.699] delay 24.693 ms
INFO: at 4871.877 ms fetching 30.699 ms
INFO: at 4897.740 ms batch [31.168] delay 24.693 ms
INFO: at 4897.740 ms fetching 31.168 ms
INFO: at 4924.005 ms batch [15.700] delay 16.462 ms
INFO: at 4924.005 ms fetching 15.700 ms
INFO: at 4940.897 ms batch [13.814] delay 16.462 ms
INFO: at 4940.897 ms fetching 13.814 ms
INFO: at 4958.291 ms batch [20.219] delay 16.462 ms
INFO: at 4958.291 ms fetching 20.219 ms
INFO: at 4974.982 ms batch [14.694] delay 16.462 ms
INFO: at 4974.982 ms fetching 14.694 ms
INFO: at 4992.481 ms batch [51.327] delay 16.462 ms
INFO: at 4992.481 ms fetching 51.327 ms
INFO: at 5009.791 ms batch [28.550] delay 16.462 ms
INFO: at 5009.791 ms fetching 28.550 ms
INFO: at 5026.563 ms batch [5.462] delay 24.693 ms
INFO: at 5026.563 ms fetching 5.462 ms
INFO: at 5051.438 ms batch [15.678] delay 24.693 ms
INFO: at 5051.438 ms fetching 15.678 ms
INFO: at 5076.804 ms batch [12.272] delay 24.693 ms
INFO: at 5076.804 ms fetching 12.272 ms
INFO: at 5103.395 ms batch [14.982] delay 24.693 ms
INFO: at 5103.395 ms fetching 14.982 ms
INFO: at 5128.552 ms batch [19.567] delay 19.755 ms
INFO: at 5128.552 ms fetching 19.567 ms
INFO: at 5149.107 ms batch [27.222] delay 19.755 ms
INFO: at 5149.107 ms fetching 27.222 ms
INFO: at 5169.566 ms batch [18.671] delay 19.755 ms
INFO: at 5169.566 ms fetching 18.671 ms
INFO: at 5190.385 ms batch [59.020] delay 19.755 ms
INFO: at 5190.385 ms fetching 59.020 ms
INFO: at 5210.440 ms batch [46.471] delay 19.755 ms
INFO: at 5210.440 ms fetching 46.471 ms
INFO: at 5231.310 ms batch [51.886] delay 14.110 ms
INFO: at 5231.310 ms fetching 51.886 ms
INFO: at 5246.205 ms batch [19.713] delay 14.110 ms
INFO: at 5246.205 ms fetching 19.713 ms
INFO: at 5261.009 ms batch [27.005] delay 14.110 ms
INFO: at 5261.009 ms fetching 27.005 ms
INFO: at 5276.101 ms batch [15.924] delay 14.110 ms
INFO: at 5276.101 ms fetching 15.924 ms
INFO: at 5290.640 ms batch [37.752] delay 14.110 ms
INFO: at 5290.640 ms fetching 37.752 ms
INFO: at 5305.294 ms batch [17.709] delay 14.110 ms
INFO: at 5305.294 ms fetching 17.709 ms
INFO: at 5320.123 ms batch [17.190] delay 14.110 ms
INFO: at 5320.123 ms fetching 17.190 ms
INFO: at 5334.607 ms batch [27.678] delay 24.693 ms
INFO: at 5334.607 ms fetching 27.678 ms
INFO: at 5359.539 ms batch [16.485] delay 24.693 ms
INFO: at 5359.539 ms fetching 16.485 ms
INFO: at 5385.111 ms batch [29.502] delay 24.693 ms
INFO: at 5385.111 ms fetching 29.502 ms
INFO: at 5411.467 ms batch [46.518] delay 24.693 ms
INFO: at 5411.467 ms fetching 46.518 ms
INFO: at 5436.491 ms batch [17.121] delay 19.755 ms
INFO: at 5436.491 ms fetching 17.121 ms
INFO: at 5457.333 ms batch [28.776] delay 19.755 ms
INFO: at 5457.333 ms fetching 28.776 ms
INFO: at 5478.210 ms batch [21.744] delay 19.755 ms
INFO: at 5478.210 ms fetching 21.744 ms
INFO: at 5499.687 ms batch [26.220] delay 19.755 ms
INFO: at 5499.687 ms fetching 26.220 ms
INFO: at 5519.910 ms batch [12.870] delay 19.755 ms
INFO: at 5519.910 ms fetching 12.870 ms
INFO: at 5539.862 ms batch [58.172] delay 32.924 ms
INFO: at 5539.862 ms fetching 58.172 ms
INFO: at 5573.546 ms batch [21.647] delay 32.924 ms
INFO: at 5573.546 ms fetching 21.647 ms
INFO: at 5606.955 ms batch [23.815] delay 32.924 ms
INFO: at 5606.955 ms fetching 23.815 ms
INFO: at 5641.251 ms batch [13.943] delay 19.755 ms
INFO: at 5641.251 ms fetching 13.943 ms
INFO: at 5662.034 ms batch [24.855] delay 19.755 ms
INFO: at 5662.034 ms fetching 24.855 ms
INFO: at 5682.819 ms batch [37.674] delay 19.755 ms
INFO: at 5682.819 ms fetching 37.674 ms
INFO: at 5703.701 ms batch [9.240] delay 19.755 ms
INFO: at 5703.701 ms fetching 9.240 ms
INFO: at 5724.284 ms batch [16.068] delay 19.755 ms
INFO: at 5724.284 ms fetching 16.068 ms
INFO: at 5745.194 ms batch [14.593] delay 24.693 ms
INFO: at 5745.194 ms fetching 14.593 ms
INFO: at 5770.202 ms batch [35.229] delay 24.693 ms
INFO: at 5770.202 ms fetching 35.229 ms
INFO: at 5796.019 ms batch [25.075] delay 24.693 ms
INFO: at 5796.019 ms fetching 25.075 ms
INFO: at 5821.071 ms batch [28.123] delay 24.693 ms
INFO: at 5821.071 ms fetching 28.123 ms
INFO: at 5846.220 ms batch [37.424] delay 19.755 ms
INFO: at 5846.220 ms fetching 37.424 ms
INFO: at 5867.088 ms batch [23.448] delay 19.755 ms
INFO: at 5867.088 ms fetching 23.448 ms
INFO: at 5887.733 ms batch [36.676] delay 19.755 ms
INFO: at 5887.733 ms fetching 36.676 ms
INFO: at 5908.655 ms batch [33.064] delay 19.755 ms
INFO: at 5908.655 ms fetching 33.064 ms
INFO: at 5929.035 ms batch [35.904] delay 19.755 ms
INFO: at 5929.035 ms fetching 35.904 ms
INFO: at 5949.925 ms batch [12.694] delay 19.755 ms
INFO: at 5949.925 ms fetching 12.694 ms
INFO: at 5970.089 ms batch [9.948] delay 19.755 ms
INFO: at 5970.089 ms fetching 9.948 ms
INFO: at 5990.987 ms batch [16.421] delay 19.755 ms
INFO: at 5990.987 ms fetching 16.421 ms
INFO: at 6011.863 ms batch [23.858] delay 19.755 ms
INFO: at 6011.863 ms fetching 23.858 ms
INFO: at 6032.786 ms batch [22.670] delay 19.755 ms
INFO: at 6032.786 ms fetching 22.670 ms
INFO: at 6053.543 ms batch [18.898] delay 24.693 ms
INFO: at 6053.543 ms fetching 18.898 ms
INFO: at 6078.711 ms batch [43.100] delay 24.693 ms
INFO: at 6078.711 ms fetching 43.100 ms
INFO: at 6103.992 ms batch [30.714] delay 24.693 ms
INFO: at 6103.992 ms fetching 30.714 ms
INFO: at 6128.926 ms batch [14.950] delay 24.693 ms
INFO: at 6128.926 ms fetching 14.950 ms
INFO: at 6154.840 ms batch [23.425] delay 19.755 ms
INFO: at 6154.840 ms fetching 23.425 ms
INFO: at 6175.680 ms batch [18.009] delay 19.755 ms
INFO: at 6175.680 ms fetching 18.009 ms
INFO: at 6196.591 ms batch [36.429] delay 19.755 ms
INFO: at 6196.591 ms fetching 36.429 ms
INFO: at 6216.702 ms batch [31.789] delay 19.755 ms
INFO: at 6216.702 ms fetching 31.789 ms
INFO: at 6237.590 ms batch [33.546] delay 19.755 ms
INFO: at 6237.590 ms fetching 33.546 ms
INFO: at 6258.124 ms batch [34.901] delay 19.755 ms
INFO: at 6258.124 ms fetching 34.901 ms
INFO: at 6278.906 ms batch [27.041] delay 19.755 ms
INFO: at 6278.906 ms fetching 27.041 ms
INFO: at 6299.523 ms batch [16.251] delay 19.755 ms
INFO: at 6299.523 ms fetching 16.251 ms
INFO: at 6320.430 ms batch [41.389] delay 19.755 ms
INFO: at 6320.430 ms fetching 41.389 ms
INFO: at 6340.956 ms batch [22.753] delay 19.755 ms
INFO: at 6340.956 ms fetching 22.753 ms
INFO: at 6361.832 ms batch [32.426] delay 24.693 ms
INFO: at 6361.832 ms fetching 32.426 ms
INFO: at 6386.950 ms batch [21.434] delay 24.693 ms
INFO: at 6386.950 ms fetching 21.434 ms
INFO: at 6412.533 ms batch [4.706] delay 24.693 ms
INFO: at 6412.533 ms fetching 4.706 ms
INFO: at 6437.845 ms batch [13.473] delay 24.693 ms
INFO: at 6437.845 ms fetching 13.473 ms
INFO: at 6462.988 ms batch [23.818] delay 24.693 ms
INFO: at 6462.988 ms fetching 23.818 ms
INFO: at 6488.566 ms batch [26.964] delay 24.693 ms
INFO: at 6488.566 ms fetching 26.964 ms
INFO: at 6514.387 ms batch [46.165] delay 24.693 ms
INFO: at 6514.387 ms fetching 46.165 ms
INFO: at 6539.547 ms batch [7.012] delay 24.693 ms
INFO: at 6539.547 ms fetching 7.012 ms
INFO: at 6565.349 ms batch [27.733] delay 32.924 ms
INFO: at 6565.349 ms fetching 27.733 ms
INFO: at 6599.250 ms batch [13.656] delay 32.924 ms
INFO: at 6599.250 ms fetching 13.656 ms
INFO: at 6633.025 ms batch [30.332] delay 32.924 ms
INFO: at 6633.025 ms fetching 30.332 ms
INFO: at 6666.918 ms batch [4.898] delay 24.693 ms
INFO: at 6666.918 ms fetching 4.898 ms
INFO: at 6692.188 ms batch [18.860] delay 24.693 ms
INFO: at 6692.188 ms fetching 18.860 ms
INFO: at 6717.084 ms batch [6.321] delay 24.693 ms
INFO: at 6717.084 ms fetching 6.321 ms
INFO: at 6742.944 ms batch [22.875] delay 24.693 ms
INFO: at 6742.944 ms fetching 22.875 ms
INFO: at 6768.105 ms batch [10.731] delay 16.462 ms
INFO: at 6768.105 ms fetching 10.731 ms
INFO: at 6784.836 ms batch [23.656] delay 16.462 ms
INFO: at 6784.836 ms fetching 23.656 ms
INFO: at 6801.908 ms batch [8.586] delay 16.462 ms
INFO: at 6801.908 ms fetching 8.586 ms
INFO: at 6818.978 ms batch [13.373] delay 16.462 ms
INFO: at 6818.978 ms fetching 13.373 ms
INFO: at 6836.089 ms batch [16.722] delay 16.462 ms
INFO: at 6836.089 ms fetching 16.722 ms
INFO: at 6853.549 ms batch [24.900] delay 16.462 ms
INFO: at 6853.549 ms fetching 24.900 ms
INFO: at 6870.391 ms batch [22.139] delay 19.755 ms
INFO: at 6870.391 ms fetching 22.139 ms
INFO: at 6891.151 ms batch [56.078] delay 19.755 ms
INFO: at 6891.151 ms fetching 56.078 ms
INFO: at 6911.102 ms batch [10.295] delay 19.755 ms
INFO: at 6911.102 ms fetching 10.295 ms
INFO: at 6931.654 ms batch [9.220] delay 19.755 ms
INFO: at 6931.654 ms fetching 9.220 ms
INFO: at 6952.553 ms batch [9.790] delay 19.755 ms
INFO: at 6952.553 ms fetching 9.790 ms
INFO: at 6973.352 ms batch [11.486] delay 16.462 ms
INFO: at 6973.352 ms fetching 11.486 ms
INFO: at 6990.671 ms batch [13.310] delay 16.462 ms
INFO: at 6990.671 ms fetching 13.310 ms
INFO: at 7008.200 ms batch [60.498] delay 16.462 ms
INFO: at 7008.200 ms fetching 60.498 ms
INFO: at 7026.697 ms batch [47.168] delay 16.462 ms
INFO: at 7026.697 ms fetching 47.168 ms
INFO: at 7043.559 ms batch [11.192] delay 16.462 ms
INFO: at 7043.559 ms fetching 11.192 ms
INFO: at 7061.106 ms batch [22.697] delay 16.462 ms
INFO: at 7061.106 ms fetching 22.697 ms
INFO: at 7077.962 ms batch [9.923] delay 16.462 ms
INFO: at 7077.962 ms fetching 9.923 ms
INFO: at 7095.454 ms batch [12.796] delay 16.462 ms
INFO: at 7095.454 ms fetching 12.796 ms
INFO: at 7112.325 ms batch [22.115] delay 16.462 ms
INFO: at 7112.325 ms fetching 22.115 ms
INFO: at 7129.208 ms batch [39.444] delay 16.462 ms
INFO: at 7129.208 ms fetching 39.444 ms
INFO: at 7147.049 ms batch [23.378] delay 16.462 ms
INFO: at 7147.049 ms fetching 23.378 ms
INFO: at 7164.001 ms batch [21.722] delay 16.462 ms
INFO: at 7164.001 ms fetching 21.722 ms
INFO: at 7181.095 ms batch [17.236] delay 14.110 ms
INFO: at 7181.095 ms fetching 17.236 ms
INFO: at 7195.826 ms batch [8.663] delay 14.110 ms
INFO: at 7195.826 ms fetching 8.663 ms
INFO: at 7210.104 ms batch [18.831] delay 14.110 ms
INFO: at 7210.104 ms fetching 18.831 ms
INFO: at 7224.667 ms batch [68.436] delay 14.110 ms
INFO: at 7224.667 ms fetching 68.436 ms
INFO: at 7239.893 ms batch [29.193] delay 14.110 ms
INFO: at 7239.893 ms fetching 29.193 ms
INFO: at 7254.428 ms batch [25.595] delay 14.110 ms
INFO: at 7254.428 ms fetching 25.595 ms
INFO: at 7269.290 ms batch [9.995] delay 14.110 ms
INFO: at 7269.290 ms fetching 9.995 ms
INFO: at 7284.115 ms batch [20.759] delay 24.693 ms
INFO: at 7284.115 ms fetching 20.759 ms
INFO: at 7309.250 ms batch [17.157] delay 24.693 ms
INFO: at 7309.250 ms fetching 17.157 ms
INFO: at 7334.820 ms batch [25.395] delay 24.693 ms
INFO: at 7334.820 ms fetching 25.395 ms
INFO: at 7359.971 ms batch [22.021] delay 24.693 ms
INFO: at 7359.971 ms fetching 22.021 ms
INFO: at 7386.338 ms batch [18.844] delay 19.755 ms
INFO: at 7386.338 ms fetching 18.844 ms
INFO: at 7406.856 ms batch [7.009] delay 19.755 ms
INFO: at 7406.856 ms fetching 7.009 ms
INFO: at 7427.398 ms batch [11.361] delay 19.755 ms
INFO: at 7427.398 ms fetching 11.361 ms
INFO: at 7448.140 ms batch [21.433] delay 19.755 ms
INFO: at 7448.140 ms fetching 21.433 ms
INFO: at 7468.247 ms batch [24.114] delay 19.755 ms
INFO: at 7468.247 ms fetching 24.114 ms
INFO: at 7488.839 ms batch [25.741] delay 24.693 ms
INFO: at 7488.839 ms fetching 25.741 ms
INFO: at 7513.725 ms batch [15.337] delay 24.693 ms
INFO: at 7513.725 ms fetching 15.337 ms
INFO: at 7538.623 ms batch [16.477] delay 24.693 ms
INFO: at 7538.623 ms fetching 16.477 ms
INFO: at 7563.575 ms batch [61.937] delay 24.693 ms
INFO: at 7563.575 ms fetching 61.937 ms
INFO: at 7589.001 ms batch [7.018] delay 16.462 ms
INFO: at 7589.001 ms fetching 7.018 ms
INFO: at 7605.869 ms batch [18.246] delay 16.462 ms
INFO: at 7605.869 ms fetching 18.246 ms
INFO: at 7622.731 ms batch [17.446] delay 16.462 ms
INFO: at 7622.731 ms fetching 17.446 ms
INFO: at 7639.473 ms batch [21.393] delay 16.462 ms
INFO: at 7639.473 ms fetching 21.393 ms
INFO: at 7656.128 ms batch [13.019] delay 16.462 ms
INFO: at 7656.128 ms fetching 13.019 ms
INFO: at 7673.713 ms batch [6.912] delay 16.462 ms
INFO: at 7673.713 ms fetching 6.912 ms
INFO: at 7690.615 ms batch [37.513] delay 9.877 ms
INFO: at 7690.615 ms fetching 37.513 ms
INFO: at 7701.485 ms batch [51.982] delay 9.877 ms
INFO: at 7701.485 ms fetching 51.982 ms
INFO: at 7712.354 ms batch [21.243] delay 9.877 ms
INFO: at 7712.354 ms fetching 21.243 ms
INFO: at 7723.234 ms batch [27.314] delay 9.877 ms
INFO: at 7723.234 ms fetching 27.314 ms
INFO: at 7734.130 ms batch [7.930] delay 9.877 ms
INFO: at 7734.130 ms fetching 7.930 ms
INFO: at 7745.006 ms batch [10.795] delay 9.877 ms
INFO: at 7745.006 ms fetching 10.795 ms
INFO: at 7756.940 ms batch [28.093] delay 9.877 ms
INFO: at 7756.940 ms fetching 28.093 ms
INFO: at 7767.709 ms batch [20.547] delay 9.877 ms
INFO: at 7767.709 ms fetching 20.547 ms
INFO: at 7778.285 ms batch [36.260] delay 9.877 ms
INFO: at 7778.285 ms fetching 36.260 ms
INFO: at 7789.155 ms batch [24.063] delay 9.877 ms
INFO: at 7789.155 ms fetching 24.063 ms
INFO: at 7799.991 ms batch [23.438] delay 19.755 ms
INFO: at 7799.991 ms fetching 23.438 ms
INFO: at 7821.810 ms batch [17.371] delay 19.755 ms
INFO: at 7821.810 ms fetching 17.371 ms
INFO: at 7841.746 ms batch [8.572] delay 19.755 ms
INFO: at 7841.746 ms fetching 8.572 ms
INFO: at 7861.823 ms batch [18.548] delay 19.755 ms
INFO: at 7861.823 ms fetching 18.548 ms
INFO: at 7881.768 ms batch [9.859] delay 19.755 ms
INFO: at 7881.768 ms fetching 9.859 ms
INFO: at 7901.919 ms batch [9.520] delay 24.693 ms
INFO: at 7901.919 ms fetching 9.520 ms
INFO: at 7928.653 ms batch [23.295] delay 24.693 ms
INFO: at 7928.653 ms fetching 23.295 ms
INFO: at 7953.950 ms batch [24.379] delay 24.693 ms
INFO: at 7953.950 ms fetching 24.379 ms
INFO: at 7979.107 ms batch [21.802] delay 24.693 ms
INFO: at 7979.107 ms fetching 21.802 ms
INFO: at 8004.793 ms batch [19.388] delay 24.693 ms
INFO: at 8004.793 ms fetching 19.388 ms
INFO: at 8030.331 ms batch [11.535] delay 24.693 ms
INFO: at 8030.331 ms fetching 11.535 ms
INFO: at 8055.887 ms batch [38.132] delay 24.693 ms
INFO: at 8055.887 ms fetching 38.132 ms
INFO: at 8080.972 ms batch [16.565] delay 24.693 ms
INFO: at 8080.972 ms fetching 16.565 ms
INFO: at 8105.840 ms batch [25.031] delay 19.755 ms
INFO: at 8105.840 ms fetching 25.031 ms
INFO: at 8127.628 ms batch [15.872] delay 19.755 ms
INFO: at 8127.628 ms fetching 15.872 ms
INFO: at 8147.560 ms batch [16.212] delay 19.755 ms
INFO: at 8147.560 ms fetching 16.212 ms
INFO: at 8168.117 ms batch [23.269] delay 19.755 ms
INFO: at 8168.117 ms fetching 23.269 ms
INFO: at 8188.428 ms batch [45.985] delay 19.755 ms
INFO: at 8188.428 ms fetching 45.985 ms
INFO: at 8209.032 ms batch [18.628] delay 14.110 ms
INFO: at 8209.032 ms fetching 18.628 ms
INFO: at 8223.869 ms batch [17.474] delay 14.110 ms
INFO: at 8223.869 ms fetching 17.474 ms
INFO: at 8238.377 ms batch [6.900] delay 14.110 ms
INFO: at 8238.377 ms fetching 6.900 ms
INFO: at 8253.230 ms batch [19.748] delay 14.110 ms
INFO: at 8253.230 ms fetching 19.748 ms
INFO: at 8267.615 ms batch [7.760] delay 14.110 ms
INFO: at 8267.615 ms fetching 7.760 ms
INFO: at 8282.638 ms batch [49.983] delay 14.110 ms
INFO: at 8282.638 ms fetching 49.983 ms
INFO: at 8297.192 ms batch [24.379] delay 14.110 ms
INFO: at 8297.192 ms fetching 24.379 ms
INFO: at 8311.557 ms batch [14.646] delay 19.755 ms
INFO: at 8311.557 ms fetching 14.646 ms
INFO: at 8332.121 ms batch [23.738] delay 19.755 ms
INFO: at 8332.121 ms fetching 23.738 ms
INFO: at 8352.841 ms batch [14.193] delay 19.755 ms
INFO: at 8352.841 ms fetching 14.193 ms
INFO: at 8374.595 ms batch [32.682] delay 19.755 ms
INFO: at 8374.595 ms fetching 32.682 ms
INFO: at 8396.203 ms batch [12.054] delay 19.755 ms
INFO: at 8396.203 ms fetching 12.054 ms
INFO: at 8416.770 ms batch [25.994] delay 24.693 ms
INFO: at 8416.770 ms fetching 25.994 ms
INFO: at 8441.670 ms batch [17.983] delay 24.693 ms
INFO: at 8441.670 ms fetching 17.983 ms
INFO: at 8467.439 ms batch [5.963] delay 24.693 ms
INFO: at 8467.439 ms fetching 5.963 ms
INFO: at 8493.286 ms batch [30.577] delay 24.693 ms
INFO: at 8493.286 ms fetching 30.577 ms
INFO: at 8518.375 ms batch [15.715] delay 19.755 ms
INFO: at 8518.375 ms fetching 15.715 ms
INFO: at 8538.664 ms batch [19.699] delay 19.755 ms
INFO: at 8538.664 ms fetching 19.699 ms
INFO: at 8559.199 ms batch [22.122] delay 19.755 ms
INFO: at 8559.199 ms fetching 22.122 ms
INFO: at 8579.989 ms batch [14.494] delay 19.755 ms
INFO: at 8579.989 ms fetching 14.494 ms
INFO: at 8600.461 ms batch [73.071] delay 19.755 ms
INFO: at 8600.461 ms fetching 73.071 ms
INFO: at 8621.317 ms batch [26.696] delay 16.462 ms
INFO: at 8621.317 ms fetching 26.696 ms
INFO: at 8638.505 ms batch [11.935] delay 16.462 ms
INFO: at 8638.505 ms fetching 11.935 ms
INFO: at 8655.328 ms batch [61.489] delay 16.462 ms
INFO: at 8655.328 ms fetching 61.489 ms
INFO: at 8672.895 ms batch [25.608] delay 16.462 ms
INFO: at 8672.895 ms fetching 25.608 ms
INFO: at 8689.840 ms batch [36.024] delay 16.462 ms
INFO: at 8689.840 ms fetching 36.024 ms
INFO: at 8706.732 ms batch [27.400] delay 16.462 ms
INFO: at 8706.732 ms fetching 27.400 ms
INFO: at 8723.827 ms batch [27.368] delay 19.755 ms
INFO: at 8723.827 ms fetching 27.368 ms
INFO: at 8744.583 ms batch [10.644] delay 19.755 ms
INFO: at 8744.583 ms fetching 10.644 ms
INFO: at 8765.468 ms batch [10.656] delay 19.755 ms
INFO: at 8765.468 ms fetching 10.656 ms
INFO: at 8786.239 ms batch [15.625] delay 19.755 ms
INFO: at 8786.239 ms fetching 15.625 ms
INFO: at 8806.744 ms batch [18.768] delay 19.755 ms
INFO: at 8806.744 ms fetching 18.768 ms
INFO: at 8827.647 ms batch [28.889] delay 14.110 ms
INFO: at 8827.647 ms fetching 28.889 ms
INFO: at 8842.677 ms batch [10.560] delay 14.110 ms
INFO: at 8842.677 ms fetching 10.560 ms
INFO: at 8857.557 ms batch [16.180] delay 14.110 ms
INFO: at 8857.557 ms fetching 16.180 ms
INFO: at 8873.536 ms batch [10.983] delay 14.110 ms
INFO: at 8873.536 ms fetching 10.983 ms
INFO: at 8888.395 ms batch [14.884] delay 14.110 ms
INFO: at 8888.395 ms fetching 14.884 ms
INFO: at 8903.548 ms batch [27.625] delay 14.110 ms
INFO: at 8903.548 ms fetching 27.625 ms
INFO: at 8918.106 ms batch [36.798] delay 14.110 ms
INFO: at 8918.106 ms fetching 36.798 ms
INFO: at 8933.356 ms batch [22.472] delay 24.693 ms
INFO: at 8933.356 ms fetching 22.472 ms
INFO: at 8958.256 ms batch [24.387] delay 24.693 ms
INFO: at 8958.256 ms fetching 24.387 ms
INFO: at 8983.136 ms batch [17.296] delay 24.693 ms
INFO: at 8983.136 ms fetching 17.296 ms
INFO: at 9008.230 ms batch [16.578] delay 24.693 ms
INFO: at 9008.230 ms fetching 16.578 ms
INFO: at 9033.525 ms batch [40.494] delay 19.755 ms
INFO: at 9033.525 ms fetching 40.494 ms
INFO: at 9054.252 ms batch [10.753] delay 19.755 ms
INFO: at 9054.252 ms fetching 10.753 ms
INFO: at 9074.330 ms batch [28.498] delay 19.755 ms
INFO: at 9074.330 ms fetching 28.498 ms
INFO: at 9095.126 ms batch [18.561] delay 19.755 ms
INFO: at 9095.126 ms fetching 18.561 ms
INFO: at 9115.630 ms batch [24.615] delay 19.755 ms
INFO: at 9115.630 ms fetching 24.615 ms
INFO: at 9136.427 ms batch [9.095] delay 19.755 ms
INFO: at 9136.427 ms fetching 9.095 ms
INFO: at 9157.700 ms batch [43.329] delay 19.755 ms
INFO: at 9157.700 ms fetching 43.329 ms
INFO: at 9178.063 ms batch [17.705] delay 19.755 ms
INFO: at 9178.063 ms fetching 17.705 ms
INFO: at 9198.943 ms batch [42.871] delay 19.755 ms
INFO: at 9198.943 ms fetching 42.871 ms
INFO: at 9219.627 ms batch [83.728] delay 19.755 ms
INFO: at 9219.627 ms fetching 83.728 ms
INFO: at 9240.323 ms batch [42.174] delay 16.462 ms
INFO: at 9240.323 ms fetching 42.174 ms
INFO: at 9257.275 ms batch [26.053] delay 16.462 ms
INFO: at 9257.275 ms fetching 26.053 ms
INFO: at 9274.151 ms batch [15.089] delay 16.462 ms
INFO: at 9274.151 ms fetching 15.089 ms
INFO: at 9291.015 ms batch [10.726] delay 16.462 ms
INFO: at 9291.015 ms fetching 10.726 ms
INFO: at 9308.580 ms batch [19.684] delay 16.462 ms
INFO: at 9308.580 ms fetching 19.684 ms
INFO: at 9325.994 ms batch [16.716] delay 16.462 ms
INFO: at 9325.994 ms fetching 16.716 ms
INFO: at 9342.771 ms batch [23.397] delay 14.110 ms
INFO: at 9342.771 ms fetching 23.397 ms
INFO: at 9357.726 ms batch [19.064] delay 14.110 ms
INFO: at 9357.726 ms fetching 19.064 ms
INFO: at 9372.650 ms batch [24.752] delay 14.110 ms
INFO: at 9372.650 ms fetching 24.752 ms
INFO: at 9387.728 ms batch [30.838] delay 14.110 ms
INFO: at 9387.728 ms fetching 30.838 ms
INFO: at 9402.714 ms batch [16.280] delay 14.110 ms
INFO: at 9402.714 ms fetching 16.280 ms
INFO: at 9417.346 ms batch [17.316] delay 14.110 ms
INFO: at 9417.346 ms fetching 17.316 ms
INFO: at 9432.195 ms batch [38.911] delay 14.110 ms
INFO: at 9432.195 ms fetching 38.911 ms
INFO: at 9446.724 ms batch [10.955] delay 19.755 ms
INFO: at 9446.724 ms fetching 10.955 ms
INFO: at 9467.515 ms batch [48.207] delay 19.755 ms
INFO: at 9467.515 ms fetching 48.207 ms
INFO: at 9488.178 ms batch [21.082] delay 19.755 ms
INFO: at 9488.178 ms fetching 21.082 ms
INFO: at 9508.162 ms batch [25.291] delay 19.755 ms
INFO: at 9508.162 ms fetching 25.291 ms
INFO: at 9528.931 ms batch [41.302] delay 19.755 ms
INFO: at 9528.931 ms fetching 41.302 ms
INFO: at 9549.773 ms batch [28.852] delay 19.755 ms
INFO: at 9549.773 ms fetching 28.852 ms
INFO: at 9570.393 ms batch [21.924] delay 19.755 ms
INFO: at 9570.393 ms fetching 21.924 ms
INFO: at 9591.215 ms batch [6.297] delay 19.755 ms
INFO: at 9591.215 ms fetching 6.297 ms
INFO: at 9612.085 ms batch [10.837] delay 19.755 ms
INFO: at 9612.085 ms fetching 10.837 ms
INFO: at 9632.147 ms batch [6.600] delay 19.755 ms
INFO: at 9632.147 ms fetching 6.600 ms
INFO: at 9652.418 ms batch [10.541] delay 14.110 ms
INFO: at 9652.418 ms fetching 10.541 ms
INFO: at 9667.285 ms batch [30.686] delay 14.110 ms
INFO: at 9667.285 ms fetching 30.686 ms
INFO: at 9682.239 ms batch [20.300] delay 14.110 ms
INFO: at 9682.239 ms fetching 20.300 ms
INFO: at 9697.148 ms batch [16.941] delay 14.110 ms
INFO: at 9697.148 ms fetching 16.941 ms
INFO: at 9712.312 ms batch [33.668] delay 14.110 ms
INFO: at 9712.312 ms fetching 33.668 ms
INFO: at 9726.690 ms batch [14.236] delay 14.110 ms
INFO: at 9726.690 ms fetching 14.236 ms
INFO: at 9741.536 ms batch [7.761] delay 14.110 ms
INFO: at 9741.536 ms fetching 7.761 ms
INFO: at 9756.401 ms batch [25.067] delay 16.462 ms
INFO: at 9756.401 ms fetching 25.067 ms
INFO: at 9773.290 ms batch [15.954] delay 16.462 ms
INFO: at 9773.290 ms fetching 15.954 ms
INFO: at 9789.922 ms batch [20.391] delay 16.462 ms
INFO: at 9789.922 ms fetching 20.391 ms
INFO: at 9806.808 ms batch [25.657] delay 16.462 ms
INFO: at 9806.808 ms fetching 25.657 ms
INFO: at 9823.875 ms batch [18.276] delay 16.462 ms
INFO: at 9823.875 ms fetching 18.276 ms
INFO: at 9840.614 ms batch [18.211] delay 16.462 ms
INFO: at 9840.614 ms fetching 18.211 ms
INFO: at 9858.110 ms batch [15.848] delay 24.693 ms
INFO: at 9858.110 ms fetching 15.848 ms
INFO: at 9883.065 ms batch [29.421] delay 24.693 ms
INFO: at 9883.065 ms fetching 29.421 ms
INFO: at 9908.573 ms batch [20.516] delay 24.693 ms
INFO: at 9908.573 ms fetching 20.516 ms
INFO: at 9934.229 ms batch [6.955] delay 24.693 ms
INFO: at 9934.229 ms fetching 6.955 ms
INFO: at 9961.060 ms batch [32.214] delay 24.693 ms
INFO: at 9961.060 ms fetching 32.214 ms
INFO: at 9986.522 ms batch [29.914] delay 24.693 ms
INFO: at 9986.522 ms fetching 29.914 ms
INFO: at 10011.426 ms batch [9.856] delay 24.693 ms
INFO: at 10011.426 ms fetching 9.856 ms
INFO: at 10037.036 ms batch [13.061] delay 24.693 ms
INFO: at 10037.036 ms fetching 13.061 ms
INFO: at 10062.564 ms batch [29.204] delay 16.462 ms
INFO: at 10062.564 ms fetching 29.204 ms
INFO: at 10080.121 ms batch [5.498] delay 16.462 ms
INFO: at 10080.121 ms fetching 5.498 ms
INFO: at 10098.562 ms batch [33.889] delay 16.462 ms
INFO: at 10098.562 ms fetching 33.889 ms
INFO: at 10115.648 ms batch [21.364] delay 16.462 ms
INFO: at 10115.648 ms fetching 21.364 ms
INFO: at 10132.410 ms batch [19.795] delay 16.462 ms
INFO: at 10132.410 ms fetching 19.795 ms
INFO: at 10149.137 ms batch [60.451] delay 16.462 ms
INFO: at 10149.137 ms fetching 60.451 ms
INFO: at 10167.759 ms batch [24.124] delay 19.755 ms
INFO: at 10167.759 ms fetching 24.124 ms
INFO: at 10187.700 ms batch [11.831] delay 19.755 ms
INFO: at 10187.700 ms fetching 11.831 ms
INFO: at 10208.305 ms batch [31.871] delay 19.755 ms
INFO: at 10208.305 ms fetching 31.871 ms
INFO: at 10229.002 ms batch [22.354] delay 19.755 ms
INFO: at 10229.002 ms fetching 22.354 ms
INFO: at 10249.146 ms batch [17.224] delay 19.755 ms
INFO: at 10249.146 ms fetching 17.224 ms
INFO: at 10269.867 ms batch [20.196] delay 14.110 ms
INFO: at 10269.867 ms fetching 20.196 ms
INFO: at 10284.616 ms batch [32.617] delay 14.110 ms
INFO: at 10284.616 ms fetching 32.617 ms
INFO: at 10299.042 ms batch [41.235] delay 14.110 ms
INFO: at 10299.042 ms fetching 41.235 ms
INFO: at 10313.739 ms batch [15.990] delay 14.110 ms
INFO: at 10313.739 ms fetching 15.990 ms
INFO: at 10328.762 ms batch [26.184] delay 14.110 ms
INFO: at 10328.762 ms fetching 26.184 ms
INFO: at 10343.787 ms batch [38.821] delay 14.110 ms
INFO: at 10343.787 ms fetching 38.821 ms
INFO: at 10358.495 ms batch [29.442] delay 14.110 ms
INFO: at 10358.495 ms fetching 29.442 ms
INFO: at 10373.401 ms batch [21.175] delay 16.462 ms
INFO: at 10373.401 ms fetching 21.175 ms
INFO: at 10390.455 ms batch [27.765] delay 16.462 ms
INFO: at 10390.455 ms fetching 27.765 ms
INFO: at 10407.392 ms batch [20.876] delay 16.462 ms
INFO: at 10407.392 ms fetching 20.876 ms
INFO: at 10424.032 ms batch [21.378] delay 16.462 ms
INFO: at 10424.032 ms fetching 21.378 ms
INFO: at 10441.190 ms batch [13.798] delay 16.462 ms
INFO: at 10441.190 ms fetching 13.798 ms
INFO: at 10458.072 ms batch [32.464] delay 16.462 ms
INFO: at 10458.072 ms fetching 32.464 ms
INFO: at 10474.938 ms batch [33.490] delay 16.462 ms
INFO: at 10474.938 ms fetching 33.490 ms
INFO: at 10491.926 ms batch [23.448] delay 16.462 ms
INFO: at 10491.926 ms fetching 23.448 ms
INFO: at 10508.858 ms batch [39.187] delay 16.462 ms
INFO: at 10508.858 ms fetching 39.187 ms
INFO: at 10525.931 ms batch [21.968] delay 16.462 ms
INFO: at 10525.931 ms fetching 21.968 ms
INFO: at 10542.573 ms batch [27.226] delay 16.462 ms
INFO: at 10542.573 ms fetching 27.226 ms
INFO: at 10561.110 ms batch [15.259] delay 16.462 ms
INFO: at 10561.110 ms fetching 15.259 ms
INFO: at 10578.455 ms batch [20.202] delay 24.693 ms
INFO: at 10578.455 ms fetching 20.202 ms
INFO: at 10603.398 ms batch [39.161] delay 24.693 ms
INFO: at 10603.398 ms fetching 39.161 ms
INFO: at 10629.088 ms batch [31.469] delay 24.693 ms
INFO: at 10629.088 ms fetching 31.469 ms
INFO: at 10654.329 ms batch [21.284] delay 24.693 ms
INFO: at 10654.329 ms fetching 21.284 ms
INFO: at 10680.051 ms batch [39.898] delay 16.462 ms
INFO: at 10680.051 ms fetching 39.898 ms
INFO: at 10698.560 ms batch [8.690] delay 16.462 ms
INFO: at 10698.560 ms fetching 8.690 ms
INFO: at 10715.797 ms batch [23.772] delay 16.462 ms
INFO: at 10715.797 ms fetching 23.772 ms
INFO: at 10732.586 ms batch [24.963] delay 16.462 ms
INFO: at 10732.586 ms fetching 24.963 ms
INFO: at 10749.405 ms batch [8.035] delay 16.462 ms
INFO: at 10749.405 ms fetching 8.035 ms
INFO: at 10766.519 ms batch [18.993] delay 16.462 ms
INFO: at 10766.519 ms fetching 18.993 ms
INFO: at 10783.425 ms batch [22.159] delay 12.347 ms
INFO: at 10783.425 ms fetching 22.159 ms
INFO: at 10795.985 ms batch [12.085] delay 12.347 ms
INFO: at 10795.985 ms fetching 12.085 ms
INFO: at 10808.515 ms batch [12.828] delay 12.347 ms
INFO: at 10808.515 ms fetching 12.828 ms
INFO: at 10821.079 ms batch [13.819] delay 12.347 ms
INFO: at 10821.079 ms fetching 13.819 ms
INFO: at 10833.957 ms batch [31.562] delay 12.347 ms
INFO: at 10833.957 ms fetching 31.562 ms
INFO: at 10847.065 ms batch [86.978] delay 12.347 ms
INFO: at 10847.065 ms fetching 86.978 ms
INFO: at 10859.878 ms batch [12.074] delay 12.347 ms
INFO: at 10859.878 ms fetching 12.074 ms
INFO: at 10872.620 ms batch [22.774] delay 12.347 ms
INFO: at 10872.620 ms fetching 22.774 ms
INFO: at 10886.839 ms batch [28.797] delay 16.462 ms
INFO: at 10886.839 ms fetching 28.797 ms
INFO: at 10903.946 ms batch [47.691] delay 16.462 ms
INFO: at 10903.946 ms fetching 47.691 ms
INFO: at 10920.606 ms batch [28.323] delay 16.462 ms
INFO: at 10920.606 ms fetching 28.323 ms
INFO: at 10937.645 ms batch [36.454] delay 16.462 ms
INFO: at 10937.645 ms fetching 36.454 ms
INFO: at 10954.355 ms batch [20.951] delay 16.462 ms
INFO: at 10954.355 ms fetching 20.951 ms
INFO: at 10971.443 ms batch [36.773] delay 16.462 ms
INFO: at 10971.443 ms fetching 36.773 ms
INFO: at 10988.100 ms batch [15.912] delay 14.110 ms
INFO: at 10988.100 ms fetching 15.912 ms
INFO: at 11002.971 ms batch [5.498] delay 14.110 ms
INFO: at 11002.971 ms fetching 5.498 ms
INFO: at 11017.268 ms batch [21.393] delay 14.110 ms
INFO: at 11017.268 ms fetching 21.393 ms
INFO: at 11032.100 ms batch [27.233] delay 14.110 ms
INFO: at 11032.100 ms fetching 27.233 ms
INFO: at 11046.642 ms batch [15.371] delay 14.110 ms
INFO: at 11046.642 ms fetching 15.371 ms
INFO: at 11062.012 ms batch [14.447] delay 14.110 ms
INFO: at 11062.012 ms fetching 14.447 ms
INFO: at 11077.197 ms batch [12.874] delay 14.110 ms
INFO: at 11077.197 ms fetching 12.874 ms
INFO: at 11091.786 ms batch [37.938] delay 19.755 ms
INFO: at 11091.786 ms fetching 37.938 ms
INFO: at 11112.684 ms batch [24.947] delay 19.755 ms
INFO: at 11112.684 ms fetching 24.947 ms
INFO: at 11133.430 ms batch [22.330] delay 19.755 ms
INFO: at 11133.430 ms fetching 22.330 ms
INFO: at 11154.690 ms batch [31.830] delay 19.755 ms
INFO: at 11154.690 ms fetching 31.830 ms
INFO: at 11175.031 ms batch [23.663] delay 19.755 ms
INFO: at 11175.031 ms fetching 23.663 ms
INFO: at 11195.553 ms batch [15.727] delay 14.110 ms
INFO: at 11195.553 ms fetching 15.727 ms
INFO: at 11210.652 ms batch [13.034] delay 14.110 ms
INFO: at 11210.652 ms fetching 13.034 ms
INFO: at 11225.927 ms batch [14.915] delay 14.110 ms
INFO: at 11225.927 ms fetching 14.915 ms
INFO: at 11240.964 ms batch [31.732] delay 14.110 ms
INFO: at 11240.964 ms fetching 31.732 ms
INFO: at 11255.541 ms batch [8.493] delay 14.110 ms
INFO: at 11255.541 ms fetching 8.493 ms
INFO: at 11270.840 ms batch [5.938] delay 14.110 ms
INFO: at 11270.840 ms fetching 5.938 ms
INFO: at 11286.021 ms batch [20.362] delay 14.110 ms
INFO: at 11286.021 ms fetching 20.362 ms
INFO: at 11300.934 ms batch [53.139] delay 16.462 ms
INFO: at 11300.934 ms fetching 53.139 ms
INFO: at 11318.119 ms batch [43.454] delay 16.462 ms
INFO: at 11318.119 ms fetching 43.454 ms
INFO: at 11334.900 ms batch [18.487] delay 16.462 ms
INFO: at 11334.900 ms fetching 18.487 ms
INFO: at 11351.981 ms batch [10.691] delay 16.462 ms
INFO: at 11351.981 ms fetching 10.691 ms
INFO: at 11368.873 ms batch [29.471] delay 16.462 ms
INFO: at 11368.873 ms fetching 29.471 ms
INFO: at 11385.710 ms batch [39.318] delay 16.462 ms
INFO: at 11385.710 ms fetching 39.318 ms
INFO: at 11403.152 ms batch [38.095] delay 19.755 ms
INFO: at 11403.152 ms fetching 38.095 ms
INFO: at 11423.503 ms batch [35.773] delay 19.755 ms
INFO: at 11423.503 ms fetching 35.773 ms
INFO: at 11444.398 ms batch [18.620] delay 19.755 ms
INFO: at 11444.398 ms fetching 18.620 ms
INFO: at 11465.255 ms batch [50.890] delay 19.755 ms
INFO: at 11465.255 ms fetching 50.890 ms
INFO: at 11485.305 ms batch [22.204] delay 19.755 ms
INFO: at 11485.305 ms fetching 22.204 ms
INFO: at 11506.077 ms batch [41.031] delay 32.924 ms
INFO: at 11506.077 ms fetching 41.031 ms
INFO: at 11540.469 ms batch [33.174] delay 32.924 ms
INFO: at 11540.469 ms fetching 33.174 ms
INFO: at 11573.890 ms batch [29.763] delay 32.924 ms
INFO: at 11573.890 ms fetching 29.763 ms
INFO: at 11607.578 ms batch [45.473] delay 24.693 ms
INFO: at 11607.578 ms fetching 45.473 ms
INFO: at 11632.809 ms batch [19.448] delay 24.693 ms
INFO: at 11632.809 ms fetching 19.448 ms
INFO: at 11657.982 ms batch [18.497] delay 24.693 ms
INFO: at 11657.982 ms fetching 18.497 ms
INFO: at 11682.950 ms batch [23.120] delay 24.693 ms
INFO: at 11682.950 ms fetching 23.120 ms
INFO: at 11708.373 ms batch [7.869] delay 24.693 ms
INFO: at 11708.373 ms fetching 7.869 ms
INFO: at 11734.207 ms batch [28.464] delay 24.693 ms
INFO: at 11734.207 ms fetching 28.464 ms
INFO: at 11759.270 ms batch [16.025] delay 24.693 ms
INFO: at 11759.270 ms fetching 16.025 ms
INFO: at 11784.301 ms batch [8.287] delay 24.693 ms
INFO: at 11784.301 ms fetching 8.287 ms
INFO: at 11809.391 ms batch [48.398] delay 24.693 ms
INFO: at 11809.391 ms fetching 48.398 ms
INFO: at 11834.594 ms batch [44.895] delay 24.693 ms
INFO: at 11834.594 ms fetching 44.895 ms
INFO: at 11860.453 ms batch [19.216] delay 24.693 ms
INFO: at 11860.453 ms fetching 19.216 ms
INFO: at 11885.608 ms batch [15.833] delay 24.693 ms
INFO: at 11885.608 ms fetching 15.833 ms
INFO: at 11910.811 ms batch [33.729] delay 32.924 ms
INFO: at 11910.811 ms fetching 33.729 ms
INFO: at 11943.984 ms batch [19.890] delay 32.924 ms
INFO: at 11943.984 ms fetching 19.890 ms
INFO: at 11978.051 ms batch [42.712] delay 32.924 ms
INFO: at 11978.051 ms fetching 42.712 ms
INFO: at 12011.825 ms batch [27.066] delay 24.693 ms
INFO: at 12011.825 ms fetching 27.066 ms
INFO: at 12036.872 ms batch [7.077] delay 24.693 ms
INFO: at 12036.872 ms fetching 7.077 ms
INFO: at 12062.054 ms batch [19.836] delay 24.693 ms
INFO: at 12062.054 ms fetching 19.836 ms
INFO: at 12087.373 ms batch [20.354] delay 24.693 ms
INFO: at 12087.373 ms fetching 20.354 ms
INFO: at 12112.484 ms batch [14.427] delay 19.755 ms
INFO: at 12112.484 ms fetching 14.427 ms
INFO: at 12133.405 ms batch [23.172] delay 19.755 ms
INFO: at 12133.405 ms fetching 23.172 ms
INFO: at 12153.339 ms batch [11.765] delay 19.755 ms
INFO: at 12153.339 ms fetching 11.765 ms
INFO: at 12174.352 ms batch [46.979] delay 19.755 ms
INFO: at 12174.352 ms fetching 46.979 ms
INFO: at 12195.185 ms batch [17.605] delay 19.755 ms
INFO: at 12195.185 ms fetching 17.605 ms
INFO: at 12215.479 ms batch [30.589] delay 16.462 ms
INFO: at 12215.479 ms fetching 30.589 ms
INFO: at 12232.680 ms batch [23.902] delay 16.462 ms
INFO: at 12232.680 ms fetching 23.902 ms
INFO: at 12249.561 ms batch [18.606] delay 16.462 ms
INFO: at 12249.561 ms fetching 18.606 ms
INFO: at 12266.329 ms batch [13.198] delay 16.462 ms
INFO: at 12266.329 ms fetching 13.198 ms
INFO: at 12283.844 ms batch [22.744] delay 16.462 ms
INFO: at 12283.844 ms fetching 22.744 ms
INFO: at 12300.660 ms batch [20.570] delay 16.462 ms
INFO: at 12300.660 ms fetching 20.570 ms
INFO: at 12317.584 ms batch [23.267] delay 19.755 ms
INFO: at 12317.584 ms fetching 23.267 ms
INFO: at 12338.377 ms batch [28.801] delay 19.755 ms
INFO: at 12338.377 ms fetching 28.801 ms
INFO: at 12358.800 ms batch [19.604] delay 19.755 ms
INFO: at 12358.800 ms fetching 19.604 ms
INFO: at 12378.916 ms batch [28.392] delay 19.755 ms
INFO: at 12378.916 ms fetching 28.392 ms
INFO: at 12399.459 ms batch [21.367] delay 19.755 ms
INFO: at 12399.459 ms fetching 21.367 ms
INFO: at 12421.247 ms batch [35.291] delay 24.693 ms
INFO: at 12421.247 ms fetching 35.291 ms
INFO: at 12446.990 ms batch [9.520] delay 24.693 ms
INFO: at 12446.990 ms fetching 9.520 ms
INFO: at 12472.847 ms batch [20.296] delay 24.693 ms
INFO: at 12472.847 ms fetching 20.296 ms
INFO: at 12498.173 ms batch [24.023] delay 24.693 ms
INFO: at 12498.173 ms fetching 24.023 ms
INFO: at 12523.087 ms batch [41.438] delay 16.462 ms
INFO: at 12523.087 ms fetching 41.438 ms
INFO: at 12540.919 ms batch [7.873] delay 16.462 ms
INFO: at 12540.919 ms fetching 7.873 ms
INFO: at 12558.682 ms batch [12.511] delay 16.462 ms
INFO: at 12558.682 ms fetching 12.511 ms
INFO: at 12576.132 ms batch [28.456] delay 16.462 ms
INFO: at 12576.132 ms fetching 28.456 ms
INFO: at 12593.689 ms batch [9.384] delay 16.462 ms
INFO: at 12593.689 ms fetching 9.384 ms
INFO: at 12611.287 ms batch [70.106] delay 16.462 ms
INFO: at 12611.287 ms fetching 70.106 ms
INFO: at 12628.600 ms batch [42.117] delay 32.924 ms
INFO: at 12628.600 ms fetching 42.117 ms
INFO: at 12662.488 ms batch [30.438] delay 32.924 ms
INFO: at 12662.488 ms fetching 30.438 ms
INFO: at 12695.644 ms batch [34.626] delay 32.924 ms
INFO: at 12695.644 ms fetching 34.626 ms
INFO: at 12729.107 ms batch [10.685] delay 24.693 ms
INFO: at 12729.107 ms fetching 10.685 ms
INFO: at 12754.679 ms batch [24.850] delay 24.693 ms
INFO: at 12754.679 ms fetching 24.850 ms
INFO: at 12780.070 ms batch [26.253] delay 24.693 ms
INFO: at 12780.070 ms fetching 26.253 ms
INFO: at 12804.946 ms batch [17.393] delay 24.693 ms
INFO: at 12804.946 ms fetching 17.393 ms
INFO: at 12830.142 ms batch [24.526] delay 19.755 ms
INFO: at 12830.142 ms fetching 24.526 ms
INFO: at 12851.021 ms batch [11.539] delay 19.755 ms
INFO: at 12851.021 ms fetching 11.539 ms
INFO: at 12871.650 ms batch [22.518] delay 19.755 ms
INFO: at 12871.650 ms fetching 22.518 ms
INFO: at 12891.944 ms batch [32.422] delay 19.755 ms
INFO: at 12891.944 ms fetching 32.422 ms
INFO: at 12913.102 ms batch [27.560] delay 19.755 ms
INFO: at 12913.102 ms fetching 27.560 ms
INFO: at 12933.302 ms batch [38.607] delay 19.755 ms
INFO: at 12933.302 ms fetching 38.607 ms
INFO: at 12953.693 ms batch [19.546] delay 19.755 ms
INFO: at 12953.693 ms fetching 19.546 ms
INFO: at 12974.132 ms batch [13.822] delay 19.755 ms
INFO: at 12974.132 ms fetching 13.822 ms
INFO: at 12994.492 ms batch [25.022] delay 19.755 ms
INFO: at 12994.492 ms fetching 25.022 ms
INFO: at 13015.372 ms batch [10.950] delay 19.755 ms
INFO: at 13015.372 ms fetching 10.950 ms
INFO: at 13035.480 ms batch [32.665] delay 19.755 ms
INFO: at 13035.480 ms fetching 32.665 ms
INFO: at 13056.388 ms batch [41.430] delay 19.755 ms
INFO: at 13056.388 ms fetching 41.430 ms
INFO: at 13076.857 ms batch [20.510] delay 19.755 ms
INFO: at 13076.857 ms fetching 20.510 ms
INFO: at 13097.185 ms batch [30.740] delay 19.755 ms
INFO: at 13097.185 ms fetching 30.740 ms
INFO: at 13117.577 ms batch [19.658] delay 19.755 ms
INFO: at 13117.577 ms fetching 19.658 ms
INFO: at 13137.986 ms batch [25.196] delay 32.924 ms
INFO: at 13137.986 ms fetching 25.196 ms
INFO: at 13173.017 ms batch [14.867] delay 32.924 ms
INFO: at 13173.017 ms fetching 14.867 ms
INFO: at 13206.314 ms batch [27.559] delay 32.924 ms
INFO: at 13206.314 ms fetching 27.559 ms
INFO: at 13240.387 ms batch [22.312] delay 24.693 ms
INFO: at 13240.387 ms fetching 22.312 ms
INFO: at 13265.350 ms batch [34.468] delay 24.693 ms
INFO: at 13265.350 ms fetching 34.468 ms
INFO: at 13291.169 ms batch [21.874] delay 24.693 ms
INFO: at 13291.169 ms fetching 21.874 ms
INFO: at 13316.530 ms batch [36.532] delay 24.693 ms
INFO: at 13316.530 ms fetching 36.532 ms
INFO: at 13342.256 ms batch [34.945] delay 16.462 ms
INFO: at 13342.256 ms fetching 34.945 ms
INFO: at 13359.424 ms batch [37.597] delay 16.462 ms
INFO: at 13359.424 ms fetching 37.597 ms
INFO: at 13376.987 ms batch [25.373] delay 16.462 ms
INFO: at 13376.987 ms fetching 25.373 ms
INFO: at 13393.787 ms batch [13.222] delay 16.462 ms
INFO: at 13393.787 ms fetching 13.222 ms
INFO: at 13410.672 ms batch [18.577] delay 16.462 ms
INFO: at 13410.672 ms fetching 18.577 ms
INFO: at 13428.799 ms batch [12.775] delay 16.462 ms
INFO: at 13428.799 ms fetching 12.775 ms
INFO: at 13445.809 ms batch [47.244] delay 32.924 ms
INFO: at 13445.809 ms fetching 47.244 ms
INFO: at 13479.737 ms batch [21.362] delay 32.924 ms
INFO: at 13479.737 ms fetching 21.362 ms
INFO: at 13514.415 ms batch [13.135] delay 32.924 ms
INFO: at 13514.415 ms fetching 13.135 ms
INFO: at 13548.033 ms batch [11.230] delay 16.462 ms
INFO: at 13548.033 ms fetching 11.230 ms
INFO: at 13566.157 ms batch [31.300] delay 16.462 ms
INFO: at 13566.157 ms fetching 31.300 ms
INFO: at 13583.478 ms batch [9.179] delay 16.462 ms
INFO: at 13583.478 ms fetching 9.179 ms
INFO: at 13601.068 ms batch [45.416] delay 16.462 ms
INFO: at 13601.068 ms fetching 45.416 ms
INFO: at 13618.338 ms batch [20.648] delay 16.462 ms
INFO: at 13618.338 ms fetching 20.648 ms
INFO: at 13635.717 ms batch [12.679] delay 16.462 ms
INFO: at 13635.717 ms fetching 12.679 ms
INFO: at 13652.661 ms batch [29.880] delay 24.693 ms
INFO: at 13652.661 ms fetching 29.880 ms
INFO: at 13677.558 ms batch [21.226] delay 24.693 ms
INFO: at 13677.558 ms fetching 21.226 ms
INFO: at 13703.292 ms batch [31.436] delay 24.693 ms
INFO: at 13703.292 ms fetching 31.436 ms
INFO: at 13728.328 ms batch [15.768] delay 24.693 ms
INFO: at 13728.328 ms fetching 15.768 ms
INFO: at 13753.800 ms batch [15.296] delay 14.110 ms
INFO: at 13753.800 ms fetching 15.296 ms
INFO: at 13768.974 ms batch [23.638] delay 14.110 ms
INFO: at 13768.974 ms fetching 23.638 ms
INFO: at 13784.144 ms batch [14.392] delay 14.110 ms
INFO: at 13784.144 ms fetching 14.392 ms
INFO: at 13799.000 ms batch [40.089] delay 14.110 ms
INFO: at 13799.000 ms fetching 40.089 ms
INFO: at 13813.419 ms batch [30.589] delay 14.110 ms
INFO: at 13813.419 ms fetching 30.589 ms
INFO: at 13828.243 ms batch [31.690] delay 14.110 ms
INFO: at 13828.243 ms fetching 31.690 ms
INFO: at 13844.465 ms batch [9.984] delay 14.110 ms
INFO: at 13844.465 ms fetching 9.984 ms
INFO: at 13859.388 ms batch [29.574] delay 19.755 ms
INFO: at 13859.388 ms fetching 29.574 ms
INFO: at 13880.148 ms batch [41.015] delay 19.755 ms
INFO: at 13880.148 ms fetching 41.015 ms
INFO: at 13900.351 ms batch [12.518] delay 19.755 ms
INFO: at 13900.351 ms fetching 12.518 ms
INFO: at 13921.625 ms batch [14.484] delay 19.755 ms
INFO: at 13921.625 ms fetching 14.484 ms
INFO: at 13941.840 ms batch [27.401] delay 19.755 ms
INFO: at 13941.840 ms fetching 27.401 ms
INFO: at 13962.555 ms batch [41.219] delay 16.462 ms
INFO: at 13962.555 ms fetching 41.219 ms
INFO: at 13979.846 ms batch [9.933] delay 16.462 ms
INFO: at 13979.846 ms fetching 9.933 ms
INFO: at 13996.571 ms batch [49.690] delay 16.462 ms
INFO: at 13996.571 ms fetching 49.690 ms
INFO: at 14013.290 ms batch [32.466] delay 16.462 ms
INFO: at 14013.290 ms fetching 32.466 ms
INFO: at 14030.666 ms batch [16.126] delay 16.462 ms
INFO: at 14030.666 ms fetching 16.126 ms
INFO: at 14047.515 ms batch [27.442] delay 16.462 ms
INFO: at 14047.515 ms fetching 27.442 ms
INFO: at 14064.906 ms batch [12.195] delay 32.924 ms
INFO: at 14064.906 ms fetching 12.195 ms
INFO: at 14098.062 ms batch [10.696] delay 32.924 ms
INFO: at 14098.062 ms fetching 10.696 ms
INFO: at 14131.195 ms batch [26.770] delay 32.924 ms
INFO: at 14131.195 ms fetching 26.770 ms
INFO: at 14165.158 ms batch [19.040] delay 16.462 ms
INFO: at 14165.158 ms fetching 19.040 ms
INFO: at 14182.661 ms batch [63.259] delay 16.462 ms
INFO: at 14182.661 ms fetching 63.259 ms
INFO: at 14200.140 ms batch [32.363] delay 16.462 ms
INFO: at 14200.140 ms fetching 32.363 ms
INFO: at 14217.544 ms batch [18.225] delay 16.462 ms
INFO: at 14217.544 ms fetching 18.225 ms
INFO: at 14234.328 ms batch [50.771] delay 16.462 ms
INFO: at 14234.328 ms fetching 50.771 ms
INFO: at 14251.095 ms batch [33.146] delay 16.462 ms
INFO: at 14251.095 ms fetching 33.146 ms
INFO: at 14268.625 ms batch [18.105] delay 14.110 ms
INFO: at 14268.625 ms fetching 18.105 ms
INFO: at 14283.408 ms batch [45.632] delay 14.110 ms
INFO: at 14283.408 ms fetching 45.632 ms
INFO: at 14298.033 ms batch [16.691] delay 14.110 ms
INFO: at 14298.033 ms fetching 16.691 ms
INFO: at 14312.616 ms batch [39.658] delay 14.110 ms
INFO: at 14312.616 ms fetching 39.658 ms
INFO: at 14327.447 ms batch [24.982] delay 14.110 ms
INFO: at 14327.447 ms fetching 24.982 ms
INFO: at 14341.996 ms batch [23.328] delay 14.110 ms
INFO: at 14341.996 ms fetching 23.328 ms
INFO: at 14357.024 ms batch [30.116] delay 14.110 ms
INFO: at 14357.024 ms fetching 30.116 ms
INFO: at 14371.894 ms batch [13.574] delay 19.755 ms
INFO: at 14371.894 ms fetching 13.574 ms
INFO: at 14392.422 ms batch [11.870] delay 19.755 ms
INFO: at 14392.422 ms fetching 11.870 ms
INFO: at 14412.984 ms batch [25.120] delay 19.755 ms
INFO: at 14412.984 ms fetching 25.120 ms
INFO: at 14433.886 ms batch [24.116] delay 19.755 ms
INFO: at 14433.886 ms fetching 24.116 ms
INFO: at 14454.196 ms batch [12.559] delay 19.755 ms
INFO: at 14454.196 ms fetching 12.559 ms
INFO: at 14475.496 ms batch [43.380] delay 19.755 ms
INFO: at 14475.496 ms fetching 43.380 ms
INFO: at 14495.401 ms batch [36.105] delay 19.755 ms
INFO: at 14495.401 ms fetching 36.105 ms
INFO: at 14516.005 ms batch [14.961] delay 19.755 ms
INFO: at 14516.005 ms fetching 14.961 ms
INFO: at 14536.893 ms batch [10.056] delay 19.755 ms
INFO: at 14536.893 ms fetching 10.056 ms
INFO: at 14557.076 ms batch [33.637] delay 19.755 ms
INFO: at 14557.076 ms fetching 33.637 ms
INFO: at 14577.952 ms batch [12.127] delay 24.693 ms
INFO: at 14577.952 ms fetching 12.127 ms
INFO: at 14603.205 ms batch [18.942] delay 24.693 ms
INFO: at 14603.205 ms fetching 18.942 ms
INFO: at 14628.903 ms batch [30.728] delay 24.693 ms
INFO: at 14628.903 ms fetching 30.728 ms
INFO: at 14654.175 ms batch [49.050] delay 24.693 ms
INFO: at 14654.175 ms fetching 49.050 ms
INFO: at 14679.346 ms batch [19.917] delay 16.462 ms
INFO: at 14679.346 ms fetching 19.917 ms
INFO: at 14696.218 ms batch [14.293] delay 16.462 ms
INFO: at 14696.218 ms fetching 14.293 ms
INFO: at 14713.829 ms batch [23.447] delay 16.462 ms
INFO: at 14713.829 ms fetching 23.447 ms
INFO: at 14730.683 ms batch [24.466] delay 16.462 ms
INFO: at 14730.683 ms fetching 24.466 ms
INFO: at 14748.018 ms batch [20.200] delay 16.462 ms
INFO: at 14748.018 ms fetching 20.200 ms
INFO: at 14764.678 ms batch [7.156] delay 16.462 ms
INFO: at 14764.678 ms fetching 7.156 ms
INFO: at 14782.222 ms batch [17.038] delay 32.924 ms
INFO: at 14782.222 ms fetching 17.038 ms
INFO: at 14815.522 ms batch [32.502] delay 32.924 ms
INFO: at 14815.522 ms fetching 32.502 ms
INFO: at 14849.351 ms batch [17.478] delay 32.924 ms
INFO: at 14849.351 ms fetching 17.478 ms
INFO: at 14882.515 ms batch [23.258] delay 32.924 ms
INFO: at 14882.515 ms fetching 23.258 ms
INFO: at 14915.756 ms batch [15.905] delay 32.924 ms
INFO: at 14915.756 ms fetching 15.905 ms
INFO: at 14949.703 ms batch [16.846] delay 32.924 ms
INFO: at 14949.703 ms fetching 16.846 ms
INFO: at 14982.804 ms batch [17.867] delay 16.462 ms
INFO: at 14982.804 ms fetching 17.867 ms
INFO: at 15000.369 ms batch [8.367] delay 16.462 ms
INFO: at 15000.369 ms fetching 8.367 ms
INFO: at 15017.234 ms batch [24.508] delay 16.462 ms
INFO: at 15017.234 ms fetching 24.508 ms
INFO: at 15034.671 ms batch [16.965] delay 16.462 ms
INFO: at 15034.671 ms fetching 16.965 ms
INFO: at 15051.328 ms batch [20.092] delay 16.462 ms
INFO: at 15051.328 ms fetching 20.092 ms
INFO: at 15068.887 ms batch [20.618] delay 16.462 ms
INFO: at 15068.887 ms fetching 20.618 ms
INFO: at 15085.694 ms batch [21.704] delay 32.924 ms
INFO: at 15085.694 ms fetching 21.704 ms
INFO: at 15119.588 ms batch [23.388] delay 32.924 ms
INFO: at 15119.588 ms fetching 23.388 ms
INFO: at 15153.450 ms batch [47.419] delay 32.924 ms
INFO: at 15153.450 ms fetching 47.419 ms
INFO: at 15187.335 ms batch [16.746] delay 32.924 ms
INFO: at 15187.335 ms fetching 16.746 ms
INFO: at 15221.458 ms batch [33.980] delay 32.924 ms
INFO: at 15221.458 ms fetching 33.980 ms
INFO: at 15254.614 ms batch [16.363] delay 32.924 ms
INFO: at 15254.614 ms fetching 16.363 ms
INFO: at 15287.783 ms batch [11.521] delay 24.693 ms
INFO: at 15287.783 ms fetching 11.521 ms
INFO: at 15313.554 ms batch [16.430] delay 24.693 ms
INFO: at 15313.554 ms fetching 16.430 ms
INFO: at 15338.519 ms batch [12.293] delay 24.693 ms
INFO: at 15338.519 ms fetching 12.293 ms
INFO: at 15364.262 ms batch [13.583] delay 24.693 ms
INFO: at 15364.262 ms fetching 13.583 ms
INFO: at 15389.813 ms batch [30.106] delay 24.693 ms
INFO: at 15389.813 ms fetching 30.106 ms
INFO: at 15415.285 ms batch [14.501] delay 24.693 ms
INFO: at 15415.285 ms fetching 14.501 ms
INFO: at 15441.134 ms batch [45.227] delay 24.693 ms
INFO: at 15441.134 ms fetching 45.227 ms
INFO: at 15466.475 ms batch [22.524] delay 24.693 ms
INFO: at 15466.475 ms fetching 22.524 ms
INFO: at 15492.311 ms batch [9.617] delay 49.386 ms
INFO: at 15492.311 ms fetching 9.617 ms
INFO: at 15542.404 ms batch [43.615] delay 49.386 ms
INFO: at 15542.404 ms fetching 43.615 ms
INFO: at 15592.304 ms batch [19.175] delay 24.693 ms
INFO: at 15592.304 ms fetching 19.175 ms
INFO: at 15617.913 ms batch [26.237] delay 24.693 ms
INFO: at 15617.913 ms fetching 26.237 ms
INFO: at 15643.097 ms batch [28.454] delay 24.693 ms
INFO: at 15643.097 ms fetching 28.454 ms
INFO: at 15668.191 ms batch [17.572] delay 24.693 ms
INFO: at 15668.191 ms fetching 17.572 ms
INFO: at 15693.948 ms batch [23.619] delay 49.386 ms
INFO: at 15693.948 ms fetching 23.619 ms
INFO: at 15745.480 ms batch [36.194] delay 49.386 ms
INFO: at 15745.480 ms fetching 36.194 ms
INFO: at 15795.879 ms batch [19.037] delay 24.693 ms
INFO: at 15795.879 ms fetching 19.037 ms
INFO: at 15821.439 ms batch [13.560] delay 24.693 ms
INFO: at 15821.439 ms fetching 13.560 ms
INFO: at 15847.136 ms batch [25.671] delay 24.693 ms
INFO: at 15847.136 ms fetching 25.671 ms
INFO: at 15872.644 ms batch [8.956] delay 24.693 ms
INFO: at 15872.644 ms fetching 8.956 ms
INFO: at 15898.454 ms batch [21.180] delay 32.924 ms
INFO: at 15898.454 ms fetching 21.180 ms
INFO: at 15933.401 ms batch [35.702] delay 32.924 ms
INFO: at 15933.401 ms fetching 35.702 ms
INFO: at 15966.722 ms batch [11.330] delay 32.924 ms
INFO: at 15966.722 ms fetching 11.330 ms
INFO: at 16000.486 ms batch [49.539] delay 32.924 ms
INFO: at 16000.486 ms fetching 49.539 ms
INFO: at 16034.053 ms batch [8.352] delay 32.924 ms
INFO: at 16034.053 ms fetching 8.352 ms
INFO: at 16067.970 ms batch [5.392] delay 32.924 ms
INFO: at 16067.970 ms fetching 5.392 ms
INFO: at 16101.072 ms batch [17.249] delay 32.924 ms
INFO: at 16101.072 ms fetching 17.249 ms
INFO: at 16134.383 ms batch [9.721] delay 32.924 ms
INFO: at 16134.383 ms fetching 9.721 ms
INFO: at 16168.389 ms batch [41.367] delay 32.924 ms
INFO: at 16168.389 ms fetching 41.367 ms
INFO: at 16202.295 ms batch [13.295] delay 16.462 ms
INFO: at 16202.295 ms fetching 13.295 ms
INFO: at 16219.129 ms batch [24.242] delay 16.462 ms
INFO: at 16219.129 ms fetching 24.242 ms
INFO: at 16236.143 ms batch [23.327] delay 16.462 ms
INFO: at 16236.143 ms fetching 23.327 ms
INFO: at 16252.784 ms batch [17.235] delay 16.462 ms
INFO: at 16252.784 ms fetching 17.235 ms
INFO: at 16269.823 ms batch [17.646] delay 16.462 ms
INFO: at 16269.823 ms fetching 17.646 ms
INFO: at 16286.707 ms batch [16.555] delay 16.462 ms
INFO: at 16286.707 ms fetching 16.555 ms
INFO: at 16303.423 ms batch [18.472] delay 49.386 ms
INFO: at 16303.423 ms fetching 18.472 ms
INFO: at 16353.288 ms batch [8.665] delay 49.386 ms
INFO: at 16353.288 ms fetching 8.665 ms
INFO: at 16404.740 ms batch [46.764] delay 98.773 ms
INFO: at 16404.740 ms fetching 46.764 ms
INFO: at 16505.155 ms batch [15.881] delay 32.924 ms
INFO: at 16505.155 ms fetching 15.881 ms
INFO: at 16538.750 ms batch [26.005] delay 32.924 ms
INFO: at 16538.750 ms fetching 26.005 ms
INFO: at 16572.302 ms batch [7.979] delay 32.924 ms
INFO: at 16572.302 ms fetching 7.979 ms
INFO: at 16606.253 ms batch [31.234] delay 98.773 ms
INFO: at 16606.253 ms fetching 31.234 ms
INFO: at 16705.449 ms batch [26.433] delay 98.773 ms
INFO: at 16705.449 ms fetching 26.433 ms
INFO: at 16805.325 ms batch [25.757] delay 98.773 ms
INFO: at 16805.325 ms fetching 25.757 ms
INFO: at 16904.456 ms batch [41.441] delay 32.924 ms
INFO: at 16904.456 ms fetching 41.441 ms
INFO: at 16938.374 ms batch [21.868] delay 32.924 ms
INFO: at 16938.374 ms fetching 21.868 ms
INFO: at 16971.827 ms batch [17.238] delay 32.924 ms
INFO: at 16971.827 ms fetching 17.238 ms
INFO: at 17005.222 ms batch [10.940] delay 49.386 ms
INFO: at 17005.222 ms fetching 10.940 ms
INFO: at 17055.273 ms batch [34.993] delay 49.386 ms
INFO: at 17055.273 ms fetching 34.993 ms
INFO: at 17105.978 ms batch [25.976] delay 98.773 ms
INFO: at 17105.978 ms fetching 25.976 ms
INFO: at 17205.563 ms batch [14.220] delay 24.693 ms
INFO: at 17205.563 ms fetching 14.220 ms
INFO: at 17230.468 ms batch [28.123] delay 24.693 ms
INFO: at 17230.468 ms fetching 28.123 ms
INFO: at 17255.473 ms batch [21.402] delay 24.693 ms
INFO: at 17255.473 ms fetching 21.402 ms
INFO: at 17280.353 ms batch [27.838] delay 24.693 ms
INFO: at 17280.353 ms fetching 27.838 ms
INFO: at 17305.506 ms batch [28.942] delay 49.386 ms
INFO: at 17305.506 ms fetching 28.942 ms
INFO: at 17355.654 ms batch [25.067] delay 49.386 ms
INFO: at 17355.654 ms fetching 25.067 ms
INFO: at 17405.392 ms batch [13.125] delay 98.773 ms
INFO: at 17405.392 ms fetching 13.125 ms
INFO: at 17505.167 ms batch [35.023] delay 98.773 ms
INFO: at 17505.167 ms fetching 35.023 ms
INFO: at 17604.281 ms batch [26.340] delay 98.773 ms
INFO: at 17604.281 ms fetching 26.340 ms
INFO: at 17703.538 ms batch [74.142] delay 98.773 ms
INFO: at 17703.538 ms fetching 74.142 ms
INFO: at 17803.087 ms batch [28.068] delay 98.773 ms
INFO: at 17803.087 ms fetching 28.068 ms
INFO: at 17902.925 ms batch [16.796] delay 49.386 ms
INFO: at 17902.925 ms fetching 16.796 ms
INFO: at 17953.895 ms batch [33.234] delay 49.386 ms
INFO: at 17953.895 ms fetching 33.234 ms
INFO: at 18003.784 ms batch [24.221] delay 98.773 ms
INFO: at 18003.784 ms fetching 24.221 ms
INFO: at 18103.414 ms batch [20.933] delay 49.386 ms
INFO: at 18103.414 ms fetching 20.933 ms
INFO: at 18152.988 ms batch [31.718] delay 49.386 ms
INFO: at 18152.988 ms fetching 31.718 ms
INFO: at 18203.538 ms batch [15.250] delay 98.773 ms
INFO: at 18203.538 ms fetching 15.250 ms
INFO: at 18303.281 ms batch [21.301] delay 98.773 ms
INFO: at 18303.281 ms fetching 21.301 ms
INFO: at 18402.357 ms batch [19.402] delay 24.693 ms
INFO: at 18402.357 ms fetching 19.402 ms
INFO: at 18427.282 ms batch [19.390] delay 24.693 ms
INFO: at 18427.282 ms fetching 19.390 ms
INFO: at 18452.846 ms batch [30.955] delay 24.693 ms
INFO: at 18452.846 ms fetching 30.955 ms
INFO: at 18478.354 ms batch [7.201] delay 24.693 ms
INFO: at 18478.354 ms fetching 7.201 ms
INFO: at 18504.131 ms batch [17.421] delay 98.773 ms
INFO: at 18504.131 ms fetching 17.421 ms
INFO: at 18604.058 ms batch [38.206] delay 98.773 ms
INFO: at 18604.058 ms fetching 38.206 ms
INFO: at 18703.850 ms batch [21.215] delay 98.773 ms
INFO: at 18703.850 ms fetching 21.215 ms
INFO: at 18803.217 ms batch [23.466] delay 98.773 ms
INFO: at 18803.217 ms fetching 23.466 ms
INFO: at 18902.489 ms batch [10.664] delay 98.773 ms
INFO: at 18902.489 ms fetching 10.664 ms
INFO: at 19001.761 ms batch [10.795] delay 98.773 ms
INFO: at 19001.761 ms fetching 10.795 ms
INFO: at 19100.981 ms batch [8.636] delay 98.773 ms
INFO: at 19100.981 ms fetching 8.636 ms
INFO: at 19200.162 ms batch [10.946] delay 98.773 ms
INFO: at 19200.162 ms fetching 10.946 ms
INFO: at 19299.145 ms batch [15.667] delay 98.773 ms
INFO: at 19299.145 ms fetching 15.667 ms
INFO: at 19398.296 ms batch [8.514] delay 98.773 ms
INFO: at 19398.296 ms fetching 8.514 ms
INFO: at 19498.140 ms batch [39.354] delay 98.773 ms
INFO: at 19498.140 ms fetching 39.354 ms
INFO: at 19598.089 ms batch [38.942] delay 98.773 ms
INFO: at 19598.089 ms fetching 38.942 ms
INFO: at 19697.971 ms batch [16.027] delay 98.773 ms
INFO: at 19697.971 ms fetching 16.027 ms
INFO: at 19797.102 ms batch [19.405] delay 98.773 ms
INFO: at 19797.102 ms fetching 19.405 ms
INFO: at 19896.168 ms batch [12.223] delay 49.386 ms
INFO: at 19896.168 ms fetching 12.223 ms
INFO: at 19945.843 ms batch [7.901] delay 49.386 ms
INFO: at 19945.843 ms fetching 7.901 ms
INFO: at 19995.486 ms batch [18.976] delay 98.773 ms
INFO: at 19995.486 ms fetching 18.976 ms
INFO: at 20095.359 ms batch [13.728] delay 98.773 ms
INFO: at 20095.359 ms fetching 13.728 ms
INFO: at 20194.617 ms batch [8.864] delay 98.773 ms
INFO: at 20194.617 ms fetching 8.864 ms
INFO: at 20293.889 ms batch [9.312] delay 98.773 ms
INFO: at 20293.889 ms fetching 9.312 ms
INFO: at 20393.149 ms batch [34.697] delay 98.773 ms
INFO: at 20393.149 ms fetching 34.697 ms
INFO: at 20492.386 ms batch [23.607] delay 98.773 ms
INFO: at 20492.386 ms fetching 23.607 ms
INFO: at 20591.349 ms batch [13.134] delay 98.773 ms
INFO: at 20591.349 ms fetching 13.134 ms
INFO: at 20690.391 ms batch [15.086] delay 98.773 ms
INFO: at 20690.391 ms fetching 15.086 ms
INFO: at 20789.976 ms batch [18.807] delay 49.386 ms
INFO: at 20789.976 ms fetching 18.807 ms
INFO: at 20839.927 ms batch [22.738] delay 49.386 ms
INFO: at 20839.927 ms fetching 22.738 ms
INFO: at 20889.624 ms batch [12.740] delay 24.693 ms
INFO: at 20889.624 ms fetching 12.740 ms
INFO: at 20914.551 ms batch [21.183] delay 24.693 ms
INFO: at 20914.551 ms fetching 21.183 ms
INFO: at 20940.370 ms batch [23.046] delay 24.693 ms
INFO: at 20940.370 ms fetching 23.046 ms
INFO: at 20965.882 ms batch [42.329] delay 24.693 ms
INFO: at 20965.882 ms fetching 42.329 ms
INFO: at 20990.754 ms batch [33.231] delay 98.773 ms
INFO: at 20990.754 ms fetching 33.231 ms
INFO: at 21090.143 ms batch [48.681] delay 98.773 ms
INFO: at 21090.143 ms fetching 48.681 ms
INFO: at 21189.845 ms batch [18.730] delay 98.773 ms
INFO: at 21189.845 ms fetching 18.730 ms
INFO: at 21289.496 ms batch [20.428] delay 98.773 ms
INFO: at 21289.496 ms fetching 20.428 ms
INFO: at 21388.506 ms batch [39.161] delay 98.773 ms
INFO: at 21388.506 ms fetching 39.161 ms
INFO: at 21487.736 ms batch [22.781] delay 98.773 ms
INFO: at 21487.736 ms fetching 22.781 ms
INFO: at 21586.833 ms batch [33.048] delay 98.773 ms
INFO: at 21586.833 ms fetching 33.048 ms
INFO: at 21686.342 ms batch [16.963] delay 98.773 ms
INFO: at 21686.342 ms fetching 16.963 ms
INFO: at 21785.579 ms batch [11.479] delay 98.773 ms
INFO: at 21785.579 ms fetching 11.479 ms
INFO: at 21885.026 ms batch [14.607] delay 98.773 ms
INFO: at 21885.026 ms fetching 14.607 ms
INFO: at 21984.908 ms batch [9.870] delay 98.773 ms
INFO: at 21984.908 ms fetching 9.870 ms
INFO: at 22084.151 ms batch [25.707] delay 98.773 ms
INFO: at 22084.151 ms fetching 25.707 ms
INFO: at 22183.252 ms batch [10.815] delay 98.773 ms
INFO: at 22183.252 ms fetching 10.815 ms
INFO: at 22282.339 ms batch [6.993] delay 98.773 ms
INFO: at 22282.339 ms fetching 6.993 ms
INFO: at 22381.868 ms batch [37.401] delay 98.773 ms
INFO: at 22381.868 ms fetching 37.401 ms
INFO: at 22481.834 ms batch [19.434] delay 98.773 ms
INFO: at 22481.834 ms fetching 19.434 ms
INFO: at 22582.214 ms batch [41.546] delay 98.773 ms
INFO: at 22582.214 ms fetching 41.546 ms
INFO: at 22682.198 ms batch [27.557] delay 98.773 ms
INFO: at 22682.198 ms fetching 27.557 ms
INFO: at 22781.567 ms batch [20.694] delay 98.773 ms
INFO: at 22781.567 ms fetching 20.694 ms
INFO: at 22880.719 ms batch [27.067] delay 98.773 ms
INFO: at 22880.719 ms fetching 27.067 ms
INFO: at 22980.526 ms batch [25.174] delay 98.773 ms
INFO: at 22980.526 ms fetching 25.174 ms
INFO: at 23079.746 ms batch [26.356] delay 98.773 ms
INFO: at 23079.746 ms fetching 26.356 ms
INFO: at 23179.285 ms batch [18.608] delay 98.773 ms
INFO: at 23179.285 ms fetching 18.608 ms
INFO: at 23279.258 ms batch [21.085] delay 98.773 ms
INFO: at 23279.258 ms fetching 21.085 ms
INFO: at 23378.596 ms batch [9.847] delay 49.386 ms
INFO: at 23378.596 ms fetching 9.847 ms
INFO: at 23428.951 ms batch [16.564] delay 49.386 ms
INFO: at 23428.951 ms fetching 16.564 ms
INFO: at 23478.859 ms batch [53.651] delay 49.386 ms
INFO: at 23478.859 ms fetching 53.651 ms
INFO: at 23528.619 ms batch [15.155] delay 49.386 ms
INFO: at 23528.619 ms fetching 15.155 ms
INFO: at 23578.289 ms batch [29.872] delay 98.773 ms
INFO: at 23578.289 ms fetching 29.872 ms
INFO: at 23677.579 ms batch [31.449] delay 98.773 ms
INFO: at 23677.579 ms fetching 31.449 ms
INFO: at 23777.013 ms batch [42.366] delay 98.773 ms
INFO: at 23777.013 ms fetching 42.366 ms
INFO: at 23876.940 ms batch [13.257] delay 98.773 ms
INFO: at 23876.940 ms fetching 13.257 ms
INFO: at 23976.157 ms batch [37.222] delay 98.773 ms
INFO: at 23976.157 ms fetching 37.222 ms
INFO: at 24075.867 ms batch [25.882] delay 98.773 ms
INFO: at 24075.867 ms fetching 25.882 ms
INFO: at 24176.767 ms batch [25.984] delay 98.773 ms
INFO: at 24176.767 ms fetching 25.984 ms
INFO: at 24275.761 ms batch [18.720] delay 49.386 ms
INFO: at 24275.761 ms fetching 18.720 ms
INFO: at 24326.289 ms batch [25.360] delay 49.386 ms
INFO: at 24326.289 ms fetching 25.360 ms
INFO: at 24376.755 ms batch [24.148] delay 98.773 ms
INFO: at 24376.755 ms fetching 24.148 ms
INFO: at 24476.545 ms batch [19.715] delay 98.773 ms
INFO: at 24476.545 ms fetching 19.715 ms
INFO: at 24576.416 ms batch [29.051] delay 98.773 ms
INFO: at 24576.416 ms fetching 29.051 ms
INFO: at 24676.797 ms batch [28.848] delay 98.773 ms
INFO: at 24676.797 ms fetching 28.848 ms
INFO: at 24776.347 ms batch [22.190] delay 98.773 ms
INFO: at 24776.347 ms fetching 22.190 ms
INFO: at 24876.286 ms batch [18.107] delay 98.773 ms
INFO: at 24876.286 ms fetching 18.107 ms
INFO: at 24975.631 ms batch [9.114] delay 98.773 ms
INFO: at 24975.631 ms fetching 9.114 ms
INFO: at 25076.243 ms batch [36.268] delay 98.773 ms
INFO: at 25076.243 ms fetching 36.268 ms
INFO: at 25175.527 ms batch [25.815] delay 98.773 ms
INFO: at 25175.527 ms fetching 25.815 ms
INFO: at 25276.445 ms batch [32.374] delay 98.773 ms
INFO: at 25276.445 ms fetching 32.374 ms
INFO: at 25375.824 ms batch [26.651] delay 98.773 ms
INFO: at 25375.824 ms fetching 26.651 ms
INFO: at 25474.973 ms batch [45.937] delay 98.773 ms
INFO: at 25474.973 ms fetching 45.937 ms
INFO: at 25574.670 ms batch [13.906] delay 98.773 ms
INFO: at 25574.670 ms fetching 13.906 ms
INFO: at 25674.059 ms batch [34.318] delay 98.773 ms
INFO: at 25674.059 ms fetching 34.318 ms
INFO: at 25773.242 ms batch [33.853] delay 98.773 ms
INFO: at 25773.242 ms fetching 33.853 ms
INFO: at 25872.422 ms batch [8.653] delay 98.773 ms
INFO: at 25872.422 ms fetching 8.653 ms
INFO: at 25972.448 ms batch [11.979] delay 98.773 ms
INFO: at 25972.448 ms fetching 11.979 ms
INFO: at 26072.413 ms batch [51.022] delay 98.773 ms
INFO: at 26072.413 ms fetching 51.022 ms
INFO: at 26171.389 ms batch [10.655] delay 98.773 ms
INFO: at 26171.389 ms fetching 10.655 ms
INFO: at 26271.337 ms batch [23.195] delay 98.773 ms
INFO: at 26271.337 ms fetching 23.195 ms
INFO: at 26370.534 ms batch [16.594] delay 98.773 ms
INFO: at 26370.534 ms fetching 16.594 ms
INFO: at 26470.320 ms batch [25.223] delay 98.773 ms
INFO: at 26470.320 ms fetching 25.223 ms
INFO: at 26569.391 ms batch [14.202] delay 98.773 ms
INFO: at 26569.391 ms fetching 14.202 ms
INFO: at 26668.578 ms batch [11.860] delay 98.773 ms
INFO: at 26668.578 ms fetching 11.860 ms
INFO: at 26767.993 ms batch [29.306] delay 98.773 ms
INFO: at 26767.993 ms fetching 29.306 ms
INFO: at 26868.488 ms batch [13.111] delay 98.773 ms
INFO: at 26868.488 ms fetching 13.111 ms
INFO: at 26968.338 ms batch [29.725] delay 98.773 ms
INFO: at 26968.338 ms fetching 29.725 ms
INFO: at 27067.778 ms batch [7.826] delay 98.773 ms
INFO: at 27067.778 ms fetching 7.826 ms
INFO: at 27167.371 ms batch [21.827] delay 98.773 ms
INFO: at 27167.371 ms fetching 21.827 ms
INFO: at 27267.236 ms batch [7.000] delay 98.773 ms
INFO: at 27267.236 ms fetching 7.000 ms
INFO: at 27366.474 ms batch [37.249] delay 49.386 ms
INFO: at 27366.474 ms fetching 37.249 ms
INFO: at 27416.953 ms batch [32.092] delay 49.386 ms
INFO: at 27416.953 ms fetching 32.092 ms
INFO: at 27466.793 ms batch [34.025] delay 98.773 ms
INFO: at 27466.793 ms fetching 34.025 ms
INFO: at 27566.098 ms batch [20.972] delay 98.773 ms
INFO: at 27566.098 ms fetching 20.972 ms
INFO: at 27665.379 ms batch [12.356] delay 98.773 ms
INFO: at 27665.379 ms fetching 12.356 ms
INFO: at 27764.935 ms batch [29.316] delay 98.773 ms
INFO: at 27764.935 ms fetching 29.316 ms
INFO: at 27864.984 ms batch [15.155] delay 98.773 ms
INFO: at 27864.984 ms fetching 15.155 ms
INFO: at 27964.907 ms batch [12.135] delay 98.773 ms
INFO: at 27964.907 ms fetching 12.135 ms
INFO: at 28064.736 ms batch [24.036] delay 98.773 ms
INFO: at 28064.736 ms fetching 24.036 ms
INFO: at 28164.768 ms batch [27.048] delay 98.773 ms
INFO: at 28164.768 ms fetching 27.048 ms
INFO: at 28263.980 ms batch [44.713] delay 98.773 ms
INFO: at 28263.980 ms fetching 44.713 ms
INFO: at 28364.426 ms batch [24.855] delay 98.773 ms
INFO: at 28364.426 ms fetching 24.855 ms
INFO: at 28465.018 ms batch [16.660] delay 98.773 ms
INFO: at 28465.018 ms fetching 16.660 ms
INFO: at 28564.783 ms batch [18.747] delay 98.773 ms
INFO: at 28564.783 ms fetching 18.747 ms
INFO: at 28664.363 ms batch [11.832] delay 98.773 ms
INFO: at 28664.363 ms fetching 11.832 ms
INFO: at 28763.374 ms batch [10.662] delay 98.773 ms
INFO: at 28763.374 ms fetching 10.662 ms
INFO: at 28862.929 ms batch [11.184] delay 98.773 ms
INFO: at 28862.929 ms fetching 11.184 ms
INFO: at 28962.529 ms batch [6.509] delay 98.773 ms
INFO: at 28962.529 ms fetching 6.509 ms
INFO: at 29062.251 ms batch [35.913] delay 98.773 ms
INFO: at 29062.251 ms fetching 35.913 ms
INFO: at 29161.560 ms batch [16.808] delay 98.773 ms
INFO: at 29161.560 ms fetching 16.808 ms
INFO: at 29260.582 ms batch [54.517] delay 98.773 ms
INFO: at 29260.582 ms fetching 54.517 ms
INFO: at 29359.624 ms batch [10.890] delay 98.773 ms
INFO: at 29359.624 ms fetching 10.890 ms
INFO: at 29459.512 ms batch [13.284] delay 98.773 ms
INFO: at 29459.512 ms fetching 13.284 ms
INFO: at 29558.686 ms batch [16.366] delay 98.773 ms
INFO: at 29558.686 ms fetching 16.366 ms
INFO: at 29657.783 ms batch [14.087] delay 98.773 ms
INFO: at 29657.783 ms fetching 14.087 ms
INFO: at 29757.425 ms batch [11.375] delay 98.773 ms
INFO: at 29757.425 ms fetching 11.375 ms
INFO: at 29856.590 ms batch [33.376] delay 98.773 ms
INFO: at 29856.590 ms fetching 33.376 ms
INFO: at 29955.985 ms batch [40.212] delay 98.773 ms
INFO: at 29955.985 ms fetching 40.212 ms
INFO: at 30055.580 ms batch [29.117] delay 98.773 ms
INFO: at 30055.580 ms fetching 29.117 ms
INFO: at 30155.699 ms batch [7.685] delay 98.773 ms
INFO: at 30155.699 ms fetching 7.685 ms
INFO: at 30255.281 ms batch [20.677] delay 98.773 ms
INFO: at 30255.281 ms fetching 20.677 ms
INFO: at 30355.010 ms batch [20.515] delay 98.773 ms
INFO: at 30355.010 ms fetching 20.515 ms
INFO: at 30454.813 ms batch [18.242] delay 98.773 ms
INFO: at 30454.813 ms fetching 18.242 ms
INFO: at 30554.083 ms batch [15.037] delay 98.773 ms
INFO: at 30554.083 ms fetching 15.037 ms
INFO: at 30653.298 ms batch [40.213] delay 98.773 ms
INFO: at 30653.298 ms fetching 40.213 ms
INFO: at 30752.661 ms batch [29.204] delay 49.386 ms
INFO: at 30752.661 ms fetching 29.204 ms
INFO: at 30802.686 ms batch [6.274] delay 49.386 ms
INFO: at 30802.686 ms fetching 6.274 ms
INFO: at 30852.852 ms batch [38.045] delay 98.773 ms
INFO: at 30852.852 ms fetching 38.045 ms
INFO: at 30952.430 ms batch [19.757] delay 98.773 ms
INFO: at 30952.430 ms fetching 19.757 ms
INFO: at 31051.466 ms batch [11.333] delay 98.773 ms
INFO: at 31051.466 ms fetching 11.333 ms
INFO: at 31150.770 ms batch [27.345] delay 98.773 ms
INFO: at 31150.770 ms fetching 27.345 ms
INFO: at 31250.141 ms batch [25.465] delay 49.386 ms
INFO: at 31250.141 ms fetching 25.465 ms
INFO: at 31300.436 ms batch [30.444] delay 49.386 ms
INFO: at 31300.436 ms fetching 30.444 ms
INFO: at 31350.450 ms batch [16.585] delay 98.773 ms
INFO: at 31350.450 ms fetching 16.585 ms
INFO: at 31450.175 ms batch [71.797] delay 98.773 ms
INFO: at 31450.175 ms fetching 71.797 ms
INFO: at 31550.116 ms batch [25.375] delay 98.773 ms
INFO: at 31550.116 ms fetching 25.375 ms
INFO: at 31650.229 ms batch [40.019] delay 98.773 ms
INFO: at 31650.229 ms fetching 40.019 ms
INFO: at 31749.326 ms batch [21.111] delay 98.773 ms
INFO: at 31749.326 ms fetching 21.111 ms
INFO: at 31848.332 ms batch [32.475] delay 98.773 ms
INFO: at 31848.332 ms fetching 32.475 ms
INFO: at 31948.042 ms batch [20.298] delay 98.773 ms
INFO: at 31948.042 ms fetching 20.298 ms
INFO: at 32047.860 ms batch [45.626] delay 98.773 ms
INFO: at 32047.860 ms fetching 45.626 ms
INFO: at 32147.727 ms batch [17.810] delay 98.773 ms
INFO: at 32147.727 ms fetching 17.810 ms
INFO: at 32247.130 ms batch [33.992] delay 98.773 ms
INFO: at 32247.130 ms fetching 33.992 ms
INFO: at 32346.543 ms batch [35.409] delay 98.773 ms
INFO: at 32346.543 ms fetching 35.409 ms
INFO: at 32446.305 ms batch [16.817] delay 98.773 ms
INFO: at 32446.305 ms fetching 16.817 ms
INFO: at 32545.303 ms batch [16.256] delay 98.773 ms
INFO: at 32545.303 ms fetching 16.256 ms
INFO: at 32645.014 ms batch [17.136] delay 98.773 ms
INFO: at 32645.014 ms fetching 17.136 ms
INFO: at 32744.477 ms batch [25.603] delay 49.386 ms
INFO: at 32744.477 ms fetching 25.603 ms
INFO: at 32794.991 ms batch [24.571] delay 49.386 ms
INFO: at 32794.991 ms fetching 24.571 ms
INFO: at 32844.958 ms batch [18.718] delay 98.773 ms
INFO: at 32844.958 ms fetching 18.718 ms
INFO: at 32944.295 ms batch [29.594] delay 98.773 ms
INFO: at 32944.295 ms fetching 29.594 ms
INFO: at 33043.415 ms batch [8.274] delay 98.773 ms
INFO: at 33043.415 ms fetching 8.274 ms
INFO: at 33142.445 ms batch [18.697] delay 49.386 ms
INFO: at 33142.445 ms fetching 18.697 ms
INFO: at 33192.341 ms batch [27.044] delay 49.386 ms
INFO: at 33192.341 ms fetching 27.044 ms
INFO: at 33242.366 ms batch [30.673] delay 32.924 ms
INFO: at 33242.366 ms fetching 30.673 ms
INFO: at 33276.258 ms batch [31.104] delay 32.924 ms
INFO: at 33276.258 ms fetching 31.104 ms
INFO: at 33310.102 ms batch [20.766] delay 32.924 ms
INFO: at 33310.102 ms fetching 20.766 ms
INFO: at 33343.419 ms batch [17.112] delay 32.924 ms
INFO: at 33343.419 ms fetching 17.112 ms
INFO: at 33377.436 ms batch [19.925] delay 32.924 ms
INFO: at 33377.436 ms fetching 19.925 ms
INFO: at 33411.482 ms batch [16.570] delay 32.924 ms
INFO: at 33411.482 ms fetching 16.570 ms
INFO: at 33445.125 ms batch [6.229] delay 49.386 ms
INFO: at 33445.125 ms fetching 6.229 ms
INFO: at 33495.242 ms batch [30.342] delay 49.386 ms
INFO: at 33495.242 ms fetching 30.342 ms
INFO: at 33545.402 ms batch [9.229] delay 32.924 ms
INFO: at 33545.402 ms fetching 9.229 ms
INFO: at 33578.985 ms batch [38.233] delay 32.924 ms
INFO: at 33578.985 ms fetching 38.233 ms
INFO: at 33612.915 ms batch [31.908] delay 32.924 ms
INFO: at 33612.915 ms fetching 31.908 ms
INFO: at 33647.851 ms batch [28.308] delay 98.773 ms
INFO: at 33647.851 ms fetching 28.308 ms
INFO: at 33747.749 ms batch [41.178] delay 49.386 ms
INFO: at 33747.749 ms fetching 41.178 ms
INFO: at 33798.318 ms batch [6.195] delay 49.386 ms
INFO: at 33798.318 ms fetching 6.195 ms
INFO: at 33848.869 ms batch [16.720] delay 49.386 ms
INFO: at 33848.869 ms fetching 16.720 ms
INFO: at 33899.242 ms batch [30.379] delay 49.386 ms
INFO: at 33899.242 ms fetching 30.379 ms
INFO: at 33949.715 ms batch [13.942] delay 49.386 ms
INFO: at 33949.715 ms fetching 13.942 ms
INFO: at 33999.458 ms batch [15.865] delay 49.386 ms
INFO: at 33999.458 ms fetching 15.865 ms
INFO: at 34049.575 ms batch [15.088] delay 49.386 ms
INFO: at 34049.575 ms fetching 15.088 ms
INFO: at 34099.839 ms batch [29.309] delay 49.386 ms
INFO: at 34099.839 ms fetching 29.309 ms
INFO: at 34149.407 ms batch [33.806] delay 32.924 ms
INFO: at 34149.407 ms fetching 33.806 ms
INFO: at 34183.281 ms batch [13.737] delay 32.924 ms
INFO: at 34183.281 ms fetching 13.737 ms
INFO: at 34217.093 ms batch [22.531] delay 32.924 ms
INFO: at 34217.093 ms fetching 22.531 ms
INFO: at 34250.794 ms batch [15.559] delay 32.924 ms
INFO: at 34250.794 ms fetching 15.559 ms
INFO: at 34284.901 ms batch [23.281] delay 32.924 ms
INFO: at 34284.901 ms fetching 23.281 ms
INFO: at 34318.593 ms batch [7.700] delay 32.924 ms
INFO: at 34318.593 ms fetching 7.700 ms
INFO: at 34351.842 ms batch [26.436] delay 24.693 ms
INFO: at 34351.842 ms fetching 26.436 ms
INFO: at 34376.739 ms batch [35.684] delay 24.693 ms
INFO: at 34376.739 ms fetching 35.684 ms
INFO: at 34401.909 ms batch [38.538] delay 24.693 ms
INFO: at 34401.909 ms fetching 38.538 ms
INFO: at 34428.442 ms batch [22.975] delay 24.693 ms
INFO: at 34428.442 ms fetching 22.975 ms
INFO: at 34454.243 ms batch [37.594] delay 24.693 ms
INFO: at 34454.243 ms fetching 37.594 ms
INFO: at 34479.882 ms batch [13.930] delay 24.693 ms
INFO: at 34479.882 ms fetching 13.930 ms
INFO: at 34505.550 ms batch [34.253] delay 24.693 ms
INFO: at 34505.550 ms fetching 34.253 ms
INFO: at 34531.078 ms batch [18.079] delay 24.693 ms
INFO: at 34531.078 ms fetching 18.079 ms
INFO: at 34556.197 ms batch [23.786] delay 32.924 ms
INFO: at 34556.197 ms fetching 23.786 ms
INFO: at 34590.128 ms batch [13.564] delay 32.924 ms
INFO: at 34590.128 ms fetching 13.564 ms
INFO: at 34623.239 ms batch [48.714] delay 32.924 ms
INFO: at 34623.239 ms fetching 48.714 ms
INFO: at 34657.198 ms batch [16.821] delay 19.755 ms
INFO: at 34657.198 ms fetching 16.821 ms
INFO: at 34677.879 ms batch [30.557] delay 19.755 ms
INFO: at 34677.879 ms fetching 30.557 ms
INFO: at 34698.538 ms batch [26.022] delay 19.755 ms
INFO: at 34698.538 ms fetching 26.022 ms
INFO: at 34719.429 ms batch [8.050] delay 19.755 ms
INFO: at 34719.429 ms fetching 8.050 ms
INFO: at 34740.013 ms batch [41.833] delay 19.755 ms
INFO: at 34740.013 ms fetching 41.833 ms
INFO: at 34760.172 ms batch [19.749] delay 24.693 ms
INFO: at 34760.172 ms fetching 19.749 ms
INFO: at 34785.916 ms batch [15.668] delay 24.693 ms
INFO: at 34785.916 ms fetching 15.668 ms
INFO: at 34812.179 ms batch [14.951] delay 24.693 ms
INFO: at 34812.179 ms fetching 14.951 ms
INFO: at 34837.678 ms batch [24.237] delay 24.693 ms
INFO: at 34837.678 ms fetching 24.237 ms
INFO: at 34863.237 ms batch [22.603] delay 16.462 ms
INFO: at 34863.237 ms fetching 22.603 ms
INFO: at 34879.989 ms batch [41.202] delay 16.462 ms
INFO: at 34879.989 ms fetching 41.202 ms
INFO: at 34896.668 ms batch [29.605] delay 16.462 ms
INFO: at 34896.668 ms fetching 29.605 ms
INFO: at 34913.564 ms batch [18.072] delay 16.462 ms
INFO: at 34913.564 ms fetching 18.072 ms
INFO: at 34930.345 ms batch [53.756] delay 16.462 ms
INFO: at 34930.345 ms fetching 53.756 ms
INFO: at 34947.507 ms batch [8.667] delay 16.462 ms
INFO: at 34947.507 ms fetching 8.667 ms
INFO: at 34965.055 ms batch [16.282] delay 24.693 ms
INFO: at 34965.055 ms fetching 16.282 ms
INFO: at 34990.684 ms batch [61.640] delay 24.693 ms
INFO: at 34990.684 ms fetching 61.640 ms
INFO: at 35016.754 ms batch [49.954] delay 24.693 ms
INFO: at 35016.754 ms fetching 49.954 ms
INFO: at 35042.513 ms batch [17.818] delay 24.693 ms
INFO: at 35042.513 ms fetching 17.818 ms
INFO: at 35067.351 ms batch [11.733] delay 24.693 ms
INFO: at 35067.351 ms fetching 11.733 ms
INFO: at 35092.932 ms batch [12.104] delay 24.693 ms
INFO: at 35092.932 ms fetching 12.104 ms
INFO: at 35117.833 ms batch [20.218] delay 24.693 ms
INFO: at 35117.833 ms fetching 20.218 ms
INFO: at 35143.399 ms batch [37.767] delay 24.693 ms
INFO: at 35143.399 ms fetching 37.767 ms
INFO: at 35168.648 ms batch [23.226] delay 16.462 ms
INFO: at 35168.648 ms fetching 23.226 ms
INFO: at 35185.686 ms batch [25.127] delay 16.462 ms
INFO: at 35185.686 ms fetching 25.127 ms
INFO: at 35202.559 ms batch [31.841] delay 16.462 ms
INFO: at 35202.559 ms fetching 31.841 ms
INFO: at 35219.888 ms batch [10.160] delay 16.462 ms
INFO: at 35219.888 ms fetching 10.160 ms
INFO: at 35236.711 ms batch [21.363] delay 16.462 ms
INFO: at 35236.711 ms fetching 21.363 ms
INFO: at 35253.790 ms batch [25.880] delay 16.462 ms
INFO: at 35253.790 ms fetching 25.880 ms
INFO: at 35271.126 ms batch [11.779] delay 19.755 ms
INFO: at 35271.126 ms fetching 11.779 ms
INFO: at 35291.941 ms batch [13.324] delay 19.755 ms
INFO: at 35291.941 ms fetching 13.324 ms
INFO: at 35311.913 ms batch [18.217] delay 19.755 ms
INFO: at 35311.913 ms fetching 18.217 ms
INFO: at 35332.251 ms batch [17.268] delay 19.755 ms
INFO: at 35332.251 ms fetching 17.268 ms
INFO: at 35352.680 ms batch [74.736] delay 19.755 ms
INFO: at 35352.680 ms fetching 74.736 ms
INFO: at 35373.533 ms batch [33.953] delay 19.755 ms
INFO: at 35373.533 ms fetching 33.953 ms
INFO: at 35394.380 ms batch [68.589] delay 19.755 ms
INFO: at 35394.380 ms fetching 68.589 ms
INFO: at 35415.112 ms batch [21.930] delay 19.755 ms
INFO: at 35415.112 ms fetching 21.930 ms
INFO: at 35435.701 ms batch [25.789] delay 19.755 ms
INFO: at 35435.701 ms fetching 25.789 ms
INFO: at 35456.625 ms batch [15.675] delay 19.755 ms
INFO: at 35456.625 ms fetching 15.675 ms
INFO: at 35477.523 ms batch [32.689] delay 19.755 ms
INFO: at 35477.523 ms fetching 32.689 ms
INFO: at 35497.597 ms batch [16.709] delay 19.755 ms
INFO: at 35497.597 ms fetching 16.709 ms
INFO: at 35518.316 ms batch [22.699] delay 19.755 ms
INFO: at 35518.316 ms fetching 22.699 ms
INFO: at 35538.829 ms batch [21.134] delay 19.755 ms
INFO: at 35538.829 ms fetching 21.134 ms
INFO: at 35560.370 ms batch [26.623] delay 19.755 ms
INFO: at 35560.370 ms fetching 26.623 ms
INFO: at 35580.914 ms batch [11.839] delay 19.755 ms
INFO: at 35580.914 ms fetching 11.839 ms
INFO: at 35601.737 ms batch [78.924] delay 19.755 ms
INFO: at 35601.737 ms fetching 78.924 ms
INFO: at 35622.547 ms batch [20.529] delay 19.755 ms
INFO: at 35622.547 ms fetching 20.529 ms
INFO: at 35643.124 ms batch [38.337] delay 19.755 ms
INFO: at 35643.124 ms fetching 38.337 ms
INFO: at 35663.293 ms batch [25.442] delay 19.755 ms
INFO: at 35663.293 ms fetching 25.442 ms
INFO: at 35683.805 ms batch [17.806] delay 16.462 ms
INFO: at 35683.805 ms fetching 17.806 ms
INFO: at 35700.476 ms batch [14.402] delay 16.462 ms
INFO: at 35700.476 ms fetching 14.402 ms
INFO: at 35717.402 ms batch [28.329] delay 16.462 ms
INFO: at 35717.402 ms fetching 28.329 ms
INFO: at 35734.143 ms batch [16.621] delay 16.462 ms
INFO: at 35734.143 ms fetching 16.621 ms
INFO: at 35750.905 ms batch [34.432] delay 16.462 ms
INFO: at 35750.905 ms fetching 34.432 ms
INFO: at 35768.473 ms batch [7.734] delay 16.462 ms
INFO: at 35768.473 ms fetching 7.734 ms
INFO: at 35785.451 ms batch [50.682] delay 16.462 ms
INFO: at 35785.451 ms fetching 50.682 ms
INFO: at 35802.845 ms batch [6.269] delay 16.462 ms
INFO: at 35802.845 ms fetching 6.269 ms
INFO: at 35821.236 ms batch [14.713] delay 16.462 ms
INFO: at 35821.236 ms fetching 14.713 ms
INFO: at 35837.896 ms batch [30.716] delay 16.462 ms
INFO: at 35837.896 ms fetching 30.716 ms
INFO: at 35854.687 ms batch [25.653] delay 16.462 ms
INFO: at 35854.687 ms fetching 25.653 ms
INFO: at 35871.582 ms batch [30.671] delay 16.462 ms
INFO: at 35871.582 ms fetching 30.671 ms
INFO: at 35888.314 ms batch [25.713] delay 24.693 ms
INFO: at 35888.314 ms fetching 25.713 ms
INFO: at 35913.942 ms batch [15.252] delay 24.693 ms
INFO: at 35913.942 ms fetching 15.252 ms
INFO: at 35940.302 ms batch [15.335] delay 24.693 ms
INFO: at 35940.302 ms fetching 15.335 ms
INFO: at 35965.319 ms batch [37.459] delay 24.693 ms
INFO: at 35965.319 ms fetching 37.459 ms
INFO: at 35992.165 ms batch [20.444] delay 24.693 ms
INFO: at 35992.165 ms fetching 20.444 ms
INFO: at 36017.503 ms batch [32.340] delay 24.693 ms
INFO: at 36017.503 ms fetching 32.340 ms
INFO: at 36042.414 ms batch [5.834] delay 24.693 ms
INFO: at 36042.414 ms fetching 5.834 ms
INFO: at 36067.585 ms batch [29.555] delay 24.693 ms
INFO: at 36067.585 ms fetching 29.555 ms
INFO: at 36092.587 ms batch [36.795] delay 19.755 ms
INFO: at 36092.587 ms fetching 36.795 ms
INFO: at 36113.427 ms batch [12.340] delay 19.755 ms
INFO: at 36113.427 ms fetching 12.340 ms
INFO: at 36134.160 ms batch [19.519] delay 19.755 ms
INFO: at 36134.160 ms fetching 19.519 ms
INFO: at 36155.068 ms batch [15.874] delay 19.755 ms
INFO: at 36155.068 ms fetching 15.874 ms
INFO: at 36175.760 ms batch [16.576] delay 19.755 ms
INFO: at 36175.760 ms fetching 16.576 ms
INFO: at 36195.825 ms batch [24.447] delay 24.693 ms
INFO: at 36195.825 ms fetching 24.447 ms
INFO: at 36220.748 ms batch [13.025] delay 24.693 ms
INFO: at 36220.748 ms fetching 13.025 ms
INFO: at 36245.728 ms batch [20.788] delay 24.693 ms
INFO: at 36245.728 ms fetching 20.788 ms
INFO: at 36271.695 ms batch [34.161] delay 24.693 ms
INFO: at 36271.695 ms fetching 34.161 ms
INFO: at 36297.282 ms batch [29.695] delay 24.693 ms
INFO: at 36297.282 ms fetching 29.695 ms
INFO: at 36322.177 ms batch [30.013] delay 24.693 ms
INFO: at 36322.177 ms fetching 30.013 ms
INFO: at 36347.694 ms batch [16.381] delay 24.693 ms
INFO: at 36347.694 ms fetching 16.381 ms
INFO: at 36372.613 ms batch [22.135] delay 24.693 ms
INFO: at 36372.613 ms fetching 22.135 ms
INFO: done
21-11-20:23:36:33 INFO     [clipper_admin.py:1424] [default-cluster] Stopped all Clipper cluster and all model containers
21-11-20:23:36:33 ERROR    [base_events.py:1591] Task exception was never retrieved
future: <Task finished coro=<fetch() done, defined at async_dynamic_test.py:110> exception=ValueError('I/O operation on closed file.')>
Traceback (most recent call last):
  File "async_dynamic_test.py", line 118, in fetch
    length_us = await predict(http_client, endpoint, length_ms)
  File "async_dynamic_test.py", line 101, in predict
    async with http_client.post(endpoint, json={'input': [length_ms]}) as r:
  File "/opt/miniconda3/envs/clipper/lib/python3.7/site-packages/aiohttp/client.py", line 1138, in __aenter__
    self._resp = await self._coro
  File "/opt/miniconda3/envs/clipper/lib/python3.7/site-packages/aiohttp/client.py", line 559, in _request
    await resp.start(conn)
  File "/opt/miniconda3/envs/clipper/lib/python3.7/site-packages/aiohttp/client_reqrep.py", line 898, in start
    message, payload = await protocol.read()  # type: ignore[union-attr]
  File "/opt/miniconda3/envs/clipper/lib/python3.7/site-packages/aiohttp/streams.py", line 616, in read
    await self._waiter
aiohttp.client_exceptions.ServerDisconnectedError: Server disconnected

During handling of the above exception, another exception occurred:

Traceback (most recent call last):
  File "async_dynamic_test.py", line 127, in fetch
    args.print(f'{now_ms},,,error,{ename}')
  File "async_dynamic_test.py", line 232, in printer
    print(*args, **{'file': f, **kwargs})
ValueError: I/O operation on closed file.
21-11-20:23:36:33 ERROR    [base_events.py:1591] Task exception was never retrieved
future: <Task finished coro=<fetch() done, defined at async_dynamic_test.py:110> exception=ValueError('I/O operation on closed file.')>
Traceback (most recent call last):
  File "async_dynamic_test.py", line 118, in fetch
    length_us = await predict(http_client, endpoint, length_ms)
  File "async_dynamic_test.py", line 101, in predict
    async with http_client.post(endpoint, json={'input': [length_ms]}) as r:
  File "/opt/miniconda3/envs/clipper/lib/python3.7/site-packages/aiohttp/client.py", line 1138, in __aenter__
    self._resp = await self._coro
  File "/opt/miniconda3/envs/clipper/lib/python3.7/site-packages/aiohttp/client.py", line 559, in _request
    await resp.start(conn)
  File "/opt/miniconda3/envs/clipper/lib/python3.7/site-packages/aiohttp/client_reqrep.py", line 898, in start
    message, payload = await protocol.read()  # type: ignore[union-attr]
  File "/opt/miniconda3/envs/clipper/lib/python3.7/site-packages/aiohttp/streams.py", line 616, in read
    await self._waiter
aiohttp.client_exceptions.ServerDisconnectedError: Server disconnected

During handling of the above exception, another exception occurred:

Traceback (most recent call last):
  File "async_dynamic_test.py", line 127, in fetch
    args.print(f'{now_ms},,,error,{ename}')
  File "async_dynamic_test.py", line 232, in printer
    print(*args, **{'file': f, **kwargs})
ValueError: I/O operation on closed file.
21-11-20:23:36:33 ERROR    [base_events.py:1591] Task exception was never retrieved
future: <Task finished coro=<fetch() done, defined at async_dynamic_test.py:110> exception=ValueError('I/O operation on closed file.')>
Traceback (most recent call last):
  File "async_dynamic_test.py", line 118, in fetch
    length_us = await predict(http_client, endpoint, length_ms)
  File "async_dynamic_test.py", line 101, in predict
    async with http_client.post(endpoint, json={'input': [length_ms]}) as r:
  File "/opt/miniconda3/envs/clipper/lib/python3.7/site-packages/aiohttp/client.py", line 1138, in __aenter__
    self._resp = await self._coro
  File "/opt/miniconda3/envs/clipper/lib/python3.7/site-packages/aiohttp/client.py", line 559, in _request
    await resp.start(conn)
  File "/opt/miniconda3/envs/clipper/lib/python3.7/site-packages/aiohttp/client_reqrep.py", line 898, in start
    message, payload = await protocol.read()  # type: ignore[union-attr]
  File "/opt/miniconda3/envs/clipper/lib/python3.7/site-packages/aiohttp/streams.py", line 616, in read
    await self._waiter
aiohttp.client_exceptions.ServerDisconnectedError: Server disconnected

During handling of the above exception, another exception occurred:

Traceback (most recent call last):
  File "async_dynamic_test.py", line 127, in fetch
    args.print(f'{now_ms},,,error,{ename}')
  File "async_dynamic_test.py", line 232, in printer
    print(*args, **{'file': f, **kwargs})
ValueError: I/O operation on closed file.
21-11-20:23:36:33 ERROR    [base_events.py:1591] Task exception was never retrieved
future: <Task finished coro=<fetch() done, defined at async_dynamic_test.py:110> exception=ValueError('I/O operation on closed file.')>
Traceback (most recent call last):
  File "async_dynamic_test.py", line 118, in fetch
    length_us = await predict(http_client, endpoint, length_ms)
  File "async_dynamic_test.py", line 101, in predict
    async with http_client.post(endpoint, json={'input': [length_ms]}) as r:
  File "/opt/miniconda3/envs/clipper/lib/python3.7/site-packages/aiohttp/client.py", line 1138, in __aenter__
    self._resp = await self._coro
  File "/opt/miniconda3/envs/clipper/lib/python3.7/site-packages/aiohttp/client.py", line 559, in _request
    await resp.start(conn)
  File "/opt/miniconda3/envs/clipper/lib/python3.7/site-packages/aiohttp/client_reqrep.py", line 898, in start
    message, payload = await protocol.read()  # type: ignore[union-attr]
  File "/opt/miniconda3/envs/clipper/lib/python3.7/site-packages/aiohttp/streams.py", line 616, in read
    await self._waiter
aiohttp.client_exceptions.ServerDisconnectedError: Server disconnected

During handling of the above exception, another exception occurred:

Traceback (most recent call last):
  File "async_dynamic_test.py", line 127, in fetch
    args.print(f'{now_ms},,,error,{ename}')
  File "async_dynamic_test.py", line 232, in printer
    print(*args, **{'file': f, **kwargs})
ValueError: I/O operation on closed file.
21-11-20:23:36:33 ERROR    [base_events.py:1591] Task exception was never retrieved
future: <Task finished coro=<fetch() done, defined at async_dynamic_test.py:110> exception=ValueError('I/O operation on closed file.')>
Traceback (most recent call last):
  File "async_dynamic_test.py", line 118, in fetch
    length_us = await predict(http_client, endpoint, length_ms)
  File "async_dynamic_test.py", line 101, in predict
    async with http_client.post(endpoint, json={'input': [length_ms]}) as r:
  File "/opt/miniconda3/envs/clipper/lib/python3.7/site-packages/aiohttp/client.py", line 1138, in __aenter__
    self._resp = await self._coro
  File "/opt/miniconda3/envs/clipper/lib/python3.7/site-packages/aiohttp/client.py", line 559, in _request
    await resp.start(conn)
  File "/opt/miniconda3/envs/clipper/lib/python3.7/site-packages/aiohttp/client_reqrep.py", line 898, in start
    message, payload = await protocol.read()  # type: ignore[union-attr]
  File "/opt/miniconda3/envs/clipper/lib/python3.7/site-packages/aiohttp/streams.py", line 616, in read
    await self._waiter
aiohttp.client_exceptions.ServerDisconnectedError: Server disconnected

During handling of the above exception, another exception occurred:

Traceback (most recent call last):
  File "async_dynamic_test.py", line 127, in fetch
    args.print(f'{now_ms},,,error,{ename}')
  File "async_dynamic_test.py", line 232, in printer
    print(*args, **{'file': f, **kwargs})
ValueError: I/O operation on closed file.
