21-11-20:21:18:39 INFO     [docker_container_manager.py:192] [default-cluster] Starting managed Redis instance in Docker
21-11-20:21:18:44 INFO     [docker_container_manager.py:294] [default-cluster] Metric Configuration Saved at /tmp/tmplv4y9zk_.yml
21-11-20:21:18:45 INFO     [clipper_admin.py:162] [default-cluster] Clipper is running
21-11-20:21:18:45 INFO     [clipper_admin.py:236] [default-cluster] Application fake-model was successfully registered
21-11-20:21:18:45 INFO     [deployer_utils.py:41] Saving function to /tmp/tmp2cqxn5mbclipper
21-11-20:21:18:45 INFO     [deployer_utils.py:51] Serialized and supplied predict function
21-11-20:21:18:45 INFO     [python.py:192] Python closure saved
21-11-20:21:18:45 INFO     [python.py:210] Using Python 3.7 base image
21-11-20:21:18:45 INFO     [clipper_admin.py:534] [default-cluster] Building model Docker image with model data from /tmp/tmp2cqxn5mbclipper
21-11-20:21:18:45 INFO     [clipper_admin.py:539] [default-cluster] Step 1/2 : FROM clipper/python37-closure-container:develop
21-11-20:21:18:45 INFO     [clipper_admin.py:539] [default-cluster]  ---> 2660542c0759
21-11-20:21:18:45 INFO     [clipper_admin.py:539] [default-cluster] Step 2/2 : COPY /tmp/tmp2cqxn5mbclipper /model/
21-11-20:21:18:45 INFO     [clipper_admin.py:539] [default-cluster]  ---> f52d077c9f43
21-11-20:21:18:45 INFO     [clipper_admin.py:539] [default-cluster] Successfully built f52d077c9f43
21-11-20:21:18:45 INFO     [clipper_admin.py:539] [default-cluster] Successfully tagged default-cluster-fake-model:1
21-11-20:21:18:45 INFO     [clipper_admin.py:541] [default-cluster] Pushing model Docker image to default-cluster-fake-model:1
21-11-20:21:18:46 INFO     [docker_container_manager.py:433] [default-cluster] Found 0 replicas for fake-model:1. Adding 1
21-11-20:21:18:47 INFO     [clipper_admin.py:724] [default-cluster] Successfully registered model fake-model:1
21-11-20:21:18:47 INFO     [clipper_admin.py:642] [default-cluster] Done deploying model fake-model:1.
21-11-20:21:18:47 INFO     [clipper_admin.py:303] [default-cluster] Model fake-model is now linked to application fake-model
INFO: waiting for ready to serve
INFO: waiting for ready to serve
INFO: waiting for ready to serve
INFO: waiting for ready to serve
INFO: ready to go
INFO: rock and roll
INFO: at 4.295 ms batch [215.424] delay 233.935 ms
INFO: at 4.295 ms fetching 215.424 ms
INFO: at 238.871 ms batch [149.236] delay 233.935 ms
INFO: at 238.871 ms fetching 149.236 ms
INFO: at 473.651 ms batch [340.822] delay 233.935 ms
INFO: at 473.651 ms fetching 340.822 ms
INFO: at 708.733 ms batch [240.351] delay 233.935 ms
INFO: at 708.733 ms fetching 240.351 ms
INFO: at 943.442 ms batch [363.801] delay 233.935 ms
INFO: at 943.442 ms fetching 363.801 ms
INFO: at 1178.227 ms batch [178.787] delay 389.891 ms
INFO: at 1178.227 ms fetching 178.787 ms
INFO: at 1568.631 ms batch [235.605] delay 389.891 ms
INFO: at 1568.631 ms fetching 235.605 ms
INFO: at 1959.132 ms batch [465.289] delay 389.891 ms
INFO: at 1959.132 ms fetching 465.289 ms
INFO: at 2350.346 ms batch [329.425] delay 194.945 ms
INFO: at 2350.346 ms fetching 329.425 ms
INFO: at 2546.622 ms batch [295.062] delay 194.945 ms
INFO: at 2546.622 ms fetching 295.062 ms
INFO: at 2742.642 ms batch [672.223] delay 194.945 ms
INFO: at 2742.642 ms fetching 672.223 ms
INFO: at 2938.402 ms batch [219.775] delay 194.945 ms
INFO: at 2938.402 ms fetching 219.775 ms
INFO: at 3134.512 ms batch [396.812] delay 194.945 ms
INFO: at 3134.512 ms fetching 396.812 ms
INFO: at 3329.980 ms batch [221.329] delay 194.945 ms
INFO: at 3329.980 ms fetching 221.329 ms
INFO: at 3525.266 ms batch [401.023] delay 167.096 ms
INFO: at 3525.266 ms fetching 401.023 ms
INFO: at 3693.369 ms batch [184.450] delay 167.096 ms
INFO: at 3693.369 ms fetching 184.450 ms
INFO: at 3860.906 ms batch [427.464] delay 167.096 ms
INFO: at 3860.906 ms fetching 427.464 ms
INFO: at 4028.716 ms batch [365.412] delay 167.096 ms
INFO: at 4028.716 ms fetching 365.412 ms
INFO: at 4196.651 ms batch [205.822] delay 167.096 ms
INFO: at 4196.651 ms fetching 205.822 ms
INFO: at 4364.198 ms batch [203.403] delay 167.096 ms
INFO: at 4364.198 ms fetching 203.403 ms
INFO: at 4532.221 ms batch [556.159] delay 167.096 ms
INFO: at 4532.221 ms fetching 556.159 ms
INFO: at 4699.994 ms batch [514.218] delay 292.418 ms
INFO: at 4699.994 ms fetching 514.218 ms
INFO: at 4993.064 ms batch [278.045] delay 292.418 ms
INFO: at 4993.064 ms fetching 278.045 ms
INFO: at 5286.431 ms batch [294.906] delay 292.418 ms
INFO: at 5286.431 ms fetching 294.906 ms
INFO: at 5579.650 ms batch [60.107] delay 292.418 ms
INFO: at 5579.650 ms fetching 60.107 ms
INFO: at 5873.274 ms batch [574.059] delay 233.935 ms
INFO: at 5873.274 ms fetching 574.059 ms
INFO: at 6108.344 ms batch [219.938] delay 233.935 ms
INFO: at 6108.344 ms fetching 219.938 ms
INFO: at 6343.433 ms batch [300.896] delay 233.935 ms
INFO: at 6343.433 ms fetching 300.896 ms
INFO: at 6578.482 ms batch [121.714] delay 233.935 ms
INFO: at 6578.482 ms fetching 121.714 ms
INFO: at 6812.770 ms batch [487.451] delay 233.935 ms
INFO: at 6812.770 ms fetching 487.451 ms
INFO: at 7047.066 ms batch [153.172] delay 233.935 ms
INFO: at 7047.066 ms fetching 153.172 ms
INFO: at 7282.139 ms batch [512.378] delay 233.935 ms
INFO: at 7282.139 ms fetching 512.378 ms
INFO: at 7516.655 ms batch [123.502] delay 233.935 ms
INFO: at 7516.655 ms fetching 123.502 ms
INFO: at 7751.724 ms batch [188.060] delay 233.935 ms
INFO: at 7751.724 ms fetching 188.060 ms
INFO: at 7986.532 ms batch [196.295] delay 233.935 ms
INFO: at 7986.532 ms fetching 196.295 ms
INFO: at 8220.785 ms batch [293.075] delay 292.418 ms
INFO: at 8220.785 ms fetching 293.075 ms
INFO: at 8514.069 ms batch [448.264] delay 292.418 ms
INFO: at 8514.069 ms fetching 448.264 ms
INFO: at 8807.499 ms batch [272.473] delay 292.418 ms
INFO: at 8807.499 ms fetching 272.473 ms
INFO: at 9101.004 ms batch [188.645] delay 292.418 ms
INFO: at 9101.004 ms fetching 188.645 ms
INFO: at 9394.022 ms batch [151.917] delay 233.935 ms
INFO: at 9394.022 ms fetching 151.917 ms
INFO: at 9628.562 ms batch [158.378] delay 233.935 ms
INFO: at 9628.562 ms fetching 158.378 ms
INFO: at 9862.777 ms batch [315.069] delay 233.935 ms
INFO: at 9862.777 ms fetching 315.069 ms
INFO: at 10097.797 ms batch [368.054] delay 233.935 ms
INFO: at 10097.797 ms fetching 368.054 ms
INFO: at 10332.522 ms batch [196.288] delay 233.935 ms
INFO: at 10332.522 ms fetching 196.288 ms
INFO: at 10566.980 ms batch [117.003] delay 233.935 ms
INFO: at 10566.980 ms fetching 117.003 ms
INFO: at 10801.345 ms batch [470.712] delay 233.935 ms
INFO: at 10801.345 ms fetching 470.712 ms
INFO: at 11035.641 ms batch [332.065] delay 233.935 ms
INFO: at 11035.641 ms fetching 332.065 ms
INFO: at 11270.698 ms batch [98.962] delay 233.935 ms
INFO: at 11270.698 ms fetching 98.962 ms
INFO: at 11505.577 ms batch [379.189] delay 233.935 ms
INFO: at 11505.577 ms fetching 379.189 ms
INFO: at 11740.113 ms batch [79.098] delay 233.935 ms
INFO: at 11740.113 ms fetching 79.098 ms
INFO: at 11975.211 ms batch [304.608] delay 233.935 ms
INFO: at 11975.211 ms fetching 304.608 ms
INFO: at 12209.437 ms batch [477.972] delay 233.935 ms
INFO: at 12209.437 ms fetching 477.972 ms
INFO: at 12444.504 ms batch [92.244] delay 233.935 ms
INFO: at 12444.504 ms fetching 92.244 ms
INFO: at 12679.571 ms batch [222.825] delay 233.935 ms
INFO: at 12679.571 ms fetching 222.825 ms
INFO: at 12914.696 ms batch [372.184] delay 194.945 ms
INFO: at 12914.696 ms fetching 372.184 ms
INFO: at 13110.733 ms batch [248.256] delay 194.945 ms
INFO: at 13110.733 ms fetching 248.256 ms
INFO: at 13306.760 ms batch [235.423] delay 194.945 ms
INFO: at 13306.760 ms fetching 235.423 ms
INFO: at 13502.619 ms batch [239.189] delay 194.945 ms
INFO: at 13502.619 ms fetching 239.189 ms
INFO: at 13698.444 ms batch [137.122] delay 194.945 ms
INFO: at 13698.444 ms fetching 137.122 ms
INFO: at 13894.165 ms batch [163.249] delay 194.945 ms
INFO: at 13894.165 ms fetching 163.249 ms
INFO: at 14089.739 ms batch [75.531] delay 233.935 ms
INFO: at 14089.739 ms fetching 75.531 ms
INFO: at 14325.730 ms batch [205.066] delay 233.935 ms
INFO: at 14325.730 ms fetching 205.066 ms
INFO: at 14561.145 ms batch [192.449] delay 233.935 ms
INFO: at 14561.145 ms fetching 192.449 ms
INFO: at 14795.797 ms batch [94.727] delay 233.935 ms
INFO: at 14795.797 ms fetching 94.727 ms
INFO: at 15030.715 ms batch [505.977] delay 233.935 ms
INFO: at 15030.715 ms fetching 505.977 ms
INFO: at 15265.657 ms batch [286.397] delay 233.935 ms
INFO: at 15265.657 ms fetching 286.397 ms
INFO: at 15500.716 ms batch [679.924] delay 233.935 ms
INFO: at 15500.716 ms fetching 679.924 ms
INFO: at 15735.122 ms batch [200.819] delay 233.935 ms
INFO: at 15735.122 ms fetching 200.819 ms
INFO: at 15970.015 ms batch [278.157] delay 233.935 ms
INFO: at 15970.015 ms fetching 278.157 ms
INFO: at 16205.195 ms batch [97.520] delay 233.935 ms
INFO: at 16205.195 ms fetching 97.520 ms
INFO: at 16439.711 ms batch [207.074] delay 292.418 ms
INFO: at 16439.711 ms fetching 207.074 ms
INFO: at 16733.268 ms batch [481.916] delay 292.418 ms
INFO: at 16733.268 ms fetching 481.916 ms
INFO: at 17026.463 ms batch [339.147] delay 292.418 ms
INFO: at 17026.463 ms fetching 339.147 ms
INFO: at 17319.855 ms batch [142.281] delay 292.418 ms
INFO: at 17319.855 ms fetching 142.281 ms
INFO: at 17614.334 ms batch [180.917] delay 194.945 ms
INFO: at 17614.334 ms fetching 180.917 ms
INFO: at 17810.665 ms batch [368.424] delay 194.945 ms
INFO: at 17810.665 ms fetching 368.424 ms
INFO: at 18005.870 ms batch [197.218] delay 194.945 ms
INFO: at 18005.870 ms fetching 197.218 ms
INFO: at 18201.889 ms batch [145.083] delay 194.945 ms
INFO: at 18201.889 ms fetching 145.083 ms
INFO: at 18397.707 ms batch [243.778] delay 194.945 ms
INFO: at 18397.707 ms fetching 243.778 ms
INFO: at 18594.321 ms batch [258.770] delay 194.945 ms
INFO: at 18594.321 ms fetching 258.770 ms
INFO: at 18790.212 ms batch [465.374] delay 292.418 ms
INFO: at 18790.212 ms fetching 465.374 ms
INFO: at 19083.264 ms batch [175.718] delay 292.418 ms
INFO: at 19083.264 ms fetching 175.718 ms
INFO: at 19376.327 ms batch [118.288] delay 292.418 ms
INFO: at 19376.327 ms fetching 118.288 ms
INFO: at 19669.204 ms batch [473.093] delay 292.418 ms
INFO: at 19669.204 ms fetching 473.093 ms
INFO: at 19962.381 ms batch [420.768] delay 389.891 ms
INFO: at 19962.381 ms fetching 420.768 ms
INFO: at 20353.959 ms batch [205.526] delay 389.891 ms
INFO: at 20353.959 ms fetching 205.526 ms
INFO: at 20745.202 ms batch [498.261] delay 389.891 ms
INFO: at 20745.202 ms fetching 498.261 ms
INFO: at 21136.418 ms batch [442.522] delay 292.418 ms
INFO: at 21136.418 ms fetching 442.522 ms
INFO: at 21429.771 ms batch [161.730] delay 292.418 ms
INFO: at 21429.771 ms fetching 161.730 ms
INFO: at 21722.583 ms batch [404.481] delay 292.418 ms
INFO: at 21722.583 ms fetching 404.481 ms
INFO: at 22015.783 ms batch [171.109] delay 292.418 ms
INFO: at 22015.783 ms fetching 171.109 ms
INFO: at 22308.796 ms batch [622.303] delay 292.418 ms
INFO: at 22308.796 ms fetching 622.303 ms
INFO: at 22602.241 ms batch [690.886] delay 292.418 ms
INFO: at 22602.241 ms fetching 690.886 ms
INFO: at 22895.366 ms batch [423.464] delay 292.418 ms
INFO: at 22895.366 ms fetching 423.464 ms
INFO: at 23188.225 ms batch [255.244] delay 292.418 ms
INFO: at 23188.225 ms fetching 255.244 ms
INFO: at 23481.236 ms batch [431.464] delay 389.891 ms
INFO: at 23481.236 ms fetching 431.464 ms
INFO: at 23872.301 ms batch [313.830] delay 389.891 ms
INFO: at 23872.301 ms fetching 313.830 ms
INFO: at 24262.999 ms batch [102.530] delay 389.891 ms
INFO: at 24262.999 ms fetching 102.530 ms
INFO: at 24654.753 ms batch [311.024] delay 233.935 ms
INFO: at 24654.753 ms fetching 311.024 ms
INFO: at 24889.886 ms batch [406.954] delay 233.935 ms
INFO: at 24889.886 ms fetching 406.954 ms
INFO: at 25124.825 ms batch [204.715] delay 233.935 ms
INFO: at 25124.825 ms fetching 204.715 ms
INFO: at 25359.816 ms batch [497.161] delay 233.935 ms
INFO: at 25359.816 ms fetching 497.161 ms
INFO: at 25594.180 ms batch [178.065] delay 233.935 ms
INFO: at 25594.180 ms fetching 178.065 ms
INFO: at 25829.240 ms batch [386.231] delay 233.935 ms
INFO: at 25829.240 ms fetching 386.231 ms
INFO: at 26064.076 ms batch [330.560] delay 233.935 ms
INFO: at 26064.076 ms fetching 330.560 ms
INFO: at 26298.626 ms batch [439.998] delay 233.935 ms
INFO: at 26298.626 ms fetching 439.998 ms
INFO: at 26533.719 ms batch [401.838] delay 233.935 ms
INFO: at 26533.719 ms fetching 401.838 ms
INFO: at 26768.670 ms batch [121.374] delay 233.935 ms
INFO: at 26768.670 ms fetching 121.374 ms
INFO: at 27003.739 ms batch [178.139] delay 233.935 ms
INFO: at 27003.739 ms fetching 178.139 ms
INFO: at 27237.988 ms batch [147.554] delay 233.935 ms
INFO: at 27237.988 ms fetching 147.554 ms
INFO: at 27472.216 ms batch [487.855] delay 233.935 ms
INFO: at 27472.216 ms fetching 487.855 ms
INFO: at 27707.218 ms batch [154.511] delay 233.935 ms
INFO: at 27707.218 ms fetching 154.511 ms
INFO: at 27942.276 ms batch [386.496] delay 233.935 ms
INFO: at 27942.276 ms fetching 386.496 ms
INFO: at 28176.657 ms batch [114.244] delay 233.935 ms
INFO: at 28176.657 ms fetching 114.244 ms
INFO: at 28412.733 ms batch [186.712] delay 233.935 ms
INFO: at 28412.733 ms fetching 186.712 ms
INFO: at 28647.244 ms batch [384.992] delay 233.935 ms
INFO: at 28647.244 ms fetching 384.992 ms
INFO: at 28882.312 ms batch [548.484] delay 233.935 ms
INFO: at 28882.312 ms fetching 548.484 ms
INFO: at 29118.302 ms batch [154.675] delay 233.935 ms
INFO: at 29118.302 ms fetching 154.675 ms
INFO: at 29353.277 ms batch [175.285] delay 167.096 ms
INFO: at 29353.277 ms fetching 175.285 ms
INFO: at 29521.285 ms batch [159.363] delay 167.096 ms
INFO: at 29521.285 ms fetching 159.363 ms
INFO: at 29689.572 ms batch [131.151] delay 167.096 ms
INFO: at 29689.572 ms fetching 131.151 ms
INFO: at 29857.499 ms batch [580.689] delay 167.096 ms
INFO: at 29857.499 ms fetching 580.689 ms
INFO: at 30025.482 ms batch [330.740] delay 167.096 ms
INFO: at 30025.482 ms fetching 330.740 ms
INFO: at 30193.487 ms batch [158.756] delay 167.096 ms
INFO: at 30193.487 ms fetching 158.756 ms
INFO: at 30361.345 ms batch [326.774] delay 167.096 ms
INFO: at 30361.345 ms fetching 326.774 ms
INFO: at 30529.068 ms batch [225.247] delay 233.935 ms
INFO: at 30529.068 ms fetching 225.247 ms
INFO: at 30764.065 ms batch [352.304] delay 233.935 ms
INFO: at 30764.065 ms fetching 352.304 ms
INFO: at 30998.701 ms batch [349.023] delay 233.935 ms
INFO: at 30998.701 ms fetching 349.023 ms
INFO: at 31233.383 ms batch [355.496] delay 233.935 ms
INFO: at 31233.383 ms fetching 355.496 ms
INFO: at 31468.355 ms batch [188.653] delay 233.935 ms
INFO: at 31468.355 ms fetching 188.653 ms
INFO: at 31703.148 ms batch [539.298] delay 194.945 ms
INFO: at 31703.148 ms fetching 539.298 ms
INFO: at 31900.205 ms batch [198.845] delay 194.945 ms
INFO: at 31900.205 ms fetching 198.845 ms
INFO: at 32096.263 ms batch [372.233] delay 194.945 ms
INFO: at 32096.263 ms fetching 372.233 ms
INFO: at 32292.304 ms batch [134.937] delay 194.945 ms
INFO: at 32292.304 ms fetching 134.937 ms
INFO: at 32488.014 ms batch [448.801] delay 194.945 ms
INFO: at 32488.014 ms fetching 448.801 ms
INFO: at 32684.087 ms batch [383.855] delay 194.945 ms
INFO: at 32684.087 ms fetching 383.855 ms
INFO: at 32880.328 ms batch [174.113] delay 233.935 ms
INFO: at 32880.328 ms fetching 174.113 ms
INFO: at 33115.125 ms batch [488.162] delay 233.935 ms
INFO: at 33115.125 ms fetching 488.162 ms
INFO: at 33349.505 ms batch [142.194] delay 233.935 ms
INFO: at 33349.505 ms fetching 142.194 ms
INFO: at 33584.490 ms batch [223.462] delay 233.935 ms
INFO: at 33584.490 ms fetching 223.462 ms
INFO: at 33819.428 ms batch [317.095] delay 233.935 ms
INFO: at 33819.428 ms fetching 317.095 ms
INFO: at 34054.432 ms batch [506.130] delay 292.418 ms
INFO: at 34054.432 ms fetching 506.130 ms
INFO: at 34347.689 ms batch [250.719] delay 292.418 ms
INFO: at 34347.689 ms fetching 250.719 ms
INFO: at 34640.812 ms batch [336.813] delay 292.418 ms
INFO: at 34640.812 ms fetching 336.813 ms
INFO: at 34933.646 ms batch [317.452] delay 292.418 ms
INFO: at 34933.646 ms fetching 317.452 ms
INFO: at 35227.214 ms batch [487.978] delay 389.891 ms
INFO: at 35227.214 ms fetching 487.978 ms
INFO: at 35618.088 ms batch [341.933] delay 389.891 ms
INFO: at 35618.088 ms fetching 341.933 ms
INFO: at 36008.867 ms batch [349.117] delay 389.891 ms
INFO: at 36008.867 ms fetching 349.117 ms
INFO: at 36399.549 ms batch [177.824] delay 389.891 ms
INFO: at 36399.549 ms fetching 177.824 ms
INFO: at 36790.248 ms batch [437.560] delay 389.891 ms
INFO: at 36790.248 ms fetching 437.560 ms
INFO: at 37181.756 ms batch [214.684] delay 389.891 ms
INFO: at 37181.756 ms fetching 214.684 ms
INFO: at 37572.119 ms batch [325.690] delay 292.418 ms
INFO: at 37572.119 ms fetching 325.690 ms
INFO: at 37866.686 ms batch [352.100] delay 292.418 ms
INFO: at 37866.686 ms fetching 352.100 ms
INFO: at 38159.622 ms batch [632.227] delay 292.418 ms
INFO: at 38159.622 ms fetching 632.227 ms
INFO: at 38453.309 ms batch [343.427] delay 292.418 ms
INFO: at 38453.309 ms fetching 343.427 ms
INFO: at 38746.425 ms batch [68.822] delay 389.891 ms
INFO: at 38746.425 ms fetching 68.822 ms
INFO: at 39137.531 ms batch [279.324] delay 389.891 ms
INFO: at 39137.531 ms fetching 279.324 ms
INFO: at 39527.643 ms batch [181.681] delay 389.891 ms
INFO: at 39527.643 ms fetching 181.681 ms
INFO: at 39917.971 ms batch [474.222] delay 194.945 ms
INFO: at 39917.971 ms fetching 474.222 ms
INFO: at 40113.672 ms batch [57.208] delay 194.945 ms
INFO: at 40113.672 ms fetching 57.208 ms
INFO: at 40309.695 ms batch [197.293] delay 194.945 ms
INFO: at 40309.695 ms fetching 197.293 ms
INFO: at 40505.313 ms batch [99.875] delay 194.945 ms
INFO: at 40505.313 ms fetching 99.875 ms
INFO: at 40701.408 ms batch [329.684] delay 194.945 ms
INFO: at 40701.408 ms fetching 329.684 ms
INFO: at 40897.333 ms batch [315.049] delay 194.945 ms
INFO: at 40897.333 ms fetching 315.049 ms
INFO: at 41092.627 ms batch [366.705] delay 292.418 ms
INFO: at 41092.627 ms fetching 366.705 ms
INFO: at 41385.288 ms batch [255.505] delay 292.418 ms
INFO: at 41385.288 ms fetching 255.505 ms
INFO: at 41678.405 ms batch [402.407] delay 292.418 ms
INFO: at 41678.405 ms fetching 402.407 ms
INFO: at 41972.069 ms batch [682.441] delay 292.418 ms
INFO: at 41972.069 ms fetching 682.441 ms
INFO: at 42265.415 ms batch [390.287] delay 292.418 ms
INFO: at 42265.415 ms fetching 390.287 ms
INFO: at 42558.436 ms batch [219.141] delay 292.418 ms
INFO: at 42558.436 ms fetching 219.141 ms
INFO: at 42851.693 ms batch [397.405] delay 292.418 ms
INFO: at 42851.693 ms fetching 397.405 ms
INFO: at 43144.809 ms batch [133.346] delay 292.418 ms
INFO: at 43144.809 ms fetching 133.346 ms
INFO: at 43438.299 ms batch [218.395] delay 292.418 ms
INFO: at 43438.299 ms fetching 218.395 ms
INFO: at 43731.612 ms batch [80.203] delay 292.418 ms
INFO: at 43731.612 ms fetching 80.203 ms
INFO: at 44025.098 ms batch [531.833] delay 292.418 ms
INFO: at 44025.098 ms fetching 531.833 ms
INFO: at 44318.223 ms batch [88.640] delay 292.418 ms
INFO: at 44318.223 ms fetching 88.640 ms
INFO: at 44611.202 ms batch [470.111] delay 292.418 ms
INFO: at 44611.202 ms fetching 470.111 ms
INFO: at 44904.731 ms batch [139.420] delay 292.418 ms
INFO: at 44904.731 ms fetching 139.420 ms
INFO: at 45198.799 ms batch [441.256] delay 292.418 ms
INFO: at 45198.799 ms fetching 441.256 ms
INFO: at 45492.034 ms batch [212.245] delay 292.418 ms
INFO: at 45492.034 ms fetching 212.245 ms
INFO: at 45785.222 ms batch [122.858] delay 77.978 ms
INFO: at 45785.222 ms fetching 122.858 ms
INFO: at 45864.168 ms batch [422.318] delay 77.978 ms
INFO: at 45864.168 ms fetching 422.318 ms
INFO: at 45943.216 ms batch [208.670] delay 77.978 ms
INFO: at 45943.216 ms fetching 208.670 ms
INFO: at 46022.056 ms batch [345.034] delay 77.978 ms
INFO: at 46022.056 ms fetching 345.034 ms
INFO: at 46100.976 ms batch [247.188] delay 77.978 ms
INFO: at 46100.976 ms fetching 247.188 ms
INFO: at 46179.364 ms batch [517.947] delay 77.978 ms
INFO: at 46179.364 ms fetching 517.947 ms
INFO: at 46257.668 ms batch [557.211] delay 77.978 ms
INFO: at 46257.668 ms fetching 557.211 ms
INFO: at 46336.639 ms batch [78.633] delay 77.978 ms
INFO: at 46336.639 ms fetching 78.633 ms
INFO: at 46415.030 ms batch [165.024] delay 77.978 ms
INFO: at 46415.030 ms fetching 165.024 ms
INFO: at 46493.918 ms batch [482.569] delay 77.978 ms
INFO: at 46493.918 ms fetching 482.569 ms
INFO: at 46572.839 ms batch [133.104] delay 77.978 ms
INFO: at 46572.839 ms fetching 133.104 ms
INFO: at 46651.198 ms batch [496.280] delay 77.978 ms
INFO: at 46651.198 ms fetching 496.280 ms
INFO: at 46729.427 ms batch [277.510] delay 77.978 ms
INFO: at 46729.427 ms fetching 277.510 ms
INFO: at 46808.313 ms batch [200.325] delay 77.978 ms
INFO: at 46808.313 ms fetching 200.325 ms
INFO: at 46886.693 ms batch [406.529] delay 77.978 ms
INFO: at 46886.693 ms fetching 406.529 ms
INFO: at 46965.075 ms batch [403.450] delay 233.935 ms
INFO: at 46965.075 ms fetching 403.450 ms
INFO: at 47200.134 ms batch [104.829] delay 233.935 ms
INFO: at 47200.134 ms fetching 104.829 ms
INFO: at 47434.976 ms batch [191.305] delay 233.935 ms
INFO: at 47434.976 ms fetching 191.305 ms
INFO: at 47669.163 ms batch [270.955] delay 233.935 ms
INFO: at 47669.163 ms fetching 270.955 ms
INFO: at 47903.727 ms batch [260.499] delay 233.935 ms
INFO: at 47903.727 ms fetching 260.499 ms
INFO: at 48138.560 ms batch [153.364] delay 233.935 ms
INFO: at 48138.560 ms fetching 153.364 ms
INFO: at 48372.945 ms batch [178.676] delay 233.935 ms
INFO: at 48372.945 ms fetching 178.676 ms
INFO: at 48608.021 ms batch [324.101] delay 233.935 ms
INFO: at 48608.021 ms fetching 324.101 ms
INFO: at 48842.774 ms batch [547.789] delay 233.935 ms
INFO: at 48842.774 ms fetching 547.789 ms
INFO: at 49076.982 ms batch [124.417] delay 233.935 ms
INFO: at 49076.982 ms fetching 124.417 ms
INFO: at 49311.319 ms batch [160.832] delay 292.418 ms
INFO: at 49311.319 ms fetching 160.832 ms
INFO: at 49604.134 ms batch [216.863] delay 292.418 ms
INFO: at 49604.134 ms fetching 216.863 ms
INFO: at 49897.057 ms batch [272.294] delay 292.418 ms
INFO: at 49897.057 ms fetching 272.294 ms
INFO: at 50190.577 ms batch [264.073] delay 292.418 ms
INFO: at 50190.577 ms fetching 264.073 ms
INFO: at 50483.932 ms batch [52.921] delay 167.096 ms
INFO: at 50483.932 ms fetching 52.921 ms
INFO: at 50651.487 ms batch [473.197] delay 167.096 ms
INFO: at 50651.487 ms fetching 473.197 ms
INFO: at 50819.488 ms batch [217.554] delay 167.096 ms
INFO: at 50819.488 ms fetching 217.554 ms
INFO: at 50987.399 ms batch [459.772] delay 167.096 ms
INFO: at 50987.399 ms fetching 459.772 ms
INFO: at 51155.127 ms batch [329.169] delay 167.096 ms
INFO: at 51155.127 ms fetching 329.169 ms
INFO: at 51323.040 ms batch [202.282] delay 167.096 ms
INFO: at 51323.040 ms fetching 202.282 ms
INFO: at 51491.027 ms batch [344.262] delay 167.096 ms
INFO: at 51491.027 ms fetching 344.262 ms
INFO: at 51658.394 ms batch [365.878] delay 233.935 ms
INFO: at 51658.394 ms fetching 365.878 ms
INFO: at 51893.484 ms batch [125.474] delay 233.935 ms
INFO: at 51893.484 ms fetching 125.474 ms
INFO: at 52128.546 ms batch [177.180] delay 233.935 ms
INFO: at 52128.546 ms fetching 177.180 ms
INFO: at 52363.034 ms batch [182.728] delay 233.935 ms
INFO: at 52363.034 ms fetching 182.728 ms
INFO: at 52597.969 ms batch [158.933] delay 233.935 ms
INFO: at 52597.969 ms fetching 158.933 ms
INFO: at 52832.962 ms batch [224.688] delay 233.935 ms
INFO: at 52832.962 ms fetching 224.688 ms
INFO: at 53067.877 ms batch [312.229] delay 233.935 ms
INFO: at 53067.877 ms fetching 312.229 ms
INFO: at 53302.855 ms batch [303.581] delay 233.935 ms
INFO: at 53302.855 ms fetching 303.581 ms
INFO: at 53537.905 ms batch [250.709] delay 233.935 ms
INFO: at 53537.905 ms fetching 250.709 ms
INFO: at 53772.573 ms batch [123.510] delay 233.935 ms
INFO: at 53772.573 ms fetching 123.510 ms
INFO: at 54007.653 ms batch [155.110] delay 292.418 ms
INFO: at 54007.653 ms fetching 155.110 ms
INFO: at 54300.642 ms batch [499.698] delay 292.418 ms
INFO: at 54300.642 ms fetching 499.698 ms
INFO: at 54593.778 ms batch [697.490] delay 292.418 ms
INFO: at 54593.778 ms fetching 697.490 ms
INFO: at 54887.126 ms batch [188.537] delay 292.418 ms
INFO: at 54887.126 ms fetching 188.537 ms
INFO: at 55180.190 ms batch [158.289] delay 292.418 ms
INFO: at 55180.190 ms fetching 158.289 ms
INFO: at 55473.312 ms batch [310.323] delay 292.418 ms
INFO: at 55473.312 ms fetching 310.323 ms
INFO: at 55766.640 ms batch [242.918] delay 292.418 ms
INFO: at 55766.640 ms fetching 242.918 ms
INFO: at 56059.561 ms batch [276.796] delay 292.418 ms
INFO: at 56059.561 ms fetching 276.796 ms
INFO: at 56352.558 ms batch [270.647] delay 194.945 ms
INFO: at 56352.558 ms fetching 270.647 ms
INFO: at 56548.579 ms batch [383.088] delay 194.945 ms
INFO: at 56548.579 ms fetching 383.088 ms
INFO: at 56744.086 ms batch [270.135] delay 194.945 ms
INFO: at 56744.086 ms fetching 270.135 ms
INFO: at 56940.469 ms batch [278.088] delay 194.945 ms
INFO: at 56940.469 ms fetching 278.088 ms
INFO: at 57135.742 ms batch [173.907] delay 194.945 ms
INFO: at 57135.742 ms fetching 173.907 ms
INFO: at 57331.114 ms batch [300.555] delay 194.945 ms
INFO: at 57331.114 ms fetching 300.555 ms
INFO: at 57527.154 ms batch [143.163] delay 292.418 ms
INFO: at 57527.154 ms fetching 143.163 ms
INFO: at 57820.312 ms batch [133.994] delay 292.418 ms
INFO: at 57820.312 ms fetching 133.994 ms
INFO: at 58114.139 ms batch [361.882] delay 292.418 ms
INFO: at 58114.139 ms fetching 361.882 ms
INFO: at 58407.255 ms batch [277.069] delay 292.418 ms
INFO: at 58407.255 ms fetching 277.069 ms
INFO: at 58700.850 ms batch [209.098] delay 233.935 ms
INFO: at 58700.850 ms fetching 209.098 ms
INFO: at 58936.818 ms batch [432.683] delay 233.935 ms
INFO: at 58936.818 ms fetching 432.683 ms
INFO: at 59171.500 ms batch [544.856] delay 233.935 ms
INFO: at 59171.500 ms fetching 544.856 ms
INFO: at 59406.407 ms batch [431.557] delay 233.935 ms
INFO: at 59406.407 ms fetching 431.557 ms
INFO: at 59641.147 ms batch [601.829] delay 233.935 ms
INFO: at 59641.147 ms fetching 601.829 ms
INFO: at 59876.163 ms batch [238.771] delay 167.096 ms
INFO: at 59876.163 ms fetching 238.771 ms
INFO: at 60044.193 ms batch [214.773] delay 167.096 ms
INFO: at 60044.193 ms fetching 214.773 ms
INFO: at 60212.219 ms batch [277.910] delay 167.096 ms
INFO: at 60212.219 ms fetching 277.910 ms
INFO: at 60380.180 ms batch [235.296] delay 167.096 ms
INFO: at 60380.180 ms fetching 235.296 ms
INFO: at 60548.216 ms batch [111.808] delay 167.096 ms
INFO: at 60548.216 ms fetching 111.808 ms
INFO: at 60716.005 ms batch [125.314] delay 167.096 ms
INFO: at 60716.005 ms fetching 125.314 ms
INFO: at 60883.325 ms batch [535.654] delay 167.096 ms
INFO: at 60883.325 ms fetching 535.654 ms
INFO: at 61050.746 ms batch [172.386] delay 292.418 ms
INFO: at 61050.746 ms fetching 172.386 ms
INFO: at 61343.843 ms batch [319.242] delay 292.418 ms
INFO: at 61343.843 ms fetching 319.242 ms
INFO: at 61636.844 ms batch [230.585] delay 292.418 ms
INFO: at 61636.844 ms fetching 230.585 ms
INFO: at 61930.206 ms batch [137.421] delay 292.418 ms
INFO: at 61930.206 ms fetching 137.421 ms
INFO: at 62224.148 ms batch [140.685] delay 233.935 ms
INFO: at 62224.148 ms fetching 140.685 ms
INFO: at 62459.107 ms batch [235.919] delay 233.935 ms
INFO: at 62459.107 ms fetching 235.919 ms
INFO: at 62694.148 ms batch [258.665] delay 233.935 ms
INFO: at 62694.148 ms fetching 258.665 ms
INFO: at 62928.654 ms batch [113.916] delay 233.935 ms
INFO: at 62928.654 ms fetching 113.916 ms
INFO: at 63163.169 ms batch [276.910] delay 233.935 ms
INFO: at 63163.169 ms fetching 276.910 ms
INFO: at 63398.236 ms batch [277.919] delay 389.891 ms
INFO: at 63398.236 ms fetching 277.919 ms
INFO: at 63788.752 ms batch [540.163] delay 389.891 ms
INFO: at 63788.752 ms fetching 540.163 ms
INFO: at 64179.968 ms batch [86.649] delay 389.891 ms
INFO: at 64179.968 ms fetching 86.649 ms
INFO: at 64570.855 ms batch [335.487] delay 233.935 ms
INFO: at 64570.855 ms fetching 335.487 ms
INFO: at 64805.868 ms batch [316.025] delay 233.935 ms
INFO: at 64805.868 ms fetching 316.025 ms
INFO: at 65040.431 ms batch [145.438] delay 233.935 ms
INFO: at 65040.431 ms fetching 145.438 ms
INFO: at 65275.444 ms batch [397.893] delay 233.935 ms
INFO: at 65275.444 ms fetching 397.893 ms
INFO: at 65509.787 ms batch [363.535] delay 233.935 ms
INFO: at 65509.787 ms fetching 363.535 ms
INFO: at 65744.998 ms batch [118.105] delay 292.418 ms
INFO: at 65744.998 ms fetching 118.105 ms
INFO: at 66038.124 ms batch [289.166] delay 292.418 ms
INFO: at 66038.124 ms fetching 289.166 ms
INFO: at 66331.285 ms batch [274.926] delay 292.418 ms
INFO: at 66331.285 ms fetching 274.926 ms
INFO: at 66624.685 ms batch [265.515] delay 292.418 ms
INFO: at 66624.685 ms fetching 265.515 ms
INFO: at 66917.928 ms batch [198.871] delay 233.935 ms
INFO: at 66917.928 ms fetching 198.871 ms
INFO: at 67153.040 ms batch [351.407] delay 233.935 ms
INFO: at 67153.040 ms fetching 351.407 ms
INFO: at 67387.309 ms batch [470.897] delay 233.935 ms
INFO: at 67387.309 ms fetching 470.897 ms
INFO: at 67623.357 ms batch [297.451] delay 233.935 ms
INFO: at 67623.357 ms fetching 297.451 ms
INFO: at 67858.358 ms batch [188.391] delay 233.935 ms
INFO: at 67858.358 ms fetching 188.391 ms
INFO: at 68092.882 ms batch [560.853] delay 233.935 ms
INFO: at 68092.882 ms fetching 560.853 ms
INFO: at 68327.963 ms batch [210.807] delay 233.935 ms
INFO: at 68327.963 ms fetching 210.807 ms
INFO: at 68562.765 ms batch [201.946] delay 233.935 ms
INFO: at 68562.765 ms fetching 201.946 ms
INFO: at 68797.800 ms batch [136.616] delay 233.935 ms
INFO: at 68797.800 ms fetching 136.616 ms
INFO: at 69032.474 ms batch [376.081] delay 233.935 ms
INFO: at 69032.474 ms fetching 376.081 ms
INFO: at 69267.060 ms batch [539.706] delay 292.418 ms
INFO: at 69267.060 ms fetching 539.706 ms
INFO: at 69560.637 ms batch [138.611] delay 292.418 ms
INFO: at 69560.637 ms fetching 138.611 ms
INFO: at 69853.760 ms batch [141.373] delay 292.418 ms
INFO: at 69853.760 ms fetching 141.373 ms
INFO: at 70146.517 ms batch [143.236] delay 292.418 ms
INFO: at 70146.517 ms fetching 143.236 ms
INFO: at 70439.671 ms batch [478.363] delay 233.935 ms
INFO: at 70439.671 ms fetching 478.363 ms
INFO: at 70674.686 ms batch [133.305] delay 233.935 ms
INFO: at 70674.686 ms fetching 133.305 ms
INFO: at 70909.738 ms batch [220.782] delay 233.935 ms
INFO: at 70909.738 ms fetching 220.782 ms
INFO: at 71144.972 ms batch [97.409] delay 233.935 ms
INFO: at 71144.972 ms fetching 97.409 ms
INFO: at 71380.014 ms batch [486.012] delay 233.935 ms
INFO: at 71380.014 ms fetching 486.012 ms
INFO: at 71615.103 ms batch [230.543] delay 233.935 ms
INFO: at 71615.103 ms fetching 230.543 ms
INFO: at 71850.044 ms batch [485.804] delay 233.935 ms
INFO: at 71850.044 ms fetching 485.804 ms
INFO: at 72084.472 ms batch [91.011] delay 233.935 ms
INFO: at 72084.472 ms fetching 91.011 ms
INFO: at 72319.539 ms batch [281.071] delay 233.935 ms
INFO: at 72319.539 ms fetching 281.071 ms
INFO: at 72554.400 ms batch [485.680] delay 233.935 ms
INFO: at 72554.400 ms fetching 485.680 ms
INFO: at 72788.920 ms batch [275.688] delay 292.418 ms
INFO: at 72788.920 ms fetching 275.688 ms
INFO: at 73082.273 ms batch [375.376] delay 292.418 ms
INFO: at 73082.273 ms fetching 375.376 ms
INFO: at 73375.831 ms batch [178.767] delay 292.418 ms
INFO: at 73375.831 ms fetching 178.767 ms
INFO: at 73668.531 ms batch [110.835] delay 292.418 ms
INFO: at 73668.531 ms fetching 110.835 ms
INFO: at 73961.574 ms batch [241.303] delay 292.418 ms
INFO: at 73961.574 ms fetching 241.303 ms
INFO: at 74254.640 ms batch [490.249] delay 292.418 ms
INFO: at 74254.640 ms fetching 490.249 ms
INFO: at 74547.761 ms batch [228.905] delay 292.418 ms
INFO: at 74547.761 ms fetching 228.905 ms
INFO: at 74841.235 ms batch [204.948] delay 292.418 ms
INFO: at 74841.235 ms fetching 204.948 ms
INFO: at 75134.890 ms batch [243.824] delay 389.891 ms
INFO: at 75134.890 ms fetching 243.824 ms
INFO: at 75525.930 ms batch [615.010] delay 389.891 ms
INFO: at 75525.930 ms fetching 615.010 ms
INFO: at 75917.140 ms batch [351.732] delay 389.891 ms
INFO: at 75917.140 ms fetching 351.732 ms
INFO: at 76308.045 ms batch [214.414] delay 292.418 ms
INFO: at 76308.045 ms fetching 214.414 ms
INFO: at 76601.199 ms batch [123.402] delay 292.418 ms
INFO: at 76601.199 ms fetching 123.402 ms
INFO: at 76895.399 ms batch [486.241] delay 292.418 ms
INFO: at 76895.399 ms fetching 486.241 ms
INFO: at 77188.557 ms batch [209.803] delay 292.418 ms
INFO: at 77188.557 ms fetching 209.803 ms
INFO: at 77481.449 ms batch [209.373] delay 194.945 ms
INFO: at 77481.449 ms fetching 209.373 ms
INFO: at 77678.086 ms batch [466.735] delay 194.945 ms
INFO: at 77678.086 ms fetching 466.735 ms
INFO: at 77873.314 ms batch [58.094] delay 194.945 ms
INFO: at 77873.314 ms fetching 58.094 ms
INFO: at 78069.377 ms batch [337.716] delay 194.945 ms
INFO: at 78069.377 ms fetching 337.716 ms
INFO: at 78265.409 ms batch [234.306] delay 194.945 ms
INFO: at 78265.409 ms fetching 234.306 ms
INFO: at 78461.560 ms batch [143.328] delay 194.945 ms
INFO: at 78461.560 ms fetching 143.328 ms
INFO: at 78657.484 ms batch [226.431] delay 233.935 ms
INFO: at 78657.484 ms fetching 226.431 ms
INFO: at 78892.288 ms batch [214.162] delay 233.935 ms
INFO: at 78892.288 ms fetching 214.162 ms
INFO: at 79126.892 ms batch [325.896] delay 233.935 ms
INFO: at 79126.892 ms fetching 325.896 ms
INFO: at 79361.163 ms batch [348.644] delay 233.935 ms
INFO: at 79361.163 ms fetching 348.644 ms
INFO: at 79595.831 ms batch [744.345] delay 233.935 ms
INFO: at 79595.831 ms fetching 744.345 ms
INFO: at 79831.065 ms batch [446.667] delay 194.945 ms
INFO: at 79831.065 ms fetching 446.667 ms
INFO: at 80026.597 ms batch [320.695] delay 194.945 ms
INFO: at 80026.597 ms fetching 320.695 ms
INFO: at 80222.622 ms batch [233.977] delay 194.945 ms
INFO: at 80222.622 ms fetching 233.977 ms
INFO: at 80418.651 ms batch [264.599] delay 194.945 ms
INFO: at 80418.651 ms fetching 264.599 ms
INFO: at 80614.876 ms batch [121.946] delay 194.945 ms
INFO: at 80614.876 ms fetching 121.946 ms
INFO: at 80810.401 ms batch [288.245] delay 194.945 ms
INFO: at 80810.401 ms fetching 288.245 ms
INFO: at 81005.949 ms batch [198.276] delay 194.945 ms
INFO: at 81005.949 ms fetching 198.276 ms
INFO: at 81201.922 ms batch [255.069] delay 194.945 ms
INFO: at 81201.922 ms fetching 255.069 ms
INFO: at 81397.447 ms batch [194.185] delay 194.945 ms
INFO: at 81397.447 ms fetching 194.185 ms
INFO: at 81593.980 ms batch [154.772] delay 194.945 ms
INFO: at 81593.980 ms fetching 154.772 ms
INFO: at 81789.136 ms batch [274.127] delay 194.945 ms
INFO: at 81789.136 ms fetching 274.127 ms
INFO: at 81984.332 ms batch [166.088] delay 194.945 ms
INFO: at 81984.332 ms fetching 166.088 ms
INFO: at 82180.473 ms batch [137.976] delay 167.096 ms
INFO: at 82180.473 ms fetching 137.976 ms
INFO: at 82347.999 ms batch [218.953] delay 167.096 ms
INFO: at 82347.999 ms fetching 218.953 ms
INFO: at 82516.670 ms batch [391.444] delay 167.096 ms
INFO: at 82516.670 ms fetching 391.444 ms
INFO: at 82685.893 ms batch [232.297] delay 167.096 ms
INFO: at 82685.893 ms fetching 232.297 ms
INFO: at 82853.806 ms batch [117.004] delay 167.096 ms
INFO: at 82853.806 ms fetching 117.004 ms
INFO: at 83021.459 ms batch [100.643] delay 167.096 ms
INFO: at 83021.459 ms fetching 100.643 ms
INFO: at 83189.412 ms batch [289.215] delay 167.096 ms
INFO: at 83189.412 ms fetching 289.215 ms
INFO: at 83357.037 ms batch [124.065] delay 292.418 ms
INFO: at 83357.037 ms fetching 124.065 ms
INFO: at 83651.025 ms batch [213.853] delay 292.418 ms
INFO: at 83651.025 ms fetching 213.853 ms
INFO: at 83944.558 ms batch [94.602] delay 292.418 ms
INFO: at 83944.558 ms fetching 94.602 ms
INFO: at 84237.825 ms batch [399.030] delay 292.418 ms
INFO: at 84237.825 ms fetching 399.030 ms
INFO: at 84530.897 ms batch [97.775] delay 233.935 ms
INFO: at 84530.897 ms fetching 97.775 ms
INFO: at 84765.571 ms batch [238.267] delay 233.935 ms
INFO: at 84765.571 ms fetching 238.267 ms
INFO: at 85000.735 ms batch [215.004] delay 233.935 ms
INFO: at 85000.735 ms fetching 215.004 ms
INFO: at 85235.778 ms batch [174.481] delay 233.935 ms
INFO: at 85235.778 ms fetching 174.481 ms
INFO: at 85470.533 ms batch [100.319] delay 233.935 ms
INFO: at 85470.533 ms fetching 100.319 ms
INFO: at 85705.104 ms batch [419.367] delay 292.418 ms
INFO: at 85705.104 ms fetching 419.367 ms
INFO: at 85997.934 ms batch [181.577] delay 292.418 ms
INFO: at 85997.934 ms fetching 181.577 ms
INFO: at 86290.834 ms batch [120.119] delay 292.418 ms
INFO: at 86290.834 ms fetching 120.119 ms
INFO: at 86584.357 ms batch [320.314] delay 292.418 ms
INFO: at 86584.357 ms fetching 320.314 ms
INFO: at 86877.399 ms batch [171.647] delay 194.945 ms
INFO: at 86877.399 ms fetching 171.647 ms
INFO: at 87072.780 ms batch [295.961] delay 194.945 ms
INFO: at 87072.780 ms fetching 295.961 ms
INFO: at 87269.843 ms batch [160.855] delay 194.945 ms
INFO: at 87269.843 ms fetching 160.855 ms
INFO: at 87465.246 ms batch [313.070] delay 194.945 ms
INFO: at 87465.246 ms fetching 313.070 ms
INFO: at 87660.971 ms batch [378.746] delay 194.945 ms
INFO: at 87660.971 ms fetching 378.746 ms
INFO: at 87856.973 ms batch [240.182] delay 194.945 ms
INFO: at 87856.973 ms fetching 240.182 ms
INFO: at 88052.366 ms batch [178.318] delay 116.967 ms
INFO: at 88052.366 ms fetching 178.318 ms
INFO: at 88170.338 ms batch [556.380] delay 116.967 ms
INFO: at 88170.338 ms fetching 556.380 ms
INFO: at 88289.278 ms batch [441.556] delay 116.967 ms
INFO: at 88289.278 ms fetching 441.556 ms
INFO: at 88406.902 ms batch [208.240] delay 116.967 ms
INFO: at 88406.902 ms fetching 208.240 ms
INFO: at 88524.698 ms batch [172.102] delay 116.967 ms
INFO: at 88524.698 ms fetching 172.102 ms
INFO: at 88642.801 ms batch [205.291] delay 116.967 ms
INFO: at 88642.801 ms fetching 205.291 ms
INFO: at 88760.184 ms batch [304.059] delay 116.967 ms
INFO: at 88760.184 ms fetching 304.059 ms
INFO: at 88878.108 ms batch [239.585] delay 116.967 ms
INFO: at 88878.108 ms fetching 239.585 ms
INFO: at 88995.781 ms batch [269.947] delay 116.967 ms
INFO: at 88995.781 ms fetching 269.947 ms
INFO: at 89113.718 ms batch [248.293] delay 116.967 ms
INFO: at 89113.718 ms fetching 248.293 ms
INFO: at 89231.034 ms batch [232.059] delay 233.935 ms
INFO: at 89231.034 ms fetching 232.059 ms
INFO: at 89465.530 ms batch [560.768] delay 233.935 ms
INFO: at 89465.530 ms fetching 560.768 ms
INFO: at 89700.165 ms batch [328.296] delay 233.935 ms
INFO: at 89700.165 ms fetching 328.296 ms
INFO: at 89935.193 ms batch [172.917] delay 233.935 ms
INFO: at 89935.193 ms fetching 172.917 ms
INFO: at 90169.561 ms batch [303.251] delay 233.935 ms
INFO: at 90169.561 ms fetching 303.251 ms
INFO: at 90404.617 ms batch [297.043] delay 292.418 ms
INFO: at 90404.617 ms fetching 297.043 ms
INFO: at 90697.453 ms batch [192.789] delay 292.418 ms
INFO: at 90697.453 ms fetching 192.789 ms
INFO: at 90990.377 ms batch [232.814] delay 292.418 ms
INFO: at 90990.377 ms fetching 232.814 ms
INFO: at 91283.943 ms batch [573.507] delay 292.418 ms
INFO: at 91283.943 ms fetching 573.507 ms
INFO: at 91577.095 ms batch [26.023] delay 292.418 ms
INFO: at 91577.095 ms fetching 26.023 ms
INFO: at 91870.170 ms batch [642.354] delay 292.418 ms
INFO: at 91870.170 ms fetching 642.354 ms
INFO: at 92163.336 ms batch [128.714] delay 292.418 ms
INFO: at 92163.336 ms fetching 128.714 ms
INFO: at 92456.460 ms batch [520.308] delay 292.418 ms
INFO: at 92456.460 ms fetching 520.308 ms
INFO: at 92749.460 ms batch [311.683] delay 233.935 ms
INFO: at 92749.460 ms fetching 311.683 ms
INFO: at 92984.552 ms batch [449.284] delay 233.935 ms
INFO: at 92984.552 ms fetching 449.284 ms
INFO: at 93218.867 ms batch [103.533] delay 233.935 ms
INFO: at 93218.867 ms fetching 103.533 ms
INFO: at 93453.861 ms batch [231.961] delay 233.935 ms
INFO: at 93453.861 ms fetching 231.961 ms
INFO: at 93688.518 ms batch [796.368] delay 233.935 ms
INFO: at 93688.518 ms fetching 796.368 ms
INFO: at 93923.299 ms batch [126.743] delay 167.096 ms
INFO: at 93923.299 ms fetching 126.743 ms
INFO: at 94091.186 ms batch [108.304] delay 167.096 ms
INFO: at 94091.186 ms fetching 108.304 ms
INFO: at 94259.193 ms batch [268.290] delay 167.096 ms
INFO: at 94259.193 ms fetching 268.290 ms
INFO: at 94427.082 ms batch [323.182] delay 167.096 ms
INFO: at 94427.082 ms fetching 323.182 ms
INFO: at 94595.048 ms batch [165.959] delay 167.096 ms
INFO: at 94595.048 ms fetching 165.959 ms
INFO: at 94762.686 ms batch [173.611] delay 167.096 ms
INFO: at 94762.686 ms fetching 173.611 ms
INFO: at 94930.964 ms batch [174.212] delay 167.096 ms
INFO: at 94930.964 ms fetching 174.212 ms
INFO: at 95099.290 ms batch [200.543] delay 233.935 ms
INFO: at 95099.290 ms fetching 200.543 ms
INFO: at 95334.083 ms batch [203.601] delay 233.935 ms
INFO: at 95334.083 ms fetching 203.601 ms
INFO: at 95570.081 ms batch [133.813] delay 233.935 ms
INFO: at 95570.081 ms fetching 133.813 ms
INFO: at 95805.772 ms batch [441.526] delay 233.935 ms
INFO: at 95805.772 ms fetching 441.526 ms
INFO: at 96040.760 ms batch [181.895] delay 233.935 ms
INFO: at 96040.760 ms fetching 181.895 ms
INFO: at 96275.534 ms batch [373.136] delay 292.418 ms
INFO: at 96275.534 ms fetching 373.136 ms
INFO: at 96569.108 ms batch [221.980] delay 292.418 ms
INFO: at 96569.108 ms fetching 221.980 ms
INFO: at 96861.876 ms batch [149.461] delay 292.418 ms
INFO: at 96861.876 ms fetching 149.461 ms
INFO: at 97155.444 ms batch [191.601] delay 292.418 ms
INFO: at 97155.444 ms fetching 191.601 ms
INFO: at 97448.185 ms batch [117.049] delay 233.935 ms
INFO: at 97448.185 ms fetching 117.049 ms
INFO: at 97682.648 ms batch [458.215] delay 233.935 ms
INFO: at 97682.648 ms fetching 458.215 ms
INFO: at 97917.747 ms batch [477.937] delay 233.935 ms
INFO: at 97917.747 ms fetching 477.937 ms
INFO: at 98152.739 ms batch [126.936] delay 233.935 ms
INFO: at 98152.739 ms fetching 126.936 ms
INFO: at 98387.130 ms batch [516.988] delay 233.935 ms
INFO: at 98387.130 ms fetching 516.988 ms
INFO: at 98622.183 ms batch [547.379] delay 194.945 ms
INFO: at 98622.183 ms fetching 547.379 ms
INFO: at 98817.772 ms batch [245.360] delay 194.945 ms
INFO: at 98817.772 ms fetching 245.360 ms
INFO: at 99013.802 ms batch [388.603] delay 194.945 ms
INFO: at 99013.802 ms fetching 388.603 ms
INFO: at 99209.770 ms batch [234.305] delay 194.945 ms
INFO: at 99209.770 ms fetching 234.305 ms
INFO: at 99406.010 ms batch [931.114] delay 194.945 ms
INFO: at 99406.010 ms fetching 931.114 ms
INFO: at 99602.041 ms batch [233.516] delay 194.945 ms
INFO: at 99602.041 ms fetching 233.516 ms
INFO: at 99797.431 ms batch [308.752] delay 233.935 ms
INFO: at 99797.431 ms fetching 308.752 ms
INFO: at 100031.957 ms batch [258.068] delay 233.935 ms
INFO: at 100031.957 ms fetching 258.068 ms
INFO: at 100266.882 ms batch [115.824] delay 233.935 ms
INFO: at 100266.882 ms fetching 115.824 ms
INFO: at 100501.976 ms batch [164.368] delay 233.935 ms
INFO: at 100501.976 ms fetching 164.368 ms
INFO: at 100736.444 ms batch [374.996] delay 233.935 ms
INFO: at 100736.444 ms fetching 374.996 ms
INFO: at 100971.099 ms batch [293.296] delay 167.096 ms
INFO: at 100971.099 ms fetching 293.296 ms
INFO: at 101139.120 ms batch [111.292] delay 167.096 ms
INFO: at 101139.120 ms fetching 111.292 ms
INFO: at 101306.514 ms batch [229.876] delay 167.096 ms
INFO: at 101306.514 ms fetching 229.876 ms
INFO: at 101474.541 ms batch [318.485] delay 167.096 ms
INFO: at 101474.541 ms fetching 318.485 ms
INFO: at 101641.903 ms batch [394.872] delay 167.096 ms
INFO: at 101641.903 ms fetching 394.872 ms
INFO: at 101809.794 ms batch [288.878] delay 167.096 ms
INFO: at 101809.794 ms fetching 288.878 ms
INFO: at 101977.546 ms batch [151.987] delay 167.096 ms
INFO: at 101977.546 ms fetching 151.987 ms
INFO: at 102145.449 ms batch [231.615] delay 292.418 ms
INFO: at 102145.449 ms fetching 231.615 ms
INFO: at 102438.922 ms batch [130.413] delay 292.418 ms
INFO: at 102438.922 ms fetching 130.413 ms
INFO: at 102732.271 ms batch [150.014] delay 292.418 ms
INFO: at 102732.271 ms fetching 150.014 ms
INFO: at 103025.024 ms batch [137.568] delay 292.418 ms
INFO: at 103025.024 ms fetching 137.568 ms
INFO: at 103318.400 ms batch [173.384] delay 233.935 ms
INFO: at 103318.400 ms fetching 173.384 ms
INFO: at 103553.135 ms batch [230.449] delay 233.935 ms
INFO: at 103553.135 ms fetching 230.449 ms
INFO: at 103788.187 ms batch [295.068] delay 233.935 ms
INFO: at 103788.187 ms fetching 295.068 ms
INFO: at 104023.283 ms batch [180.318] delay 233.935 ms
INFO: at 104023.283 ms fetching 180.318 ms
INFO: at 104258.211 ms batch [537.242] delay 233.935 ms
INFO: at 104258.211 ms fetching 537.242 ms
INFO: at 104493.248 ms batch [409.199] delay 233.935 ms
INFO: at 104493.248 ms fetching 409.199 ms
INFO: at 104728.289 ms batch [81.936] delay 233.935 ms
INFO: at 104728.289 ms fetching 81.936 ms
INFO: at 104963.219 ms batch [222.270] delay 233.935 ms
INFO: at 104963.219 ms fetching 222.270 ms
INFO: at 105198.175 ms batch [528.052] delay 233.935 ms
INFO: at 105198.175 ms fetching 528.052 ms
INFO: at 105432.770 ms batch [332.810] delay 233.935 ms
INFO: at 105432.770 ms fetching 332.810 ms
INFO: at 105667.831 ms batch [209.975] delay 194.945 ms
INFO: at 105667.831 ms fetching 209.975 ms
INFO: at 105863.264 ms batch [122.918] delay 194.945 ms
INFO: at 105863.264 ms fetching 122.918 ms
INFO: at 106059.282 ms batch [185.582] delay 194.945 ms
INFO: at 106059.282 ms fetching 185.582 ms
INFO: at 106255.060 ms batch [133.208] delay 194.945 ms
INFO: at 106255.060 ms fetching 133.208 ms
INFO: at 106450.649 ms batch [318.189] delay 194.945 ms
INFO: at 106450.649 ms fetching 318.189 ms
INFO: at 106646.224 ms batch [89.148] delay 194.945 ms
INFO: at 106646.224 ms fetching 89.148 ms
INFO: at 106842.048 ms batch [620.094] delay 167.096 ms
INFO: at 106842.048 ms fetching 620.094 ms
INFO: at 107010.181 ms batch [191.319] delay 167.096 ms
INFO: at 107010.181 ms fetching 191.319 ms
INFO: at 107178.062 ms batch [423.397] delay 167.096 ms
INFO: at 107178.062 ms fetching 423.397 ms
INFO: at 107346.046 ms batch [220.429] delay 167.096 ms
INFO: at 107346.046 ms fetching 220.429 ms
INFO: at 107514.032 ms batch [275.230] delay 167.096 ms
INFO: at 107514.032 ms fetching 275.230 ms
INFO: at 107681.486 ms batch [146.101] delay 167.096 ms
INFO: at 107681.486 ms fetching 146.101 ms
INFO: at 107849.340 ms batch [106.949] delay 167.096 ms
INFO: at 107849.340 ms fetching 106.949 ms
INFO: at 108017.588 ms batch [500.789] delay 233.935 ms
INFO: at 108017.588 ms fetching 500.789 ms
INFO: at 108252.281 ms batch [88.433] delay 233.935 ms
INFO: at 108252.281 ms fetching 88.433 ms
INFO: at 108487.344 ms batch [338.735] delay 233.935 ms
INFO: at 108487.344 ms fetching 338.735 ms
INFO: at 108723.409 ms batch [246.343] delay 233.935 ms
INFO: at 108723.409 ms fetching 246.343 ms
INFO: at 108958.335 ms batch [437.846] delay 233.935 ms
INFO: at 108958.335 ms fetching 437.846 ms
INFO: at 109192.654 ms batch [472.172] delay 233.935 ms
INFO: at 109192.654 ms fetching 472.172 ms
INFO: at 109427.721 ms batch [457.402] delay 233.935 ms
INFO: at 109427.721 ms fetching 457.402 ms
INFO: at 109662.787 ms batch [482.763] delay 233.935 ms
INFO: at 109662.787 ms fetching 482.763 ms
INFO: at 109897.864 ms batch [363.796] delay 233.935 ms
INFO: at 109897.864 ms fetching 363.796 ms
INFO: at 110133.137 ms batch [89.528] delay 233.935 ms
INFO: at 110133.137 ms fetching 89.528 ms
INFO: at 110368.092 ms batch [433.052] delay 167.096 ms
INFO: at 110368.092 ms fetching 433.052 ms
INFO: at 110536.076 ms batch [312.518] delay 167.096 ms
INFO: at 110536.076 ms fetching 312.518 ms
INFO: at 110704.101 ms batch [113.375] delay 167.096 ms
INFO: at 110704.101 ms fetching 113.375 ms
INFO: at 110872.322 ms batch [526.493] delay 167.096 ms
INFO: at 110872.322 ms fetching 526.493 ms
INFO: at 111040.285 ms batch [449.680] delay 167.096 ms
INFO: at 111040.285 ms fetching 449.680 ms
INFO: at 111208.940 ms batch [258.971] delay 167.096 ms
INFO: at 111208.940 ms fetching 258.971 ms
INFO: at 111376.943 ms batch [263.104] delay 167.096 ms
INFO: at 111376.943 ms fetching 263.104 ms
INFO: at 111544.949 ms batch [393.430] delay 194.945 ms
INFO: at 111544.949 ms fetching 393.430 ms
INFO: at 111741.717 ms batch [177.236] delay 194.945 ms
INFO: at 111741.717 ms fetching 177.236 ms
INFO: at 111937.755 ms batch [203.525] delay 194.945 ms
INFO: at 111937.755 ms fetching 203.525 ms
INFO: at 112133.531 ms batch [316.945] delay 194.945 ms
INFO: at 112133.531 ms fetching 316.945 ms
INFO: at 112328.748 ms batch [256.922] delay 194.945 ms
INFO: at 112328.748 ms fetching 256.922 ms
INFO: at 112524.820 ms batch [215.389] delay 194.945 ms
INFO: at 112524.820 ms fetching 215.389 ms
INFO: at 112720.156 ms batch [249.662] delay 292.418 ms
INFO: at 112720.156 ms fetching 249.662 ms
INFO: at 113012.902 ms batch [270.462] delay 292.418 ms
INFO: at 113012.902 ms fetching 270.462 ms
INFO: at 113305.876 ms batch [376.785] delay 292.418 ms
INFO: at 113305.876 ms fetching 376.785 ms
INFO: at 113598.734 ms batch [263.591] delay 292.418 ms
INFO: at 113598.734 ms fetching 263.591 ms
INFO: at 113891.753 ms batch [57.125] delay 292.418 ms
INFO: at 113891.753 ms fetching 57.125 ms
INFO: at 114184.576 ms batch [151.438] delay 292.418 ms
INFO: at 114184.576 ms fetching 151.438 ms
INFO: at 114478.151 ms batch [76.536] delay 292.418 ms
INFO: at 114478.151 ms fetching 76.536 ms
INFO: at 114772.685 ms batch [95.086] delay 292.418 ms
INFO: at 114772.685 ms fetching 95.086 ms
INFO: at 115065.414 ms batch [157.341] delay 194.945 ms
INFO: at 115065.414 ms fetching 157.341 ms
INFO: at 115260.771 ms batch [260.259] delay 194.945 ms
INFO: at 115260.771 ms fetching 260.259 ms
INFO: at 115456.689 ms batch [364.143] delay 194.945 ms
INFO: at 115456.689 ms fetching 364.143 ms
INFO: at 115653.539 ms batch [229.233] delay 194.945 ms
INFO: at 115653.539 ms fetching 229.233 ms
INFO: at 115849.434 ms batch [228.088] delay 194.945 ms
INFO: at 115849.434 ms fetching 228.088 ms
INFO: at 116045.282 ms batch [259.374] delay 194.945 ms
INFO: at 116045.282 ms fetching 259.374 ms
INFO: at 116240.582 ms batch [204.000] delay 233.935 ms
INFO: at 116240.582 ms fetching 204.000 ms
INFO: at 116475.499 ms batch [201.532] delay 233.935 ms
INFO: at 116475.499 ms fetching 201.532 ms
INFO: at 116709.827 ms batch [475.688] delay 233.935 ms
INFO: at 116709.827 ms fetching 475.688 ms
INFO: at 116945.264 ms batch [161.141] delay 233.935 ms
INFO: at 116945.264 ms fetching 161.141 ms
INFO: at 117180.314 ms batch [180.829] delay 233.935 ms
INFO: at 117180.314 ms fetching 180.829 ms
INFO: at 117415.021 ms batch [478.083] delay 167.096 ms
INFO: at 117415.021 ms fetching 478.083 ms
INFO: at 117583.895 ms batch [178.665] delay 167.096 ms
INFO: at 117583.895 ms fetching 178.665 ms
INFO: at 117751.947 ms batch [175.458] delay 167.096 ms
INFO: at 117751.947 ms fetching 175.458 ms
INFO: at 117919.953 ms batch [510.601] delay 167.096 ms
INFO: at 117919.953 ms fetching 510.601 ms
INFO: at 118087.999 ms batch [108.214] delay 167.096 ms
INFO: at 118087.999 ms fetching 108.214 ms
INFO: at 118255.970 ms batch [455.077] delay 167.096 ms
INFO: at 118255.970 ms fetching 455.077 ms
INFO: at 118423.394 ms batch [169.114] delay 167.096 ms
INFO: at 118423.394 ms fetching 169.114 ms
INFO: at 118591.327 ms batch [229.216] delay 194.945 ms
INFO: at 118591.327 ms fetching 229.216 ms
INFO: at 118787.376 ms batch [188.666] delay 194.945 ms
INFO: at 118787.376 ms fetching 188.666 ms
INFO: at 118982.730 ms batch [169.251] delay 194.945 ms
INFO: at 118982.730 ms fetching 169.251 ms
INFO: at 119178.684 ms batch [338.223] delay 194.945 ms
INFO: at 119178.684 ms fetching 338.223 ms
INFO: at 119374.855 ms batch [272.100] delay 194.945 ms
INFO: at 119374.855 ms fetching 272.100 ms
INFO: at 119570.221 ms batch [486.089] delay 194.945 ms
INFO: at 119570.221 ms fetching 486.089 ms
INFO: at 119766.268 ms batch [382.746] delay 194.945 ms
INFO: at 119766.268 ms fetching 382.746 ms
INFO: at 119961.557 ms batch [451.029] delay 194.945 ms
INFO: at 119961.557 ms fetching 451.029 ms
INFO: at 120157.562 ms batch [295.653] delay 194.945 ms
INFO: at 120157.562 ms fetching 295.653 ms
INFO: at 120354.233 ms batch [257.171] delay 194.945 ms
INFO: at 120354.233 ms fetching 257.171 ms
INFO: at 120550.243 ms batch [246.648] delay 194.945 ms
INFO: at 120550.243 ms fetching 246.648 ms
INFO: at 120746.286 ms batch [348.146] delay 194.945 ms
INFO: at 120746.286 ms fetching 348.146 ms
INFO: at 120941.937 ms batch [260.538] delay 292.418 ms
INFO: at 120941.937 ms fetching 260.538 ms
INFO: at 121236.420 ms batch [585.520] delay 292.418 ms
INFO: at 121236.420 ms fetching 585.520 ms
INFO: at 121529.266 ms batch [536.296] delay 292.418 ms
INFO: at 121529.266 ms fetching 536.296 ms
INFO: at 121822.385 ms batch [98.750] delay 292.418 ms
INFO: at 121822.385 ms fetching 98.750 ms
INFO: at 122115.066 ms batch [468.379] delay 194.945 ms
INFO: at 122115.066 ms fetching 468.379 ms
INFO: at 122311.102 ms batch [205.448] delay 194.945 ms
INFO: at 122311.102 ms fetching 205.448 ms
INFO: at 122507.039 ms batch [622.603] delay 194.945 ms
INFO: at 122507.039 ms fetching 622.603 ms
INFO: at 122702.820 ms batch [245.554] delay 194.945 ms
INFO: at 122702.820 ms fetching 245.554 ms
INFO: at 122898.774 ms batch [272.976] delay 194.945 ms
INFO: at 122898.774 ms fetching 272.976 ms
INFO: at 123094.905 ms batch [94.499] delay 194.945 ms
INFO: at 123094.905 ms fetching 94.499 ms
INFO: at 123290.120 ms batch [142.600] delay 146.209 ms
INFO: at 123290.120 ms fetching 142.600 ms
INFO: at 123437.119 ms batch [323.286] delay 146.209 ms
INFO: at 123437.119 ms fetching 323.286 ms
INFO: at 123585.180 ms batch [386.433] delay 146.209 ms
INFO: at 123585.180 ms fetching 386.433 ms
INFO: at 123732.164 ms batch [197.426] delay 146.209 ms
INFO: at 123732.164 ms fetching 197.426 ms
INFO: at 123878.935 ms batch [150.509] delay 146.209 ms
INFO: at 123878.935 ms fetching 150.509 ms
INFO: at 124025.892 ms batch [176.201] delay 146.209 ms
INFO: at 124025.892 ms fetching 176.201 ms
INFO: at 124172.858 ms batch [473.014] delay 146.209 ms
INFO: at 124172.858 ms fetching 473.014 ms
INFO: at 124320.964 ms batch [249.923] delay 146.209 ms
INFO: at 124320.964 ms fetching 249.923 ms
INFO: at 124467.956 ms batch [122.250] delay 194.945 ms
INFO: at 124467.956 ms fetching 122.250 ms
INFO: at 124663.626 ms batch [238.116] delay 194.945 ms
INFO: at 124663.626 ms fetching 238.116 ms
INFO: at 124859.532 ms batch [356.654] delay 194.945 ms
INFO: at 124859.532 ms fetching 356.654 ms
INFO: at 125055.626 ms batch [283.679] delay 194.945 ms
INFO: at 125055.626 ms fetching 283.679 ms
INFO: at 125251.673 ms batch [383.624] delay 194.945 ms
INFO: at 125251.673 ms fetching 383.624 ms
INFO: at 125447.466 ms batch [140.252] delay 194.945 ms
INFO: at 125447.466 ms fetching 140.252 ms
INFO: at 125643.496 ms batch [286.154] delay 167.096 ms
INFO: at 125643.496 ms fetching 286.154 ms
INFO: at 125810.962 ms batch [141.325] delay 167.096 ms
INFO: at 125810.962 ms fetching 141.325 ms
INFO: at 125978.602 ms batch [198.402] delay 167.096 ms
INFO: at 125978.602 ms fetching 198.402 ms
INFO: at 126146.330 ms batch [560.326] delay 167.096 ms
INFO: at 126146.330 ms fetching 560.326 ms
INFO: at 126314.256 ms batch [281.705] delay 167.096 ms
INFO: at 126314.256 ms fetching 281.705 ms
INFO: at 126482.022 ms batch [556.139] delay 167.096 ms
INFO: at 126482.022 ms fetching 556.139 ms
INFO: at 126649.951 ms batch [194.781] delay 167.096 ms
INFO: at 126649.951 ms fetching 194.781 ms
INFO: at 126817.942 ms batch [121.339] delay 233.935 ms
INFO: at 126817.942 ms fetching 121.339 ms
INFO: at 127052.474 ms batch [247.516] delay 233.935 ms
INFO: at 127052.474 ms fetching 247.516 ms
INFO: at 127287.565 ms batch [245.859] delay 233.935 ms
INFO: at 127287.565 ms fetching 245.859 ms
INFO: at 127521.994 ms batch [587.089] delay 233.935 ms
INFO: at 127521.994 ms fetching 587.089 ms
INFO: at 127756.263 ms batch [405.812] delay 233.935 ms
INFO: at 127756.263 ms fetching 405.812 ms
INFO: at 127991.325 ms batch [437.697] delay 167.096 ms
INFO: at 127991.325 ms fetching 437.697 ms
INFO: at 128159.319 ms batch [163.567] delay 167.096 ms
INFO: at 128159.319 ms fetching 163.567 ms
INFO: at 128327.319 ms batch [137.659] delay 167.096 ms
INFO: at 128327.319 ms fetching 137.659 ms
INFO: at 128495.367 ms batch [126.776] delay 167.096 ms
INFO: at 128495.367 ms fetching 126.776 ms
INFO: at 128663.551 ms batch [242.691] delay 167.096 ms
INFO: at 128663.551 ms fetching 242.691 ms
INFO: at 128830.899 ms batch [375.328] delay 167.096 ms
INFO: at 128830.899 ms fetching 375.328 ms
INFO: at 128998.123 ms batch [80.861] delay 167.096 ms
INFO: at 128998.123 ms fetching 80.861 ms
INFO: at 129165.856 ms batch [90.143] delay 194.945 ms
INFO: at 129165.856 ms fetching 90.143 ms
INFO: at 129361.878 ms batch [542.363] delay 194.945 ms
INFO: at 129361.878 ms fetching 542.363 ms
INFO: at 129557.924 ms batch [389.286] delay 194.945 ms
INFO: at 129557.924 ms fetching 389.286 ms
INFO: at 129753.861 ms batch [372.122] delay 194.945 ms
INFO: at 129753.861 ms fetching 372.122 ms
INFO: at 129949.872 ms batch [427.340] delay 194.945 ms
INFO: at 129949.872 ms fetching 427.340 ms
INFO: at 130145.912 ms batch [341.346] delay 194.945 ms
INFO: at 130145.912 ms fetching 341.346 ms
INFO: at 130341.126 ms batch [211.656] delay 233.935 ms
INFO: at 130341.126 ms fetching 211.656 ms
INFO: at 130576.217 ms batch [382.184] delay 233.935 ms
INFO: at 130576.217 ms fetching 382.184 ms
INFO: at 130810.764 ms batch [281.329] delay 233.935 ms
INFO: at 130810.764 ms fetching 281.329 ms
INFO: at 131045.851 ms batch [464.459] delay 233.935 ms
INFO: at 131045.851 ms fetching 464.459 ms
INFO: at 131281.160 ms batch [194.613] delay 233.935 ms
INFO: at 131281.160 ms fetching 194.613 ms
INFO: at 131516.236 ms batch [95.570] delay 389.891 ms
INFO: at 131516.236 ms fetching 95.570 ms
INFO: at 131906.518 ms batch [491.933] delay 389.891 ms
INFO: at 131906.518 ms fetching 491.933 ms
INFO: at 132297.795 ms batch [252.691] delay 389.891 ms
INFO: at 132297.795 ms fetching 252.691 ms
INFO: at 132687.942 ms batch [298.357] delay 292.418 ms
INFO: at 132687.942 ms fetching 298.357 ms
INFO: at 132981.082 ms batch [337.903] delay 292.418 ms
INFO: at 132981.082 ms fetching 337.903 ms
INFO: at 133274.337 ms batch [214.764] delay 292.418 ms
INFO: at 133274.337 ms fetching 214.764 ms
INFO: at 133567.112 ms batch [238.351] delay 292.418 ms
INFO: at 133567.112 ms fetching 238.351 ms
INFO: at 133860.831 ms batch [235.928] delay 292.418 ms
INFO: at 133860.831 ms fetching 235.928 ms
INFO: at 134153.695 ms batch [194.467] delay 292.418 ms
INFO: at 134153.695 ms fetching 194.467 ms
INFO: at 134446.416 ms batch [506.426] delay 292.418 ms
INFO: at 134446.416 ms fetching 506.426 ms
INFO: at 134739.524 ms batch [91.669] delay 292.418 ms
INFO: at 134739.524 ms fetching 91.669 ms
INFO: at 135033.250 ms batch [311.568] delay 292.418 ms
INFO: at 135033.250 ms fetching 311.568 ms
INFO: at 135326.411 ms batch [364.687] delay 292.418 ms
INFO: at 135326.411 ms fetching 364.687 ms
INFO: at 135620.367 ms batch [99.468] delay 292.418 ms
INFO: at 135620.367 ms fetching 99.468 ms
INFO: at 135912.876 ms batch [165.535] delay 292.418 ms
INFO: at 135912.876 ms fetching 165.535 ms
INFO: at 136205.925 ms batch [324.727] delay 389.891 ms
INFO: at 136205.925 ms fetching 324.727 ms
INFO: at 136595.988 ms batch [338.175] delay 389.891 ms
INFO: at 136595.988 ms fetching 338.175 ms
INFO: at 136986.876 ms batch [515.522] delay 389.891 ms
INFO: at 136986.876 ms fetching 515.522 ms
INFO: at 137378.021 ms batch [249.749] delay 292.418 ms
INFO: at 137378.021 ms fetching 249.749 ms
INFO: at 137670.812 ms batch [461.789] delay 292.418 ms
INFO: at 137670.812 ms fetching 461.789 ms
INFO: at 137964.399 ms batch [413.695] delay 292.418 ms
INFO: at 137964.399 ms fetching 413.695 ms
INFO: at 138257.547 ms batch [196.770] delay 292.418 ms
INFO: at 138257.547 ms fetching 196.770 ms
INFO: at 138550.791 ms batch [163.855] delay 233.935 ms
INFO: at 138550.791 ms fetching 163.855 ms
INFO: at 138785.162 ms batch [336.618] delay 233.935 ms
INFO: at 138785.162 ms fetching 336.618 ms
INFO: at 139019.813 ms batch [505.577] delay 233.935 ms
INFO: at 139019.813 ms fetching 505.577 ms
INFO: at 139254.736 ms batch [182.714] delay 233.935 ms
INFO: at 139254.736 ms fetching 182.714 ms
INFO: at 139489.835 ms batch [417.811] delay 233.935 ms
INFO: at 139489.835 ms fetching 417.811 ms
INFO: at 139724.938 ms batch [168.705] delay 194.945 ms
INFO: at 139724.938 ms fetching 168.705 ms
INFO: at 139921.023 ms batch [329.190] delay 194.945 ms
INFO: at 139921.023 ms fetching 329.190 ms
INFO: at 140117.059 ms batch [206.699] delay 194.945 ms
INFO: at 140117.059 ms fetching 206.699 ms
INFO: at 140312.279 ms batch [226.261] delay 194.945 ms
INFO: at 140312.279 ms fetching 226.261 ms
INFO: at 140508.211 ms batch [288.211] delay 194.945 ms
INFO: at 140508.211 ms fetching 288.211 ms
INFO: at 140703.988 ms batch [233.914] delay 194.945 ms
INFO: at 140703.988 ms fetching 233.914 ms
INFO: at 140900.580 ms batch [481.895] delay 233.935 ms
INFO: at 140900.580 ms fetching 481.895 ms
INFO: at 141135.119 ms batch [139.534] delay 233.935 ms
INFO: at 141135.119 ms fetching 139.534 ms
INFO: at 141370.190 ms batch [146.395] delay 233.935 ms
INFO: at 141370.190 ms fetching 146.395 ms
INFO: at 141604.363 ms batch [506.181] delay 233.935 ms
INFO: at 141604.363 ms fetching 506.181 ms
INFO: at 141838.796 ms batch [461.101] delay 233.935 ms
INFO: at 141838.796 ms fetching 461.101 ms
INFO: at 142073.853 ms batch [87.290] delay 292.418 ms
INFO: at 142073.853 ms fetching 87.290 ms
INFO: at 142366.863 ms batch [255.205] delay 292.418 ms
INFO: at 142366.863 ms fetching 255.205 ms
INFO: at 142660.114 ms batch [150.854] delay 292.418 ms
INFO: at 142660.114 ms fetching 150.854 ms
INFO: at 142953.215 ms batch [473.776] delay 292.418 ms
INFO: at 142953.215 ms fetching 473.776 ms
INFO: at 143246.846 ms batch [298.445] delay 194.945 ms
INFO: at 143246.846 ms fetching 298.445 ms
INFO: at 143442.752 ms batch [284.339] delay 194.945 ms
INFO: at 143442.752 ms fetching 284.339 ms
INFO: at 143638.844 ms batch [268.975] delay 194.945 ms
INFO: at 143638.844 ms fetching 268.975 ms
INFO: at 143834.832 ms batch [274.177] delay 194.945 ms
INFO: at 143834.832 ms fetching 274.177 ms
INFO: at 144030.804 ms batch [393.971] delay 194.945 ms
INFO: at 144030.804 ms fetching 393.971 ms
INFO: at 144226.472 ms batch [569.680] delay 194.945 ms
INFO: at 144226.472 ms fetching 569.680 ms
INFO: at 144422.522 ms batch [235.254] delay 389.891 ms
INFO: at 144422.522 ms fetching 235.254 ms
INFO: at 144812.971 ms batch [134.648] delay 389.891 ms
INFO: at 144812.971 ms fetching 134.648 ms
INFO: at 145203.797 ms batch [304.921] delay 389.891 ms
INFO: at 145203.797 ms fetching 304.921 ms
INFO: at 145594.252 ms batch [494.475] delay 292.418 ms
INFO: at 145594.252 ms fetching 494.475 ms
INFO: at 145888.051 ms batch [239.950] delay 292.418 ms
INFO: at 145888.051 ms fetching 239.950 ms
INFO: at 146181.329 ms batch [224.847] delay 292.418 ms
INFO: at 146181.329 ms fetching 224.847 ms
INFO: at 146474.934 ms batch [93.741] delay 292.418 ms
INFO: at 146474.934 ms fetching 93.741 ms
INFO: at 146768.119 ms batch [270.712] delay 233.935 ms
INFO: at 146768.119 ms fetching 270.712 ms
INFO: at 147003.214 ms batch [277.933] delay 233.935 ms
INFO: at 147003.214 ms fetching 277.933 ms
INFO: at 147238.905 ms batch [347.273] delay 233.935 ms
INFO: at 147238.905 ms fetching 347.273 ms
INFO: at 147473.537 ms batch [279.395] delay 233.935 ms
INFO: at 147473.537 ms fetching 279.395 ms
INFO: at 147708.592 ms batch [216.177] delay 233.935 ms
INFO: at 147708.592 ms fetching 216.177 ms
INFO: at 147942.979 ms batch [122.071] delay 233.935 ms
INFO: at 147942.979 ms fetching 122.071 ms
INFO: at 148177.696 ms batch [183.152] delay 233.935 ms
INFO: at 148177.696 ms fetching 183.152 ms
INFO: at 148411.789 ms batch [209.089] delay 233.935 ms
INFO: at 148411.789 ms fetching 209.089 ms
INFO: at 148646.721 ms batch [411.588] delay 233.935 ms
INFO: at 148646.721 ms fetching 411.588 ms
INFO: at 148881.158 ms batch [115.750] delay 233.935 ms
INFO: at 148881.158 ms fetching 115.750 ms
INFO: at 149116.341 ms batch [429.483] delay 233.935 ms
INFO: at 149116.341 ms fetching 429.483 ms
INFO: at 149352.298 ms batch [281.591] delay 233.935 ms
INFO: at 149352.298 ms fetching 281.591 ms
INFO: at 149587.428 ms batch [480.505] delay 233.935 ms
INFO: at 149587.428 ms fetching 480.505 ms
INFO: at 149822.065 ms batch [157.081] delay 233.935 ms
INFO: at 149822.065 ms fetching 157.081 ms
INFO: at 150057.119 ms batch [275.645] delay 233.935 ms
INFO: at 150057.119 ms fetching 275.645 ms
INFO: at 150291.935 ms batch [319.794] delay 389.891 ms
INFO: at 150291.935 ms fetching 319.794 ms
INFO: at 150682.834 ms batch [114.142] delay 389.891 ms
INFO: at 150682.834 ms fetching 114.142 ms
INFO: at 151073.109 ms batch [134.209] delay 389.891 ms
INFO: at 151073.109 ms fetching 134.209 ms
INFO: at 151464.261 ms batch [544.203] delay 292.418 ms
INFO: at 151464.261 ms fetching 544.203 ms
INFO: at 151757.346 ms batch [351.826] delay 292.418 ms
INFO: at 151757.346 ms fetching 351.826 ms
INFO: at 152050.893 ms batch [216.598] delay 292.418 ms
INFO: at 152050.893 ms fetching 216.598 ms
INFO: at 152344.086 ms batch [297.491] delay 292.418 ms
INFO: at 152344.086 ms fetching 297.491 ms
INFO: at 152637.693 ms batch [415.508] delay 194.945 ms
INFO: at 152637.693 ms fetching 415.508 ms
INFO: at 152833.558 ms batch [336.186] delay 194.945 ms
INFO: at 152833.558 ms fetching 336.186 ms
INFO: at 153029.598 ms batch [200.389] delay 194.945 ms
INFO: at 153029.598 ms fetching 200.389 ms
INFO: at 153225.767 ms batch [470.816] delay 194.945 ms
INFO: at 153225.767 ms fetching 470.816 ms
INFO: at 153421.683 ms batch [239.690] delay 194.945 ms
INFO: at 153421.683 ms fetching 239.690 ms
INFO: at 153618.811 ms batch [161.584] delay 194.945 ms
INFO: at 153618.811 ms fetching 161.584 ms
INFO: at 153814.833 ms batch [302.013] delay 389.891 ms
INFO: at 153814.833 ms fetching 302.013 ms
INFO: at 154206.061 ms batch [166.469] delay 389.891 ms
INFO: at 154206.061 ms fetching 166.469 ms
INFO: at 154596.917 ms batch [180.020] delay 389.891 ms
INFO: at 154596.917 ms fetching 180.020 ms
INFO: at 154987.661 ms batch [123.916] delay 194.945 ms
INFO: at 154987.661 ms fetching 123.916 ms
INFO: at 155183.667 ms batch [222.994] delay 194.945 ms
INFO: at 155183.667 ms fetching 222.994 ms
INFO: at 155379.698 ms batch [469.367] delay 194.945 ms
INFO: at 155379.698 ms fetching 469.367 ms
INFO: at 155575.781 ms batch [297.186] delay 194.945 ms
INFO: at 155575.781 ms fetching 297.186 ms
INFO: at 155771.839 ms batch [281.139] delay 194.945 ms
INFO: at 155771.839 ms fetching 281.139 ms
INFO: at 155967.506 ms batch [453.299] delay 194.945 ms
INFO: at 155967.506 ms fetching 453.299 ms
INFO: at 156163.583 ms batch [154.325] delay 292.418 ms
INFO: at 156163.583 ms fetching 154.325 ms
INFO: at 156457.110 ms batch [224.730] delay 292.418 ms
INFO: at 156457.110 ms fetching 224.730 ms
INFO: at 156750.439 ms batch [228.523] delay 292.418 ms
INFO: at 156750.439 ms fetching 228.523 ms
INFO: at 157043.999 ms batch [310.971] delay 292.418 ms
INFO: at 157043.999 ms fetching 310.971 ms
INFO: at 157337.402 ms batch [61.737] delay 167.096 ms
INFO: at 157337.402 ms fetching 61.737 ms
INFO: at 157505.370 ms batch [539.995] delay 167.096 ms
INFO: at 157505.370 ms fetching 539.995 ms
INFO: at 157673.262 ms batch [277.630] delay 167.096 ms
INFO: at 157673.262 ms fetching 277.630 ms
INFO: at 157841.333 ms batch [415.236] delay 167.096 ms
INFO: at 157841.333 ms fetching 415.236 ms
INFO: at 158009.308 ms batch [476.202] delay 167.096 ms
INFO: at 158009.308 ms fetching 476.202 ms
INFO: at 158177.100 ms batch [154.672] delay 167.096 ms
INFO: at 158177.100 ms fetching 154.672 ms
INFO: at 158345.054 ms batch [199.575] delay 167.096 ms
INFO: at 158345.054 ms fetching 199.575 ms
INFO: at 158513.042 ms batch [321.818] delay 233.935 ms
INFO: at 158513.042 ms fetching 321.818 ms
INFO: at 158747.690 ms batch [469.677] delay 233.935 ms
INFO: at 158747.690 ms fetching 469.677 ms
INFO: at 158982.469 ms batch [177.325] delay 233.935 ms
INFO: at 158982.469 ms fetching 177.325 ms
INFO: at 159217.510 ms batch [310.707] delay 233.935 ms
INFO: at 159217.510 ms fetching 310.707 ms
INFO: at 159452.439 ms batch [240.552] delay 233.935 ms
INFO: at 159452.439 ms fetching 240.552 ms
INFO: at 159686.593 ms batch [283.304] delay 194.945 ms
INFO: at 159686.593 ms fetching 283.304 ms
INFO: at 159882.010 ms batch [382.502] delay 194.945 ms
INFO: at 159882.010 ms fetching 382.502 ms
INFO: at 160077.321 ms batch [130.236] delay 194.945 ms
INFO: at 160077.321 ms fetching 130.236 ms
INFO: at 160273.258 ms batch [280.741] delay 194.945 ms
INFO: at 160273.258 ms fetching 280.741 ms
INFO: at 160468.528 ms batch [185.181] delay 194.945 ms
INFO: at 160468.528 ms fetching 185.181 ms
INFO: at 160664.569 ms batch [244.057] delay 194.945 ms
INFO: at 160664.569 ms fetching 244.057 ms
INFO: at 160860.157 ms batch [66.572] delay 389.891 ms
INFO: at 160860.157 ms fetching 66.572 ms
INFO: at 161251.541 ms batch [203.641] delay 389.891 ms
INFO: at 161251.541 ms fetching 203.641 ms
INFO: at 161642.513 ms batch [261.684] delay 389.891 ms
INFO: at 161642.513 ms fetching 261.684 ms
INFO: at 162033.053 ms batch [421.425] delay 194.945 ms
INFO: at 162033.053 ms fetching 421.425 ms
INFO: at 162229.072 ms batch [488.072] delay 194.945 ms
INFO: at 162229.072 ms fetching 488.072 ms
INFO: at 162425.077 ms batch [394.380] delay 194.945 ms
INFO: at 162425.077 ms fetching 394.380 ms
INFO: at 162620.308 ms batch [372.981] delay 194.945 ms
INFO: at 162620.308 ms fetching 372.981 ms
INFO: at 162816.347 ms batch [492.981] delay 194.945 ms
INFO: at 162816.347 ms fetching 492.981 ms
INFO: at 163012.155 ms batch [311.148] delay 194.945 ms
INFO: at 163012.155 ms fetching 311.148 ms
INFO: at 163208.162 ms batch [455.381] delay 167.096 ms
INFO: at 163208.162 ms fetching 455.381 ms
INFO: at 163376.164 ms batch [102.738] delay 167.096 ms
INFO: at 163376.164 ms fetching 102.738 ms
INFO: at 163544.335 ms batch [255.332] delay 167.096 ms
INFO: at 163544.335 ms fetching 255.332 ms
INFO: at 163712.140 ms batch [99.369] delay 167.096 ms
INFO: at 163712.140 ms fetching 99.369 ms
INFO: at 163880.165 ms batch [486.060] delay 167.096 ms
INFO: at 163880.165 ms fetching 486.060 ms
INFO: at 164047.518 ms batch [291.932] delay 167.096 ms
INFO: at 164047.518 ms fetching 291.932 ms
INFO: at 164215.546 ms batch [461.483] delay 167.096 ms
INFO: at 164215.546 ms fetching 461.483 ms
INFO: at 164383.452 ms batch [233.363] delay 233.935 ms
INFO: at 164383.452 ms fetching 233.363 ms
INFO: at 164617.905 ms batch [257.793] delay 233.935 ms
INFO: at 164617.905 ms fetching 257.793 ms
INFO: at 164852.977 ms batch [382.458] delay 233.935 ms
INFO: at 164852.977 ms fetching 382.458 ms
INFO: at 165088.094 ms batch [100.441] delay 233.935 ms
INFO: at 165088.094 ms fetching 100.441 ms
INFO: at 165323.358 ms batch [197.464] delay 233.935 ms
INFO: at 165323.358 ms fetching 197.464 ms
INFO: at 165558.101 ms batch [736.450] delay 233.935 ms
INFO: at 165558.101 ms fetching 736.450 ms
INFO: at 165792.601 ms batch [244.902] delay 233.935 ms
INFO: at 165792.601 ms fetching 244.902 ms
INFO: at 166027.562 ms batch [248.618] delay 233.935 ms
INFO: at 166027.562 ms fetching 248.618 ms
INFO: at 166262.606 ms batch [129.919] delay 233.935 ms
INFO: at 166262.606 ms fetching 129.919 ms
INFO: at 166497.143 ms batch [628.980] delay 233.935 ms
INFO: at 166497.143 ms fetching 628.980 ms
INFO: at 166731.620 ms batch [332.138] delay 292.418 ms
INFO: at 166731.620 ms fetching 332.138 ms
INFO: at 167024.745 ms batch [175.901] delay 292.418 ms
INFO: at 167024.745 ms fetching 175.901 ms
INFO: at 167317.850 ms batch [516.911] delay 292.418 ms
INFO: at 167317.850 ms fetching 516.911 ms
INFO: at 167611.043 ms batch [201.084] delay 292.418 ms
INFO: at 167611.043 ms fetching 201.084 ms
INFO: at 167903.856 ms batch [520.969] delay 194.945 ms
INFO: at 167903.856 ms fetching 520.969 ms
INFO: at 168099.801 ms batch [129.985] delay 194.945 ms
INFO: at 168099.801 ms fetching 129.985 ms
INFO: at 168296.000 ms batch [317.633] delay 194.945 ms
INFO: at 168296.000 ms fetching 317.633 ms
INFO: at 168492.041 ms batch [110.083] delay 194.945 ms
INFO: at 168492.041 ms fetching 110.083 ms
INFO: at 168687.696 ms batch [53.076] delay 194.945 ms
INFO: at 168687.696 ms fetching 53.076 ms
INFO: at 168883.736 ms batch [212.467] delay 194.945 ms
INFO: at 168883.736 ms fetching 212.467 ms
INFO: at 169079.180 ms batch [194.846] delay 389.891 ms
INFO: at 169079.180 ms fetching 194.846 ms
INFO: at 169469.389 ms batch [276.203] delay 389.891 ms
INFO: at 169469.389 ms fetching 276.203 ms
INFO: at 169860.279 ms batch [245.909] delay 389.891 ms
INFO: at 169860.279 ms fetching 245.909 ms
INFO: at 170251.160 ms batch [129.257] delay 389.891 ms
INFO: at 170251.160 ms fetching 129.257 ms
INFO: at 170642.006 ms batch [167.300] delay 389.891 ms
INFO: at 170642.006 ms fetching 167.300 ms
INFO: at 171032.739 ms batch [196.912] delay 389.891 ms
INFO: at 171032.739 ms fetching 196.912 ms
INFO: at 171423.713 ms batch [168.391] delay 194.945 ms
INFO: at 171423.713 ms fetching 168.391 ms
INFO: at 171619.739 ms batch [289.434] delay 194.945 ms
INFO: at 171619.739 ms fetching 289.434 ms
INFO: at 171815.829 ms batch [121.685] delay 194.945 ms
INFO: at 171815.829 ms fetching 121.685 ms
INFO: at 172010.991 ms batch [91.764] delay 194.945 ms
INFO: at 172010.991 ms fetching 91.764 ms
INFO: at 172206.546 ms batch [276.669] delay 194.945 ms
INFO: at 172206.546 ms fetching 276.669 ms
INFO: at 172402.683 ms batch [62.978] delay 194.945 ms
INFO: at 172402.683 ms fetching 62.978 ms
INFO: at 172598.702 ms batch [375.440] delay 389.891 ms
INFO: at 172598.702 ms fetching 375.440 ms
INFO: at 172989.993 ms batch [460.762] delay 389.891 ms
INFO: at 172989.993 ms fetching 460.762 ms
INFO: at 173380.396 ms batch [152.754] delay 389.891 ms
INFO: at 173380.396 ms fetching 152.754 ms
INFO: at 173771.356 ms batch [105.247] delay 389.891 ms
INFO: at 173771.356 ms fetching 105.247 ms
INFO: at 174161.978 ms batch [476.545] delay 389.891 ms
INFO: at 174161.978 ms fetching 476.545 ms
INFO: at 174553.251 ms batch [118.089] delay 389.891 ms
INFO: at 174553.251 ms fetching 118.089 ms
INFO: at 174944.645 ms batch [88.624] delay 292.418 ms
INFO: at 174944.645 ms fetching 88.624 ms
INFO: at 175238.925 ms batch [142.763] delay 292.418 ms
INFO: at 175238.925 ms fetching 142.763 ms
INFO: at 175532.806 ms batch [125.830] delay 292.418 ms
INFO: at 175532.806 ms fetching 125.830 ms
INFO: at 175826.273 ms batch [428.774] delay 292.418 ms
INFO: at 175826.273 ms fetching 428.774 ms
INFO: at 176119.389 ms batch [207.092] delay 292.418 ms
INFO: at 176119.389 ms fetching 207.092 ms
INFO: at 176412.931 ms batch [109.269] delay 292.418 ms
INFO: at 176412.931 ms fetching 109.269 ms
INFO: at 176706.375 ms batch [506.854] delay 292.418 ms
INFO: at 176706.375 ms fetching 506.854 ms
INFO: at 176999.537 ms batch [98.490] delay 292.418 ms
INFO: at 176999.537 ms fetching 98.490 ms
INFO: at 177292.665 ms batch [403.029] delay 584.836 ms
INFO: at 177292.665 ms fetching 403.029 ms
INFO: at 177878.096 ms batch [132.691] delay 584.836 ms
INFO: at 177878.096 ms fetching 132.691 ms
INFO: at 178463.588 ms batch [200.037] delay 292.418 ms
INFO: at 178463.588 ms fetching 200.037 ms
INFO: at 178756.304 ms batch [237.234] delay 292.418 ms
INFO: at 178756.304 ms fetching 237.234 ms
INFO: at 179049.432 ms batch [118.613] delay 292.418 ms
INFO: at 179049.432 ms fetching 118.613 ms
INFO: at 179342.608 ms batch [170.967] delay 292.418 ms
INFO: at 179342.608 ms fetching 170.967 ms
INFO: at 179635.428 ms batch [124.672] delay 584.836 ms
INFO: at 179635.428 ms fetching 124.672 ms
INFO: at 180221.621 ms batch [101.115] delay 584.836 ms
INFO: at 180221.621 ms fetching 101.115 ms
INFO: at 180807.900 ms batch [85.585] delay 292.418 ms
INFO: at 180807.900 ms fetching 85.585 ms
INFO: at 181100.903 ms batch [290.243] delay 292.418 ms
INFO: at 181100.903 ms fetching 290.243 ms
INFO: at 181394.037 ms batch [136.733] delay 292.418 ms
INFO: at 181394.037 ms fetching 136.733 ms
INFO: at 181687.431 ms batch [298.964] delay 292.418 ms
INFO: at 181687.431 ms fetching 298.964 ms
INFO: at 181981.050 ms batch [550.020] delay 389.891 ms
INFO: at 181981.050 ms fetching 550.020 ms
INFO: at 182372.406 ms batch [478.688] delay 389.891 ms
INFO: at 182372.406 ms fetching 478.688 ms
INFO: at 182763.372 ms batch [294.515] delay 389.891 ms
INFO: at 182763.372 ms fetching 294.515 ms
INFO: at 183154.580 ms batch [402.489] delay 389.891 ms
INFO: at 183154.580 ms fetching 402.489 ms
INFO: at 183546.250 ms batch [283.324] delay 389.891 ms
INFO: at 183546.250 ms fetching 283.324 ms
INFO: at 183937.331 ms batch [249.560] delay 389.891 ms
INFO: at 183937.331 ms fetching 249.560 ms
INFO: at 184327.646 ms batch [171.642] delay 389.891 ms
INFO: at 184327.646 ms fetching 171.642 ms
INFO: at 184718.304 ms batch [100.083] delay 389.891 ms
INFO: at 184718.304 ms fetching 100.083 ms
INFO: at 185110.089 ms batch [350.473] delay 389.891 ms
INFO: at 185110.089 ms fetching 350.473 ms
INFO: at 185501.248 ms batch [282.904] delay 194.945 ms
INFO: at 185501.248 ms fetching 282.904 ms
INFO: at 185696.687 ms batch [179.422] delay 194.945 ms
INFO: at 185696.687 ms fetching 179.422 ms
INFO: at 185892.702 ms batch [241.030] delay 194.945 ms
INFO: at 185892.702 ms fetching 241.030 ms
INFO: at 186088.061 ms batch [343.545] delay 194.945 ms
INFO: at 186088.061 ms fetching 343.545 ms
INFO: at 186283.454 ms batch [257.346] delay 194.945 ms
INFO: at 186283.454 ms fetching 257.346 ms
INFO: at 186479.374 ms batch [127.718] delay 194.945 ms
INFO: at 186479.374 ms fetching 127.718 ms
INFO: at 186675.383 ms batch [263.353] delay 584.836 ms
INFO: at 186675.383 ms fetching 263.353 ms
INFO: at 187261.468 ms batch [200.493] delay 584.836 ms
INFO: at 187261.468 ms fetching 200.493 ms
INFO: at 187847.118 ms batch [200.710] delay 1169.673 ms
INFO: at 187847.118 ms fetching 200.710 ms
INFO: at 189017.876 ms batch [124.294] delay 389.891 ms
INFO: at 189017.876 ms fetching 124.294 ms
INFO: at 189408.185 ms batch [183.468] delay 389.891 ms
INFO: at 189408.185 ms fetching 183.468 ms
INFO: at 189798.423 ms batch [273.046] delay 389.891 ms
INFO: at 189798.423 ms fetching 273.046 ms
INFO: at 190188.653 ms batch [492.620] delay 1169.673 ms
INFO: at 190188.653 ms fetching 492.620 ms
INFO: at 191359.616 ms batch [121.801] delay 1169.673 ms
INFO: at 191359.616 ms fetching 121.801 ms
INFO: at 192531.659 ms batch [260.789] delay 1169.673 ms
INFO: at 192531.659 ms fetching 260.789 ms
INFO: at 193702.929 ms batch [219.323] delay 389.891 ms
INFO: at 193702.929 ms fetching 219.323 ms
INFO: at 194093.514 ms batch [177.157] delay 389.891 ms
INFO: at 194093.514 ms fetching 177.157 ms
INFO: at 194483.997 ms batch [82.955] delay 389.891 ms
INFO: at 194483.997 ms fetching 82.955 ms
INFO: at 194874.417 ms batch [485.380] delay 584.836 ms
INFO: at 194874.417 ms fetching 485.380 ms
INFO: at 195460.818 ms batch [307.465] delay 584.836 ms
INFO: at 195460.818 ms fetching 307.465 ms
INFO: at 196046.486 ms batch [250.852] delay 1169.673 ms
INFO: at 196046.486 ms fetching 250.852 ms
INFO: at 197217.920 ms batch [254.289] delay 292.418 ms
INFO: at 197217.920 ms fetching 254.289 ms
INFO: at 197510.857 ms batch [219.542] delay 292.418 ms
INFO: at 197510.857 ms fetching 219.542 ms
INFO: at 197804.001 ms batch [412.087] delay 292.418 ms
INFO: at 197804.001 ms fetching 412.087 ms
INFO: at 198098.293 ms batch [222.149] delay 292.418 ms
INFO: at 198098.293 ms fetching 222.149 ms
INFO: at 198391.412 ms batch [420.151] delay 584.836 ms
INFO: at 198391.412 ms fetching 420.151 ms
INFO: at 198977.344 ms batch [97.461] delay 584.836 ms
INFO: at 198977.344 ms fetching 97.461 ms
INFO: at 199563.207 ms batch [610.692] delay 1169.673 ms
INFO: at 199563.207 ms fetching 610.692 ms
INFO: at 200733.726 ms batch [168.700] delay 1169.673 ms
INFO: at 200733.726 ms fetching 168.700 ms
INFO: at 201904.495 ms batch [212.127] delay 1169.673 ms
INFO: at 201904.495 ms fetching 212.127 ms
INFO: at 203075.633 ms batch [298.307] delay 1169.673 ms
INFO: at 203075.633 ms fetching 298.307 ms
INFO: at 204246.429 ms batch [108.803] delay 1169.673 ms
INFO: at 204246.429 ms fetching 108.803 ms
INFO: at 205418.011 ms batch [163.100] delay 584.836 ms
INFO: at 205418.011 ms fetching 163.100 ms
INFO: at 206003.395 ms batch [264.429] delay 584.836 ms
INFO: at 206003.395 ms fetching 264.429 ms
INFO: at 206589.231 ms batch [135.913] delay 1169.673 ms
INFO: at 206589.231 ms fetching 135.913 ms
INFO: at 207760.148 ms batch [173.383] delay 584.836 ms
INFO: at 207760.148 ms fetching 173.383 ms
INFO: at 208346.236 ms batch [227.307] delay 584.836 ms
INFO: at 208346.236 ms fetching 227.307 ms
INFO: at 208932.255 ms batch [99.759] delay 1169.673 ms
INFO: at 208932.255 ms fetching 99.759 ms
INFO: at 210103.156 ms batch [131.788] delay 1169.673 ms
INFO: at 210103.156 ms fetching 131.788 ms
INFO: at 211273.848 ms batch [139.487] delay 292.418 ms
INFO: at 211273.848 ms fetching 139.487 ms
INFO: at 211566.540 ms batch [191.788] delay 292.418 ms
INFO: at 211566.540 ms fetching 191.788 ms
INFO: at 211860.293 ms batch [117.852] delay 292.418 ms
INFO: at 211860.293 ms fetching 117.852 ms
INFO: at 212153.104 ms batch [180.855] delay 292.418 ms
INFO: at 212153.104 ms fetching 180.855 ms
INFO: at 212446.074 ms batch [95.988] delay 1169.673 ms
INFO: at 212446.074 ms fetching 95.988 ms
INFO: at 213617.274 ms batch [495.136] delay 1169.673 ms
INFO: at 213617.274 ms fetching 495.136 ms
INFO: at 214787.952 ms batch [221.568] delay 1169.673 ms
INFO: at 214787.952 ms fetching 221.568 ms
INFO: at 215958.804 ms batch [246.297] delay 1169.673 ms
INFO: at 215958.804 ms fetching 246.297 ms
INFO: at 217129.571 ms batch [183.125] delay 1169.673 ms
INFO: at 217129.571 ms fetching 183.125 ms
INFO: at 218300.407 ms batch [168.268] delay 1169.673 ms
INFO: at 218300.407 ms fetching 168.268 ms
INFO: at 219471.073 ms batch [234.070] delay 1169.673 ms
INFO: at 219471.073 ms fetching 234.070 ms
INFO: at 220642.556 ms batch [158.671] delay 1169.673 ms
INFO: at 220642.556 ms fetching 158.671 ms
INFO: at 221814.489 ms batch [112.689] delay 1169.673 ms
INFO: at 221814.489 ms fetching 112.689 ms
INFO: at 222985.453 ms batch [261.661] delay 1169.673 ms
INFO: at 222985.453 ms fetching 261.661 ms
INFO: at 224155.867 ms batch [462.594] delay 1169.673 ms
INFO: at 224155.867 ms fetching 462.594 ms
INFO: at 225327.052 ms batch [271.054] delay 1169.673 ms
INFO: at 225327.052 ms fetching 271.054 ms
INFO: at 226499.348 ms batch [505.228] delay 1169.673 ms
INFO: at 226499.348 ms fetching 505.228 ms
INFO: at 227670.608 ms batch [266.441] delay 1169.673 ms
INFO: at 227670.608 ms fetching 266.441 ms
INFO: at 228841.318 ms batch [191.956] delay 584.836 ms
INFO: at 228841.318 ms fetching 191.956 ms
INFO: at 229427.480 ms batch [241.758] delay 584.836 ms
INFO: at 229427.480 ms fetching 241.758 ms
INFO: at 230012.804 ms batch [259.520] delay 1169.673 ms
INFO: at 230012.804 ms fetching 259.520 ms
INFO: at 231183.430 ms batch [261.102] delay 1169.673 ms
INFO: at 231183.430 ms fetching 261.102 ms
INFO: at 232354.014 ms batch [259.566] delay 1169.673 ms
INFO: at 232354.014 ms fetching 259.566 ms
INFO: at 233524.533 ms batch [281.100] delay 1169.673 ms
INFO: at 233524.533 ms fetching 281.100 ms
INFO: at 234695.831 ms batch [376.607] delay 1169.673 ms
INFO: at 234695.831 ms fetching 376.607 ms
INFO: at 235865.654 ms batch [79.809] delay 1169.673 ms
INFO: at 235865.654 ms fetching 79.809 ms
INFO: at 237036.340 ms batch [573.436] delay 1169.673 ms
INFO: at 237036.340 ms fetching 573.436 ms
INFO: at 238207.490 ms batch [196.992] delay 1169.673 ms
INFO: at 238207.490 ms fetching 196.992 ms
INFO: at 239379.590 ms batch [291.379] delay 584.836 ms
INFO: at 239379.590 ms fetching 291.379 ms
INFO: at 239965.515 ms batch [212.099] delay 584.836 ms
INFO: at 239965.515 ms fetching 212.099 ms
INFO: at 240550.855 ms batch [244.549] delay 292.418 ms
INFO: at 240550.855 ms fetching 244.549 ms
INFO: at 240844.027 ms batch [437.030] delay 292.418 ms
INFO: at 240844.027 ms fetching 437.030 ms
INFO: at 241136.976 ms batch [247.744] delay 292.418 ms
INFO: at 241136.976 ms fetching 247.744 ms
INFO: at 241430.179 ms batch [83.821] delay 292.418 ms
INFO: at 241430.179 ms fetching 83.821 ms
INFO: at 241723.845 ms batch [215.488] delay 1169.673 ms
INFO: at 241723.845 ms fetching 215.488 ms
INFO: at 242895.133 ms batch [155.967] delay 1169.673 ms
INFO: at 242895.133 ms fetching 155.967 ms
INFO: at 244066.249 ms batch [390.163] delay 1169.673 ms
INFO: at 244066.249 ms fetching 390.163 ms
INFO: at 245238.385 ms batch [194.464] delay 1169.673 ms
INFO: at 245238.385 ms fetching 194.464 ms
INFO: at 246409.582 ms batch [446.391] delay 1169.673 ms
INFO: at 246409.582 ms fetching 446.391 ms
INFO: at 247579.999 ms batch [531.598] delay 1169.673 ms
INFO: at 247579.999 ms fetching 531.598 ms
INFO: at 248750.321 ms batch [300.373] delay 1169.673 ms
INFO: at 248750.321 ms fetching 300.373 ms
INFO: at 249921.321 ms batch [465.166] delay 1169.673 ms
INFO: at 249921.321 ms fetching 465.166 ms
INFO: at 251091.911 ms batch [121.517] delay 1169.673 ms
INFO: at 251091.911 ms fetching 121.517 ms
INFO: at 252262.584 ms batch [272.121] delay 1169.673 ms
INFO: at 252262.584 ms fetching 272.121 ms
INFO: at 253434.954 ms batch [253.549] delay 1169.673 ms
INFO: at 253434.954 ms fetching 253.549 ms
INFO: at 254606.102 ms batch [150.781] delay 1169.673 ms
INFO: at 254606.102 ms fetching 150.781 ms
INFO: at 255776.890 ms batch [279.050] delay 1169.673 ms
INFO: at 255776.890 ms fetching 279.050 ms
INFO: at 256947.765 ms batch [199.394] delay 1169.673 ms
INFO: at 256947.765 ms fetching 199.394 ms
INFO: at 258118.366 ms batch [252.192] delay 1169.673 ms
INFO: at 258118.366 ms fetching 252.192 ms
INFO: at 259288.784 ms batch [516.634] delay 1169.673 ms
INFO: at 259288.784 ms fetching 516.634 ms
INFO: at 260458.853 ms batch [257.574] delay 1169.673 ms
INFO: at 260458.853 ms fetching 257.574 ms
INFO: at 261629.898 ms batch [401.769] delay 1169.673 ms
INFO: at 261629.898 ms fetching 401.769 ms
INFO: at 262800.030 ms batch [133.576] delay 1169.673 ms
INFO: at 262800.030 ms fetching 133.576 ms
INFO: at 263971.327 ms batch [190.268] delay 1169.673 ms
INFO: at 263971.327 ms fetching 190.268 ms
INFO: at 265142.735 ms batch [353.112] delay 1169.673 ms
INFO: at 265142.735 ms fetching 353.112 ms
INFO: at 266314.346 ms batch [405.928] delay 1169.673 ms
INFO: at 266314.346 ms fetching 405.928 ms
INFO: at 267485.527 ms batch [445.051] delay 1169.673 ms
INFO: at 267485.527 ms fetching 445.051 ms
INFO: at 268656.018 ms batch [374.066] delay 1169.673 ms
INFO: at 268656.018 ms fetching 374.066 ms
INFO: at 269827.338 ms batch [91.276] delay 584.836 ms
INFO: at 269827.338 ms fetching 91.276 ms
INFO: at 270413.031 ms batch [107.174] delay 584.836 ms
INFO: at 270413.031 ms fetching 107.174 ms
INFO: at 270999.300 ms batch [93.565] delay 584.836 ms
INFO: at 270999.300 ms fetching 93.565 ms
INFO: at 271584.642 ms batch [224.736] delay 584.836 ms
INFO: at 271584.642 ms fetching 224.736 ms
INFO: at 272171.067 ms batch [190.595] delay 1169.673 ms
INFO: at 272171.067 ms fetching 190.595 ms
INFO: at 273341.507 ms batch [257.425] delay 1169.673 ms
INFO: at 273341.507 ms fetching 257.425 ms
INFO: at 274512.365 ms batch [130.345] delay 1169.673 ms
INFO: at 274512.365 ms fetching 130.345 ms
INFO: at 275683.041 ms batch [310.315] delay 1169.673 ms
INFO: at 275683.041 ms fetching 310.315 ms
INFO: at 276853.840 ms batch [497.952] delay 1169.673 ms
INFO: at 276853.840 ms fetching 497.952 ms
INFO: at 278024.188 ms batch [545.121] delay 1169.673 ms
INFO: at 278024.188 ms fetching 545.121 ms
INFO: at 279194.389 ms batch [390.481] delay 1169.673 ms
INFO: at 279194.389 ms fetching 390.481 ms
INFO: at 280364.638 ms batch [285.449] delay 584.836 ms
INFO: at 280364.638 ms fetching 285.449 ms
INFO: at 280951.162 ms batch [201.467] delay 584.836 ms
INFO: at 280951.162 ms fetching 201.467 ms
INFO: at 281537.410 ms batch [284.897] delay 1169.673 ms
INFO: at 281537.410 ms fetching 284.897 ms
INFO: at 282708.248 ms batch [313.173] delay 1169.673 ms
INFO: at 282708.248 ms fetching 313.173 ms
INFO: at 283878.289 ms batch [433.509] delay 1169.673 ms
INFO: at 283878.289 ms fetching 433.509 ms
INFO: at 285048.740 ms batch [199.352] delay 1169.673 ms
INFO: at 285048.740 ms fetching 199.352 ms
INFO: at 286219.453 ms batch [333.260] delay 1169.673 ms
INFO: at 286219.453 ms fetching 333.260 ms
INFO: at 287390.296 ms batch [116.535] delay 1169.673 ms
INFO: at 287390.296 ms fetching 116.535 ms
INFO: at 288560.777 ms batch [420.005] delay 1169.673 ms
INFO: at 288560.777 ms fetching 420.005 ms
INFO: at 289731.232 ms batch [159.668] delay 1169.673 ms
INFO: at 289731.232 ms fetching 159.668 ms
INFO: at 290901.925 ms batch [198.322] delay 1169.673 ms
INFO: at 290901.925 ms fetching 198.322 ms
INFO: at 292072.764 ms batch [294.654] delay 1169.673 ms
INFO: at 292072.764 ms fetching 294.654 ms
INFO: at 293243.710 ms batch [287.210] delay 1169.673 ms
INFO: at 293243.710 ms fetching 287.210 ms
INFO: at 294414.490 ms batch [273.556] delay 1169.673 ms
INFO: at 294414.490 ms fetching 273.556 ms
INFO: at 295584.822 ms batch [460.710] delay 1169.673 ms
INFO: at 295584.822 ms fetching 460.710 ms
INFO: at 296755.882 ms batch [104.375] delay 1169.673 ms
INFO: at 296755.882 ms fetching 104.375 ms
INFO: at 297927.594 ms batch [261.988] delay 1169.673 ms
INFO: at 297927.594 ms fetching 261.988 ms
INFO: at 299098.917 ms batch [239.515] delay 1169.673 ms
INFO: at 299098.917 ms fetching 239.515 ms
INFO: at 300269.636 ms batch [512.891] delay 1169.673 ms
INFO: at 300269.636 ms fetching 512.891 ms
INFO: at 301440.569 ms batch [209.830] delay 1169.673 ms
INFO: at 301440.569 ms fetching 209.830 ms
INFO: at 302611.869 ms batch [318.877] delay 1169.673 ms
INFO: at 302611.869 ms fetching 318.877 ms
INFO: at 303781.962 ms batch [317.410] delay 1169.673 ms
INFO: at 303781.962 ms fetching 317.410 ms
INFO: at 304953.370 ms batch [259.450] delay 1169.673 ms
INFO: at 304953.370 ms fetching 259.450 ms
INFO: at 306124.866 ms batch [268.597] delay 1169.673 ms
INFO: at 306124.866 ms fetching 268.597 ms
INFO: at 307296.135 ms batch [152.273] delay 1169.673 ms
INFO: at 307296.135 ms fetching 152.273 ms
INFO: at 308468.012 ms batch [91.094] delay 1169.673 ms
INFO: at 308468.012 ms fetching 91.094 ms
INFO: at 309639.758 ms batch [155.537] delay 1169.673 ms
INFO: at 309639.758 ms fetching 155.537 ms
INFO: at 310811.438 ms batch [182.258] delay 1169.673 ms
INFO: at 310811.438 ms fetching 182.258 ms
INFO: at 311982.608 ms batch [151.001] delay 1169.673 ms
INFO: at 311982.608 ms fetching 151.001 ms
INFO: at 313154.545 ms batch [394.257] delay 1169.673 ms
INFO: at 313154.545 ms fetching 394.257 ms
INFO: at 314325.300 ms batch [232.492] delay 1169.673 ms
INFO: at 314325.300 ms fetching 232.492 ms
INFO: at 315496.309 ms batch [112.609] delay 1169.673 ms
INFO: at 315496.309 ms fetching 112.609 ms
INFO: at 316668.139 ms batch [308.569] delay 584.836 ms
INFO: at 316668.139 ms fetching 308.569 ms
INFO: at 317254.099 ms batch [171.402] delay 584.836 ms
INFO: at 317254.099 ms fetching 171.402 ms
INFO: at 317840.995 ms batch [228.791] delay 1169.673 ms
INFO: at 317840.995 ms fetching 228.791 ms
INFO: at 319012.418 ms batch [466.179] delay 1169.673 ms
INFO: at 319012.418 ms fetching 466.179 ms
INFO: at 320183.376 ms batch [225.091] delay 1169.673 ms
INFO: at 320183.376 ms fetching 225.091 ms
INFO: at 321354.682 ms batch [242.205] delay 1169.673 ms
INFO: at 321354.682 ms fetching 242.205 ms
INFO: at 322525.716 ms batch [267.076] delay 1169.673 ms
INFO: at 322525.716 ms fetching 267.076 ms
INFO: at 323696.533 ms batch [61.079] delay 1169.673 ms
INFO: at 323696.533 ms fetching 61.079 ms
INFO: at 324868.267 ms batch [119.405] delay 1169.673 ms
INFO: at 324868.267 ms fetching 119.405 ms
INFO: at 326039.162 ms batch [247.348] delay 1169.673 ms
INFO: at 326039.162 ms fetching 247.348 ms
INFO: at 327210.287 ms batch [218.261] delay 1169.673 ms
INFO: at 327210.287 ms fetching 218.261 ms
INFO: at 328382.789 ms batch [272.711] delay 1169.673 ms
INFO: at 328382.789 ms fetching 272.711 ms
INFO: at 329554.205 ms batch [110.112] delay 1169.673 ms
INFO: at 329554.205 ms fetching 110.112 ms
INFO: at 330725.252 ms batch [166.070] delay 1169.673 ms
INFO: at 330725.252 ms fetching 166.070 ms
INFO: at 331897.192 ms batch [312.570] delay 1169.673 ms
INFO: at 331897.192 ms fetching 312.570 ms
INFO: at 333068.057 ms batch [85.042] delay 1169.673 ms
INFO: at 333068.057 ms fetching 85.042 ms
INFO: at 334239.354 ms batch [515.370] delay 1169.673 ms
INFO: at 334239.354 ms fetching 515.370 ms
INFO: at 335410.609 ms batch [142.812] delay 1169.673 ms
INFO: at 335410.609 ms fetching 142.812 ms
INFO: at 336582.720 ms batch [289.897] delay 1169.673 ms
INFO: at 336582.720 ms fetching 289.897 ms
INFO: at 337753.497 ms batch [346.928] delay 1169.673 ms
INFO: at 337753.497 ms fetching 346.928 ms
INFO: at 338926.061 ms batch [265.713] delay 1169.673 ms
INFO: at 338926.061 ms fetching 265.713 ms
INFO: at 340097.462 ms batch [251.287] delay 1169.673 ms
INFO: at 340097.462 ms fetching 251.287 ms
INFO: at 341268.865 ms batch [239.518] delay 1169.673 ms
INFO: at 341268.865 ms fetching 239.518 ms
INFO: at 342439.972 ms batch [121.425] delay 1169.673 ms
INFO: at 342439.972 ms fetching 121.425 ms
INFO: at 343611.638 ms batch [123.332] delay 1169.673 ms
INFO: at 343611.638 ms fetching 123.332 ms
INFO: at 344782.603 ms batch [433.785] delay 1169.673 ms
INFO: at 344782.603 ms fetching 433.785 ms
INFO: at 345953.351 ms batch [258.990] delay 1169.673 ms
INFO: at 345953.351 ms fetching 258.990 ms
INFO: at 347124.974 ms batch [138.457] delay 1169.673 ms
INFO: at 347124.974 ms fetching 138.457 ms
INFO: at 348296.267 ms batch [169.999] delay 1169.673 ms
INFO: at 348296.267 ms fetching 169.999 ms
INFO: at 349468.068 ms batch [435.167] delay 1169.673 ms
INFO: at 349468.068 ms fetching 435.167 ms
INFO: at 350639.365 ms batch [337.051] delay 1169.673 ms
INFO: at 350639.365 ms fetching 337.051 ms
INFO: at 351809.582 ms batch [90.314] delay 1169.673 ms
INFO: at 351809.582 ms fetching 90.314 ms
INFO: at 352980.925 ms batch [320.340] delay 1169.673 ms
INFO: at 352980.925 ms fetching 320.340 ms
INFO: at 354152.380 ms batch [195.436] delay 1169.673 ms
INFO: at 354152.380 ms fetching 195.436 ms
INFO: at 355323.784 ms batch [122.774] delay 1169.673 ms
INFO: at 355323.784 ms fetching 122.774 ms
INFO: at 356494.821 ms batch [414.728] delay 584.836 ms
INFO: at 356494.821 ms fetching 414.728 ms
INFO: at 357080.491 ms batch [570.703] delay 584.836 ms
INFO: at 357080.491 ms fetching 570.703 ms
INFO: at 357665.863 ms batch [157.416] delay 1169.673 ms
INFO: at 357665.863 ms fetching 157.416 ms
INFO: at 358837.202 ms batch [146.002] delay 1169.673 ms
INFO: at 358837.202 ms fetching 146.002 ms
INFO: at 360009.216 ms batch [250.609] delay 1169.673 ms
INFO: at 360009.216 ms fetching 250.609 ms
INFO: at 361180.378 ms batch [160.981] delay 1169.673 ms
INFO: at 361180.378 ms fetching 160.981 ms
INFO: at 362351.531 ms batch [546.677] delay 584.836 ms
INFO: at 362351.531 ms fetching 546.677 ms
INFO: at 362936.814 ms batch [220.318] delay 584.836 ms
INFO: at 362936.814 ms fetching 220.318 ms
INFO: at 363523.010 ms batch [279.643] delay 1169.673 ms
INFO: at 363523.010 ms fetching 279.643 ms
INFO: at 364694.328 ms batch [392.720] delay 1169.673 ms
INFO: at 364694.328 ms fetching 392.720 ms
INFO: at 365865.473 ms batch [187.852] delay 1169.673 ms
INFO: at 365865.473 ms fetching 187.852 ms
INFO: at 367036.303 ms batch [322.916] delay 1169.673 ms
INFO: at 367036.303 ms fetching 322.916 ms
INFO: at 368207.313 ms batch [523.623] delay 1169.673 ms
INFO: at 368207.313 ms fetching 523.623 ms
INFO: at 369377.965 ms batch [102.177] delay 1169.673 ms
INFO: at 369377.965 ms fetching 102.177 ms
INFO: at 370549.370 ms batch [180.259] delay 1169.673 ms
INFO: at 370549.370 ms fetching 180.259 ms
INFO: at 371720.317 ms batch [155.151] delay 1169.673 ms
INFO: at 371720.317 ms fetching 155.151 ms
INFO: at 372892.398 ms batch [331.477] delay 1169.673 ms
INFO: at 372892.398 ms fetching 331.477 ms
INFO: at 374063.975 ms batch [224.042] delay 1169.673 ms
INFO: at 374063.975 ms fetching 224.042 ms
INFO: at 375236.377 ms batch [284.056] delay 1169.673 ms
INFO: at 375236.377 ms fetching 284.056 ms
INFO: at 376407.766 ms batch [214.728] delay 1169.673 ms
INFO: at 376407.766 ms fetching 214.728 ms
INFO: at 377580.052 ms batch [449.981] delay 1169.673 ms
INFO: at 377580.052 ms fetching 449.981 ms
INFO: at 378751.565 ms batch [546.721] delay 1169.673 ms
INFO: at 378751.565 ms fetching 546.721 ms
INFO: at 379922.646 ms batch [300.364] delay 584.836 ms
INFO: at 379922.646 ms fetching 300.364 ms
INFO: at 380508.329 ms batch [257.288] delay 584.836 ms
INFO: at 380508.329 ms fetching 257.288 ms
INFO: at 381093.843 ms batch [396.755] delay 1169.673 ms
INFO: at 381093.843 ms fetching 396.755 ms
INFO: at 382265.254 ms batch [382.961] delay 1169.673 ms
INFO: at 382265.254 ms fetching 382.961 ms
INFO: at 383436.046 ms batch [274.173] delay 1169.673 ms
INFO: at 383436.046 ms fetching 274.173 ms
INFO: at 384607.083 ms batch [122.342] delay 584.836 ms
INFO: at 384607.083 ms fetching 122.342 ms
INFO: at 385192.833 ms batch [117.673] delay 584.836 ms
INFO: at 385192.833 ms fetching 117.673 ms
INFO: at 385778.606 ms batch [91.919] delay 389.891 ms
INFO: at 385778.606 ms fetching 91.919 ms
INFO: at 386169.904 ms batch [405.747] delay 389.891 ms
INFO: at 386169.904 ms fetching 405.747 ms
INFO: at 386561.126 ms batch [477.086] delay 389.891 ms
INFO: at 386561.126 ms fetching 477.086 ms
INFO: at 386952.102 ms batch [270.655] delay 389.891 ms
INFO: at 386952.102 ms fetching 270.655 ms
INFO: at 387343.138 ms batch [252.856] delay 389.891 ms
INFO: at 387343.138 ms fetching 252.856 ms
INFO: at 387734.193 ms batch [238.318] delay 389.891 ms
INFO: at 387734.193 ms fetching 238.318 ms
INFO: at 388125.149 ms batch [111.776] delay 584.836 ms
INFO: at 388125.149 ms fetching 111.776 ms
INFO: at 388710.588 ms batch [229.399] delay 584.836 ms
INFO: at 388710.588 ms fetching 229.399 ms
INFO: at 389296.028 ms batch [96.286] delay 389.891 ms
INFO: at 389296.028 ms fetching 96.286 ms
INFO: at 389686.425 ms batch [309.497] delay 389.891 ms
INFO: at 389686.425 ms fetching 309.497 ms
INFO: at 390076.856 ms batch [241.135] delay 389.891 ms
INFO: at 390076.856 ms fetching 241.135 ms
INFO: at 390467.768 ms batch [258.012] delay 1169.673 ms
INFO: at 390467.768 ms fetching 258.012 ms
INFO: at 391638.842 ms batch [506.147] delay 584.836 ms
INFO: at 391638.842 ms fetching 506.147 ms
INFO: at 392224.699 ms batch [116.178] delay 584.836 ms
INFO: at 392224.699 ms fetching 116.178 ms
INFO: at 392810.577 ms batch [153.524] delay 584.836 ms
INFO: at 392810.577 ms fetching 153.524 ms
INFO: at 393396.151 ms batch [226.914] delay 584.836 ms
INFO: at 393396.151 ms fetching 226.914 ms
INFO: at 393982.003 ms batch [260.314] delay 584.836 ms
INFO: at 393982.003 ms fetching 260.314 ms
INFO: at 394567.896 ms batch [258.434] delay 584.836 ms
INFO: at 394567.896 ms fetching 258.434 ms
INFO: at 395153.841 ms batch [449.547] delay 584.836 ms
INFO: at 395153.841 ms fetching 449.547 ms
INFO: at 395738.940 ms batch [494.384] delay 584.836 ms
INFO: at 395738.940 ms fetching 494.384 ms
INFO: at 396324.879 ms batch [165.349] delay 389.891 ms
INFO: at 396324.879 ms fetching 165.349 ms
INFO: at 396715.612 ms batch [173.176] delay 389.891 ms
INFO: at 396715.612 ms fetching 173.176 ms
INFO: at 397106.074 ms batch [357.963] delay 389.891 ms
INFO: at 397106.074 ms fetching 357.963 ms
INFO: at 397496.775 ms batch [418.114] delay 389.891 ms
INFO: at 397496.775 ms fetching 418.114 ms
INFO: at 397888.021 ms batch [86.657] delay 389.891 ms
INFO: at 397888.021 ms fetching 86.657 ms
INFO: at 398279.283 ms batch [146.907] delay 389.891 ms
INFO: at 398279.283 ms fetching 146.907 ms
INFO: at 398669.678 ms batch [205.113] delay 292.418 ms
INFO: at 398669.678 ms fetching 205.113 ms
INFO: at 398963.242 ms batch [222.150] delay 292.418 ms
INFO: at 398963.242 ms fetching 222.150 ms
INFO: at 399256.638 ms batch [215.497] delay 292.418 ms
INFO: at 399256.638 ms fetching 215.497 ms
INFO: at 399550.077 ms batch [354.712] delay 292.418 ms
INFO: at 399550.077 ms fetching 354.712 ms
INFO: at 399843.375 ms batch [124.342] delay 292.418 ms
INFO: at 399843.375 ms fetching 124.342 ms
INFO: at 400136.643 ms batch [96.719] delay 292.418 ms
INFO: at 400136.643 ms fetching 96.719 ms
INFO: at 400429.534 ms batch [274.482] delay 292.418 ms
INFO: at 400429.534 ms fetching 274.482 ms
INFO: at 400722.280 ms batch [192.269] delay 292.418 ms
INFO: at 400722.280 ms fetching 192.269 ms
INFO: at 401015.845 ms batch [111.702] delay 389.891 ms
INFO: at 401015.845 ms fetching 111.702 ms
INFO: at 401406.550 ms batch [318.144] delay 389.891 ms
INFO: at 401406.550 ms fetching 318.144 ms
INFO: at 401797.504 ms batch [196.034] delay 389.891 ms
INFO: at 401797.504 ms fetching 196.034 ms
INFO: at 402188.427 ms batch [544.080] delay 233.935 ms
INFO: at 402188.427 ms fetching 544.080 ms
INFO: at 402423.506 ms batch [329.219] delay 233.935 ms
INFO: at 402423.506 ms fetching 329.219 ms
INFO: at 402658.550 ms batch [179.301] delay 233.935 ms
INFO: at 402658.550 ms fetching 179.301 ms
INFO: at 402892.904 ms batch [106.152] delay 233.935 ms
INFO: at 402892.904 ms fetching 106.152 ms
INFO: at 403127.639 ms batch [463.556] delay 233.935 ms
INFO: at 403127.639 ms fetching 463.556 ms
INFO: at 403362.653 ms batch [522.561] delay 292.418 ms
INFO: at 403362.653 ms fetching 522.561 ms
INFO: at 403655.350 ms batch [186.776] delay 292.418 ms
INFO: at 403655.350 ms fetching 186.776 ms
INFO: at 403948.474 ms batch [191.478] delay 292.418 ms
INFO: at 403948.474 ms fetching 191.478 ms
INFO: at 404241.341 ms batch [153.187] delay 292.418 ms
INFO: at 404241.341 ms fetching 153.187 ms
INFO: at 404534.054 ms batch [155.019] delay 194.945 ms
INFO: at 404534.054 ms fetching 155.019 ms
INFO: at 404730.097 ms batch [229.738] delay 194.945 ms
INFO: at 404730.097 ms fetching 229.738 ms
INFO: at 404926.128 ms batch [481.759] delay 194.945 ms
INFO: at 404926.128 ms fetching 481.759 ms
INFO: at 405121.373 ms batch [526.740] delay 194.945 ms
INFO: at 405121.373 ms fetching 526.740 ms
INFO: at 405317.314 ms batch [417.833] delay 194.945 ms
INFO: at 405317.314 ms fetching 417.833 ms
INFO: at 405513.368 ms batch [268.424] delay 194.945 ms
INFO: at 405513.368 ms fetching 268.424 ms
INFO: at 405709.404 ms batch [136.786] delay 292.418 ms
INFO: at 405709.404 ms fetching 136.786 ms
INFO: at 406003.929 ms batch [567.064] delay 292.418 ms
INFO: at 406003.929 ms fetching 567.064 ms
INFO: at 406297.354 ms batch [406.722] delay 292.418 ms
INFO: at 406297.354 ms fetching 406.722 ms
INFO: at 406590.521 ms batch [326.920] delay 292.418 ms
INFO: at 406590.521 ms fetching 326.920 ms
INFO: at 406883.178 ms batch [108.147] delay 292.418 ms
INFO: at 406883.178 ms fetching 108.147 ms
INFO: at 407176.316 ms batch [330.414] delay 292.418 ms
INFO: at 407176.316 ms fetching 330.414 ms
INFO: at 407469.450 ms batch [264.942] delay 292.418 ms
INFO: at 407469.450 ms fetching 264.942 ms
INFO: at 407763.006 ms batch [230.586] delay 292.418 ms
INFO: at 407763.006 ms fetching 230.586 ms
INFO: at 408055.893 ms batch [328.511] delay 194.945 ms
INFO: at 408055.893 ms fetching 328.511 ms
INFO: at 408251.367 ms batch [521.986] delay 194.945 ms
INFO: at 408251.367 ms fetching 521.986 ms
INFO: at 408447.156 ms batch [133.684] delay 194.945 ms
INFO: at 408447.156 ms fetching 133.684 ms
INFO: at 408643.159 ms batch [242.133] delay 194.945 ms
INFO: at 408643.159 ms fetching 242.133 ms
INFO: at 408839.050 ms batch [280.865] delay 194.945 ms
INFO: at 408839.050 ms fetching 280.865 ms
INFO: at 409034.659 ms batch [271.587] delay 194.945 ms
INFO: at 409034.659 ms fetching 271.587 ms
INFO: at 409230.086 ms batch [275.266] delay 233.935 ms
INFO: at 409230.086 ms fetching 275.266 ms
INFO: at 409465.100 ms batch [209.935] delay 233.935 ms
INFO: at 409465.100 ms fetching 209.935 ms
INFO: at 409699.523 ms batch [476.560] delay 233.935 ms
INFO: at 409699.523 ms fetching 476.560 ms
INFO: at 409934.132 ms batch [134.748] delay 233.935 ms
INFO: at 409934.132 ms fetching 134.748 ms
INFO: at 410169.188 ms batch [120.136] delay 233.935 ms
INFO: at 410169.188 ms fetching 120.136 ms
INFO: at 410403.577 ms batch [310.811] delay 233.935 ms
INFO: at 410403.577 ms fetching 310.811 ms
INFO: at 410638.508 ms batch [441.770] delay 233.935 ms
INFO: at 410638.508 ms fetching 441.770 ms
INFO: at 410873.301 ms batch [271.704] delay 233.935 ms
INFO: at 410873.301 ms fetching 271.704 ms
INFO: at 411108.274 ms batch [277.004] delay 233.935 ms
INFO: at 411108.274 ms fetching 277.004 ms
INFO: at 411342.674 ms batch [206.249] delay 233.935 ms
INFO: at 411342.674 ms fetching 206.249 ms
INFO: at 411577.451 ms batch [167.994] delay 233.935 ms
INFO: at 411577.451 ms fetching 167.994 ms
INFO: at 411812.264 ms batch [373.878] delay 233.935 ms
INFO: at 411812.264 ms fetching 373.878 ms
INFO: at 412047.273 ms batch [157.811] delay 233.935 ms
INFO: at 412047.273 ms fetching 157.811 ms
INFO: at 412283.249 ms batch [171.641] delay 233.935 ms
INFO: at 412283.249 ms fetching 171.641 ms
INFO: at 412518.107 ms batch [147.254] delay 233.935 ms
INFO: at 412518.107 ms fetching 147.254 ms
INFO: at 412752.902 ms batch [155.520] delay 233.935 ms
INFO: at 412752.902 ms fetching 155.520 ms
INFO: at 412987.718 ms batch [456.113] delay 233.935 ms
INFO: at 412987.718 ms fetching 456.113 ms
INFO: at 413222.774 ms batch [513.492] delay 233.935 ms
INFO: at 413222.774 ms fetching 513.492 ms
INFO: at 413457.412 ms batch [252.423] delay 233.935 ms
INFO: at 413457.412 ms fetching 252.423 ms
INFO: at 413692.501 ms batch [519.232] delay 233.935 ms
INFO: at 413692.501 ms fetching 519.232 ms
INFO: at 413927.565 ms batch [128.463] delay 194.945 ms
INFO: at 413927.565 ms fetching 128.463 ms
INFO: at 414123.347 ms batch [335.508] delay 194.945 ms
INFO: at 414123.347 ms fetching 335.508 ms
INFO: at 414319.365 ms batch [231.717] delay 194.945 ms
INFO: at 414319.365 ms fetching 231.717 ms
INFO: at 414514.700 ms batch [203.904] delay 194.945 ms
INFO: at 414514.700 ms fetching 203.904 ms
INFO: at 414710.776 ms batch [175.545] delay 194.945 ms
INFO: at 414710.776 ms fetching 175.545 ms
INFO: at 414906.396 ms batch [433.956] delay 194.945 ms
INFO: at 414906.396 ms fetching 433.956 ms
INFO: at 415102.447 ms batch [471.154] delay 194.945 ms
INFO: at 415102.447 ms fetching 471.154 ms
INFO: at 415298.337 ms batch [266.258] delay 194.945 ms
INFO: at 415298.337 ms fetching 266.258 ms
INFO: at 415493.462 ms batch [135.354] delay 194.945 ms
INFO: at 415493.462 ms fetching 135.354 ms
INFO: at 415689.594 ms batch [258.240] delay 194.945 ms
INFO: at 415689.594 ms fetching 258.240 ms
INFO: at 415885.451 ms batch [101.509] delay 194.945 ms
INFO: at 415885.451 ms fetching 101.509 ms
INFO: at 416082.240 ms batch [579.176] delay 194.945 ms
INFO: at 416082.240 ms fetching 579.176 ms
INFO: at 416277.796 ms batch [86.227] delay 292.418 ms
INFO: at 416277.796 ms fetching 86.227 ms
INFO: at 416570.936 ms batch [217.084] delay 292.418 ms
INFO: at 416570.936 ms fetching 217.084 ms
INFO: at 416864.084 ms batch [261.874] delay 292.418 ms
INFO: at 416864.084 ms fetching 261.874 ms
INFO: at 417157.486 ms batch [301.622] delay 292.418 ms
INFO: at 417157.486 ms fetching 301.622 ms
INFO: at 417450.250 ms batch [251.027] delay 292.418 ms
INFO: at 417450.250 ms fetching 251.027 ms
INFO: at 417744.072 ms batch [550.440] delay 292.418 ms
INFO: at 417744.072 ms fetching 550.440 ms
INFO: at 418037.505 ms batch [332.008] delay 292.418 ms
INFO: at 418037.505 ms fetching 332.008 ms
INFO: at 418330.641 ms batch [523.243] delay 292.418 ms
INFO: at 418330.641 ms fetching 523.243 ms
INFO: at 418624.249 ms batch [103.622] delay 233.935 ms
INFO: at 418624.249 ms fetching 103.622 ms
INFO: at 418859.524 ms batch [234.875] delay 233.935 ms
INFO: at 418859.524 ms fetching 234.875 ms
INFO: at 419094.123 ms batch [105.720] delay 233.935 ms
INFO: at 419094.123 ms fetching 105.720 ms
INFO: at 419328.404 ms batch [108.714] delay 233.935 ms
INFO: at 419328.404 ms fetching 108.714 ms
INFO: at 419562.884 ms batch [426.907] delay 233.935 ms
INFO: at 419562.884 ms fetching 426.907 ms
INFO: at 419797.818 ms batch [734.371] delay 292.418 ms
INFO: at 419797.818 ms fetching 734.371 ms
INFO: at 420090.492 ms batch [478.381] delay 292.418 ms
INFO: at 420090.492 ms fetching 478.381 ms
INFO: at 420383.589 ms batch [516.827] delay 292.418 ms
INFO: at 420383.589 ms fetching 516.827 ms
INFO: at 420676.678 ms batch [366.323] delay 292.418 ms
INFO: at 420676.678 ms fetching 366.323 ms
INFO: at 420969.978 ms batch [150.901] delay 292.418 ms
INFO: at 420969.978 ms fetching 150.901 ms
INFO: at 421264.131 ms batch [201.514] delay 292.418 ms
INFO: at 421264.131 ms fetching 201.514 ms
INFO: at 421557.145 ms batch [313.455] delay 292.418 ms
INFO: at 421557.145 ms fetching 313.455 ms
INFO: at 421850.325 ms batch [447.660] delay 292.418 ms
INFO: at 421850.325 ms fetching 447.660 ms
INFO: done
21-11-20:21:26:40 INFO     [clipper_admin.py:1424] [default-cluster] Stopped all Clipper cluster and all model containers
21-11-20:21:26:40 ERROR    [base_events.py:1591] Task exception was never retrieved
future: <Task finished coro=<fetch() done, defined at async_dynamic_test.py:110> exception=ValueError('I/O operation on closed file.')>
Traceback (most recent call last):
  File "async_dynamic_test.py", line 118, in fetch
    length_us = await predict(http_client, endpoint, length_ms)
  File "async_dynamic_test.py", line 101, in predict
    async with http_client.post(endpoint, json={'input': [length_ms]}) as r:
  File "/opt/miniconda3/envs/clipper/lib/python3.7/site-packages/aiohttp/client.py", line 1138, in __aenter__
    self._resp = await self._coro
  File "/opt/miniconda3/envs/clipper/lib/python3.7/site-packages/aiohttp/client.py", line 559, in _request
    await resp.start(conn)
  File "/opt/miniconda3/envs/clipper/lib/python3.7/site-packages/aiohttp/client_reqrep.py", line 898, in start
    message, payload = await protocol.read()  # type: ignore[union-attr]
  File "/opt/miniconda3/envs/clipper/lib/python3.7/site-packages/aiohttp/streams.py", line 616, in read
    await self._waiter
aiohttp.client_exceptions.ServerDisconnectedError: Server disconnected

During handling of the above exception, another exception occurred:

Traceback (most recent call last):
  File "async_dynamic_test.py", line 127, in fetch
    args.print(f'{now_ms},,,error,{ename}')
  File "async_dynamic_test.py", line 232, in printer
    print(*args, **{'file': f, **kwargs})
ValueError: I/O operation on closed file.
21-11-20:21:26:40 ERROR    [base_events.py:1591] Task exception was never retrieved
future: <Task finished coro=<fetch() done, defined at async_dynamic_test.py:110> exception=ValueError('I/O operation on closed file.')>
Traceback (most recent call last):
  File "async_dynamic_test.py", line 118, in fetch
    length_us = await predict(http_client, endpoint, length_ms)
  File "async_dynamic_test.py", line 101, in predict
    async with http_client.post(endpoint, json={'input': [length_ms]}) as r:
  File "/opt/miniconda3/envs/clipper/lib/python3.7/site-packages/aiohttp/client.py", line 1138, in __aenter__
    self._resp = await self._coro
  File "/opt/miniconda3/envs/clipper/lib/python3.7/site-packages/aiohttp/client.py", line 559, in _request
    await resp.start(conn)
  File "/opt/miniconda3/envs/clipper/lib/python3.7/site-packages/aiohttp/client_reqrep.py", line 898, in start
    message, payload = await protocol.read()  # type: ignore[union-attr]
  File "/opt/miniconda3/envs/clipper/lib/python3.7/site-packages/aiohttp/streams.py", line 616, in read
    await self._waiter
aiohttp.client_exceptions.ServerDisconnectedError: Server disconnected

During handling of the above exception, another exception occurred:

Traceback (most recent call last):
  File "async_dynamic_test.py", line 127, in fetch
    args.print(f'{now_ms},,,error,{ename}')
  File "async_dynamic_test.py", line 232, in printer
    print(*args, **{'file': f, **kwargs})
ValueError: I/O operation on closed file.
21-11-20:21:26:40 ERROR    [base_events.py:1591] Task exception was never retrieved
future: <Task finished coro=<fetch() done, defined at async_dynamic_test.py:110> exception=ValueError('I/O operation on closed file.')>
Traceback (most recent call last):
  File "async_dynamic_test.py", line 118, in fetch
    length_us = await predict(http_client, endpoint, length_ms)
  File "async_dynamic_test.py", line 101, in predict
    async with http_client.post(endpoint, json={'input': [length_ms]}) as r:
  File "/opt/miniconda3/envs/clipper/lib/python3.7/site-packages/aiohttp/client.py", line 1138, in __aenter__
    self._resp = await self._coro
  File "/opt/miniconda3/envs/clipper/lib/python3.7/site-packages/aiohttp/client.py", line 559, in _request
    await resp.start(conn)
  File "/opt/miniconda3/envs/clipper/lib/python3.7/site-packages/aiohttp/client_reqrep.py", line 898, in start
    message, payload = await protocol.read()  # type: ignore[union-attr]
  File "/opt/miniconda3/envs/clipper/lib/python3.7/site-packages/aiohttp/streams.py", line 616, in read
    await self._waiter
aiohttp.client_exceptions.ServerDisconnectedError: Server disconnected

During handling of the above exception, another exception occurred:

Traceback (most recent call last):
  File "async_dynamic_test.py", line 127, in fetch
    args.print(f'{now_ms},,,error,{ename}')
  File "async_dynamic_test.py", line 232, in printer
    print(*args, **{'file': f, **kwargs})
ValueError: I/O operation on closed file.
21-11-20:21:26:40 ERROR    [base_events.py:1591] Task exception was never retrieved
future: <Task finished coro=<fetch() done, defined at async_dynamic_test.py:110> exception=ValueError('I/O operation on closed file.')>
Traceback (most recent call last):
  File "async_dynamic_test.py", line 118, in fetch
    length_us = await predict(http_client, endpoint, length_ms)
  File "async_dynamic_test.py", line 101, in predict
    async with http_client.post(endpoint, json={'input': [length_ms]}) as r:
  File "/opt/miniconda3/envs/clipper/lib/python3.7/site-packages/aiohttp/client.py", line 1138, in __aenter__
    self._resp = await self._coro
  File "/opt/miniconda3/envs/clipper/lib/python3.7/site-packages/aiohttp/client.py", line 559, in _request
    await resp.start(conn)
  File "/opt/miniconda3/envs/clipper/lib/python3.7/site-packages/aiohttp/client_reqrep.py", line 898, in start
    message, payload = await protocol.read()  # type: ignore[union-attr]
  File "/opt/miniconda3/envs/clipper/lib/python3.7/site-packages/aiohttp/streams.py", line 616, in read
    await self._waiter
aiohttp.client_exceptions.ServerDisconnectedError: Server disconnected

During handling of the above exception, another exception occurred:

Traceback (most recent call last):
  File "async_dynamic_test.py", line 127, in fetch
    args.print(f'{now_ms},,,error,{ename}')
  File "async_dynamic_test.py", line 232, in printer
    print(*args, **{'file': f, **kwargs})
ValueError: I/O operation on closed file.
